Rank 0: Reading matrix ../data/torso1.mtx...
Matrix type: matrix coordinate real general
  Real: yes
  Complex: no
  Symmetric: no
  Pattern: no
Matrix size: 116158 x 116158, NNZ (file): 8516500
Actual NNZ (after symmetry expansion): 8516500

matrix_name,rank,num_procs,run,elapsed_time,comm_time,local_nz,ghost_entries,local_flops
../data/torso1.mtx,0,128,0,0.014954090,0.014837027,83539,13245,167078
../data/torso1.mtx,0,128,1,0.206956148,0.206838608,83539,13245,167078
../data/torso1.mtx,0,128,2,0.208366871,0.208247900,83539,13245,167078
../data/torso1.mtx,0,128,3,0.413304806,0.413186073,83539,13245,167078
../data/torso1.mtx,0,128,4,0.206793547,0.206676722,83539,13245,167078
../data/torso1.mtx,0,128,5,0.003740549,0.003623724,83539,13245,167078
../data/torso1.mtx,0,128,6,0.003381014,0.003268480,83539,13245,167078
../data/torso1.mtx,0,128,7,0.002648592,0.002538919,83539,13245,167078
../data/torso1.mtx,0,128,8,0.002949238,0.002839565,83539,13245,167078
../data/torso1.mtx,0,128,9,0.002933979,0.002824545,83539,13245,167078
../data/torso1.mtx,1,128,0,0.004541397,0.004441261,79323,13238,158646
../data/torso1.mtx,1,128,1,0.206924677,0.206822872,79323,13238,158646
../data/torso1.mtx,1,128,2,0.212196112,0.212097645,79323,13238,158646
../data/torso1.mtx,1,128,3,0.413459063,0.413259506,79323,13238,158646
../data/torso1.mtx,1,128,4,0.207811356,0.207678318,79323,13238,158646
../data/torso1.mtx,1,128,5,0.003737688,0.003625870,79323,13238,158646
../data/torso1.mtx,1,128,6,0.003390074,0.003283739,79323,13238,158646
../data/torso1.mtx,1,128,7,0.002644300,0.002539635,79323,13238,158646
../data/torso1.mtx,1,128,8,0.002951860,0.002847433,79323,13238,158646
../data/torso1.mtx,1,128,9,0.002934456,0.002830505,79323,13238,158646
../data/torso1.mtx,2,128,0,0.004506350,0.004397392,75105,13243,150210
../data/torso1.mtx,2,128,1,0.206921816,0.206828356,75105,13243,150210
../data/torso1.mtx,2,128,2,0.212268114,0.212138653,75105,13243,150210
../data/torso1.mtx,2,128,3,0.413439989,0.413266420,75105,13243,150210
../data/torso1.mtx,2,128,4,0.207798004,0.207674265,75105,13243,150210
../data/torso1.mtx,2,128,5,0.003631115,0.003520250,75105,13243,150210
../data/torso1.mtx,2,128,6,0.003402233,0.003294230,75105,13243,150210
../data/torso1.mtx,2,128,7,0.002629995,0.002524137,75105,13243,150210
../data/torso1.mtx,2,128,8,0.002939463,0.002833366,75105,13243,150210
../data/torso1.mtx,2,128,9,0.002930641,0.002823353,75105,13243,150210
../data/torso1.mtx,3,128,0,0.004503250,0.004409075,68597,13246,137194
../data/torso1.mtx,3,128,1,0.206872940,0.206780672,68597,13246,137194
../data/torso1.mtx,3,128,2,0.208338261,0.208246946,68597,13246,137194
../data/torso1.mtx,3,128,3,0.413335800,0.413242817,68597,13246,137194
../data/torso1.mtx,3,128,4,0.209804296,0.209714651,68597,13246,137194
../data/torso1.mtx,3,128,5,0.003617764,0.003525972,68597,13246,137194
../data/torso1.mtx,3,128,6,0.003374338,0.003283262,68597,13246,137194
../data/torso1.mtx,3,128,7,0.002599001,0.002508640,68597,13246,137194
../data/torso1.mtx,3,128,8,0.002915144,0.002824068,68597,13246,137194
../data/torso1.mtx,3,128,9,0.002900600,0.002809048,68597,13246,137194
../data/torso1.mtx,4,128,0,0.004476309,0.004386902,64380,13257,128760
../data/torso1.mtx,4,128,1,0.003611565,0.003522635,64380,13257,128760
../data/torso1.mtx,4,128,2,0.208346605,0.208259583,64380,13257,128760
../data/torso1.mtx,4,128,3,0.413336515,0.413250446,64380,13257,128760
../data/torso1.mtx,4,128,4,0.211513519,0.211411238,64380,13257,128760
../data/torso1.mtx,4,128,5,0.003705502,0.003620148,64380,13257,128760
../data/torso1.mtx,4,128,6,0.003369570,0.003284693,64380,13257,128760
../data/torso1.mtx,4,128,7,0.002600193,0.002514839,64380,13257,128760
../data/torso1.mtx,4,128,8,0.002908230,0.002823591,64380,13257,128760
../data/torso1.mtx,4,128,9,0.002890348,0.002804995,64380,13257,128760
../data/torso1.mtx,5,128,0,0.004262686,0.004179716,61126,13256,122252
../data/torso1.mtx,5,128,1,0.003463507,0.003379822,61126,13256,122252
../data/torso1.mtx,5,128,2,0.210162401,0.210083485,61126,13256,122252
../data/torso1.mtx,5,128,3,0.413637161,0.413337469,61126,13256,122252
../data/torso1.mtx,5,128,4,0.209753990,0.209674835,61126,13256,122252
../data/torso1.mtx,5,128,5,0.003595591,0.003514051,61126,13256,122252
../data/torso1.mtx,5,128,6,0.003316879,0.003236771,61126,13256,122252
../data/torso1.mtx,5,128,7,0.002603292,0.002522945,61126,13256,122252
../data/torso1.mtx,5,128,8,0.002896070,0.002816200,61126,13256,122252
../data/torso1.mtx,5,128,9,0.002862215,0.002781868,61126,13256,122252
../data/torso1.mtx,6,128,0,0.004263163,0.004193068,50991,13258,101982
../data/torso1.mtx,6,128,1,0.003437519,0.003378630,50991,13258,101982
../data/torso1.mtx,6,128,2,0.208518267,0.208287477,50991,13258,101982
../data/torso1.mtx,6,128,3,0.413349390,0.413286924,50991,13258,101982
../data/torso1.mtx,6,128,4,0.206499577,0.206441879,50991,13258,101982
../data/torso1.mtx,6,128,5,0.003492594,0.003435135,50991,13258,101982
../data/torso1.mtx,6,128,6,0.003301382,0.003243923,50991,13258,101982
../data/torso1.mtx,6,128,7,0.002576590,0.002519131,50991,13258,101982
../data/torso1.mtx,6,128,8,0.002879858,0.002822638,50991,13258,101982
../data/torso1.mtx,6,128,9,0.002847195,0.002789259,50991,13258,101982
../data/torso1.mtx,7,128,0,0.004524708,0.004223585,50991,13258,101982
../data/torso1.mtx,7,128,1,0.003480673,0.003419399,50991,13258,101982
../data/torso1.mtx,7,128,2,0.207373619,0.207306623,50991,13258,101982
../data/torso1.mtx,7,128,3,0.413458109,0.413315773,50991,13258,101982
../data/torso1.mtx,7,128,4,0.209799051,0.209714174,50991,13258,101982
../data/torso1.mtx,7,128,5,0.003529072,0.003457069,50991,13258,101982
../data/torso1.mtx,7,128,6,0.003345728,0.003279209,50991,13258,101982
../data/torso1.mtx,7,128,7,0.002570868,0.002505302,50991,13258,101982
../data/torso1.mtx,7,128,8,0.002882481,0.002817631,50991,13258,101982
../data/torso1.mtx,7,128,9,0.002840757,0.002775908,50991,13258,101982
../data/torso1.mtx,8,128,0,0.210670948,0.210599422,50991,13264,101982
../data/torso1.mtx,8,128,1,0.003589869,0.003519297,50991,13264,101982
../data/torso1.mtx,8,128,2,0.208342552,0.208269358,50991,13264,101982
../data/torso1.mtx,8,128,3,0.413373470,0.413298607,50991,13264,101982
../data/torso1.mtx,8,128,4,0.004684925,0.004615068,50991,13264,101982
../data/torso1.mtx,8,128,5,0.003640652,0.003570080,50991,13264,101982
../data/torso1.mtx,8,128,6,0.003349781,0.003283262,50991,13264,101982
../data/torso1.mtx,8,128,7,0.002594709,0.002529383,50991,13264,101982
../data/torso1.mtx,8,128,8,0.002918959,0.002853632,50991,13264,101982
../data/torso1.mtx,8,128,9,0.002869606,0.002804279,50991,13264,101982
../data/torso1.mtx,9,128,0,0.208637476,0.208576679,50991,13269,101982
../data/torso1.mtx,9,128,1,0.003455639,0.003395557,50991,13269,101982
../data/torso1.mtx,9,128,2,0.207600355,0.207318544,50991,13269,101982
../data/torso1.mtx,9,128,3,0.413346529,0.413283110,50991,13269,101982
../data/torso1.mtx,9,128,4,0.004728079,0.004670143,50991,13269,101982
../data/torso1.mtx,9,128,5,0.003509283,0.003451824,50991,13269,101982
../data/torso1.mtx,9,128,6,0.003322363,0.003264427,50991,13269,101982
../data/torso1.mtx,9,128,7,0.002543449,0.002485752,50991,13269,101982
../data/torso1.mtx,9,128,8,0.002873659,0.002815723,50991,13269,101982
../data/torso1.mtx,9,128,9,0.002837896,0.002780437,50991,13269,101982
../data/torso1.mtx,10,128,0,0.004384041,0.004269838,50991,13275,101982
../data/torso1.mtx,10,128,1,0.003525257,0.003436089,50991,13275,101982
../data/torso1.mtx,10,128,2,0.207422733,0.207330227,50991,13275,101982
../data/torso1.mtx,10,128,3,0.413765192,0.413480520,50991,13275,101982
../data/torso1.mtx,10,128,4,0.004566908,0.004506350,50991,13275,101982
../data/torso1.mtx,10,128,5,0.003525972,0.003467798,50991,13275,101982
../data/torso1.mtx,10,128,6,0.003328562,0.003270149,50991,13275,101982
../data/torso1.mtx,10,128,7,0.002558947,0.002501249,50991,13275,101982
../data/torso1.mtx,10,128,8,0.002878428,0.002820730,50991,13275,101982
../data/torso1.mtx,10,128,9,0.002844095,0.002786636,50991,13275,101982
../data/torso1.mtx,11,128,0,0.004423618,0.004353285,50991,13278,101982
../data/torso1.mtx,11,128,1,0.003534079,0.003464222,50991,13278,101982
../data/torso1.mtx,11,128,2,0.207388878,0.207315207,50991,13278,101982
../data/torso1.mtx,11,128,3,0.413486481,0.413390160,50991,13278,101982
../data/torso1.mtx,11,128,4,0.004550934,0.004480839,50991,13278,101982
../data/torso1.mtx,11,128,5,0.003656149,0.003585100,50991,13278,101982
../data/torso1.mtx,11,128,6,0.003323793,0.003256559,50991,13278,101982
../data/torso1.mtx,11,128,7,0.002536297,0.002471209,50991,13278,101982
../data/torso1.mtx,11,128,8,0.002892733,0.002827406,50991,13278,101982
../data/torso1.mtx,11,128,9,0.002834320,0.002769470,50991,13278,101982
../data/torso1.mtx,12,128,0,0.004389763,0.004299164,50991,13278,101982
../data/torso1.mtx,12,128,1,0.003369570,0.003309727,50991,13278,101982
../data/torso1.mtx,12,128,2,0.004377127,0.004318237,50991,13278,101982
../data/torso1.mtx,12,128,3,0.413671255,0.413450718,50991,13278,101982
../data/torso1.mtx,12,128,4,0.004703760,0.004645824,50991,13278,101982
../data/torso1.mtx,12,128,5,0.003503323,0.003445625,50991,13278,101982
../data/torso1.mtx,12,128,6,0.003298998,0.003241539,50991,13278,101982
../data/torso1.mtx,12,128,7,0.002540588,0.002483130,50991,13278,101982
../data/torso1.mtx,12,128,8,0.002871037,0.002813339,50991,13278,101982
../data/torso1.mtx,12,128,9,0.002819061,0.002761364,50991,13278,101982
../data/torso1.mtx,13,128,0,0.004444599,0.004366636,50991,13278,101982
../data/torso1.mtx,13,128,1,0.003349543,0.003289223,50991,13278,101982
../data/torso1.mtx,13,128,2,0.004558802,0.004328966,50991,13278,101982
../data/torso1.mtx,13,128,3,0.413437843,0.413373470,50991,13278,101982
../data/torso1.mtx,13,128,4,0.004581690,0.004523993,50991,13278,101982
../data/torso1.mtx,13,128,5,0.003532887,0.003474951,50991,13278,101982
../data/torso1.mtx,13,128,6,0.003319502,0.003262043,50991,13278,101982
../data/torso1.mtx,13,128,7,0.002524376,0.002466679,50991,13278,101982
../data/torso1.mtx,13,128,8,0.002876759,0.002819061,50991,13278,101982
../data/torso1.mtx,13,128,9,0.002809763,0.002751827,50991,13278,101982
../data/torso1.mtx,14,128,0,0.004238129,0.004175425,50991,13278,101982
../data/torso1.mtx,14,128,1,0.003315449,0.003254890,50991,13278,101982
../data/torso1.mtx,14,128,2,0.207349539,0.207286596,50991,13278,101982
../data/torso1.mtx,14,128,3,0.413433790,0.413371325,50991,13278,101982
../data/torso1.mtx,14,128,4,0.004654169,0.004596710,50991,13278,101982
../data/torso1.mtx,14,128,5,0.003451347,0.003393888,50991,13278,101982
../data/torso1.mtx,14,128,6,0.003302097,0.003244638,50991,13278,101982
../data/torso1.mtx,14,128,7,0.002526999,0.002469778,50991,13278,101982
../data/torso1.mtx,14,128,8,0.002859592,0.002802372,50991,13278,101982
../data/torso1.mtx,14,128,9,0.002813578,0.002756357,50991,13278,101982
../data/torso1.mtx,15,128,0,0.004380226,0.004293203,50991,13278,101982
../data/torso1.mtx,15,128,1,0.003291130,0.003231049,50991,13278,101982
../data/torso1.mtx,15,128,2,0.004320145,0.004261017,50991,13278,101982
../data/torso1.mtx,15,128,3,0.413431168,0.413365364,50991,13278,101982
../data/torso1.mtx,15,128,4,0.004549503,0.004492044,50991,13278,101982
../data/torso1.mtx,15,128,5,0.003390074,0.003332376,50991,13278,101982
../data/torso1.mtx,15,128,6,0.003309727,0.003251553,50991,13278,101982
../data/torso1.mtx,15,128,7,0.002517462,0.002459764,50991,13278,101982
../data/torso1.mtx,15,128,8,0.002850771,0.002793074,50991,13278,101982
../data/torso1.mtx,15,128,9,0.002806187,0.002748489,50991,13278,101982
../data/torso1.mtx,16,128,0,0.004230261,0.004160881,50991,13278,101982
../data/torso1.mtx,16,128,1,0.003254175,0.003185987,50991,13278,101982
../data/torso1.mtx,16,128,2,0.004352808,0.004285574,50991,13278,101982
../data/torso1.mtx,16,128,3,0.413443089,0.413375378,50991,13278,101982
../data/torso1.mtx,16,128,4,0.004475832,0.004408598,50991,13278,101982
../data/torso1.mtx,16,128,5,0.003367424,0.003300428,50991,13278,101982
../data/torso1.mtx,16,128,6,0.003317595,0.003250599,50991,13278,101982
../data/torso1.mtx,16,128,7,0.002445698,0.002378941,50991,13278,101982
../data/torso1.mtx,16,128,8,0.002925396,0.002859831,50991,13278,101982
../data/torso1.mtx,16,128,9,0.002868176,0.002801418,50991,13278,101982
../data/torso1.mtx,17,128,0,0.004052639,0.003982067,50991,13278,101982
../data/torso1.mtx,17,128,1,0.003241062,0.003170729,50991,13278,101982
../data/torso1.mtx,17,128,2,0.004198790,0.004129648,50991,13278,101982
../data/torso1.mtx,17,128,3,0.413480520,0.413383245,50991,13278,101982
../data/torso1.mtx,17,128,4,0.004320860,0.004250526,50991,13278,101982
../data/torso1.mtx,17,128,5,0.003260136,0.003190756,50991,13278,101982
../data/torso1.mtx,17,128,6,0.003179789,0.003111601,50991,13278,101982
../data/torso1.mtx,17,128,7,0.002461672,0.002395630,50991,13278,101982
../data/torso1.mtx,17,128,8,0.002977371,0.002911806,50991,13278,101982
../data/torso1.mtx,17,128,9,0.002906561,0.002841473,50991,13278,101982
../data/torso1.mtx,18,128,0,0.004266262,0.004195929,50991,13278,101982
../data/torso1.mtx,18,128,1,0.003259659,0.003190517,50991,13278,101982
../data/torso1.mtx,18,128,2,0.004314899,0.004245281,50991,13278,101982
../data/torso1.mtx,18,128,3,0.413493872,0.413393259,50991,13278,101982
../data/torso1.mtx,18,128,4,0.004304647,0.004234791,50991,13278,101982
../data/torso1.mtx,18,128,5,0.003269672,0.003201008,50991,13278,101982
../data/torso1.mtx,18,128,6,0.003311157,0.003244638,50991,13278,101982
../data/torso1.mtx,18,128,7,0.002454281,0.002389669,50991,13278,101982
../data/torso1.mtx,18,128,8,0.002975941,0.002910852,50991,13278,101982
../data/torso1.mtx,18,128,9,0.002898932,0.002834082,50991,13278,101982
../data/torso1.mtx,19,128,0,0.004037857,0.003967285,50991,13278,101982
../data/torso1.mtx,19,128,1,0.003178120,0.003107548,50991,13278,101982
../data/torso1.mtx,19,128,2,0.004125595,0.004055738,50991,13278,101982
../data/torso1.mtx,19,128,3,0.413465023,0.413368225,50991,13278,101982
../data/torso1.mtx,19,128,4,0.004294395,0.004226208,50991,13278,101982
../data/torso1.mtx,19,128,5,0.003187656,0.003118038,50991,13278,101982
../data/torso1.mtx,19,128,6,0.003209352,0.003143311,50991,13278,101982
../data/torso1.mtx,19,128,7,0.002534628,0.002469301,50991,13278,101982
../data/torso1.mtx,19,128,8,0.002969027,0.002903938,50991,13278,101982
../data/torso1.mtx,19,128,9,0.002899170,0.002834082,50991,13278,101982
../data/torso1.mtx,20,128,0,0.004301786,0.004224062,50991,13278,101982
../data/torso1.mtx,20,128,1,0.003208160,0.003148079,50991,13278,101982
../data/torso1.mtx,20,128,2,0.004309416,0.004250288,50991,13278,101982
../data/torso1.mtx,20,128,3,0.413437366,0.413372040,50991,13278,101982
../data/torso1.mtx,20,128,4,0.004136324,0.004078388,50991,13278,101982
../data/torso1.mtx,20,128,5,0.003288269,0.003230333,50991,13278,101982
../data/torso1.mtx,20,128,6,0.003317595,0.003259659,50991,13278,101982
../data/torso1.mtx,20,128,7,0.002478361,0.002420664,50991,13278,101982
../data/torso1.mtx,20,128,8,0.002952337,0.002894640,50991,13278,101982
../data/torso1.mtx,20,128,9,0.002890587,0.002832651,50991,13278,101982
../data/torso1.mtx,21,128,0,0.004301786,0.004224777,50991,13278,101982
../data/torso1.mtx,21,128,1,0.003186226,0.003126383,50991,13278,101982
../data/torso1.mtx,21,128,2,0.004306793,0.004246950,50991,13278,101982
../data/torso1.mtx,21,128,3,0.413433075,0.413369179,50991,13278,101982
../data/torso1.mtx,21,128,4,0.004114389,0.004055738,50991,13278,101982
../data/torso1.mtx,21,128,5,0.003188372,0.003130674,50991,13278,101982
../data/torso1.mtx,21,128,6,0.003299713,0.003241301,50991,13278,101982
../data/torso1.mtx,21,128,7,0.002469778,0.002411842,50991,13278,101982
../data/torso1.mtx,21,128,8,0.002960443,0.002902269,50991,13278,101982
../data/torso1.mtx,21,128,9,0.002908945,0.002851248,50991,13278,101982
../data/torso1.mtx,22,128,0,0.003919601,0.003849506,50991,13278,101982
../data/torso1.mtx,22,128,1,0.003065348,0.002995253,50991,13278,101982
../data/torso1.mtx,22,128,2,0.003636599,0.003566027,50991,13278,101982
../data/torso1.mtx,22,128,3,0.413470268,0.413370371,50991,13278,101982
../data/torso1.mtx,22,128,4,0.003956795,0.003876448,50991,13278,101982
../data/torso1.mtx,22,128,5,0.003180027,0.003110886,50991,13278,101982
../data/torso1.mtx,22,128,6,0.003156900,0.003090382,50991,13278,101982
../data/torso1.mtx,22,128,7,0.002487421,0.002421618,50991,13278,101982
../data/torso1.mtx,22,128,8,0.002956390,0.002890825,50991,13278,101982
../data/torso1.mtx,22,128,9,0.002922535,0.002856970,50991,13278,101982
../data/torso1.mtx,23,128,0,0.003838539,0.003758430,50991,13278,101982
../data/torso1.mtx,23,128,1,0.003156424,0.003084898,50991,13278,101982
../data/torso1.mtx,23,128,2,0.003759623,0.003688812,50991,13278,101982
../data/torso1.mtx,23,128,3,0.413671494,0.413408756,50991,13278,101982
../data/torso1.mtx,23,128,4,0.004103661,0.004034042,50991,13278,101982
../data/torso1.mtx,23,128,5,0.003119230,0.003049374,50991,13278,101982
../data/torso1.mtx,23,128,6,0.003155708,0.003087521,50991,13278,101982
../data/torso1.mtx,23,128,7,0.002476692,0.002411604,50991,13278,101982
../data/torso1.mtx,23,128,8,0.002966166,0.002901077,50991,13278,101982
../data/torso1.mtx,23,128,9,0.002933264,0.002867937,50991,13278,101982
../data/torso1.mtx,24,128,0,0.004152536,0.004061460,50991,13278,101982
../data/torso1.mtx,24,128,1,0.003828049,0.003725529,50991,13278,101982
../data/torso1.mtx,24,128,2,0.003890991,0.003815174,50991,13278,101982
../data/torso1.mtx,24,128,3,0.413454533,0.413374424,50991,13278,101982
../data/torso1.mtx,24,128,4,0.004059315,0.003984451,50991,13278,101982
../data/torso1.mtx,24,128,5,0.004010439,0.003907919,50991,13278,101982
../data/torso1.mtx,24,128,6,0.003448009,0.003371477,50991,13278,101982
../data/torso1.mtx,24,128,7,0.002881527,0.002785444,50991,13278,101982
../data/torso1.mtx,24,128,8,0.003154993,0.003076553,50991,13278,101982
../data/torso1.mtx,24,128,9,0.003049612,0.002969027,50991,13278,101982
../data/torso1.mtx,25,128,0,0.003863335,0.003785133,50991,13278,101982
../data/torso1.mtx,25,128,1,0.206976891,0.206899881,50991,13278,101982
../data/torso1.mtx,25,128,2,0.003714800,0.003636599,50991,13278,101982
../data/torso1.mtx,25,128,3,0.413433790,0.413356781,50991,13278,101982
../data/torso1.mtx,25,128,4,0.003918409,0.003828287,50991,13278,101982
../data/torso1.mtx,25,128,5,0.003981829,0.003871679,50991,13278,101982
../data/torso1.mtx,25,128,6,0.003352404,0.003275633,50991,13278,101982
../data/torso1.mtx,25,128,7,0.002878904,0.002789974,50991,13278,101982
../data/torso1.mtx,25,128,8,0.003071070,0.002992868,50991,13278,101982
../data/torso1.mtx,25,128,9,0.002995968,0.002908468,50991,13278,101982
../data/torso1.mtx,26,128,0,0.004044533,0.003917456,50991,13278,101982
../data/torso1.mtx,26,128,1,0.207005024,0.206925631,50991,13278,101982
../data/torso1.mtx,26,128,2,0.003781796,0.003693104,50991,13278,101982
../data/torso1.mtx,26,128,3,0.413619757,0.413347721,50991,13278,101982
../data/torso1.mtx,26,128,4,0.003959894,0.003876448,50991,13278,101982
../data/torso1.mtx,26,128,5,0.003986120,0.003876925,50991,13278,101982
../data/torso1.mtx,26,128,6,0.003398180,0.003319740,50991,13278,101982
../data/torso1.mtx,26,128,7,0.002883434,0.002792358,50991,13278,101982
../data/torso1.mtx,26,128,8,0.003093958,0.003005505,50991,13278,101982
../data/torso1.mtx,26,128,9,0.003019094,0.002927780,50991,13278,101982
../data/torso1.mtx,27,128,0,0.003963947,0.003847122,50991,13278,101982
../data/torso1.mtx,27,128,1,0.207333326,0.207039595,50991,13278,101982
../data/torso1.mtx,27,128,2,0.003677130,0.003589630,50991,13278,101982
../data/torso1.mtx,27,128,3,0.413370848,0.413292408,50991,13278,101982
../data/torso1.mtx,27,128,4,0.003882647,0.003787756,50991,13278,101982
../data/torso1.mtx,27,128,5,0.003964186,0.003859043,50991,13278,101982
../data/torso1.mtx,27,128,6,0.003374815,0.003295660,50991,13278,101982
../data/torso1.mtx,27,128,7,0.002866030,0.002777100,50991,13278,101982
../data/torso1.mtx,27,128,8,0.003076315,0.002990246,50991,13278,101982
../data/torso1.mtx,27,128,9,0.002984047,0.002893686,50991,13278,101982
../data/torso1.mtx,28,128,0,0.004041195,0.003916740,50991,13278,101982
../data/torso1.mtx,28,128,1,0.003814697,0.003714800,50991,13278,101982
../data/torso1.mtx,28,128,2,0.003799200,0.003713608,50991,13278,101982
../data/torso1.mtx,28,128,3,0.413416386,0.413334131,50991,13278,101982
../data/torso1.mtx,28,128,4,0.003934145,0.003846884,50991,13278,101982
../data/torso1.mtx,28,128,5,0.003978968,0.003868341,50991,13278,101982
../data/torso1.mtx,28,128,6,0.003412008,0.003331900,50991,13278,101982
../data/torso1.mtx,28,128,7,0.002871752,0.002774715,50991,13278,101982
../data/torso1.mtx,28,128,8,0.003137589,0.003051281,50991,13278,101982
../data/torso1.mtx,28,128,9,0.003010988,0.002922058,50991,13278,101982
../data/torso1.mtx,29,128,0,0.003895283,0.003812790,50991,13278,101982
../data/torso1.mtx,29,128,1,0.003811359,0.003711700,50991,13278,101982
../data/torso1.mtx,29,128,2,0.003732204,0.003649235,50991,13278,101982
../data/torso1.mtx,29,128,3,0.413607121,0.413336277,50991,13278,101982
../data/torso1.mtx,29,128,4,0.003835917,0.003755808,50991,13278,101982
../data/torso1.mtx,29,128,5,0.003966570,0.003858328,50991,13278,101982
../data/torso1.mtx,29,128,6,0.003344297,0.003266811,50991,13278,101982
../data/torso1.mtx,29,128,7,0.002851248,0.002762318,50991,13278,101982
../data/torso1.mtx,29,128,8,0.003091574,0.003008604,50991,13278,101982
../data/torso1.mtx,29,128,9,0.002979517,0.002892494,50991,13278,101982
../data/torso1.mtx,30,128,0,0.003926039,0.003839970,50991,13276,101982
../data/torso1.mtx,30,128,1,0.207955122,0.207879066,50991,13276,101982
../data/torso1.mtx,30,128,2,0.003659487,0.003584623,50991,13276,101982
../data/torso1.mtx,30,128,3,0.413381815,0.413304090,50991,13276,101982
../data/torso1.mtx,30,128,4,0.003826618,0.003747702,50991,13276,101982
../data/torso1.mtx,30,128,5,0.003963947,0.003856182,50991,13276,101982
../data/torso1.mtx,30,128,6,0.003349304,0.003273249,50991,13276,101982
../data/torso1.mtx,30,128,7,0.002852440,0.002762556,50991,13276,101982
../data/torso1.mtx,30,128,8,0.003079176,0.002999067,50991,13276,101982
../data/torso1.mtx,30,128,9,0.002969742,0.002886057,50991,13276,101982
../data/torso1.mtx,31,128,0,0.003920317,0.003835201,50991,13278,101982
../data/torso1.mtx,31,128,1,0.207012415,0.206938982,50991,13278,101982
../data/torso1.mtx,31,128,2,0.003662348,0.003587246,50991,13278,101982
../data/torso1.mtx,31,128,3,0.413374901,0.413296938,50991,13278,101982
../data/torso1.mtx,31,128,4,0.003901243,0.003814936,50991,13278,101982
../data/torso1.mtx,31,128,5,0.003953218,0.003846645,50991,13278,101982
../data/torso1.mtx,31,128,6,0.003334522,0.003258228,50991,13278,101982
../data/torso1.mtx,31,128,7,0.002861023,0.002772093,50991,13278,101982
../data/torso1.mtx,31,128,8,0.003067017,0.002983809,50991,13278,101982
../data/torso1.mtx,31,128,9,0.002968550,0.002879858,50991,13278,101982
../data/torso1.mtx,32,128,0,0.003882647,0.003801107,50991,13276,101982
../data/torso1.mtx,32,128,1,0.207324028,0.207025766,50991,13276,101982
../data/torso1.mtx,32,128,2,0.003659010,0.003583431,50991,13276,101982
../data/torso1.mtx,32,128,3,0.413392544,0.413315535,50991,13276,101982
../data/torso1.mtx,32,128,4,0.003823042,0.003747702,50991,13276,101982
../data/torso1.mtx,32,128,5,0.003966570,0.003860712,50991,13276,101982
../data/torso1.mtx,32,128,6,0.003332853,0.003257036,50991,13276,101982
../data/torso1.mtx,32,128,7,0.002880096,0.002790213,50991,13276,101982
../data/torso1.mtx,32,128,8,0.003088474,0.003006220,50991,13276,101982
../data/torso1.mtx,32,128,9,0.002989531,0.002901316,50991,13276,101982
../data/torso1.mtx,33,128,0,0.004097939,0.003989935,50991,13264,101982
../data/torso1.mtx,33,128,1,0.003807783,0.003703594,50991,13264,101982
../data/torso1.mtx,33,128,2,0.003699064,0.003601551,50991,13264,101982
../data/torso1.mtx,33,128,3,0.413396597,0.413315296,50991,13264,101982
../data/torso1.mtx,33,128,4,0.003917217,0.003823280,50991,13264,101982
../data/torso1.mtx,33,128,5,0.003968954,0.003865719,50991,13264,101982
../data/torso1.mtx,33,128,6,0.003377438,0.003298759,50991,13264,101982
../data/torso1.mtx,33,128,7,0.002887487,0.002791166,50991,13264,101982
../data/torso1.mtx,33,128,8,0.003121138,0.003036022,50991,13264,101982
../data/torso1.mtx,33,128,9,0.003006697,0.002916336,50991,13264,101982
../data/torso1.mtx,34,128,0,0.004088879,0.003984213,50991,13256,101982
../data/torso1.mtx,34,128,1,0.003805161,0.003703117,50991,13256,101982
../data/torso1.mtx,34,128,2,0.003796339,0.003707647,50991,13256,101982
../data/torso1.mtx,34,128,3,0.413653374,0.413384676,50991,13256,101982
../data/torso1.mtx,34,128,4,0.003944874,0.003864527,50991,13256,101982
../data/torso1.mtx,34,128,5,0.003980160,0.003873348,50991,13256,101982
../data/torso1.mtx,34,128,6,0.003434658,0.003348351,50991,13256,101982
../data/torso1.mtx,34,128,7,0.002894878,0.002793789,50991,13256,101982
../data/torso1.mtx,34,128,8,0.003111124,0.003019333,50991,13256,101982
../data/torso1.mtx,34,128,9,0.002994061,0.002899170,50991,13256,101982
../data/torso1.mtx,35,128,0,0.004022598,0.003951550,50991,13259,101982
../data/torso1.mtx,35,128,1,0.003746271,0.003676891,50991,13259,101982
../data/torso1.mtx,35,128,2,0.003681898,0.003616333,50991,13259,101982
../data/torso1.mtx,35,128,3,0.413570642,0.413324356,50991,13259,101982
../data/torso1.mtx,35,128,4,0.003830433,0.003765583,50991,13259,101982
../data/torso1.mtx,35,128,5,0.003908873,0.003843784,50991,13259,101982
../data/torso1.mtx,35,128,6,0.003330469,0.003265619,50991,13259,101982
../data/torso1.mtx,35,128,7,0.002827168,0.002762318,50991,13259,101982
../data/torso1.mtx,35,128,8,0.003062963,0.002998114,50991,13259,101982
../data/torso1.mtx,35,128,9,0.002948761,0.002878666,50991,13259,101982
../data/torso1.mtx,36,128,0,0.004011869,0.003943920,50991,13273,101982
../data/torso1.mtx,36,128,1,0.003761053,0.003691912,50991,13273,101982
../data/torso1.mtx,36,128,2,0.003719330,0.003649712,50991,13273,101982
../data/torso1.mtx,36,128,3,0.413589716,0.413350344,50991,13273,101982
../data/torso1.mtx,36,128,4,0.003857613,0.003795862,50991,13273,101982
../data/torso1.mtx,36,128,5,0.003933668,0.003865242,50991,13273,101982
../data/torso1.mtx,36,128,6,0.003345966,0.003280878,50991,13273,101982
../data/torso1.mtx,36,128,7,0.002832413,0.002769232,50991,13273,101982
../data/torso1.mtx,36,128,8,0.003056765,0.002993822,50991,13273,101982
../data/torso1.mtx,36,128,9,0.002948999,0.002880573,50991,13273,101982
../data/torso1.mtx,37,128,0,0.004021406,0.003948689,50991,13276,101982
../data/torso1.mtx,37,128,1,0.207007647,0.206932068,50991,13276,101982
../data/torso1.mtx,37,128,2,0.003713131,0.003641605,50991,13276,101982
../data/torso1.mtx,37,128,3,0.413331747,0.413255692,50991,13276,101982
../data/torso1.mtx,37,128,4,0.003874063,0.003800392,50991,13276,101982
../data/torso1.mtx,37,128,5,0.004167557,0.003904819,50991,13276,101982
../data/torso1.mtx,37,128,6,0.003341913,0.003272533,50991,13276,101982
../data/torso1.mtx,37,128,7,0.002834797,0.002768040,50991,13276,101982
../data/torso1.mtx,37,128,8,0.003054619,0.002989531,50991,13276,101982
../data/torso1.mtx,37,128,9,0.002942801,0.002871275,50991,13276,101982
../data/torso1.mtx,38,128,0,0.003973007,0.003904104,50991,13274,101982
../data/torso1.mtx,38,128,1,0.207011461,0.206928968,50991,13274,101982
../data/torso1.mtx,38,128,2,0.003743410,0.003657818,50991,13274,101982
../data/torso1.mtx,38,128,3,0.413311243,0.413228989,50991,13274,101982
../data/torso1.mtx,38,128,4,0.003880501,0.003797293,50991,13274,101982
../data/torso1.mtx,38,128,5,0.003940582,0.003860474,50991,13274,101982
../data/torso1.mtx,38,128,6,0.003360271,0.003280878,50991,13274,101982
../data/torso1.mtx,38,128,7,0.002849102,0.002769470,50991,13274,101982
../data/torso1.mtx,38,128,8,0.003064632,0.002985954,50991,13274,101982
../data/torso1.mtx,38,128,9,0.002967596,0.002880335,50991,13274,101982
../data/torso1.mtx,39,128,0,0.004030228,0.003927231,50991,13274,101982
../data/torso1.mtx,39,128,1,0.003780127,0.003681421,50991,13274,101982
../data/torso1.mtx,39,128,2,0.003719330,0.003635168,50991,13274,101982
../data/torso1.mtx,39,128,3,0.413294077,0.413220644,50991,13274,101982
../data/torso1.mtx,39,128,4,0.003875494,0.003787518,50991,13274,101982
../data/torso1.mtx,39,128,5,0.003955126,0.003852606,50991,13274,101982
../data/torso1.mtx,39,128,6,0.003356695,0.003280640,50991,13274,101982
../data/torso1.mtx,39,128,7,0.002839088,0.002750158,50991,13274,101982
../data/torso1.mtx,39,128,8,0.003058672,0.002978086,50991,13274,101982
../data/torso1.mtx,39,128,9,0.002955675,0.002871752,50991,13274,101982
../data/torso1.mtx,40,128,0,0.004000902,0.003932238,50991,13278,101982
../data/torso1.mtx,40,128,1,0.003775597,0.003706217,50991,13278,101982
../data/torso1.mtx,40,128,2,0.003725767,0.003655910,50991,13278,101982
../data/torso1.mtx,40,128,3,0.413305759,0.413239241,50991,13278,101982
../data/torso1.mtx,40,128,4,0.003872633,0.003809929,50991,13278,101982
../data/torso1.mtx,40,128,5,0.003934622,0.003865242,50991,13278,101982
../data/torso1.mtx,40,128,6,0.003352642,0.003288031,50991,13278,101982
../data/torso1.mtx,40,128,7,0.002838612,0.002775431,50991,13278,101982
../data/torso1.mtx,40,128,8,0.003063202,0.003000259,50991,13278,101982
../data/torso1.mtx,40,128,9,0.002959490,0.002889633,50991,13278,101982
../data/torso1.mtx,41,128,0,0.004071951,0.003967762,50991,13278,101982
../data/torso1.mtx,41,128,1,0.206991673,0.206914186,50991,13278,101982
../data/torso1.mtx,41,128,2,0.003828526,0.003741264,50991,13278,101982
../data/torso1.mtx,41,128,3,0.413316250,0.413224697,50991,13278,101982
../data/torso1.mtx,41,128,4,0.003972292,0.003889084,50991,13278,101982
../data/torso1.mtx,41,128,5,0.003980875,0.003869057,50991,13278,101982
../data/torso1.mtx,41,128,6,0.003499508,0.003427267,50991,13278,101982
../data/torso1.mtx,41,128,7,0.002851963,0.002757549,50991,13278,101982
../data/torso1.mtx,41,128,8,0.003128052,0.003047466,50991,13278,101982
../data/torso1.mtx,41,128,9,0.003053665,0.002977133,50991,13278,101982
../data/torso1.mtx,42,128,0,0.004018068,0.003909588,50991,13278,101982
../data/torso1.mtx,42,128,1,0.003794670,0.003694534,50991,13278,101982
../data/torso1.mtx,42,128,2,0.003775120,0.003687859,50991,13278,101982
../data/torso1.mtx,42,128,3,0.413291216,0.413216591,50991,13278,101982
../data/torso1.mtx,42,128,4,0.003909826,0.003822803,50991,13278,101982
../data/torso1.mtx,42,128,5,0.003972769,0.003867149,50991,13278,101982
../data/torso1.mtx,42,128,6,0.003431797,0.003357649,50991,13278,101982
../data/torso1.mtx,42,128,7,0.002861738,0.002770901,50991,13278,101982
../data/torso1.mtx,42,128,8,0.003086329,0.003003836,50991,13278,101982
../data/torso1.mtx,42,128,9,0.003022671,0.002938271,50991,13278,101982
../data/torso1.mtx,43,128,0,0.003955126,0.003884315,50991,13278,101982
../data/torso1.mtx,43,128,1,0.003749371,0.003680944,50991,13278,101982
../data/torso1.mtx,43,128,2,0.003731012,0.003664255,50991,13278,101982
../data/torso1.mtx,43,128,3,0.207414627,0.207350016,50991,13278,101982
../data/torso1.mtx,43,128,4,0.003869057,0.003804445,50991,13278,101982
../data/torso1.mtx,43,128,5,0.003913403,0.003848553,50991,13278,101982
../data/torso1.mtx,43,128,6,0.003413916,0.003349304,50991,13278,101982
../data/torso1.mtx,43,128,7,0.002830267,0.002765656,50991,13278,101982
../data/torso1.mtx,43,128,8,0.003044844,0.002980471,50991,13278,101982
../data/torso1.mtx,43,128,9,0.002991438,0.002921581,50991,13278,101982
../data/torso1.mtx,44,128,0,0.003966331,0.003897190,50991,13278,101982
../data/torso1.mtx,44,128,1,0.003751278,0.003683567,50991,13278,101982
../data/torso1.mtx,44,128,2,0.003943682,0.003691196,50991,13278,101982
../data/torso1.mtx,44,128,3,0.207406759,0.207340956,50991,13278,101982
../data/torso1.mtx,44,128,4,0.003866911,0.003801584,50991,13278,101982
../data/torso1.mtx,44,128,5,0.003917217,0.003852129,50991,13278,101982
../data/torso1.mtx,44,128,6,0.003426313,0.003360987,50991,13278,101982
../data/torso1.mtx,44,128,7,0.002833605,0.002768278,50991,13278,101982
../data/torso1.mtx,44,128,8,0.003069401,0.003004313,50991,13278,101982
../data/torso1.mtx,44,128,9,0.002995729,0.002925396,50991,13278,101982
../data/torso1.mtx,45,128,0,0.003982782,0.003911257,50991,13278,101982
../data/torso1.mtx,45,128,1,0.003750563,0.003681183,50991,13278,101982
../data/torso1.mtx,45,128,2,0.003736019,0.003669739,50991,13278,101982
../data/torso1.mtx,45,128,3,0.207362890,0.207297802,50991,13278,101982
../data/torso1.mtx,45,128,4,0.003844023,0.003779173,50991,13278,101982
../data/torso1.mtx,45,128,5,0.003907919,0.003843069,50991,13278,101982
../data/torso1.mtx,45,128,6,0.003423691,0.003358841,50991,13278,101982
../data/torso1.mtx,45,128,7,0.002825022,0.002759933,50991,13278,101982
../data/torso1.mtx,45,128,8,0.003064394,0.002999544,50991,13278,101982
../data/torso1.mtx,45,128,9,0.002994061,0.002923965,50991,13278,101982
../data/torso1.mtx,46,128,0,0.004081488,0.003990650,50991,13278,101982
../data/torso1.mtx,46,128,1,0.003791809,0.003679752,50991,13278,101982
../data/torso1.mtx,46,128,2,0.003778696,0.003678083,50991,13278,101982
../data/torso1.mtx,46,128,3,0.207359314,0.207293272,50991,13278,101982
../data/torso1.mtx,46,128,4,0.003859997,0.003794909,50991,13278,101982
../data/torso1.mtx,46,128,5,0.003901482,0.003836393,50991,13278,101982
../data/torso1.mtx,46,128,6,0.003416300,0.003351450,50991,13278,101982
../data/torso1.mtx,46,128,7,0.002819061,0.002754211,50991,13278,101982
../data/torso1.mtx,46,128,8,0.003051758,0.002986908,50991,13278,101982
../data/torso1.mtx,46,128,9,0.002984762,0.002914429,50991,13278,101982
../data/torso1.mtx,47,128,0,0.004023552,0.003916740,50991,13278,101982
../data/torso1.mtx,47,128,1,0.003762484,0.003666162,50991,13278,101982
../data/torso1.mtx,47,128,2,0.003762722,0.003676653,50991,13278,101982
../data/torso1.mtx,47,128,3,0.207550287,0.207282543,50991,13278,101982
../data/torso1.mtx,47,128,4,0.003867865,0.003773451,50991,13278,101982
../data/torso1.mtx,47,128,5,0.003950596,0.003847361,50991,13278,101982
../data/torso1.mtx,47,128,6,0.003422499,0.003345490,50991,13278,101982
../data/torso1.mtx,47,128,7,0.002842903,0.002751350,50991,13278,101982
../data/torso1.mtx,47,128,8,0.003067970,0.002986908,50991,13278,101982
../data/torso1.mtx,47,128,9,0.003008842,0.002921820,50991,13278,101982
../data/torso1.mtx,48,128,0,0.004116535,0.003992796,50991,13278,101982
../data/torso1.mtx,48,128,1,0.003819942,0.003734350,50991,13278,101982
../data/torso1.mtx,48,128,2,0.003992558,0.003919125,50991,13278,101982
../data/torso1.mtx,48,128,3,0.207599163,0.207334280,50991,13278,101982
../data/torso1.mtx,48,128,4,0.003985643,0.003912449,50991,13278,101982
../data/torso1.mtx,48,128,5,0.003999233,0.003924608,50991,13278,101982
../data/torso1.mtx,48,128,6,0.003439665,0.003367424,50991,13278,101982
../data/torso1.mtx,48,128,7,0.002876043,0.002805710,50991,13278,101982
../data/torso1.mtx,48,128,8,0.003112316,0.003041744,50991,13278,101982
../data/torso1.mtx,48,128,9,0.003001451,0.002929926,50991,13278,101982
../data/torso1.mtx,49,128,0,0.004102468,0.003980637,50991,13278,101982
../data/torso1.mtx,49,128,1,0.003816605,0.003732920,50991,13278,101982
../data/torso1.mtx,49,128,2,0.003986835,0.003914356,50991,13278,101982
../data/torso1.mtx,49,128,3,0.207351208,0.207282066,50991,13278,101982
../data/torso1.mtx,49,128,4,0.003966808,0.003895998,50991,13278,101982
../data/torso1.mtx,49,128,5,0.003981829,0.003907442,50991,13278,101982
../data/torso1.mtx,49,128,6,0.003423929,0.003352165,50991,13278,101982
../data/torso1.mtx,49,128,7,0.002857924,0.002788305,50991,13278,101982
../data/torso1.mtx,49,128,8,0.003100157,0.003030300,50991,13278,101982
../data/torso1.mtx,49,128,9,0.003003359,0.002930403,50991,13278,101982
../data/torso1.mtx,50,128,0,0.004088879,0.003964663,50991,13278,101982
../data/torso1.mtx,50,128,1,0.003787279,0.003695250,50991,13278,101982
../data/torso1.mtx,50,128,2,0.003988981,0.003916264,50991,13278,101982
../data/torso1.mtx,50,128,3,0.207349777,0.207280636,50991,13278,101982
../data/torso1.mtx,50,128,4,0.003961325,0.003887892,50991,13278,101982
../data/torso1.mtx,50,128,5,0.003978014,0.003903866,50991,13278,101982
../data/torso1.mtx,50,128,6,0.003414869,0.003344774,50991,13278,101982
../data/torso1.mtx,50,128,7,0.002862930,0.002792597,50991,13278,101982
../data/torso1.mtx,50,128,8,0.003103018,0.003033400,50991,13278,101982
../data/torso1.mtx,50,128,9,0.003014565,0.002944469,50991,13278,101982
../data/torso1.mtx,51,128,0,0.004086733,0.003964186,50991,13278,101982
../data/torso1.mtx,51,128,1,0.003791332,0.003700733,50991,13278,101982
../data/torso1.mtx,51,128,2,0.003961563,0.003887892,50991,13278,101982
../data/torso1.mtx,51,128,3,0.207316399,0.207246065,50991,13278,101982
../data/torso1.mtx,51,128,4,0.003940821,0.003867626,50991,13278,101982
../data/torso1.mtx,51,128,5,0.003965378,0.003890514,50991,13278,101982
../data/torso1.mtx,51,128,6,0.003426075,0.003354549,50991,13278,101982
../data/torso1.mtx,51,128,7,0.002840757,0.002770424,50991,13278,101982
../data/torso1.mtx,51,128,8,0.003091097,0.003019810,50991,13278,101982
../data/torso1.mtx,51,128,9,0.002987385,0.002916574,50991,13278,101982
../data/torso1.mtx,52,128,0,0.004061222,0.003941774,50991,13278,101982
../data/torso1.mtx,52,128,1,0.003796577,0.003704786,50991,13278,101982
../data/torso1.mtx,52,128,2,0.003944159,0.003873110,50991,13278,101982
../data/torso1.mtx,52,128,3,0.207308054,0.207237959,50991,13278,101982
../data/torso1.mtx,52,128,4,0.003970146,0.003896475,50991,13278,101982
../data/torso1.mtx,52,128,5,0.003965378,0.003890991,50991,13278,101982
../data/torso1.mtx,52,128,6,0.003407240,0.003335953,50991,13278,101982
../data/torso1.mtx,52,128,7,0.002855062,0.002786875,50991,13278,101982
../data/torso1.mtx,52,128,8,0.003092766,0.003021002,50991,13278,101982
../data/torso1.mtx,52,128,9,0.002994776,0.002923727,50991,13278,101982
../data/torso1.mtx,53,128,0,0.004064322,0.003941536,50991,13278,101982
../data/torso1.mtx,53,128,1,0.003784180,0.003690243,50991,13278,101982
../data/torso1.mtx,53,128,2,0.003931999,0.003861427,50991,13278,101982
../data/torso1.mtx,53,128,3,0.409103870,0.409034729,50991,13278,101982
../data/torso1.mtx,53,128,4,0.003944635,0.003873348,50991,13278,101982
../data/torso1.mtx,53,128,5,0.003949642,0.003875971,50991,13278,101982
../data/torso1.mtx,53,128,6,0.003395796,0.003325224,50991,13278,101982
../data/torso1.mtx,53,128,7,0.002843857,0.002774954,50991,13278,101982
../data/torso1.mtx,53,128,8,0.003074408,0.003004074,50991,13278,101982
../data/torso1.mtx,53,128,9,0.002976656,0.002906799,50991,13278,101982
../data/torso1.mtx,54,128,0,0.004036427,0.003927231,50991,13278,101982
../data/torso1.mtx,54,128,1,0.003775358,0.003677607,50991,13278,101982
../data/torso1.mtx,54,128,2,0.003954887,0.003882170,50991,13278,101982
../data/torso1.mtx,54,128,3,0.409112930,0.409043074,50991,13278,101982
../data/torso1.mtx,54,128,4,0.003934860,0.003864288,50991,13278,101982
../data/torso1.mtx,54,128,5,0.003962278,0.003886461,50991,13278,101982
../data/torso1.mtx,54,128,6,0.003388643,0.003318787,50991,13278,101982
../data/torso1.mtx,54,128,7,0.002845049,0.002774954,50991,13278,101982
../data/torso1.mtx,54,128,8,0.003068209,0.002997398,50991,13278,101982
../data/torso1.mtx,54,128,9,0.002980232,0.002907753,50991,13278,101982
../data/torso1.mtx,55,128,0,0.004019737,0.003913641,50991,13278,101982
../data/torso1.mtx,55,128,1,0.003777027,0.003680229,50991,13278,101982
../data/torso1.mtx,55,128,2,0.003932476,0.003861666,50991,13278,101982
../data/torso1.mtx,55,128,3,0.409109592,0.409037828,50991,13278,101982
../data/torso1.mtx,55,128,4,0.003938675,0.003866673,50991,13278,101982
../data/torso1.mtx,55,128,5,0.003935575,0.003861427,50991,13278,101982
../data/torso1.mtx,55,128,6,0.003396273,0.003325462,50991,13278,101982
../data/torso1.mtx,55,128,7,0.002820253,0.002751112,50991,13278,101982
../data/torso1.mtx,55,128,8,0.003067970,0.002997637,50991,13278,101982
../data/torso1.mtx,55,128,9,0.002943993,0.002874136,50991,13278,101982
../data/torso1.mtx,56,128,0,0.004027128,0.003926754,50991,13278,101982
../data/torso1.mtx,56,128,1,0.003777027,0.003675461,50991,13278,101982
../data/torso1.mtx,56,128,2,0.004165888,0.003896475,50991,13278,101982
../data/torso1.mtx,56,128,3,0.409127235,0.409058094,50991,13278,101982
../data/torso1.mtx,56,128,4,0.003930092,0.003859282,50991,13278,101982
../data/torso1.mtx,56,128,5,0.003955126,0.003880739,50991,13278,101982
../data/torso1.mtx,56,128,6,0.003383636,0.003313065,50991,13278,101982
../data/torso1.mtx,56,128,7,0.002836466,0.002767563,50991,13278,101982
../data/torso1.mtx,56,128,8,0.003076077,0.003007650,50991,13278,101982
../data/torso1.mtx,56,128,9,0.002957821,0.002888203,50991,13278,101982
../data/torso1.mtx,57,128,0,0.003974915,0.003904581,50991,13278,101982
../data/torso1.mtx,57,128,1,0.003653049,0.003587246,50991,13278,101982
../data/torso1.mtx,57,128,2,0.003913164,0.003833294,50991,13278,101982
../data/torso1.mtx,57,128,3,0.409315586,0.409027338,50991,13278,101982
../data/torso1.mtx,57,128,4,0.003765583,0.003699541,50991,13278,101982
../data/torso1.mtx,57,128,5,0.003971100,0.003906012,50991,13278,101982
../data/torso1.mtx,57,128,6,0.003368378,0.003303528,50991,13278,101982
../data/torso1.mtx,57,128,7,0.002800226,0.002735376,50991,13278,101982
../data/torso1.mtx,57,128,8,0.003064156,0.002999306,50991,13278,101982
../data/torso1.mtx,57,128,9,0.002950668,0.002885818,50991,13278,101982
../data/torso1.mtx,58,128,0,0.003978968,0.003909826,50991,13278,101982
../data/torso1.mtx,58,128,1,0.003658772,0.003592491,50991,13278,101982
../data/torso1.mtx,58,128,2,0.003897905,0.003832340,50991,13278,101982
../data/torso1.mtx,58,128,3,0.409131765,0.409066200,50991,13278,101982
../data/torso1.mtx,58,128,4,0.003743887,0.003678799,50991,13278,101982
../data/torso1.mtx,58,128,5,0.003975868,0.003910542,50991,13278,101982
../data/torso1.mtx,58,128,6,0.003375769,0.003310680,50991,13278,101982
../data/torso1.mtx,58,128,7,0.002830505,0.002765417,50991,13278,101982
../data/torso1.mtx,58,128,8,0.003057003,0.002992153,50991,13278,101982
../data/torso1.mtx,58,128,9,0.002946377,0.002880812,50991,13278,101982
../data/torso1.mtx,59,128,0,0.004072905,0.003941774,50991,13280,101982
../data/torso1.mtx,59,128,1,0.003932238,0.003830433,50991,13280,101982
../data/torso1.mtx,59,128,2,0.004105330,0.004022360,50991,13280,101982
../data/torso1.mtx,59,128,3,0.409264803,0.409194231,50991,13280,101982
../data/torso1.mtx,59,128,4,0.004108667,0.004030228,50991,13280,101982
../data/torso1.mtx,59,128,5,0.004182100,0.004072428,50991,13280,101982
../data/torso1.mtx,59,128,6,0.003464222,0.003393412,50991,13280,101982
../data/torso1.mtx,59,128,7,0.002894878,0.002820015,50991,13280,101982
../data/torso1.mtx,59,128,8,0.003061771,0.002990484,50991,13280,101982
../data/torso1.mtx,59,128,9,0.002813101,0.002742290,50991,13280,101982
../data/torso1.mtx,60,128,0,0.003979921,0.003910542,50991,13282,101982
../data/torso1.mtx,60,128,1,0.003858805,0.003792286,50991,13282,101982
../data/torso1.mtx,60,128,2,0.004003525,0.003937960,50991,13282,101982
../data/torso1.mtx,60,128,3,0.409269333,0.409186840,50991,13282,101982
../data/torso1.mtx,60,128,4,0.004098177,0.004029751,50991,13282,101982
../data/torso1.mtx,60,128,5,0.004153013,0.004081488,50991,13282,101982
../data/torso1.mtx,60,128,6,0.003454685,0.003387690,50991,13282,101982
../data/torso1.mtx,60,128,7,0.002862453,0.002796888,50991,13282,101982
../data/torso1.mtx,60,128,8,0.003052950,0.002987862,50991,13282,101982
../data/torso1.mtx,60,128,9,0.002938747,0.002873421,50991,13282,101982
../data/torso1.mtx,61,128,0,0.004069328,0.003918171,50991,13286,101982
../data/torso1.mtx,61,128,1,0.003941536,0.003863811,50991,13286,101982
../data/torso1.mtx,61,128,2,0.004274845,0.004009962,50991,13286,101982
../data/torso1.mtx,61,128,3,0.409248590,0.409170628,50991,13286,101982
../data/torso1.mtx,61,128,4,0.004107952,0.004026413,50991,13286,101982
../data/torso1.mtx,61,128,5,0.004184484,0.004071951,50991,13286,101982
../data/torso1.mtx,61,128,6,0.003459454,0.003386259,50991,13286,101982
../data/torso1.mtx,61,128,7,0.002904892,0.002832174,50991,13286,101982
../data/torso1.mtx,61,128,8,0.003073215,0.003002405,50991,13286,101982
../data/torso1.mtx,61,128,9,0.002746820,0.002675295,50991,13286,101982
../data/torso1.mtx,62,128,0,0.003938437,0.003876209,45433,13285,90866
../data/torso1.mtx,62,128,1,0.003885984,0.003826141,45433,13285,90866
../data/torso1.mtx,62,128,2,0.004019022,0.003961325,45433,13285,90866
../data/torso1.mtx,62,128,3,0.409223557,0.409166098,45433,13285,90866
../data/torso1.mtx,62,128,4,0.004064560,0.004007339,45433,13285,90866
../data/torso1.mtx,62,128,5,0.004130602,0.004073381,45433,13285,90866
../data/torso1.mtx,62,128,6,0.003424406,0.003366947,45433,13285,90866
../data/torso1.mtx,62,128,7,0.002869368,0.002811670,45433,13285,90866
../data/torso1.mtx,62,128,8,0.003025532,0.002968073,45433,13285,90866
../data/torso1.mtx,62,128,9,0.002901554,0.002843857,45433,13285,90866
../data/torso1.mtx,63,128,0,0.003928900,0.003867865,45437,13273,90874
../data/torso1.mtx,63,128,1,0.003865242,0.003805161,45437,13273,90874
../data/torso1.mtx,63,128,2,0.004015207,0.003956079,45437,13273,90874
../data/torso1.mtx,63,128,3,0.409221172,0.409162760,45437,13273,90874
../data/torso1.mtx,63,128,4,0.004071474,0.004013300,45437,13273,90874
../data/torso1.mtx,63,128,5,0.004118443,0.004060268,45437,13273,90874
../data/torso1.mtx,63,128,6,0.003406286,0.003348112,45437,13273,90874
../data/torso1.mtx,63,128,7,0.002858162,0.002800226,45437,13273,90874
../data/torso1.mtx,63,128,8,0.003019571,0.002961874,45437,13273,90874
../data/torso1.mtx,63,128,9,0.002894402,0.002836466,45437,13273,90874
../data/torso1.mtx,64,128,0,0.003969431,0.003900051,49654,13273,99308
../data/torso1.mtx,64,128,1,0.003902197,0.003827572,49654,13273,99308
../data/torso1.mtx,64,128,2,0.004061222,0.003976822,49654,13273,99308
../data/torso1.mtx,64,128,3,0.409296751,0.409209013,49654,13273,99308
../data/torso1.mtx,64,128,4,0.004109383,0.004034519,49654,13273,99308
../data/torso1.mtx,64,128,5,0.004149437,0.004080057,49654,13273,99308
../data/torso1.mtx,64,128,6,0.003445148,0.003377914,49654,13273,99308
../data/torso1.mtx,64,128,7,0.002872705,0.002807617,49654,13273,99308
../data/torso1.mtx,64,128,8,0.003014803,0.002950430,49654,13273,99308
../data/torso1.mtx,64,128,9,0.002931833,0.002866983,49654,13273,99308
../data/torso1.mtx,65,128,0,0.004097223,0.003936291,53871,13262,107742
../data/torso1.mtx,65,128,1,0.003954172,0.003874063,53871,13262,107742
../data/torso1.mtx,65,128,2,0.004163980,0.004086971,53871,13262,107742
../data/torso1.mtx,65,128,3,0.409279585,0.409204960,53871,13262,107742
../data/torso1.mtx,65,128,4,0.004227638,0.004155159,53871,13262,107742
../data/torso1.mtx,65,128,5,0.004192829,0.004085541,53871,13262,107742
../data/torso1.mtx,65,128,6,0.003479958,0.003406048,53871,13262,107742
../data/torso1.mtx,65,128,7,0.002912760,0.002837896,53871,13262,107742
../data/torso1.mtx,65,128,8,0.003035069,0.002939224,53871,13262,107742
../data/torso1.mtx,65,128,9,0.002974510,0.002891302,53871,13262,107742
../data/torso1.mtx,66,128,0,0.004133463,0.004010677,60379,13239,120758
../data/torso1.mtx,66,128,1,0.003948927,0.003841400,60379,13239,120758
../data/torso1.mtx,66,128,2,0.004184723,0.004101515,60379,13239,120758
../data/torso1.mtx,66,128,3,0.409289598,0.409198046,60379,13239,120758
../data/torso1.mtx,66,128,4,0.004234076,0.004145622,60379,13239,120758
../data/torso1.mtx,66,128,5,0.004213572,0.004100800,60379,13239,120758
../data/torso1.mtx,66,128,6,0.003445387,0.003361225,60379,13239,120758
../data/torso1.mtx,66,128,7,0.002904892,0.002819777,60379,13239,120758
../data/torso1.mtx,66,128,8,0.003052950,0.002926111,60379,13239,120758
../data/torso1.mtx,66,128,9,0.002965927,0.002880573,60379,13239,120758
../data/torso1.mtx,67,128,0,0.004057646,0.003971815,62305,13255,124610
../data/torso1.mtx,67,128,1,0.003898382,0.003814936,62305,13255,124610
../data/torso1.mtx,67,128,2,0.004153728,0.004072189,62305,13255,124610
../data/torso1.mtx,67,128,3,0.409564734,0.409255981,62305,13255,124610
../data/torso1.mtx,67,128,4,0.004223347,0.004142523,62305,13255,124610
../data/torso1.mtx,67,128,5,0.004152060,0.004071474,62305,13255,124610
../data/torso1.mtx,67,128,6,0.003432274,0.003351927,62305,13255,124610
../data/torso1.mtx,67,128,7,0.002897978,0.002817392,62305,13255,124610
../data/torso1.mtx,67,128,8,0.003005505,0.002924919,62305,13255,124610
../data/torso1.mtx,67,128,9,0.002895355,0.002814770,62305,13255,124610
../data/torso1.mtx,68,128,0,0.004068375,0.003975630,66523,13256,133046
../data/torso1.mtx,68,128,1,0.003902197,0.003811836,66523,13256,133046
../data/torso1.mtx,68,128,2,0.004184246,0.004096508,66523,13256,133046
../data/torso1.mtx,68,128,3,0.409292221,0.409205437,66523,13256,133046
../data/torso1.mtx,68,128,4,0.004225016,0.004138470,66523,13256,133046
../data/torso1.mtx,68,128,5,0.004168749,0.004082441,66523,13256,133046
../data/torso1.mtx,68,128,6,0.003458261,0.003371716,66523,13256,133046
../data/torso1.mtx,68,128,7,0.002909899,0.002823591,66523,13256,133046
../data/torso1.mtx,68,128,8,0.002991199,0.002904654,66523,13256,133046
../data/torso1.mtx,68,128,9,0.002906322,0.002819777,66523,13256,133046
../data/torso1.mtx,69,128,0,0.004144192,0.003991604,73026,13255,146052
../data/torso1.mtx,69,128,1,0.003919125,0.003814459,73026,13255,146052
../data/torso1.mtx,69,128,2,0.004203320,0.004102707,73026,13255,146052
../data/torso1.mtx,69,128,3,0.409829855,0.409447670,73026,13255,146052
../data/torso1.mtx,69,128,4,0.004239559,0.004139423,73026,13255,146052
../data/torso1.mtx,69,128,5,0.004179955,0.004078627,73026,13255,146052
../data/torso1.mtx,69,128,6,0.003462076,0.003359556,73026,13255,146052
../data/torso1.mtx,69,128,7,0.002913952,0.002811193,73026,13255,146052
../data/torso1.mtx,69,128,8,0.003007889,0.002908707,73026,13255,146052
../data/torso1.mtx,69,128,9,0.002852917,0.002753258,73026,13255,146052
../data/torso1.mtx,70,128,0,0.004084587,0.003963709,86792,13245,173584
../data/torso1.mtx,70,128,1,0.003921747,0.003806591,86792,13245,173584
../data/torso1.mtx,70,128,2,0.004210472,0.004095793,86792,13245,173584
../data/torso1.mtx,70,128,3,0.409702301,0.409270287,86792,13245,173584
../data/torso1.mtx,70,128,4,0.004245520,0.004132748,86792,13245,173584
../data/torso1.mtx,70,128,5,0.004183531,0.004070759,86792,13245,173584
../data/torso1.mtx,70,128,6,0.003485441,0.003372669,86792,13245,173584
../data/torso1.mtx,70,128,7,0.002911806,0.002799034,86792,13245,173584
../data/torso1.mtx,70,128,8,0.002993345,0.002880573,86792,13245,173584
../data/torso1.mtx,70,128,9,0.002863646,0.002750874,86792,13245,173584
../data/torso1.mtx,71,128,0,0.004076719,0.003957272,84497,13241,168994
../data/torso1.mtx,71,128,1,0.003903866,0.003789425,84497,13241,168994
../data/torso1.mtx,71,128,2,0.004207373,0.004095316,84497,13241,168994
../data/torso1.mtx,71,128,3,0.409688950,0.409268379,84497,13241,168994
../data/torso1.mtx,71,128,4,0.004231453,0.004121304,84497,13241,168994
../data/torso1.mtx,71,128,5,0.004177332,0.004066944,84497,13241,168994
../data/torso1.mtx,71,128,6,0.003481388,0.003370762,84497,13241,168994
../data/torso1.mtx,71,128,7,0.002911329,0.002801180,84497,13241,168994
../data/torso1.mtx,71,128,8,0.002981663,0.002871513,84497,13241,168994
../data/torso1.mtx,71,128,9,0.002827168,0.002716541,84497,13241,168994
../data/torso1.mtx,72,128,0,0.211878061,0.211777687,82202,13242,164404
../data/torso1.mtx,72,128,1,0.003992796,0.003895998,82202,13242,164404
../data/torso1.mtx,72,128,2,0.214484453,0.214389086,82202,13242,164404
../data/torso1.mtx,72,128,3,0.409313440,0.409218073,82202,13242,164404
../data/torso1.mtx,72,128,4,0.216965199,0.216871023,82202,13242,164404
../data/torso1.mtx,72,128,5,0.004220724,0.004126549,82202,13242,164404
../data/torso1.mtx,72,128,6,0.003511667,0.003417015,82202,13242,164404
../data/torso1.mtx,72,128,7,0.002905607,0.002811193,82202,13242,164404
../data/torso1.mtx,72,128,8,0.002899170,0.002804995,82202,13242,164404
../data/torso1.mtx,72,128,9,0.002841473,0.002742052,82202,13242,164404
../data/torso1.mtx,73,128,0,0.208816290,0.208713531,82202,13250,164404
../data/torso1.mtx,73,128,1,0.004021168,0.003923178,82202,13250,164404
../data/torso1.mtx,73,128,2,0.211433172,0.211336851,82202,13250,164404
../data/torso1.mtx,73,128,3,0.409306526,0.409210920,82202,13250,164404
../data/torso1.mtx,73,128,4,0.206984282,0.206888914,82202,13250,164404
../data/torso1.mtx,73,128,5,0.004223824,0.004128456,82202,13250,164404
../data/torso1.mtx,73,128,6,0.003487349,0.003392458,82202,13250,164404
../data/torso1.mtx,73,128,7,0.002898216,0.002802610,82202,13250,164404
../data/torso1.mtx,73,128,8,0.002888680,0.002793550,82202,13250,164404
../data/torso1.mtx,73,128,9,0.002843857,0.002743244,82202,13250,164404
../data/torso1.mtx,74,128,0,0.211803198,0.211673260,82202,13255,164404
../data/torso1.mtx,74,128,1,0.003972292,0.003861666,82202,13255,164404
../data/torso1.mtx,74,128,2,0.214522600,0.214399338,82202,13255,164404
../data/torso1.mtx,74,128,3,0.409313679,0.409204483,82202,13255,164404
../data/torso1.mtx,74,128,4,0.211029053,0.210920095,82202,13255,164404
../data/torso1.mtx,74,128,5,0.004190922,0.004072666,82202,13255,164404
../data/torso1.mtx,74,128,6,0.003494263,0.003386974,82202,13255,164404
../data/torso1.mtx,74,128,7,0.002913713,0.002804041,82202,13255,164404
../data/torso1.mtx,74,128,8,0.002766371,0.002656698,82202,13255,164404
../data/torso1.mtx,74,128,9,0.002788305,0.002675533,82202,13255,164404
../data/torso1.mtx,75,128,0,0.208767891,0.208666801,82202,13255,164404
../data/torso1.mtx,75,128,1,0.004013062,0.003915071,82202,13255,164404
../data/torso1.mtx,75,128,2,0.207441807,0.207345486,82202,13255,164404
../data/torso1.mtx,75,128,3,0.409286976,0.409191847,82202,13255,164404
../data/torso1.mtx,75,128,4,0.211909771,0.211814880,82202,13255,164404
../data/torso1.mtx,75,128,5,0.004209042,0.004114389,82202,13255,164404
../data/torso1.mtx,75,128,6,0.003465176,0.003370047,82202,13255,164404
../data/torso1.mtx,75,128,7,0.002899885,0.002805471,82202,13255,164404
../data/torso1.mtx,75,128,8,0.002705097,0.002610445,82202,13255,164404
../data/torso1.mtx,75,128,9,0.002747536,0.002652884,82202,13255,164404
../data/torso1.mtx,76,128,0,0.004277229,0.004177094,82202,13255,164404
../data/torso1.mtx,76,128,1,0.003985643,0.003888607,82202,13255,164404
../data/torso1.mtx,76,128,2,0.210426092,0.210330725,82202,13255,164404
../data/torso1.mtx,76,128,3,0.409280062,0.409184694,82202,13255,164404
../data/torso1.mtx,76,128,4,0.209917068,0.209821463,82202,13255,164404
../data/torso1.mtx,76,128,5,0.004196644,0.004101753,82202,13255,164404
../data/torso1.mtx,76,128,6,0.003481627,0.003386497,82202,13255,164404
../data/torso1.mtx,76,128,7,0.002889395,0.002794027,82202,13255,164404
../data/torso1.mtx,76,128,8,0.002687693,0.002592802,82202,13255,164404
../data/torso1.mtx,76,128,9,0.002746820,0.002651930,82202,13255,164404
../data/torso1.mtx,77,128,0,0.203891754,0.203791142,82202,13255,164404
../data/torso1.mtx,77,128,1,0.003970146,0.003872871,82202,13255,164404
../data/torso1.mtx,77,128,2,0.208435059,0.208339691,82202,13255,164404
../data/torso1.mtx,77,128,3,0.409280539,0.409185648,82202,13255,164404
../data/torso1.mtx,77,128,4,0.211979866,0.211885214,82202,13255,164404
../data/torso1.mtx,77,128,5,0.004181147,0.004086018,82202,13255,164404
../data/torso1.mtx,77,128,6,0.003459692,0.003365040,82202,13255,164404
../data/torso1.mtx,77,128,7,0.002860785,0.002765894,82202,13255,164404
../data/torso1.mtx,77,128,8,0.002699614,0.002604961,82202,13255,164404
../data/torso1.mtx,77,128,9,0.002730608,0.002635717,82202,13255,164404
../data/torso1.mtx,78,128,0,0.203842640,0.203732729,82202,13255,164404
../data/torso1.mtx,78,128,1,0.003992558,0.003883362,82202,13255,164404
../data/torso1.mtx,78,128,2,0.207448721,0.207339525,82202,13255,164404
../data/torso1.mtx,78,128,3,0.409267187,0.409158707,82202,13255,164404
../data/torso1.mtx,78,128,4,0.208938360,0.208829641,82202,13255,164404
../data/torso1.mtx,78,128,5,0.004198313,0.004081011,82202,13255,164404
../data/torso1.mtx,78,128,6,0.003459930,0.003352880,82202,13255,164404
../data/torso1.mtx,78,128,7,0.002898216,0.002788305,82202,13255,164404
../data/torso1.mtx,78,128,8,0.002654076,0.002544880,82202,13255,164404
../data/torso1.mtx,78,128,9,0.002744913,0.002637863,82202,13255,164404
../data/torso1.mtx,79,128,0,0.203809500,0.203710794,82202,13255,164404
../data/torso1.mtx,79,128,1,0.003993273,0.003896952,82202,13255,164404
../data/torso1.mtx,79,128,2,0.210400343,0.210304976,82202,13255,164404
../data/torso1.mtx,79,128,3,0.409242868,0.409147739,82202,13255,164404
../data/torso1.mtx,79,128,4,0.211908817,0.211814165,82202,13255,164404
../data/torso1.mtx,79,128,5,0.004194736,0.004099846,82202,13255,164404
../data/torso1.mtx,79,128,6,0.003434896,0.003340244,82202,13255,164404
../data/torso1.mtx,79,128,7,0.002857924,0.002763510,82202,13255,164404
../data/torso1.mtx,79,128,8,0.002563238,0.002468586,82202,13255,164404
../data/torso1.mtx,79,128,9,0.002731085,0.002636194,82202,13255,164404
../data/torso1.mtx,80,128,0,0.203819275,0.203720331,82202,13255,164404
../data/torso1.mtx,80,128,1,0.003955126,0.003858328,82202,13255,164404
../data/torso1.mtx,80,128,2,0.208435774,0.208340406,82202,13255,164404
../data/torso1.mtx,80,128,3,0.409254074,0.409159422,82202,13255,164404
../data/torso1.mtx,80,128,4,0.210913181,0.210818768,82202,13255,164404
../data/torso1.mtx,80,128,5,0.004176855,0.004082680,82202,13255,164404
../data/torso1.mtx,80,128,6,0.003444433,0.003349781,82202,13255,164404
../data/torso1.mtx,80,128,7,0.002881289,0.002786875,82202,13255,164404
../data/torso1.mtx,80,128,8,0.002560616,0.002466202,82202,13255,164404
../data/torso1.mtx,80,128,9,0.002717018,0.002622366,82202,13255,164404
../data/torso1.mtx,81,128,0,0.203814030,0.203715801,82202,13255,164404
../data/torso1.mtx,81,128,1,0.003976345,0.003880501,82202,13255,164404
../data/torso1.mtx,81,128,2,0.210426569,0.210330725,82202,13255,164404
../data/torso1.mtx,81,128,3,0.409255981,0.409160852,82202,13255,164404
../data/torso1.mtx,81,128,4,0.212917566,0.212823153,82202,13255,164404
../data/torso1.mtx,81,128,5,0.004126072,0.004031658,82202,13255,164404
../data/torso1.mtx,81,128,6,0.003444195,0.003349781,82202,13255,164404
../data/torso1.mtx,81,128,7,0.002859831,0.002764940,82202,13255,164404
../data/torso1.mtx,81,128,8,0.002456188,0.002361536,82202,13255,164404
../data/torso1.mtx,81,128,9,0.002699137,0.002604723,82202,13255,164404
../data/torso1.mtx,82,128,0,0.203809023,0.203711271,82202,13255,164404
../data/torso1.mtx,82,128,1,0.004004002,0.003907681,82202,13255,164404
../data/torso1.mtx,82,128,2,0.207438231,0.207343340,82202,13255,164404
../data/torso1.mtx,82,128,3,0.409258842,0.409164429,82202,13255,164404
../data/torso1.mtx,82,128,4,0.207917929,0.207823753,82202,13255,164404
../data/torso1.mtx,82,128,5,0.004165888,0.004071474,82202,13255,164404
../data/torso1.mtx,82,128,6,0.003432035,0.003337145,82202,13255,164404
../data/torso1.mtx,82,128,7,0.002862215,0.002767563,82202,13255,164404
../data/torso1.mtx,82,128,8,0.002399683,0.002305269,82202,13255,164404
../data/torso1.mtx,82,128,9,0.002676725,0.002582550,82202,13255,164404
../data/torso1.mtx,83,128,0,0.203859091,0.203761339,82202,13255,164404
../data/torso1.mtx,83,128,1,0.003929138,0.003832817,82202,13255,164404
../data/torso1.mtx,83,128,2,0.209403992,0.209309816,82202,13255,164404
../data/torso1.mtx,83,128,3,0.409236670,0.409142256,82202,13255,164404
../data/torso1.mtx,83,128,4,0.210901499,0.210807085,82202,13255,164404
../data/torso1.mtx,83,128,5,0.004142046,0.004047632,82202,13255,164404
../data/torso1.mtx,83,128,6,0.003411293,0.003316641,82202,13255,164404
../data/torso1.mtx,83,128,7,0.002867460,0.002773046,82202,13255,164404
../data/torso1.mtx,83,128,8,0.002389669,0.002295256,82202,13255,164404
../data/torso1.mtx,83,128,9,0.002602577,0.002508163,82202,13255,164404
../data/torso1.mtx,84,128,0,0.203774691,0.203673363,82202,13255,164404
../data/torso1.mtx,84,128,1,0.003937244,0.003839016,82202,13255,164404
../data/torso1.mtx,84,128,2,0.209425211,0.209329605,82202,13255,164404
../data/torso1.mtx,84,128,3,0.409228325,0.409132957,82202,13255,164404
../data/torso1.mtx,84,128,4,0.212960958,0.212865829,82202,13255,164404
../data/torso1.mtx,84,128,5,0.004120350,0.004025936,82202,13255,164404
../data/torso1.mtx,84,128,6,0.003420591,0.003326178,82202,13255,164404
../data/torso1.mtx,84,128,7,0.002845287,0.002750397,82202,13255,164404
../data/torso1.mtx,84,128,8,0.002428293,0.002333641,82202,13255,164404
../data/torso1.mtx,84,128,9,0.002547503,0.002452612,82202,13255,164404
../data/torso1.mtx,85,128,0,0.203839540,0.203722715,82202,13255,164404
../data/torso1.mtx,85,128,1,0.003983498,0.003873587,82202,13255,164404
../data/torso1.mtx,85,128,2,0.210408211,0.210298538,82202,13255,164404
../data/torso1.mtx,85,128,3,0.409243107,0.409132957,82202,13255,164404
../data/torso1.mtx,85,128,4,0.212927580,0.212816238,82202,13255,164404
../data/torso1.mtx,85,128,5,0.004176855,0.004058838,82202,13255,164404
../data/torso1.mtx,85,128,6,0.003432035,0.003324509,82202,13255,164404
../data/torso1.mtx,85,128,7,0.002890825,0.002779961,82202,13255,164404
../data/torso1.mtx,85,128,8,0.002436399,0.002326965,82202,13255,164404
../data/torso1.mtx,85,128,9,0.002507210,0.002399206,82202,13255,164404
../data/torso1.mtx,86,128,0,0.203881025,0.203769445,82202,13255,164404
../data/torso1.mtx,86,128,1,0.003929615,0.003819704,82202,13255,164404
../data/torso1.mtx,86,128,2,0.207417488,0.207309961,82202,13255,164404
../data/torso1.mtx,86,128,3,0.409220934,0.409111977,82202,13255,164404
../data/torso1.mtx,86,128,4,0.207918167,0.207810640,82202,13255,164404
../data/torso1.mtx,86,128,5,0.004175901,0.004056931,82202,13255,164404
../data/torso1.mtx,86,128,6,0.003436089,0.003328085,82202,13255,164404
../data/torso1.mtx,86,128,7,0.002852678,0.002743006,82202,13255,164404
../data/torso1.mtx,86,128,8,0.002378941,0.002268553,82202,13255,164404
../data/torso1.mtx,86,128,9,0.002507925,0.002400398,82202,13255,164404
../data/torso1.mtx,87,128,0,0.207843304,0.207746267,82202,13255,164404
../data/torso1.mtx,87,128,1,0.003931046,0.003834486,82202,13255,164404
../data/torso1.mtx,87,128,2,0.211390257,0.211295128,82202,13255,164404
../data/torso1.mtx,87,128,3,0.409201860,0.409107208,82202,13255,164404
../data/torso1.mtx,87,128,4,0.207916260,0.207821608,82202,13255,164404
../data/torso1.mtx,87,128,5,0.004123926,0.004028797,82202,13255,164404
../data/torso1.mtx,87,128,6,0.003402472,0.003308058,82202,13255,164404
../data/torso1.mtx,87,128,7,0.002832651,0.002737999,82202,13255,164404
../data/torso1.mtx,87,128,8,0.002372265,0.002277851,82202,13255,164404
../data/torso1.mtx,87,128,9,0.002503633,0.002408981,82202,13255,164404
../data/torso1.mtx,88,128,0,0.203839779,0.203742266,82202,13255,164404
../data/torso1.mtx,88,128,1,0.003957272,0.003861666,82202,13255,164404
../data/torso1.mtx,88,128,2,0.209433317,0.209337950,82202,13255,164404
../data/torso1.mtx,88,128,3,0.409202099,0.409106970,82202,13255,164404
../data/torso1.mtx,88,128,4,0.206971884,0.206877232,82202,13255,164404
../data/torso1.mtx,88,128,5,0.004155397,0.004060745,82202,13255,164404
../data/torso1.mtx,88,128,6,0.003404140,0.003309250,82202,13255,164404
../data/torso1.mtx,88,128,7,0.002840042,0.002745390,82202,13255,164404
../data/torso1.mtx,88,128,8,0.002418280,0.002323389,82202,13255,164404
../data/torso1.mtx,88,128,9,0.002545834,0.002450943,82202,13255,164404
../data/torso1.mtx,89,128,0,0.203827620,0.203729391,82202,13255,164404
../data/torso1.mtx,89,128,1,0.003885508,0.003787994,82202,13255,164404
../data/torso1.mtx,89,128,2,0.207473516,0.207378864,82202,13255,164404
../data/torso1.mtx,89,128,3,0.409212589,0.409117699,82202,13255,164404
../data/torso1.mtx,89,128,4,0.004152775,0.004053593,82202,13255,164404
../data/torso1.mtx,89,128,5,0.004121542,0.004027128,82202,13255,164404
../data/torso1.mtx,89,128,6,0.003393412,0.003298998,82202,13255,164404
../data/torso1.mtx,89,128,7,0.002822876,0.002727985,82202,13255,164404
../data/torso1.mtx,89,128,8,0.002491951,0.002397060,82202,13255,164404
../data/torso1.mtx,89,128,9,0.002526999,0.002432108,82202,13255,164404
../data/torso1.mtx,90,128,0,0.203841925,0.203743696,82202,13255,164404
../data/torso1.mtx,90,128,1,0.003916502,0.003821611,82202,13255,164404
../data/torso1.mtx,90,128,2,0.209415913,0.209321737,82202,13255,164404
../data/torso1.mtx,90,128,3,0.409179688,0.409085274,82202,13255,164404
../data/torso1.mtx,90,128,4,0.004150867,0.004052401,82202,13255,164404
../data/torso1.mtx,90,128,5,0.004124403,0.004029512,82202,13255,164404
../data/torso1.mtx,90,128,6,0.003404140,0.003309727,82202,13255,164404
../data/torso1.mtx,90,128,7,0.002778292,0.002684116,82202,13255,164404
../data/torso1.mtx,90,128,8,0.002454758,0.002360582,82202,13255,164404
../data/torso1.mtx,90,128,9,0.002513885,0.002418756,82202,13255,164404
../data/torso1.mtx,91,128,0,0.203821659,0.203722954,82202,13255,164404
../data/torso1.mtx,91,128,1,0.003881931,0.003786087,82202,13255,164404
../data/torso1.mtx,91,128,2,0.207449198,0.207355022,82202,13255,164404
../data/torso1.mtx,91,128,3,0.409183741,0.409089088,82202,13255,164404
../data/torso1.mtx,91,128,4,0.206930161,0.206835508,82202,13255,164404
../data/torso1.mtx,91,128,5,0.004057169,0.003956795,82202,13255,164404
../data/torso1.mtx,91,128,6,0.003374577,0.003279686,82202,13255,164404
../data/torso1.mtx,91,128,7,0.002773285,0.002678394,82202,13255,164404
../data/torso1.mtx,91,128,8,0.002450466,0.002356052,82202,13255,164404
../data/torso1.mtx,91,128,9,0.002499580,0.002404690,82202,13255,164404
../data/torso1.mtx,92,128,0,0.203844547,0.203734875,82202,13255,164404
../data/torso1.mtx,92,128,1,0.003929615,0.003819942,82202,13255,164404
../data/torso1.mtx,92,128,2,0.209731340,0.209335327,82202,13255,164404
../data/torso1.mtx,92,128,3,0.409194946,0.409086227,82202,13255,164404
../data/torso1.mtx,92,128,4,0.004137754,0.004026651,82202,13255,164404
../data/torso1.mtx,92,128,5,0.004058123,0.003941059,82202,13255,164404
../data/torso1.mtx,92,128,6,0.003377676,0.003272057,82202,13255,164404
../data/torso1.mtx,92,128,7,0.002779961,0.002669811,82202,13255,164404
../data/torso1.mtx,92,128,8,0.002464294,0.002354145,82202,13255,164404
../data/torso1.mtx,92,128,9,0.002486229,0.002378225,82202,13255,164404
../data/torso1.mtx,93,128,0,0.004244089,0.004122734,82202,13255,164404
../data/torso1.mtx,93,128,1,0.003906488,0.003798008,82202,13255,164404
../data/torso1.mtx,93,128,2,0.207466841,0.207356930,82202,13255,164404
../data/torso1.mtx,93,128,3,0.409180641,0.409071207,82202,13255,164404
../data/torso1.mtx,93,128,4,0.004138231,0.004025936,82202,13255,164404
../data/torso1.mtx,93,128,5,0.004097462,0.003975868,82202,13255,164404
../data/torso1.mtx,93,128,6,0.003381968,0.003274918,82202,13255,164404
../data/torso1.mtx,93,128,7,0.002742529,0.002632141,82202,13255,164404
../data/torso1.mtx,93,128,8,0.002447367,0.002336740,82202,13255,164404
../data/torso1.mtx,93,128,9,0.002476215,0.002369642,82202,13255,164404
../data/torso1.mtx,94,128,0,0.004201174,0.004076958,82202,13255,164404
../data/torso1.mtx,94,128,1,0.003880024,0.003770828,82202,13255,164404
../data/torso1.mtx,94,128,2,0.210417986,0.210308313,82202,13255,164404
../data/torso1.mtx,94,128,3,0.409172058,0.409062862,82202,13255,164404
../data/torso1.mtx,94,128,4,0.004125118,0.004012823,82202,13255,164404
../data/torso1.mtx,94,128,5,0.004119396,0.003997564,82202,13255,164404
../data/torso1.mtx,94,128,6,0.003399372,0.003292561,82202,13255,164404
../data/torso1.mtx,94,128,7,0.002752781,0.002642393,82202,13255,164404
../data/torso1.mtx,94,128,8,0.002479315,0.002369642,82202,13255,164404
../data/torso1.mtx,94,128,9,0.002477169,0.002370358,82202,13255,164404
../data/torso1.mtx,95,128,0,0.004223108,0.004100800,82202,13249,164404
../data/torso1.mtx,95,128,1,0.003842115,0.003731966,82202,13249,164404
../data/torso1.mtx,95,128,2,0.207443714,0.207334280,82202,13249,164404
../data/torso1.mtx,95,128,3,0.409197807,0.409089804,82202,13249,164404
../data/torso1.mtx,95,128,4,0.004125118,0.004012346,82202,13249,164404
../data/torso1.mtx,95,128,5,0.003839493,0.003729582,82202,13249,164404
../data/torso1.mtx,95,128,6,0.003375769,0.003269196,82202,13249,164404
../data/torso1.mtx,95,128,7,0.002745628,0.002635717,82202,13249,164404
../data/torso1.mtx,95,128,8,0.002444267,0.002334833,82202,13249,164404
../data/torso1.mtx,95,128,9,0.002483130,0.002375841,82202,13249,164404
../data/torso1.mtx,96,128,0,0.003879786,0.003777504,82202,13254,164404
../data/torso1.mtx,96,128,1,0.209078074,0.208985090,82202,13254,164404
../data/torso1.mtx,96,128,2,0.004012108,0.003917217,82202,13254,164404
../data/torso1.mtx,96,128,3,0.409139395,0.409045935,82202,13254,164404
../data/torso1.mtx,96,128,4,0.004139900,0.004047632,82202,13254,164404
../data/torso1.mtx,96,128,5,0.004017353,0.003925323,82202,13254,164404
../data/torso1.mtx,96,128,6,0.003294945,0.003203869,82202,13254,164404
../data/torso1.mtx,96,128,7,0.002730370,0.002640486,82202,13254,164404
../data/torso1.mtx,96,128,8,0.002604485,0.002513647,82202,13254,164404
../data/torso1.mtx,96,128,9,0.002640963,0.002549648,82202,13254,164404
../data/torso1.mtx,97,128,0,0.003881931,0.003789425,82202,13246,164404
../data/torso1.mtx,97,128,1,0.209102631,0.209011793,82202,13246,164404
../data/torso1.mtx,97,128,2,0.003998995,0.003911018,82202,13246,164404
../data/torso1.mtx,97,128,3,0.409118652,0.409031391,82202,13246,164404
../data/torso1.mtx,97,128,4,0.004134417,0.004047632,82202,13246,164404
../data/torso1.mtx,97,128,5,0.003962755,0.003876209,82202,13246,164404
../data/torso1.mtx,97,128,6,0.003288269,0.003200769,82202,13246,164404
../data/torso1.mtx,97,128,7,0.002718449,0.002631664,82202,13246,164404
../data/torso1.mtx,97,128,8,0.002538204,0.002446890,82202,13246,164404
../data/torso1.mtx,97,128,9,0.002593040,0.002506256,82202,13246,164404
../data/torso1.mtx,98,128,0,0.003852129,0.003759146,82202,13225,164404
../data/torso1.mtx,98,128,1,0.209109783,0.209019899,82202,13225,164404
../data/torso1.mtx,98,128,2,0.003800154,0.003711224,82202,13225,164404
../data/torso1.mtx,98,128,3,0.409098625,0.409010887,82202,13225,164404
../data/torso1.mtx,98,128,4,0.003995180,0.003907919,82202,13225,164404
../data/torso1.mtx,98,128,5,0.003971100,0.003884077,82202,13225,164404
../data/torso1.mtx,98,128,6,0.003182173,0.003092766,82202,13225,164404
../data/torso1.mtx,98,128,7,0.002724171,0.002637148,82202,13225,164404
../data/torso1.mtx,98,128,8,0.002518654,0.002426863,82202,13225,164404
../data/torso1.mtx,98,128,9,0.002592325,0.002505302,82202,13225,164404
../data/torso1.mtx,99,128,0,0.003701687,0.003608227,82202,13241,164404
../data/torso1.mtx,99,128,1,0.209088802,0.208996058,82202,13241,164404
../data/torso1.mtx,99,128,2,0.003798723,0.003710985,82202,13241,164404
../data/torso1.mtx,99,128,3,0.409085035,0.408997774,82202,13241,164404
../data/torso1.mtx,99,128,4,0.003983498,0.003895998,82202,13241,164404
../data/torso1.mtx,99,128,5,0.003968477,0.003880978,82202,13241,164404
../data/torso1.mtx,99,128,6,0.003073692,0.002986670,82202,13241,164404
../data/torso1.mtx,99,128,7,0.002706766,0.002619028,82202,13241,164404
../data/torso1.mtx,99,128,8,0.002554417,0.002466917,82202,13241,164404
../data/torso1.mtx,99,128,9,0.002608061,0.002521038,82202,13241,164404
../data/torso1.mtx,100,128,0,0.003700495,0.003605843,82202,13251,164404
../data/torso1.mtx,100,128,1,0.213075161,0.212984324,82202,13251,164404
../data/torso1.mtx,100,128,2,0.003803492,0.003715038,82202,13251,164404
../data/torso1.mtx,100,128,3,0.409048080,0.408960819,82202,13251,164404
../data/torso1.mtx,100,128,4,0.003988743,0.003900766,82202,13251,164404
../data/torso1.mtx,100,128,5,0.003951073,0.003863811,82202,13251,164404
../data/torso1.mtx,100,128,6,0.003067493,0.002980232,82202,13251,164404
../data/torso1.mtx,100,128,7,0.002684116,0.002596617,82202,13251,164404
../data/torso1.mtx,100,128,8,0.002561092,0.002474070,82202,13251,164404
../data/torso1.mtx,100,128,9,0.002544165,0.002456665,82202,13251,164404
../data/torso1.mtx,101,128,0,0.003725052,0.003633261,82202,13249,164404
../data/torso1.mtx,101,128,1,0.209105015,0.209015369,82202,13249,164404
../data/torso1.mtx,101,128,2,0.003806114,0.003718376,82202,13249,164404
../data/torso1.mtx,101,128,3,0.003349781,0.003262758,82202,13249,164404
../data/torso1.mtx,101,128,4,0.003987789,0.003900766,82202,13249,164404
../data/torso1.mtx,101,128,5,0.003953218,0.003865242,82202,13249,164404
../data/torso1.mtx,101,128,6,0.003031254,0.002944231,82202,13249,164404
../data/torso1.mtx,101,128,7,0.002682209,0.002595186,82202,13249,164404
../data/torso1.mtx,101,128,8,0.002505302,0.002413034,82202,13249,164404
../data/torso1.mtx,101,128,9,0.002555132,0.002468109,82202,13249,164404
../data/torso1.mtx,102,128,0,0.003695965,0.003602743,82202,13249,164404
../data/torso1.mtx,102,128,1,0.206849575,0.206759930,82202,13249,164404
../data/torso1.mtx,102,128,2,0.003795862,0.003707647,82202,13249,164404
../data/torso1.mtx,102,128,3,0.003341198,0.003254175,82202,13249,164404
../data/torso1.mtx,102,128,4,0.003984451,0.003897190,82202,13249,164404
../data/torso1.mtx,102,128,5,0.003983021,0.003895044,82202,13249,164404
../data/torso1.mtx,102,128,6,0.003026485,0.002939224,82202,13249,164404
../data/torso1.mtx,102,128,7,0.002677679,0.002590418,82202,13249,164404
../data/torso1.mtx,102,128,8,0.002582073,0.002493858,82202,13249,164404
../data/torso1.mtx,102,128,9,0.002554178,0.002466440,82202,13249,164404
../data/torso1.mtx,103,128,0,0.003701448,0.003609180,82202,13253,164404
../data/torso1.mtx,103,128,1,0.209085703,0.208996058,82202,13253,164404
../data/torso1.mtx,103,128,2,0.003795862,0.003707886,82202,13253,164404
../data/torso1.mtx,103,128,3,0.003352165,0.003264666,82202,13253,164404
../data/torso1.mtx,103,128,4,0.003973961,0.003886461,82202,13253,164404
../data/torso1.mtx,103,128,5,0.003959894,0.003872156,82202,13253,164404
../data/torso1.mtx,103,128,6,0.003024817,0.002937555,82202,13253,164404
../data/torso1.mtx,103,128,7,0.002649546,0.002561808,82202,13253,164404
../data/torso1.mtx,103,128,8,0.002568960,0.002481699,82202,13253,164404
../data/torso1.mtx,103,128,9,0.002570868,0.002483606,82202,13253,164404
../data/torso1.mtx,104,128,0,0.003658295,0.003565788,82202,13255,164404
../data/torso1.mtx,104,128,1,0.206852913,0.206763506,82202,13255,164404
../data/torso1.mtx,104,128,2,0.003799915,0.003710747,82202,13255,164404
../data/torso1.mtx,104,128,3,0.003357172,0.003269672,82202,13255,164404
../data/torso1.mtx,104,128,4,0.003984928,0.003896952,82202,13255,164404
../data/torso1.mtx,104,128,5,0.003979206,0.003891468,82202,13255,164404
../data/torso1.mtx,104,128,6,0.003024578,0.002936840,82202,13255,164404
../data/torso1.mtx,104,128,7,0.002644539,0.002557039,82202,13255,164404
../data/torso1.mtx,104,128,8,0.002551079,0.002458334,82202,13255,164404
../data/torso1.mtx,104,128,9,0.002579689,0.002491474,82202,13255,164404
../data/torso1.mtx,105,128,0,0.003639936,0.003546238,82202,13255,164404
../data/torso1.mtx,105,128,1,0.206850290,0.206759691,82202,13255,164404
../data/torso1.mtx,105,128,2,0.003792048,0.003703594,82202,13255,164404
../data/torso1.mtx,105,128,3,0.003324032,0.003235102,82202,13255,164404
../data/torso1.mtx,105,128,4,0.003975630,0.003887892,82202,13255,164404
../data/torso1.mtx,105,128,5,0.003909111,0.003821373,82202,13255,164404
../data/torso1.mtx,105,128,6,0.003001451,0.002914190,82202,13255,164404
../data/torso1.mtx,105,128,7,0.002642155,0.002553701,82202,13255,164404
../data/torso1.mtx,105,128,8,0.002539635,0.002446413,82202,13255,164404
../data/torso1.mtx,105,128,9,0.002626181,0.002538681,82202,13255,164404
../data/torso1.mtx,106,128,0,0.003635168,0.003539085,82202,13255,164404
../data/torso1.mtx,106,128,1,0.206837416,0.206747055,82202,13255,164404
../data/torso1.mtx,106,128,2,0.003794193,0.003705502,82202,13255,164404
../data/torso1.mtx,106,128,3,0.003276110,0.003188133,82202,13255,164404
../data/torso1.mtx,106,128,4,0.003978014,0.003890038,82202,13255,164404
../data/torso1.mtx,106,128,5,0.003931284,0.003843546,82202,13255,164404
../data/torso1.mtx,106,128,6,0.002995729,0.002908230,82202,13255,164404
../data/torso1.mtx,106,128,7,0.002614975,0.002527237,82202,13255,164404
../data/torso1.mtx,106,128,8,0.002507448,0.002414703,82202,13255,164404
../data/torso1.mtx,106,128,9,0.002525330,0.002437592,82202,13255,164404
../data/torso1.mtx,107,128,0,0.003546953,0.003448248,82202,13255,164404
../data/torso1.mtx,107,128,1,0.206845284,0.206754208,82202,13255,164404
../data/torso1.mtx,107,128,2,0.003789902,0.003702402,82202,13255,164404
../data/torso1.mtx,107,128,3,0.003262043,0.003174067,82202,13255,164404
../data/torso1.mtx,107,128,4,0.003968716,0.003881454,82202,13255,164404
../data/torso1.mtx,107,128,5,0.003883839,0.003796816,82202,13255,164404
../data/torso1.mtx,107,128,6,0.003041983,0.002954006,82202,13255,164404
../data/torso1.mtx,107,128,7,0.002608061,0.002520561,82202,13255,164404
../data/torso1.mtx,107,128,8,0.002503157,0.002410650,82202,13255,164404
../data/torso1.mtx,107,128,9,0.002532005,0.002444267,82202,13255,164404
../data/torso1.mtx,108,128,0,0.003547668,0.003449202,82202,13255,164404
../data/torso1.mtx,108,128,1,0.206847668,0.206758738,82202,13255,164404
../data/torso1.mtx,108,128,2,0.003797293,0.003708839,82202,13255,164404
../data/torso1.mtx,108,128,3,0.003255129,0.003167629,82202,13255,164404
../data/torso1.mtx,108,128,4,0.003977299,0.003889561,82202,13255,164404
../data/torso1.mtx,108,128,5,0.003891945,0.003804445,82202,13255,164404
../data/torso1.mtx,108,128,6,0.003039122,0.002952337,82202,13255,164404
../data/torso1.mtx,108,128,7,0.002620697,0.002533197,82202,13255,164404
../data/torso1.mtx,108,128,8,0.002528667,0.002436399,82202,13255,164404
../data/torso1.mtx,108,128,9,0.002518892,0.002431870,82202,13255,164404
../data/torso1.mtx,109,128,0,0.003519297,0.003423214,82202,13255,164404
../data/torso1.mtx,109,128,1,0.206837177,0.206748009,82202,13255,164404
../data/torso1.mtx,109,128,2,0.003787994,0.003700018,82202,13255,164404
../data/torso1.mtx,109,128,3,0.003306866,0.003219604,82202,13255,164404
../data/torso1.mtx,109,128,4,0.003968954,0.003881216,82202,13255,164404
../data/torso1.mtx,109,128,5,0.003867388,0.003780127,82202,13255,164404
../data/torso1.mtx,109,128,6,0.003004789,0.002917290,82202,13255,164404
../data/torso1.mtx,109,128,7,0.002599478,0.002509594,82202,13255,164404
../data/torso1.mtx,109,128,8,0.002480268,0.002387524,82202,13255,164404
../data/torso1.mtx,109,128,9,0.002466679,0.002379417,82202,13255,164404
../data/torso1.mtx,110,128,0,0.003514051,0.003417730,82202,13255,164404
../data/torso1.mtx,110,128,1,0.206831694,0.206742764,82202,13255,164404
../data/torso1.mtx,110,128,2,0.003787994,0.003700495,82202,13255,164404
../data/torso1.mtx,110,128,3,0.003244400,0.003156662,82202,13255,164404
../data/torso1.mtx,110,128,4,0.003976345,0.003889322,82202,13255,164404
../data/torso1.mtx,110,128,5,0.003802776,0.003715754,82202,13255,164404
../data/torso1.mtx,110,128,6,0.003033400,0.002946138,82202,13255,164404
../data/torso1.mtx,110,128,7,0.002587080,0.002497196,82202,13255,164404
../data/torso1.mtx,110,128,8,0.002508402,0.002415895,82202,13255,164404
../data/torso1.mtx,110,128,9,0.002460957,0.002373695,82202,13255,164404
../data/torso1.mtx,111,128,0,0.003751755,0.003612041,82202,13255,164404
../data/torso1.mtx,111,128,1,0.207163811,0.206822157,82202,13255,164404
../data/torso1.mtx,111,128,2,0.003812551,0.003705502,82202,13255,164404
../data/torso1.mtx,111,128,3,0.003480434,0.003380775,82202,13255,164404
../data/torso1.mtx,111,128,4,0.004029036,0.003920078,82202,13255,164404
../data/torso1.mtx,111,128,5,0.004001379,0.003908396,82202,13255,164404
../data/torso1.mtx,111,128,6,0.003209829,0.003104210,82202,13255,164404
../data/torso1.mtx,111,128,7,0.002711773,0.002618790,82202,13255,164404
../data/torso1.mtx,111,128,8,0.002904654,0.002812862,82202,13255,164404
../data/torso1.mtx,111,128,9,0.002884865,0.002789259,82202,13255,164404
../data/torso1.mtx,112,128,0,0.003859043,0.003702641,82202,13255,164404
../data/torso1.mtx,112,128,1,0.207099199,0.206762075,82202,13255,164404
../data/torso1.mtx,112,128,2,0.003841400,0.003733397,82202,13255,164404
../data/torso1.mtx,112,128,3,0.003501177,0.003396511,82202,13255,164404
../data/torso1.mtx,112,128,4,0.004122019,0.003990173,82202,13255,164404
../data/torso1.mtx,112,128,5,0.004050732,0.003957510,82202,13255,164404
../data/torso1.mtx,112,128,6,0.003195047,0.003100634,82202,13255,164404
../data/torso1.mtx,112,128,7,0.002675533,0.002583504,82202,13255,164404
../data/torso1.mtx,112,128,8,0.002921343,0.002828360,82202,13255,164404
../data/torso1.mtx,112,128,9,0.002932072,0.002841234,82202,13255,164404
../data/torso1.mtx,113,128,0,0.003756523,0.003665924,82202,13255,164404
../data/torso1.mtx,113,128,1,0.206772089,0.206683397,82202,13255,164404
../data/torso1.mtx,113,128,2,0.003791094,0.003703833,82202,13255,164404
../data/torso1.mtx,113,128,3,0.003472805,0.003381491,82202,13255,164404
../data/torso1.mtx,113,128,4,0.003999710,0.003912687,82202,13255,164404
../data/torso1.mtx,113,128,5,0.003759384,0.003672600,82202,13255,164404
../data/torso1.mtx,113,128,6,0.003138304,0.003045797,82202,13255,164404
../data/torso1.mtx,113,128,7,0.002618074,0.002531052,82202,13255,164404
../data/torso1.mtx,113,128,8,0.002917290,0.002829790,82202,13255,164404
../data/torso1.mtx,113,128,9,0.002915621,0.002828360,82202,13255,164404
../data/torso1.mtx,114,128,0,0.003757954,0.003632069,82202,13255,164404
../data/torso1.mtx,114,128,1,0.206764698,0.206669569,82202,13255,164404
../data/torso1.mtx,114,128,2,0.003843069,0.003727198,82202,13255,164404
../data/torso1.mtx,114,128,3,0.003466368,0.003356457,82202,13255,164404
../data/torso1.mtx,114,128,4,0.004047155,0.003928900,82202,13255,164404
../data/torso1.mtx,114,128,5,0.003949404,0.003852844,82202,13255,164404
../data/torso1.mtx,114,128,6,0.003198385,0.003099442,82202,13255,164404
../data/torso1.mtx,114,128,7,0.002665758,0.002544880,82202,13255,164404
../data/torso1.mtx,114,128,8,0.002915382,0.002823353,82202,13255,164404
../data/torso1.mtx,114,128,9,0.002929449,0.002835274,82202,13255,164404
../data/torso1.mtx,115,128,0,0.003776789,0.003674984,82202,13255,164404
../data/torso1.mtx,115,128,1,0.206754684,0.206660748,82202,13255,164404
../data/torso1.mtx,115,128,2,0.003795147,0.003700495,82202,13255,164404
../data/torso1.mtx,115,128,3,0.003476620,0.003376961,82202,13255,164404
../data/torso1.mtx,115,128,4,0.003997087,0.003905058,82202,13255,164404
../data/torso1.mtx,115,128,5,0.003711700,0.003620148,82202,13255,164404
../data/torso1.mtx,115,128,6,0.003172636,0.003081083,82202,13255,164404
../data/torso1.mtx,115,128,7,0.002618074,0.002526283,82202,13255,164404
../data/torso1.mtx,115,128,8,0.002902985,0.002810001,82202,13255,164404
../data/torso1.mtx,115,128,9,0.002925158,0.002834082,82202,13255,164404
../data/torso1.mtx,116,128,0,0.003819466,0.003659725,82202,13255,164404
../data/torso1.mtx,116,128,1,0.207123756,0.206786394,82202,13255,164404
../data/torso1.mtx,116,128,2,0.003842115,0.003719807,82202,13255,164404
../data/torso1.mtx,116,128,3,0.003518581,0.003418684,82202,13255,164404
../data/torso1.mtx,116,128,4,0.004044056,0.003921986,82202,13255,164404
../data/torso1.mtx,116,128,5,0.003981352,0.003885269,82202,13255,164404
../data/torso1.mtx,116,128,6,0.003231764,0.003140450,82202,13255,164404
../data/torso1.mtx,116,128,7,0.002675056,0.002583027,82202,13255,164404
../data/torso1.mtx,116,128,8,0.002922297,0.002830029,82202,13255,164404
../data/torso1.mtx,116,128,9,0.002914190,0.002820730,82202,13255,164404
../data/torso1.mtx,117,128,0,0.003819704,0.003685474,82202,13255,164404
../data/torso1.mtx,117,128,1,0.207092524,0.206755161,82202,13255,164404
../data/torso1.mtx,117,128,2,0.003842354,0.003725767,82202,13255,164404
../data/torso1.mtx,117,128,3,0.003462315,0.003360987,82202,13255,164404
../data/torso1.mtx,117,128,4,0.004041195,0.003926277,82202,13255,164404
../data/torso1.mtx,117,128,5,0.004001617,0.003907919,82202,13255,164404
../data/torso1.mtx,117,128,6,0.003219128,0.003127098,82202,13255,164404
../data/torso1.mtx,117,128,7,0.002716303,0.002623558,82202,13255,164404
../data/torso1.mtx,117,128,8,0.002921581,0.002830744,82202,13255,164404
../data/torso1.mtx,117,128,9,0.002913237,0.002813101,82202,13255,164404
../data/torso1.mtx,118,128,0,0.003771305,0.003672600,82202,13255,164404
../data/torso1.mtx,118,128,1,0.206768274,0.206674814,82202,13255,164404
../data/torso1.mtx,118,128,2,0.003784895,0.003691912,82202,13255,164404
../data/torso1.mtx,118,128,3,0.003472328,0.003375053,82202,13255,164404
../data/torso1.mtx,118,128,4,0.004001617,0.003909349,82202,13255,164404
../data/torso1.mtx,118,128,5,0.003706932,0.003613472,82202,13255,164404
../data/torso1.mtx,118,128,6,0.003205538,0.003113508,82202,13255,164404
../data/torso1.mtx,118,128,7,0.002614975,0.002523661,82202,13255,164404
../data/torso1.mtx,118,128,8,0.002911806,0.002821684,82202,13255,164404
../data/torso1.mtx,118,128,9,0.002912760,0.002821207,82202,13255,164404
../data/torso1.mtx,119,128,0,0.003752708,0.003662825,82202,13255,164404
../data/torso1.mtx,119,128,1,0.206750154,0.206661940,82202,13255,164404
../data/torso1.mtx,119,128,2,0.003772974,0.003685713,82202,13255,164404
../data/torso1.mtx,119,128,3,0.003454924,0.003363848,82202,13255,164404
../data/torso1.mtx,119,128,4,0.003988743,0.003901482,82202,13255,164404
../data/torso1.mtx,119,128,5,0.003664255,0.003576279,82202,13255,164404
../data/torso1.mtx,119,128,6,0.003183842,0.003096342,82202,13255,164404
../data/torso1.mtx,119,128,7,0.002609253,0.002521753,82202,13255,164404
../data/torso1.mtx,119,128,8,0.002913475,0.002826452,82202,13255,164404
../data/torso1.mtx,119,128,9,0.002884865,0.002797604,82202,13255,164404
../data/torso1.mtx,120,128,0,0.003837109,0.003737926,82202,13255,164404
../data/torso1.mtx,120,128,1,0.206994057,0.206897259,82202,13255,164404
../data/torso1.mtx,120,128,2,0.003630161,0.003532648,82202,13255,164404
../data/torso1.mtx,120,128,3,0.003586769,0.003490448,82202,13255,164404
../data/torso1.mtx,120,128,4,0.003969431,0.003873587,82202,13255,164404
../data/torso1.mtx,120,128,5,0.003741026,0.003644228,82202,13255,164404
../data/torso1.mtx,120,128,6,0.003311634,0.003215790,82202,13255,164404
../data/torso1.mtx,120,128,7,0.002673149,0.002577066,82202,13255,164404
../data/torso1.mtx,120,128,8,0.002968073,0.002872467,82202,13255,164404
../data/torso1.mtx,120,128,9,0.003001451,0.002907038,82202,13255,164404
../data/torso1.mtx,121,128,0,0.003852367,0.003758907,82202,13255,164404
../data/torso1.mtx,121,128,1,0.206977844,0.206886053,82202,13255,164404
../data/torso1.mtx,121,128,2,0.003593206,0.003506184,82202,13255,164404
../data/torso1.mtx,121,128,3,0.003554583,0.003462553,82202,13255,164404
../data/torso1.mtx,121,128,4,0.003959894,0.003868103,82202,13255,164404
../data/torso1.mtx,121,128,5,0.003719091,0.003627300,82202,13255,164404
../data/torso1.mtx,121,128,6,0.003311872,0.003220081,82202,13255,164404
../data/torso1.mtx,121,128,7,0.002656698,0.002564907,82202,13255,164404
../data/torso1.mtx,121,128,8,0.002944469,0.002852678,82202,13255,164404
../data/torso1.mtx,121,128,9,0.002987862,0.002896070,82202,13255,164404
../data/torso1.mtx,122,128,0,0.003816843,0.003724098,82202,13255,164404
../data/torso1.mtx,122,128,1,0.206991196,0.206899166,82202,13255,164404
../data/torso1.mtx,122,128,2,0.003593206,0.003501415,82202,13255,164404
../data/torso1.mtx,122,128,3,0.003551483,0.003464699,82202,13255,164404
../data/torso1.mtx,122,128,4,0.003950834,0.003859043,82202,13255,164404
../data/torso1.mtx,122,128,5,0.003687382,0.003595591,82202,13255,164404
../data/torso1.mtx,122,128,6,0.003309727,0.003217936,82202,13255,164404
../data/torso1.mtx,122,128,7,0.002653837,0.002562046,82202,13255,164404
../data/torso1.mtx,122,128,8,0.002942085,0.002850533,82202,13255,164404
../data/torso1.mtx,122,128,9,0.002986193,0.002894402,82202,13255,164404
../data/torso1.mtx,123,128,0,0.003808498,0.003715038,82202,13257,164404
../data/torso1.mtx,123,128,1,0.207027435,0.206901073,82202,13257,164404
../data/torso1.mtx,123,128,2,0.003595352,0.003499269,82202,13257,164404
../data/torso1.mtx,123,128,3,0.003554106,0.003459215,82202,13257,164404
../data/torso1.mtx,123,128,4,0.003955603,0.003834724,82202,13257,164404
../data/torso1.mtx,123,128,5,0.003605127,0.003513098,82202,13257,164404
../data/torso1.mtx,123,128,6,0.003294230,0.003202200,82202,13257,164404
../data/torso1.mtx,123,128,7,0.002645254,0.002553701,82202,13257,164404
../data/torso1.mtx,123,128,8,0.002936602,0.002845049,82202,13257,164404
../data/torso1.mtx,123,128,9,0.002977610,0.002886057,82202,13257,164404
../data/torso1.mtx,124,128,0,0.003802299,0.003710032,82202,13261,164404
../data/torso1.mtx,124,128,1,0.206961393,0.206869841,82202,13261,164404
../data/torso1.mtx,124,128,2,0.003579855,0.003488302,82202,13261,164404
../data/torso1.mtx,124,128,3,0.003576756,0.003452539,82202,13261,164404
../data/torso1.mtx,124,128,4,0.003931999,0.003839970,82202,13261,164404
../data/torso1.mtx,124,128,5,0.003611803,0.003519773,82202,13261,164404
../data/torso1.mtx,124,128,6,0.003287554,0.003195763,82202,13261,164404
../data/torso1.mtx,124,128,7,0.002651691,0.002559900,82202,13261,164404
../data/torso1.mtx,124,128,8,0.002947807,0.002856255,82202,13261,164404
../data/torso1.mtx,124,128,9,0.002961636,0.002870083,82202,13261,164404
../data/torso1.mtx,125,128,0,0.003799677,0.003700733,82202,13262,164404
../data/torso1.mtx,125,128,1,0.206952810,0.206856251,82202,13262,164404
../data/torso1.mtx,125,128,2,0.003572702,0.003474474,82202,13262,164404
../data/torso1.mtx,125,128,3,0.003524065,0.003428459,82202,13262,164404
../data/torso1.mtx,125,128,4,0.003927469,0.003830910,82202,13262,164404
../data/torso1.mtx,125,128,5,0.003609419,0.003512383,82202,13262,164404
../data/torso1.mtx,125,128,6,0.003294230,0.003198147,82202,13262,164404
../data/torso1.mtx,125,128,7,0.002643347,0.002547741,82202,13262,164404
../data/torso1.mtx,125,128,8,0.002935171,0.002839327,82202,13262,164404
../data/torso1.mtx,125,128,9,0.002967119,0.002871275,82202,13262,164404
../data/torso1.mtx,126,128,0,0.003791332,0.003702164,79907,13261,159814
../data/torso1.mtx,126,128,1,0.206948280,0.206859350,79907,13261,159814
../data/torso1.mtx,126,128,2,0.003568411,0.003484249,79907,13261,159814
../data/torso1.mtx,126,128,3,0.003519297,0.003430367,79907,13261,159814
../data/torso1.mtx,126,128,4,0.003913879,0.003824949,79907,13261,159814
../data/torso1.mtx,126,128,5,0.003537893,0.003448725,79907,13261,159814
../data/torso1.mtx,126,128,6,0.003283024,0.003193617,79907,13261,159814
../data/torso1.mtx,126,128,7,0.002630472,0.002541065,79907,13261,159814
../data/torso1.mtx,126,128,8,0.002924442,0.002835274,79907,13261,159814
../data/torso1.mtx,126,128,9,0.002966404,0.002877235,79907,13261,159814
../data/torso1.mtx,127,128,0,0.003826141,0.003694773,82202,13252,164404
../data/torso1.mtx,127,128,1,0.206967115,0.206836224,82202,13252,164404
../data/torso1.mtx,127,128,2,0.003555298,0.003461599,82202,13252,164404
../data/torso1.mtx,127,128,3,0.003543615,0.003419876,82202,13252,164404
../data/torso1.mtx,127,128,4,0.004149914,0.003779411,82202,13252,164404
../data/torso1.mtx,127,128,5,0.003559351,0.003428698,82202,13252,164404
../data/torso1.mtx,127,128,6,0.003327847,0.003197193,82202,13252,164404
../data/torso1.mtx,127,128,7,0.002657890,0.002526999,82202,13252,164404
../data/torso1.mtx,127,128,8,0.002958059,0.002827168,82202,13252,164404
../data/torso1.mtx,127,128,9,0.002987146,0.002856016,82202,13252,164404


=== SUMMARY METRICS TABLE ===
Matrix_Name,Num_Processes,Ghost_Entries_Min,Ghost_Entries_Avg,Ghost_Entries_Max,Load_Imbalance_Ratio,System_P90_Time,Total_GFLOPs
../data/torso1.mtx,128,13225,13263.38,13286,1.3045,0.413765192,0.0412
=============================
