Rank 0: Reading matrix ../data/bcsstk14.mtx...
Matrix type: matrix coordinate real symmetric
  Real: yes
  Complex: no
  Symmetric: yes
  Pattern: no
Matrix size: 1806 x 1806, NNZ (file): 32630
Actual NNZ (after symmetry expansion): 63454

matrix_name,rank,num_procs,run,elapsed_time,comm_time,local_nz,ghost_entries,local_flops
../data/bcsstk14.mtx,0,128,0,0.002037764,0.002037048,547,462,1094
../data/bcsstk14.mtx,0,128,1,0.001928091,0.001927376,547,462,1094
../data/bcsstk14.mtx,0,128,2,0.002104282,0.002103567,547,462,1094
../data/bcsstk14.mtx,0,128,3,0.002001762,0.002001047,547,462,1094
../data/bcsstk14.mtx,0,128,4,0.002056837,0.002056122,547,462,1094
../data/bcsstk14.mtx,0,128,5,0.002063274,0.002062559,547,462,1094
../data/bcsstk14.mtx,0,128,6,0.001907825,0.001907349,547,462,1094
../data/bcsstk14.mtx,0,128,7,0.001922846,0.001922369,547,462,1094
../data/bcsstk14.mtx,0,128,8,0.002011299,0.002010584,547,462,1094
../data/bcsstk14.mtx,0,128,9,0.001939058,0.001938581,547,462,1094
../data/bcsstk14.mtx,1,128,0,0.002025366,0.002024651,533,449,1066
../data/bcsstk14.mtx,1,128,1,0.001909494,0.001908779,533,449,1066
../data/bcsstk14.mtx,1,128,2,0.002091646,0.002091169,533,449,1066
../data/bcsstk14.mtx,1,128,3,0.001989126,0.001988411,533,449,1066
../data/bcsstk14.mtx,1,128,4,0.002058744,0.002058029,533,449,1066
../data/bcsstk14.mtx,1,128,5,0.002066612,0.002065897,533,449,1066
../data/bcsstk14.mtx,1,128,6,0.001895666,0.001895189,533,449,1066
../data/bcsstk14.mtx,1,128,7,0.001922131,0.001921415,533,449,1066
../data/bcsstk14.mtx,1,128,8,0.001991510,0.001990795,533,449,1066
../data/bcsstk14.mtx,1,128,9,0.001927376,0.001926661,533,449,1066
../data/bcsstk14.mtx,2,128,0,0.001998186,0.001997471,539,443,1078
../data/bcsstk14.mtx,2,128,1,0.001916647,0.001915932,539,443,1078
../data/bcsstk14.mtx,2,128,2,0.002107382,0.002106667,539,443,1078
../data/bcsstk14.mtx,2,128,3,0.001991749,0.001991272,539,443,1078
../data/bcsstk14.mtx,2,128,4,0.002053976,0.002053499,539,443,1078
../data/bcsstk14.mtx,2,128,5,0.002060413,0.002059698,539,443,1078
../data/bcsstk14.mtx,2,128,6,0.001901627,0.001901150,539,443,1078
../data/bcsstk14.mtx,2,128,7,0.001917124,0.001916409,539,443,1078
../data/bcsstk14.mtx,2,128,8,0.001971722,0.001971006,539,443,1078
../data/bcsstk14.mtx,2,128,9,0.001938581,0.001937866,539,443,1078
../data/bcsstk14.mtx,3,128,0,0.002014637,0.002013445,543,441,1086
../data/bcsstk14.mtx,3,128,1,0.001950502,0.001949787,543,441,1086
../data/bcsstk14.mtx,3,128,2,0.002096415,0.002095938,543,441,1086
../data/bcsstk14.mtx,3,128,3,0.001991510,0.001990795,543,441,1086
../data/bcsstk14.mtx,3,128,4,0.002040863,0.002040148,543,441,1086
../data/bcsstk14.mtx,3,128,5,0.001964331,0.001963615,543,441,1086
../data/bcsstk14.mtx,3,128,6,0.001855373,0.001854658,543,441,1086
../data/bcsstk14.mtx,3,128,7,0.001908541,0.001907825,543,441,1086
../data/bcsstk14.mtx,3,128,8,0.001838207,0.001837730,543,441,1086
../data/bcsstk14.mtx,3,128,9,0.001833916,0.001833200,543,441,1086
../data/bcsstk14.mtx,4,128,0,0.002040148,0.002039194,531,458,1062
../data/bcsstk14.mtx,4,128,1,0.001951694,0.001950979,531,458,1062
../data/bcsstk14.mtx,4,128,2,0.001998663,0.001997948,531,458,1062
../data/bcsstk14.mtx,4,128,3,0.001816273,0.001815319,531,458,1062
../data/bcsstk14.mtx,4,128,4,0.002042055,0.002041340,531,458,1062
../data/bcsstk14.mtx,4,128,5,0.002053976,0.002053261,531,458,1062
../data/bcsstk14.mtx,4,128,6,0.001924276,0.001923561,531,458,1062
../data/bcsstk14.mtx,4,128,7,0.001837969,0.001837015,531,458,1062
../data/bcsstk14.mtx,4,128,8,0.001873970,0.001873255,531,458,1062
../data/bcsstk14.mtx,4,128,9,0.001735449,0.001734495,531,458,1062
../data/bcsstk14.mtx,5,128,0,0.002025604,0.002024889,521,450,1042
../data/bcsstk14.mtx,5,128,1,0.001951933,0.001951218,521,450,1042
../data/bcsstk14.mtx,5,128,2,0.001851082,0.001850367,521,450,1042
../data/bcsstk14.mtx,5,128,3,0.001745701,0.001744986,521,450,1042
../data/bcsstk14.mtx,5,128,4,0.002043724,0.002042770,521,450,1042
../data/bcsstk14.mtx,5,128,5,0.002051830,0.002051115,521,450,1042
../data/bcsstk14.mtx,5,128,6,0.001729727,0.001729012,521,450,1042
../data/bcsstk14.mtx,5,128,7,0.001751900,0.001751184,521,450,1042
../data/bcsstk14.mtx,5,128,8,0.001725912,0.001725197,521,450,1042
../data/bcsstk14.mtx,5,128,9,0.001700163,0.001699448,521,450,1042
../data/bcsstk14.mtx,6,128,0,0.002003431,0.002002716,520,436,1040
../data/bcsstk14.mtx,6,128,1,0.001909733,0.001909256,520,436,1040
../data/bcsstk14.mtx,6,128,2,0.001976252,0.001975775,520,436,1040
../data/bcsstk14.mtx,6,128,3,0.001788378,0.001787663,520,436,1040
../data/bcsstk14.mtx,6,128,4,0.002027988,0.002027512,520,436,1040
../data/bcsstk14.mtx,6,128,5,0.002045393,0.002044678,520,436,1040
../data/bcsstk14.mtx,6,128,6,0.001915216,0.001914501,520,436,1040
../data/bcsstk14.mtx,6,128,7,0.001816750,0.001816273,520,436,1040
../data/bcsstk14.mtx,6,128,8,0.001846790,0.001846313,520,436,1040
../data/bcsstk14.mtx,6,128,9,0.001716614,0.001715899,520,436,1040
../data/bcsstk14.mtx,7,128,0,0.001981497,0.001981020,504,424,1008
../data/bcsstk14.mtx,7,128,1,0.001908302,0.001907587,504,424,1008
../data/bcsstk14.mtx,7,128,2,0.001969337,0.001968861,504,424,1008
../data/bcsstk14.mtx,7,128,3,0.001779556,0.001779079,504,424,1008
../data/bcsstk14.mtx,7,128,4,0.002033234,0.002032757,504,424,1008
../data/bcsstk14.mtx,7,128,5,0.002033710,0.002032995,504,424,1008
../data/bcsstk14.mtx,7,128,6,0.001905918,0.001905203,504,424,1008
../data/bcsstk14.mtx,7,128,7,0.001816034,0.001815319,504,424,1008
../data/bcsstk14.mtx,7,128,8,0.001847029,0.001846552,504,424,1008
../data/bcsstk14.mtx,7,128,9,0.001698732,0.001698017,504,424,1008
../data/bcsstk14.mtx,8,128,0,0.002007008,0.002006054,536,406,1072
../data/bcsstk14.mtx,8,128,1,0.001923800,0.001923084,536,406,1072
../data/bcsstk14.mtx,8,128,2,0.002063513,0.002062798,536,406,1072
../data/bcsstk14.mtx,8,128,3,0.001968861,0.001968145,536,406,1072
../data/bcsstk14.mtx,8,128,4,0.002030373,0.002029657,536,406,1072
../data/bcsstk14.mtx,8,128,5,0.002041817,0.002041101,536,406,1072
../data/bcsstk14.mtx,8,128,6,0.001910686,0.001909971,536,406,1072
../data/bcsstk14.mtx,8,128,7,0.001930952,0.001930237,536,406,1072
../data/bcsstk14.mtx,8,128,8,0.001964092,0.001963615,536,406,1072
../data/bcsstk14.mtx,8,128,9,0.001901627,0.001901150,536,406,1072
../data/bcsstk14.mtx,9,128,0,0.001986742,0.001986027,510,376,1020
../data/bcsstk14.mtx,9,128,1,0.001912832,0.001912117,510,376,1020
../data/bcsstk14.mtx,9,128,2,0.002051592,0.002051115,510,376,1020
../data/bcsstk14.mtx,9,128,3,0.001955748,0.001955032,510,376,1020
../data/bcsstk14.mtx,9,128,4,0.002018452,0.002017736,510,376,1020
../data/bcsstk14.mtx,9,128,5,0.002031565,0.002030611,510,376,1020
../data/bcsstk14.mtx,9,128,6,0.001906157,0.001905441,510,376,1020
../data/bcsstk14.mtx,9,128,7,0.001915455,0.001914978,510,376,1020
../data/bcsstk14.mtx,9,128,8,0.001949310,0.001948595,510,376,1020
../data/bcsstk14.mtx,9,128,9,0.001884937,0.001884222,510,376,1020
../data/bcsstk14.mtx,10,128,0,0.001984119,0.001983166,560,408,1120
../data/bcsstk14.mtx,10,128,1,0.001914263,0.001913548,560,408,1120
../data/bcsstk14.mtx,10,128,2,0.002042532,0.002041817,560,408,1120
../data/bcsstk14.mtx,10,128,3,0.001949787,0.001949072,560,408,1120
../data/bcsstk14.mtx,10,128,4,0.002005816,0.002005100,560,408,1120
../data/bcsstk14.mtx,10,128,5,0.002022266,0.002021313,560,408,1120
../data/bcsstk14.mtx,10,128,6,0.001901627,0.001900911,560,408,1120
../data/bcsstk14.mtx,10,128,7,0.001920462,0.001919746,560,408,1120
../data/bcsstk14.mtx,10,128,8,0.001948357,0.001947641,560,408,1120
../data/bcsstk14.mtx,10,128,9,0.001900434,0.001899958,560,408,1120
../data/bcsstk14.mtx,11,128,0,0.001987219,0.001986265,566,410,1132
../data/bcsstk14.mtx,11,128,1,0.001929760,0.001929045,566,410,1132
../data/bcsstk14.mtx,11,128,2,0.002149105,0.002148390,566,410,1132
../data/bcsstk14.mtx,11,128,3,0.001952410,0.001951694,566,410,1132
../data/bcsstk14.mtx,11,128,4,0.002022743,0.002022028,566,410,1132
../data/bcsstk14.mtx,11,128,5,0.002016068,0.002015352,566,410,1132
../data/bcsstk14.mtx,11,128,6,0.001663446,0.001662731,566,410,1132
../data/bcsstk14.mtx,11,128,7,0.001739025,0.001738310,566,410,1132
../data/bcsstk14.mtx,11,128,8,0.001946926,0.001942396,566,410,1132
../data/bcsstk14.mtx,11,128,9,0.001912117,0.001911402,566,410,1132
../data/bcsstk14.mtx,12,128,0,0.001986980,0.001986265,542,443,1084
../data/bcsstk14.mtx,12,128,1,0.001907110,0.001906395,542,443,1084
../data/bcsstk14.mtx,12,128,2,0.002088070,0.002087355,542,443,1084
../data/bcsstk14.mtx,12,128,3,0.001939058,0.001938343,542,443,1084
../data/bcsstk14.mtx,12,128,4,0.002000570,0.002000093,542,443,1084
../data/bcsstk14.mtx,12,128,5,0.002023220,0.002022505,542,443,1084
../data/bcsstk14.mtx,12,128,6,0.001905203,0.001904488,542,443,1084
../data/bcsstk14.mtx,12,128,7,0.001922607,0.001922131,542,443,1084
../data/bcsstk14.mtx,12,128,8,0.001940012,0.001939297,542,443,1084
../data/bcsstk14.mtx,12,128,9,0.001892090,0.001891375,542,443,1084
../data/bcsstk14.mtx,13,128,0,0.001985073,0.001984596,551,449,1102
../data/bcsstk14.mtx,13,128,1,0.001898527,0.001898050,551,449,1102
../data/bcsstk14.mtx,13,128,2,0.002082109,0.002081633,551,449,1102
../data/bcsstk14.mtx,13,128,3,0.001940489,0.001939774,551,449,1102
../data/bcsstk14.mtx,13,128,4,0.002004623,0.002004147,551,449,1102
../data/bcsstk14.mtx,13,128,5,0.002036333,0.002035618,551,449,1102
../data/bcsstk14.mtx,13,128,6,0.001893044,0.001892567,551,449,1102
../data/bcsstk14.mtx,13,128,7,0.001912355,0.001911879,551,449,1102
../data/bcsstk14.mtx,13,128,8,0.001939058,0.001938581,551,449,1102
../data/bcsstk14.mtx,13,128,9,0.001867533,0.001866817,551,449,1102
../data/bcsstk14.mtx,14,128,0,0.001971006,0.001969814,503,415,1006
../data/bcsstk14.mtx,14,128,1,0.001902580,0.001901865,503,415,1006
../data/bcsstk14.mtx,14,128,2,0.002092600,0.002091885,503,415,1006
../data/bcsstk14.mtx,14,128,3,0.001935005,0.001934290,503,415,1006
../data/bcsstk14.mtx,14,128,4,0.001988649,0.001988173,503,415,1006
../data/bcsstk14.mtx,14,128,5,0.002007723,0.002007008,503,415,1006
../data/bcsstk14.mtx,14,128,6,0.001893997,0.001893282,503,415,1006
../data/bcsstk14.mtx,14,128,7,0.001902819,0.001902342,503,415,1006
../data/bcsstk14.mtx,14,128,8,0.001946211,0.001945734,503,415,1006
../data/bcsstk14.mtx,14,128,9,0.001862764,0.001862288,503,415,1006
../data/bcsstk14.mtx,15,128,0,0.001982689,0.001981974,521,429,1042
../data/bcsstk14.mtx,15,128,1,0.001892567,0.001891851,521,429,1042
../data/bcsstk14.mtx,15,128,2,0.002086878,0.002086401,521,429,1042
../data/bcsstk14.mtx,15,128,3,0.001926661,0.001926184,521,429,1042
../data/bcsstk14.mtx,15,128,4,0.001978636,0.001978159,521,429,1042
../data/bcsstk14.mtx,15,128,5,0.002009869,0.002009392,521,429,1042
../data/bcsstk14.mtx,15,128,6,0.001899004,0.001898527,521,429,1042
../data/bcsstk14.mtx,15,128,7,0.001895666,0.001895189,521,429,1042
../data/bcsstk14.mtx,15,128,8,0.001928091,0.001927376,521,429,1042
../data/bcsstk14.mtx,15,128,9,0.001855612,0.001855135,521,429,1042
../data/bcsstk14.mtx,16,128,0,0.002202034,0.002201080,513,405,1026
../data/bcsstk14.mtx,16,128,1,0.002130032,0.002129316,513,405,1026
../data/bcsstk14.mtx,16,128,2,0.002220154,0.002219439,513,405,1026
../data/bcsstk14.mtx,16,128,3,0.002126694,0.002125978,513,405,1026
../data/bcsstk14.mtx,16,128,4,0.002208948,0.002208233,513,405,1026
../data/bcsstk14.mtx,16,128,5,0.002242565,0.002241850,513,405,1026
../data/bcsstk14.mtx,16,128,6,0.002101421,0.002100706,513,405,1026
../data/bcsstk14.mtx,16,128,7,0.001944780,0.001944065,513,405,1026
../data/bcsstk14.mtx,16,128,8,0.002184153,0.002183437,513,405,1026
../data/bcsstk14.mtx,16,128,9,0.002045155,0.002044439,513,405,1026
../data/bcsstk14.mtx,17,128,0,0.002162457,0.002161026,510,403,1020
../data/bcsstk14.mtx,17,128,1,0.002107859,0.002107382,510,403,1020
../data/bcsstk14.mtx,17,128,2,0.002215624,0.002214909,510,403,1020
../data/bcsstk14.mtx,17,128,3,0.002103567,0.002102852,510,403,1020
../data/bcsstk14.mtx,17,128,4,0.002212524,0.002211809,510,403,1020
../data/bcsstk14.mtx,17,128,5,0.002243519,0.002242804,510,403,1020
../data/bcsstk14.mtx,17,128,6,0.002047300,0.002046585,510,403,1020
../data/bcsstk14.mtx,17,128,7,0.001919985,0.001919270,510,403,1020
../data/bcsstk14.mtx,17,128,8,0.002192736,0.002192020,510,403,1020
../data/bcsstk14.mtx,17,128,9,0.001913309,0.001910448,510,403,1020
../data/bcsstk14.mtx,18,128,0,0.002140999,0.002140284,543,407,1086
../data/bcsstk14.mtx,18,128,1,0.002137423,0.002136707,543,407,1086
../data/bcsstk14.mtx,18,128,2,0.002217531,0.002217054,543,407,1086
../data/bcsstk14.mtx,18,128,3,0.002117634,0.002116919,543,407,1086
../data/bcsstk14.mtx,18,128,4,0.002208471,0.002207994,543,407,1086
../data/bcsstk14.mtx,18,128,5,0.002252579,0.002251863,543,407,1086
../data/bcsstk14.mtx,18,128,6,0.002065897,0.002065420,543,407,1086
../data/bcsstk14.mtx,18,128,7,0.001938581,0.001937866,543,407,1086
../data/bcsstk14.mtx,18,128,8,0.002179146,0.002178192,543,407,1086
../data/bcsstk14.mtx,18,128,9,0.002015114,0.002014637,543,407,1086
../data/bcsstk14.mtx,19,128,0,0.002129555,0.002128839,552,407,1104
../data/bcsstk14.mtx,19,128,1,0.002118111,0.002117634,552,407,1104
../data/bcsstk14.mtx,19,128,2,0.002207756,0.002207041,552,407,1104
../data/bcsstk14.mtx,19,128,3,0.002117634,0.002116919,552,407,1104
../data/bcsstk14.mtx,19,128,4,0.002203465,0.002202988,552,407,1104
../data/bcsstk14.mtx,19,128,5,0.002239943,0.002239227,552,407,1104
../data/bcsstk14.mtx,19,128,6,0.002063274,0.002062559,552,407,1104
../data/bcsstk14.mtx,19,128,7,0.001915216,0.001914740,552,407,1104
../data/bcsstk14.mtx,19,128,8,0.002177477,0.002176762,552,407,1104
../data/bcsstk14.mtx,19,128,9,0.002010584,0.002003670,552,407,1104
../data/bcsstk14.mtx,20,128,0,0.002142668,0.002138615,513,405,1026
../data/bcsstk14.mtx,20,128,1,0.002041340,0.002040625,513,405,1026
../data/bcsstk14.mtx,20,128,2,0.002158642,0.002157927,513,405,1026
../data/bcsstk14.mtx,20,128,3,0.002032518,0.002031803,513,405,1026
../data/bcsstk14.mtx,20,128,4,0.002211809,0.002211094,513,405,1026
../data/bcsstk14.mtx,20,128,5,0.002170563,0.002169847,513,405,1026
../data/bcsstk14.mtx,20,128,6,0.002037525,0.002036572,513,405,1026
../data/bcsstk14.mtx,20,128,7,0.001937151,0.001936197,513,405,1026
../data/bcsstk14.mtx,20,128,8,0.002131701,0.002130985,513,405,1026
../data/bcsstk14.mtx,20,128,9,0.001872778,0.001872063,513,405,1026
../data/bcsstk14.mtx,21,128,0,0.002123833,0.002123117,523,412,1046
../data/bcsstk14.mtx,21,128,1,0.002017736,0.002017021,523,412,1046
../data/bcsstk14.mtx,21,128,2,0.002141476,0.002140760,523,412,1046
../data/bcsstk14.mtx,21,128,3,0.002006292,0.002005816,523,412,1046
../data/bcsstk14.mtx,21,128,4,0.002197266,0.002196789,523,412,1046
../data/bcsstk14.mtx,21,128,5,0.002158165,0.002157450,523,412,1046
../data/bcsstk14.mtx,21,128,6,0.002029896,0.002029181,523,412,1046
../data/bcsstk14.mtx,21,128,7,0.001924753,0.001924276,523,412,1046
../data/bcsstk14.mtx,21,128,8,0.002133846,0.002133369,523,412,1046
../data/bcsstk14.mtx,21,128,9,0.001873016,0.001872301,523,412,1046
../data/bcsstk14.mtx,22,128,0,0.002116442,0.002115488,509,432,1018
../data/bcsstk14.mtx,22,128,1,0.002123356,0.002122879,509,432,1018
../data/bcsstk14.mtx,22,128,2,0.002124548,0.002124071,509,432,1018
../data/bcsstk14.mtx,22,128,3,0.002019167,0.002018690,509,432,1018
../data/bcsstk14.mtx,22,128,4,0.002196312,0.002195597,509,432,1018
../data/bcsstk14.mtx,22,128,5,0.002152681,0.002151966,509,432,1018
../data/bcsstk14.mtx,22,128,6,0.002029419,0.002028704,509,432,1018
../data/bcsstk14.mtx,22,128,7,0.001923800,0.001923084,509,432,1018
../data/bcsstk14.mtx,22,128,8,0.002128601,0.002128124,509,432,1018
../data/bcsstk14.mtx,22,128,9,0.001870155,0.001869440,509,432,1018
../data/bcsstk14.mtx,23,128,0,0.002124548,0.002124071,515,438,1030
../data/bcsstk14.mtx,23,128,1,0.002106190,0.002105713,515,438,1030
../data/bcsstk14.mtx,23,128,2,0.002119303,0.002118826,515,438,1030
../data/bcsstk14.mtx,23,128,3,0.002005339,0.002004862,515,438,1030
../data/bcsstk14.mtx,23,128,4,0.002192259,0.002191782,515,438,1030
../data/bcsstk14.mtx,23,128,5,0.002146959,0.002146482,515,438,1030
../data/bcsstk14.mtx,23,128,6,0.002003908,0.002003431,515,438,1030
../data/bcsstk14.mtx,23,128,7,0.001911163,0.001910686,515,438,1030
../data/bcsstk14.mtx,23,128,8,0.002115726,0.002115250,515,438,1030
../data/bcsstk14.mtx,23,128,9,0.001854658,0.001853943,515,438,1030
../data/bcsstk14.mtx,24,128,0,0.002147436,0.002146721,477,380,954
../data/bcsstk14.mtx,24,128,1,0.002179146,0.002178431,477,380,954
../data/bcsstk14.mtx,24,128,2,0.002269268,0.002268553,477,380,954
../data/bcsstk14.mtx,24,128,3,0.002154827,0.002154350,477,380,954
../data/bcsstk14.mtx,24,128,4,0.002236843,0.002236366,477,380,954
../data/bcsstk14.mtx,24,128,5,0.002320766,0.002320051,477,380,954
../data/bcsstk14.mtx,24,128,6,0.002140999,0.002140522,477,380,954
../data/bcsstk14.mtx,24,128,7,0.002196789,0.002196312,477,380,954
../data/bcsstk14.mtx,24,128,8,0.002247572,0.002247095,477,380,954
../data/bcsstk14.mtx,24,128,9,0.002101183,0.002100706,477,380,954
../data/bcsstk14.mtx,25,128,0,0.002144098,0.002143383,430,348,860
../data/bcsstk14.mtx,25,128,1,0.002161503,0.002161026,430,348,860
../data/bcsstk14.mtx,25,128,2,0.002250910,0.002250195,430,348,860
../data/bcsstk14.mtx,25,128,3,0.002153397,0.002152920,430,348,860
../data/bcsstk14.mtx,25,128,4,0.002234459,0.002233982,430,348,860
../data/bcsstk14.mtx,25,128,5,0.002320051,0.002319574,430,348,860
../data/bcsstk14.mtx,25,128,6,0.002122879,0.002122402,430,348,860
../data/bcsstk14.mtx,25,128,7,0.002190113,0.002189636,430,348,860
../data/bcsstk14.mtx,25,128,8,0.002239704,0.002239227,430,348,860
../data/bcsstk14.mtx,25,128,9,0.002093315,0.002092838,430,348,860
../data/bcsstk14.mtx,26,128,0,0.002141476,0.002140760,477,378,954
../data/bcsstk14.mtx,26,128,1,0.002168655,0.002168179,477,378,954
../data/bcsstk14.mtx,26,128,2,0.002266645,0.002266169,477,378,954
../data/bcsstk14.mtx,26,128,3,0.002140522,0.002140045,477,378,954
../data/bcsstk14.mtx,26,128,4,0.002227068,0.002226353,477,378,954
../data/bcsstk14.mtx,26,128,5,0.002289534,0.002289057,477,378,954
../data/bcsstk14.mtx,26,128,6,0.002123356,0.002122879,477,378,954
../data/bcsstk14.mtx,26,128,7,0.002187014,0.002186298,477,378,954
../data/bcsstk14.mtx,26,128,8,0.002247810,0.002247334,477,378,954
../data/bcsstk14.mtx,26,128,9,0.002083778,0.002083302,477,378,954
../data/bcsstk14.mtx,27,128,0,0.002113342,0.002112627,496,395,992
../data/bcsstk14.mtx,27,128,1,0.002140999,0.002140284,496,395,992
../data/bcsstk14.mtx,27,128,2,0.002261162,0.002260447,496,395,992
../data/bcsstk14.mtx,27,128,3,0.002139807,0.002139091,496,395,992
../data/bcsstk14.mtx,27,128,4,0.002238750,0.002238035,496,395,992
../data/bcsstk14.mtx,27,128,5,0.002279282,0.002278566,496,395,992
../data/bcsstk14.mtx,27,128,6,0.002117872,0.002117157,496,395,992
../data/bcsstk14.mtx,27,128,7,0.002193928,0.002193213,496,395,992
../data/bcsstk14.mtx,27,128,8,0.002213717,0.002213001,496,395,992
../data/bcsstk14.mtx,27,128,9,0.002087116,0.002086639,496,395,992
../data/bcsstk14.mtx,28,128,0,0.002108097,0.002107382,469,377,938
../data/bcsstk14.mtx,28,128,1,0.002138615,0.002137899,469,377,938
../data/bcsstk14.mtx,28,128,2,0.002250671,0.002249956,469,377,938
../data/bcsstk14.mtx,28,128,3,0.002144337,0.002143621,469,377,938
../data/bcsstk14.mtx,28,128,4,0.002221107,0.002220392,469,377,938
../data/bcsstk14.mtx,28,128,5,0.002286673,0.002285957,469,377,938
../data/bcsstk14.mtx,28,128,6,0.002129316,0.002128839,469,377,938
../data/bcsstk14.mtx,28,128,7,0.002197504,0.002197027,469,377,938
../data/bcsstk14.mtx,28,128,8,0.002211332,0.002210617,469,377,938
../data/bcsstk14.mtx,28,128,9,0.002085447,0.002084732,469,377,938
../data/bcsstk14.mtx,29,128,0,0.002092361,0.002091646,449,368,898
../data/bcsstk14.mtx,29,128,1,0.002140999,0.002140284,449,368,898
../data/bcsstk14.mtx,29,128,2,0.002239227,0.002238750,449,368,898
../data/bcsstk14.mtx,29,128,3,0.002137184,0.002136707,449,368,898
../data/bcsstk14.mtx,29,128,4,0.002200127,0.002199411,449,368,898
../data/bcsstk14.mtx,29,128,5,0.002279520,0.002279043,449,368,898
../data/bcsstk14.mtx,29,128,6,0.002122879,0.002122402,449,368,898
../data/bcsstk14.mtx,29,128,7,0.002171278,0.002170801,449,368,898
../data/bcsstk14.mtx,29,128,8,0.002207279,0.002206802,449,368,898
../data/bcsstk14.mtx,29,128,9,0.002074718,0.002074242,449,368,898
../data/bcsstk14.mtx,30,128,0,0.002088308,0.002087355,476,385,952
../data/bcsstk14.mtx,30,128,1,0.002129316,0.002128363,476,385,952
../data/bcsstk14.mtx,30,128,2,0.002222061,0.002221346,476,385,952
../data/bcsstk14.mtx,30,128,3,0.002129078,0.002128363,476,385,952
../data/bcsstk14.mtx,30,128,4,0.002208710,0.002208233,476,385,952
../data/bcsstk14.mtx,30,128,5,0.002272129,0.002271652,476,385,952
../data/bcsstk14.mtx,30,128,6,0.002102852,0.002102137,476,385,952
../data/bcsstk14.mtx,30,128,7,0.002165556,0.002164841,476,385,952
../data/bcsstk14.mtx,30,128,8,0.002206564,0.002205849,476,385,952
../data/bcsstk14.mtx,30,128,9,0.002076387,0.002075911,476,385,952
../data/bcsstk14.mtx,31,128,0,0.002071857,0.002071142,457,364,914
../data/bcsstk14.mtx,31,128,1,0.002110481,0.002110004,457,364,914
../data/bcsstk14.mtx,31,128,2,0.002207756,0.002207279,457,364,914
../data/bcsstk14.mtx,31,128,3,0.002117395,0.002116919,457,364,914
../data/bcsstk14.mtx,31,128,4,0.002195358,0.002194881,457,364,914
../data/bcsstk14.mtx,31,128,5,0.002250910,0.002250433,457,364,914
../data/bcsstk14.mtx,31,128,6,0.002097607,0.002097130,457,364,914
../data/bcsstk14.mtx,31,128,7,0.002156258,0.002155781,457,364,914
../data/bcsstk14.mtx,31,128,8,0.002214193,0.002213478,457,364,914
../data/bcsstk14.mtx,31,128,9,0.002053499,0.002052784,457,364,914
../data/bcsstk14.mtx,32,128,0,0.002098083,0.002097368,450,350,900
../data/bcsstk14.mtx,32,128,1,0.002133608,0.002132893,450,350,900
../data/bcsstk14.mtx,32,128,2,0.002239704,0.002238989,450,350,900
../data/bcsstk14.mtx,32,128,3,0.002135038,0.002134323,450,350,900
../data/bcsstk14.mtx,32,128,4,0.002204418,0.002203703,450,350,900
../data/bcsstk14.mtx,32,128,5,0.002274036,0.002273321,450,350,900
../data/bcsstk14.mtx,32,128,6,0.002109051,0.002108335,450,350,900
../data/bcsstk14.mtx,32,128,7,0.002178192,0.002177477,450,350,900
../data/bcsstk14.mtx,32,128,8,0.002214670,0.002214193,450,350,900
../data/bcsstk14.mtx,32,128,9,0.002076387,0.002075672,450,350,900
../data/bcsstk14.mtx,33,128,0,0.002084732,0.002084017,451,362,902
../data/bcsstk14.mtx,33,128,1,0.002126217,0.002125740,451,362,902
../data/bcsstk14.mtx,33,128,2,0.002227783,0.002227306,451,362,902
../data/bcsstk14.mtx,33,128,3,0.002098799,0.002098083,451,362,902
../data/bcsstk14.mtx,33,128,4,0.002186775,0.002186060,451,362,902
../data/bcsstk14.mtx,33,128,5,0.002272129,0.002271414,451,362,902
../data/bcsstk14.mtx,33,128,6,0.002084255,0.002083778,451,362,902
../data/bcsstk14.mtx,33,128,7,0.002149820,0.002149343,451,362,902
../data/bcsstk14.mtx,33,128,8,0.002202511,0.002202034,451,362,902
../data/bcsstk14.mtx,33,128,9,0.002055645,0.002055168,451,362,902
../data/bcsstk14.mtx,34,128,0,0.002078533,0.002077818,457,354,914
../data/bcsstk14.mtx,34,128,1,0.002116442,0.002115965,457,354,914
../data/bcsstk14.mtx,34,128,2,0.002211332,0.002210617,457,354,914
../data/bcsstk14.mtx,34,128,3,0.002091169,0.002090693,457,354,914
../data/bcsstk14.mtx,34,128,4,0.002175093,0.002174616,457,354,914
../data/bcsstk14.mtx,34,128,5,0.002258539,0.002258062,457,354,914
../data/bcsstk14.mtx,34,128,6,0.002077579,0.002077103,457,354,914
../data/bcsstk14.mtx,34,128,7,0.002147198,0.002146721,457,354,914
../data/bcsstk14.mtx,34,128,8,0.002195358,0.002194881,457,354,914
../data/bcsstk14.mtx,34,128,9,0.002063990,0.002063513,457,354,914
../data/bcsstk14.mtx,35,128,0,0.002071857,0.002071142,443,346,886
../data/bcsstk14.mtx,35,128,1,0.002107859,0.002107382,443,346,886
../data/bcsstk14.mtx,35,128,2,0.002192497,0.002192020,443,346,886
../data/bcsstk14.mtx,35,128,3,0.002084255,0.002083778,443,346,886
../data/bcsstk14.mtx,35,128,4,0.002183199,0.002182722,443,346,886
../data/bcsstk14.mtx,35,128,5,0.002259493,0.002259016,443,346,886
../data/bcsstk14.mtx,35,128,6,0.002072334,0.002071857,443,346,886
../data/bcsstk14.mtx,35,128,7,0.002136707,0.002136230,443,346,886
../data/bcsstk14.mtx,35,128,8,0.002193213,0.002192736,443,346,886
../data/bcsstk14.mtx,35,128,9,0.002039909,0.002039433,443,346,886
../data/bcsstk14.mtx,36,128,0,0.002068520,0.002067804,434,366,868
../data/bcsstk14.mtx,36,128,1,0.002104282,0.002103806,434,366,868
../data/bcsstk14.mtx,36,128,2,0.002204418,0.002203941,434,366,868
../data/bcsstk14.mtx,36,128,3,0.002079010,0.002078533,434,366,868
../data/bcsstk14.mtx,36,128,4,0.002158403,0.002157927,434,366,868
../data/bcsstk14.mtx,36,128,5,0.002251625,0.002250910,434,366,868
../data/bcsstk14.mtx,36,128,6,0.002076387,0.002075911,434,366,868
../data/bcsstk14.mtx,36,128,7,0.002132654,0.002132177,434,366,868
../data/bcsstk14.mtx,36,128,8,0.002183676,0.002183199,434,366,868
../data/bcsstk14.mtx,36,128,9,0.002041101,0.002040625,434,366,868
../data/bcsstk14.mtx,37,128,0,0.002044678,0.002044201,412,341,824
../data/bcsstk14.mtx,37,128,1,0.002082109,0.002081633,412,341,824
../data/bcsstk14.mtx,37,128,2,0.002197027,0.002196550,412,341,824
../data/bcsstk14.mtx,37,128,3,0.002060413,0.002059937,412,341,824
../data/bcsstk14.mtx,37,128,4,0.002157450,0.002156973,412,341,824
../data/bcsstk14.mtx,37,128,5,0.002233505,0.002233028,412,341,824
../data/bcsstk14.mtx,37,128,6,0.002068043,0.002067566,412,341,824
../data/bcsstk14.mtx,37,128,7,0.002113819,0.002113342,412,341,824
../data/bcsstk14.mtx,37,128,8,0.002163410,0.002162933,412,341,824
../data/bcsstk14.mtx,37,128,9,0.002036572,0.002036095,412,341,824
../data/bcsstk14.mtx,38,128,0,0.001979351,0.001978636,428,359,856
../data/bcsstk14.mtx,38,128,1,0.002096415,0.002095938,428,359,856
../data/bcsstk14.mtx,38,128,2,0.002192736,0.002192259,428,359,856
../data/bcsstk14.mtx,38,128,3,0.002047777,0.002047062,428,359,856
../data/bcsstk14.mtx,38,128,4,0.002168894,0.002167940,428,359,856
../data/bcsstk14.mtx,38,128,5,0.002238274,0.002237797,428,359,856
../data/bcsstk14.mtx,38,128,6,0.002083063,0.002082586,428,359,856
../data/bcsstk14.mtx,38,128,7,0.002117157,0.002116442,428,359,856
../data/bcsstk14.mtx,38,128,8,0.002170324,0.002169847,428,359,856
../data/bcsstk14.mtx,38,128,9,0.002024174,0.002023697,428,359,856
../data/bcsstk14.mtx,39,128,0,0.001968384,0.001967669,435,366,870
../data/bcsstk14.mtx,39,128,1,0.002087116,0.002086639,435,366,870
../data/bcsstk14.mtx,39,128,2,0.002183437,0.002182722,435,366,870
../data/bcsstk14.mtx,39,128,3,0.002068281,0.002067566,435,366,870
../data/bcsstk14.mtx,39,128,4,0.002141953,0.002141237,435,366,870
../data/bcsstk14.mtx,39,128,5,0.002240896,0.002240419,435,366,870
../data/bcsstk14.mtx,39,128,6,0.002062559,0.002062082,435,366,870
../data/bcsstk14.mtx,39,128,7,0.002094746,0.002094030,435,366,870
../data/bcsstk14.mtx,39,128,8,0.002153397,0.002152920,435,366,870
../data/bcsstk14.mtx,39,128,9,0.002020359,0.002019882,435,366,870
../data/bcsstk14.mtx,40,128,0,0.002055645,0.002054930,433,347,866
../data/bcsstk14.mtx,40,128,1,0.002091646,0.002090931,433,347,866
../data/bcsstk14.mtx,40,128,2,0.002212524,0.002211809,433,347,866
../data/bcsstk14.mtx,40,128,3,0.002082109,0.002081394,433,347,866
../data/bcsstk14.mtx,40,128,4,0.002150774,0.002150059,433,347,866
../data/bcsstk14.mtx,40,128,5,0.002229691,0.002228975,433,347,866
../data/bcsstk14.mtx,40,128,6,0.002041578,0.002041101,433,347,866
../data/bcsstk14.mtx,40,128,7,0.002121210,0.002120495,433,347,866
../data/bcsstk14.mtx,40,128,8,0.002162457,0.002161980,433,347,866
../data/bcsstk14.mtx,40,128,9,0.002027035,0.002026558,433,347,866
../data/bcsstk14.mtx,41,128,0,0.002051830,0.002051115,430,345,860
../data/bcsstk14.mtx,41,128,1,0.002086878,0.002086163,430,345,860
../data/bcsstk14.mtx,41,128,2,0.002201080,0.002200365,430,345,860
../data/bcsstk14.mtx,41,128,3,0.002080202,0.002079487,430,345,860
../data/bcsstk14.mtx,41,128,4,0.002146482,0.002145767,430,345,860
../data/bcsstk14.mtx,41,128,5,0.002227068,0.002226591,430,345,860
../data/bcsstk14.mtx,41,128,6,0.002035618,0.002035141,430,345,860
../data/bcsstk14.mtx,41,128,7,0.002105951,0.002105236,430,345,860
../data/bcsstk14.mtx,41,128,8,0.002155781,0.002155066,430,345,860
../data/bcsstk14.mtx,41,128,9,0.002016068,0.002015591,430,345,860
../data/bcsstk14.mtx,42,128,0,0.002028942,0.002028465,509,432,1018
../data/bcsstk14.mtx,42,128,1,0.002078295,0.002077818,509,432,1018
../data/bcsstk14.mtx,42,128,2,0.002171993,0.002171278,509,432,1018
../data/bcsstk14.mtx,42,128,3,0.002032280,0.002031565,509,432,1018
../data/bcsstk14.mtx,42,128,4,0.002141476,0.002140999,509,432,1018
../data/bcsstk14.mtx,42,128,5,0.002228498,0.002228022,509,432,1018
../data/bcsstk14.mtx,42,128,6,0.002025366,0.002024651,509,432,1018
../data/bcsstk14.mtx,42,128,7,0.002117395,0.002116919,509,432,1018
../data/bcsstk14.mtx,42,128,8,0.002154827,0.002154112,509,432,1018
../data/bcsstk14.mtx,42,128,9,0.002032995,0.002032518,509,432,1018
../data/bcsstk14.mtx,43,128,0,0.002037525,0.002036572,497,421,994
../data/bcsstk14.mtx,43,128,1,0.002071857,0.002071142,497,421,994
../data/bcsstk14.mtx,43,128,2,0.002164841,0.002164125,497,421,994
../data/bcsstk14.mtx,43,128,3,0.002022505,0.002022028,497,421,994
../data/bcsstk14.mtx,43,128,4,0.002129078,0.002128601,497,421,994
../data/bcsstk14.mtx,43,128,5,0.002227068,0.002226353,497,421,994
../data/bcsstk14.mtx,43,128,6,0.002017975,0.002017498,497,421,994
../data/bcsstk14.mtx,43,128,7,0.002107620,0.002107143,497,421,994
../data/bcsstk14.mtx,43,128,8,0.002131224,0.002130747,497,421,994
../data/bcsstk14.mtx,43,128,9,0.002001047,0.002000570,497,421,994
../data/bcsstk14.mtx,44,128,0,0.002029896,0.002029181,508,455,1016
../data/bcsstk14.mtx,44,128,1,0.002066851,0.002066374,508,455,1016
../data/bcsstk14.mtx,44,128,2,0.002161026,0.002160549,508,455,1016
../data/bcsstk14.mtx,44,128,3,0.002023458,0.002022743,508,455,1016
../data/bcsstk14.mtx,44,128,4,0.002149820,0.002149105,508,455,1016
../data/bcsstk14.mtx,44,128,5,0.002202272,0.002201557,508,455,1016
../data/bcsstk14.mtx,44,128,6,0.002024651,0.002023935,508,455,1016
../data/bcsstk14.mtx,44,128,7,0.002093315,0.002092838,508,455,1016
../data/bcsstk14.mtx,44,128,8,0.002129555,0.002129078,508,455,1016
../data/bcsstk14.mtx,44,128,9,0.002013445,0.002012968,508,455,1016
../data/bcsstk14.mtx,45,128,0,0.002026320,0.002025604,499,444,998
../data/bcsstk14.mtx,45,128,1,0.002071619,0.002070904,499,444,998
../data/bcsstk14.mtx,45,128,2,0.002146244,0.002145529,499,444,998
../data/bcsstk14.mtx,45,128,3,0.002014637,0.002014160,499,444,998
../data/bcsstk14.mtx,45,128,4,0.002127409,0.002126694,499,444,998
../data/bcsstk14.mtx,45,128,5,0.002191544,0.002190828,499,444,998
../data/bcsstk14.mtx,45,128,6,0.002020121,0.002019644,499,444,998
../data/bcsstk14.mtx,45,128,7,0.002089262,0.002088785,499,444,998
../data/bcsstk14.mtx,45,128,8,0.002126455,0.002125740,499,444,998
../data/bcsstk14.mtx,45,128,9,0.002006769,0.002006292,499,444,998
../data/bcsstk14.mtx,46,128,0,0.002013922,0.002013206,464,371,928
../data/bcsstk14.mtx,46,128,1,0.002052784,0.002052307,464,371,928
../data/bcsstk14.mtx,46,128,2,0.002148151,0.002147675,464,371,928
../data/bcsstk14.mtx,46,128,3,0.002006292,0.002005816,464,371,928
../data/bcsstk14.mtx,46,128,4,0.002135754,0.002135038,464,371,928
../data/bcsstk14.mtx,46,128,5,0.002193689,0.002193213,464,371,928
../data/bcsstk14.mtx,46,128,6,0.002012014,0.002011538,464,371,928
../data/bcsstk14.mtx,46,128,7,0.002081394,0.002080917,464,371,928
../data/bcsstk14.mtx,46,128,8,0.002124786,0.002124310,464,371,928
../data/bcsstk14.mtx,46,128,9,0.001995802,0.001995087,464,371,928
../data/bcsstk14.mtx,47,128,0,0.002010584,0.002010107,496,402,992
../data/bcsstk14.mtx,47,128,1,0.002068043,0.002067327,496,402,992
../data/bcsstk14.mtx,47,128,2,0.002119541,0.002119064,496,402,992
../data/bcsstk14.mtx,47,128,3,0.002002478,0.002002001,496,402,992
../data/bcsstk14.mtx,47,128,4,0.002127171,0.002126455,496,402,992
../data/bcsstk14.mtx,47,128,5,0.002200842,0.002200365,496,402,992
../data/bcsstk14.mtx,47,128,6,0.002002954,0.002002478,496,402,992
../data/bcsstk14.mtx,47,128,7,0.002070189,0.002069712,496,402,992
../data/bcsstk14.mtx,47,128,8,0.002126932,0.002126217,496,402,992
../data/bcsstk14.mtx,47,128,9,0.001993418,0.001992702,496,402,992
../data/bcsstk14.mtx,48,128,0,0.002057552,0.002056599,467,396,934
../data/bcsstk14.mtx,48,128,1,0.001991510,0.001990795,467,396,934
../data/bcsstk14.mtx,48,128,2,0.001888990,0.001888275,467,396,934
../data/bcsstk14.mtx,48,128,3,0.002003431,0.002002716,467,396,934
../data/bcsstk14.mtx,48,128,4,0.001880407,0.001879930,467,396,934
../data/bcsstk14.mtx,48,128,5,0.001900434,0.001899719,467,396,934
../data/bcsstk14.mtx,48,128,6,0.001988888,0.001988411,467,396,934
../data/bcsstk14.mtx,48,128,7,0.002007246,0.002006531,467,396,934
../data/bcsstk14.mtx,48,128,8,0.001975060,0.001974344,467,396,934
../data/bcsstk14.mtx,48,128,9,0.001958609,0.001958132,467,396,934
../data/bcsstk14.mtx,49,128,0,0.002042294,0.002041578,463,390,926
../data/bcsstk14.mtx,49,128,1,0.001979589,0.001979113,463,390,926
../data/bcsstk14.mtx,49,128,2,0.001863003,0.001862288,463,390,926
../data/bcsstk14.mtx,49,128,3,0.001967907,0.001967192,463,390,926
../data/bcsstk14.mtx,49,128,4,0.001867771,0.001867294,463,390,926
../data/bcsstk14.mtx,49,128,5,0.001869202,0.001868486,463,390,926
../data/bcsstk14.mtx,49,128,6,0.001976013,0.001975298,463,390,926
../data/bcsstk14.mtx,49,128,7,0.001987219,0.001986742,463,390,926
../data/bcsstk14.mtx,49,128,8,0.001962900,0.001962185,463,390,926
../data/bcsstk14.mtx,49,128,9,0.001975060,0.001974583,463,390,926
../data/bcsstk14.mtx,50,128,0,0.002098322,0.002097607,453,407,906
../data/bcsstk14.mtx,50,128,1,0.002009153,0.002008677,453,407,906
../data/bcsstk14.mtx,50,128,2,0.001871109,0.001870394,453,407,906
../data/bcsstk14.mtx,50,128,3,0.001967430,0.001966715,453,407,906
../data/bcsstk14.mtx,50,128,4,0.001908541,0.001907825,453,407,906
../data/bcsstk14.mtx,50,128,5,0.001901627,0.001900911,453,407,906
../data/bcsstk14.mtx,50,128,6,0.002026796,0.002026081,453,407,906
../data/bcsstk14.mtx,50,128,7,0.002023220,0.002022743,453,407,906
../data/bcsstk14.mtx,50,128,8,0.002080679,0.002080202,453,407,906
../data/bcsstk14.mtx,50,128,9,0.001992941,0.001992464,453,407,906
../data/bcsstk14.mtx,51,128,0,0.002102375,0.002101660,427,380,854
../data/bcsstk14.mtx,51,128,1,0.002014399,0.002013683,427,380,854
../data/bcsstk14.mtx,51,128,2,0.001884222,0.001883745,427,380,854
../data/bcsstk14.mtx,51,128,3,0.002043009,0.002042532,427,380,854
../data/bcsstk14.mtx,51,128,4,0.001947165,0.001946449,427,380,854
../data/bcsstk14.mtx,51,128,5,0.001878023,0.001877308,427,380,854
../data/bcsstk14.mtx,51,128,6,0.002027988,0.002027273,427,380,854
../data/bcsstk14.mtx,51,128,7,0.002057076,0.002056360,427,380,854
../data/bcsstk14.mtx,51,128,8,0.002086878,0.002086401,427,380,854
../data/bcsstk14.mtx,51,128,9,0.002000332,0.001999855,427,380,854
../data/bcsstk14.mtx,52,128,0,0.002095699,0.002094984,479,426,958
../data/bcsstk14.mtx,52,128,1,0.002029419,0.002028704,479,426,958
../data/bcsstk14.mtx,52,128,2,0.001856327,0.001855850,479,426,958
../data/bcsstk14.mtx,52,128,3,0.002010107,0.002009630,479,426,958
../data/bcsstk14.mtx,52,128,4,0.001901150,0.001900673,479,426,958
../data/bcsstk14.mtx,52,128,5,0.001924038,0.001923323,479,426,958
../data/bcsstk14.mtx,52,128,6,0.002055168,0.002054453,479,426,958
../data/bcsstk14.mtx,52,128,7,0.002045870,0.002045155,479,426,958
../data/bcsstk14.mtx,52,128,8,0.002116919,0.002116442,479,426,958
../data/bcsstk14.mtx,52,128,9,0.002019405,0.002018929,479,426,958
../data/bcsstk14.mtx,53,128,0,0.002077818,0.002076864,480,427,960
../data/bcsstk14.mtx,53,128,1,0.001986980,0.001986265,480,427,960
../data/bcsstk14.mtx,53,128,2,0.001865387,0.001864672,480,427,960
../data/bcsstk14.mtx,53,128,3,0.001971960,0.001971245,480,427,960
../data/bcsstk14.mtx,53,128,4,0.001888752,0.001888037,480,427,960
../data/bcsstk14.mtx,53,128,5,0.001899481,0.001898766,480,427,960
../data/bcsstk14.mtx,53,128,6,0.002038240,0.002037525,480,427,960
../data/bcsstk14.mtx,53,128,7,0.002032518,0.002031803,480,427,960
../data/bcsstk14.mtx,53,128,8,0.002112150,0.002111435,480,427,960
../data/bcsstk14.mtx,53,128,9,0.002027273,0.002026558,480,427,960
../data/bcsstk14.mtx,54,128,0,0.002113581,0.002112865,511,452,1022
../data/bcsstk14.mtx,54,128,1,0.002000332,0.001999617,511,452,1022
../data/bcsstk14.mtx,54,128,2,0.001824379,0.001823902,511,452,1022
../data/bcsstk14.mtx,54,128,3,0.002012968,0.002012253,511,452,1022
../data/bcsstk14.mtx,54,128,4,0.001880646,0.001880169,511,452,1022
../data/bcsstk14.mtx,54,128,5,0.001922369,0.001921654,511,452,1022
../data/bcsstk14.mtx,54,128,6,0.002048016,0.002047539,511,452,1022
../data/bcsstk14.mtx,54,128,7,0.002037764,0.002037048,511,452,1022
../data/bcsstk14.mtx,54,128,8,0.002107382,0.002106667,511,452,1022
../data/bcsstk14.mtx,54,128,9,0.002012253,0.002011538,511,452,1022
../data/bcsstk14.mtx,55,128,0,0.002092361,0.002091646,501,442,1002
../data/bcsstk14.mtx,55,128,1,0.002014160,0.002013445,501,442,1002
../data/bcsstk14.mtx,55,128,2,0.001815557,0.001814842,501,442,1002
../data/bcsstk14.mtx,55,128,3,0.002005100,0.002004385,501,442,1002
../data/bcsstk14.mtx,55,128,4,0.001885176,0.001884699,501,442,1002
../data/bcsstk14.mtx,55,128,5,0.001931667,0.001931190,501,442,1002
../data/bcsstk14.mtx,55,128,6,0.002040863,0.002040386,501,442,1002
../data/bcsstk14.mtx,55,128,7,0.002019167,0.002018690,501,442,1002
../data/bcsstk14.mtx,55,128,8,0.002115250,0.002114534,501,442,1002
../data/bcsstk14.mtx,55,128,9,0.002013206,0.002012730,501,442,1002
../data/bcsstk14.mtx,56,128,0,0.002087116,0.002086401,512,450,1024
../data/bcsstk14.mtx,56,128,1,0.002066374,0.002065659,512,450,1024
../data/bcsstk14.mtx,56,128,2,0.001850367,0.001849651,512,450,1024
../data/bcsstk14.mtx,56,128,3,0.002025127,0.002024412,512,450,1024
../data/bcsstk14.mtx,56,128,4,0.001950026,0.001949310,512,450,1024
../data/bcsstk14.mtx,56,128,5,0.001808167,0.001807690,512,450,1024
../data/bcsstk14.mtx,56,128,6,0.002087116,0.002086401,512,450,1024
../data/bcsstk14.mtx,56,128,7,0.002050161,0.002049446,512,450,1024
../data/bcsstk14.mtx,56,128,8,0.002120018,0.002119303,512,450,1024
../data/bcsstk14.mtx,56,128,9,0.002044678,0.002044201,512,450,1024
../data/bcsstk14.mtx,57,128,0,0.002115488,0.002114773,500,448,1000
../data/bcsstk14.mtx,57,128,1,0.002037764,0.002037048,500,448,1000
../data/bcsstk14.mtx,57,128,2,0.001832008,0.001831532,500,448,1000
../data/bcsstk14.mtx,57,128,3,0.002011776,0.002011299,500,448,1000
../data/bcsstk14.mtx,57,128,4,0.001942396,0.001941681,500,448,1000
../data/bcsstk14.mtx,57,128,5,0.001835585,0.001835108,500,448,1000
../data/bcsstk14.mtx,57,128,6,0.002075434,0.002074957,500,448,1000
../data/bcsstk14.mtx,57,128,7,0.002021551,0.002020836,500,448,1000
../data/bcsstk14.mtx,57,128,8,0.002109289,0.002108574,500,448,1000
../data/bcsstk14.mtx,57,128,9,0.002053499,0.002053022,500,448,1000
../data/bcsstk14.mtx,58,128,0,0.002101898,0.002101183,507,410,1014
../data/bcsstk14.mtx,58,128,1,0.002039433,0.002038717,507,410,1014
../data/bcsstk14.mtx,58,128,2,0.001820326,0.001819849,507,410,1014
../data/bcsstk14.mtx,58,128,3,0.002002239,0.002001524,507,410,1014
../data/bcsstk14.mtx,58,128,4,0.001937389,0.001936674,507,410,1014
../data/bcsstk14.mtx,58,128,5,0.001843929,0.001843214,507,410,1014
../data/bcsstk14.mtx,58,128,6,0.002065420,0.002064943,507,410,1014
../data/bcsstk14.mtx,58,128,7,0.002029657,0.002028942,507,410,1014
../data/bcsstk14.mtx,58,128,8,0.002119541,0.002119064,507,410,1014
../data/bcsstk14.mtx,58,128,9,0.002053022,0.002052307,507,410,1014
../data/bcsstk14.mtx,59,128,0,0.002084017,0.002083302,514,418,1028
../data/bcsstk14.mtx,59,128,1,0.002029419,0.002028942,514,418,1028
../data/bcsstk14.mtx,59,128,2,0.001821280,0.001820564,514,418,1028
../data/bcsstk14.mtx,59,128,3,0.002003193,0.002002716,514,418,1028
../data/bcsstk14.mtx,59,128,4,0.001920223,0.001919746,514,418,1028
../data/bcsstk14.mtx,59,128,5,0.001838923,0.001838207,514,418,1028
../data/bcsstk14.mtx,59,128,6,0.002060890,0.002060413,514,418,1028
../data/bcsstk14.mtx,59,128,7,0.002020121,0.002019405,514,418,1028
../data/bcsstk14.mtx,59,128,8,0.002110958,0.002110243,514,418,1028
../data/bcsstk14.mtx,59,128,9,0.002032518,0.002031803,514,418,1028
../data/bcsstk14.mtx,60,128,0,0.002090454,0.002089739,513,439,1026
../data/bcsstk14.mtx,60,128,1,0.002025843,0.002025127,513,439,1026
../data/bcsstk14.mtx,60,128,2,0.001798630,0.001798153,513,439,1026
../data/bcsstk14.mtx,60,128,3,0.001996994,0.001996517,513,439,1026
../data/bcsstk14.mtx,60,128,4,0.001944065,0.001943588,513,439,1026
../data/bcsstk14.mtx,60,128,5,0.001841307,0.001840830,513,439,1026
../data/bcsstk14.mtx,60,128,6,0.002061605,0.002060890,513,439,1026
../data/bcsstk14.mtx,60,128,7,0.002025127,0.002024412,513,439,1026
../data/bcsstk14.mtx,60,128,8,0.002112389,0.002111912,513,439,1026
../data/bcsstk14.mtx,60,128,9,0.002037048,0.002036572,513,439,1026
../data/bcsstk14.mtx,61,128,0,0.002094030,0.002093315,495,433,990
../data/bcsstk14.mtx,61,128,1,0.002029657,0.002028942,495,433,990
../data/bcsstk14.mtx,61,128,2,0.001810312,0.001809835,495,433,990
../data/bcsstk14.mtx,61,128,3,0.001995802,0.001995087,495,433,990
../data/bcsstk14.mtx,61,128,4,0.001936436,0.001935959,495,433,990
../data/bcsstk14.mtx,61,128,5,0.001834393,0.001833916,495,433,990
../data/bcsstk14.mtx,61,128,6,0.002061605,0.002061129,495,433,990
../data/bcsstk14.mtx,61,128,7,0.002020121,0.002019405,495,433,990
../data/bcsstk14.mtx,61,128,8,0.002101898,0.002101421,495,433,990
../data/bcsstk14.mtx,61,128,9,0.002036333,0.002035618,495,433,990
../data/bcsstk14.mtx,62,128,0,0.002092838,0.002092123,507,426,1014
../data/bcsstk14.mtx,62,128,1,0.002017736,0.002017021,507,426,1014
../data/bcsstk14.mtx,62,128,2,0.001734257,0.001733541,507,426,1014
../data/bcsstk14.mtx,62,128,3,0.001994848,0.001994133,507,426,1014
../data/bcsstk14.mtx,62,128,4,0.001931906,0.001931429,507,426,1014
../data/bcsstk14.mtx,62,128,5,0.001832008,0.001831532,507,426,1014
../data/bcsstk14.mtx,62,128,6,0.002059460,0.002058983,507,426,1014
../data/bcsstk14.mtx,62,128,7,0.002016306,0.002015829,507,426,1014
../data/bcsstk14.mtx,62,128,8,0.002118826,0.002118111,507,426,1014
../data/bcsstk14.mtx,62,128,9,0.002036333,0.002035618,507,426,1014
../data/bcsstk14.mtx,63,128,0,0.002083778,0.002083063,516,426,1032
../data/bcsstk14.mtx,63,128,1,0.002017498,0.002017021,516,426,1032
../data/bcsstk14.mtx,63,128,2,0.001718283,0.001717806,516,426,1032
../data/bcsstk14.mtx,63,128,3,0.001985073,0.001984358,516,426,1032
../data/bcsstk14.mtx,63,128,4,0.001929283,0.001928806,516,426,1032
../data/bcsstk14.mtx,63,128,5,0.001828194,0.001827717,516,426,1032
../data/bcsstk14.mtx,63,128,6,0.002060413,0.002059937,516,426,1032
../data/bcsstk14.mtx,63,128,7,0.002011776,0.002011299,516,426,1032
../data/bcsstk14.mtx,63,128,8,0.002117634,0.002116919,516,426,1032
../data/bcsstk14.mtx,63,128,9,0.002041817,0.002041101,516,426,1032
../data/bcsstk14.mtx,64,128,0,0.002114773,0.002114058,516,453,1032
../data/bcsstk14.mtx,64,128,1,0.002107382,0.002106667,516,453,1032
../data/bcsstk14.mtx,64,128,2,0.001726627,0.001725912,516,453,1032
../data/bcsstk14.mtx,64,128,3,0.002011299,0.002010584,516,453,1032
../data/bcsstk14.mtx,64,128,4,0.001950026,0.001949549,516,453,1032
../data/bcsstk14.mtx,64,128,5,0.001983166,0.001982450,516,453,1032
../data/bcsstk14.mtx,64,128,6,0.002130985,0.002130508,516,453,1032
../data/bcsstk14.mtx,64,128,7,0.002029419,0.002028704,516,453,1032
../data/bcsstk14.mtx,64,128,8,0.002145052,0.002144337,516,453,1032
../data/bcsstk14.mtx,64,128,9,0.002082109,0.002081633,516,453,1032
../data/bcsstk14.mtx,65,128,0,0.002089739,0.002089262,524,460,1048
../data/bcsstk14.mtx,65,128,1,0.002099514,0.002098799,524,460,1048
../data/bcsstk14.mtx,65,128,2,0.001714945,0.001714230,524,460,1048
../data/bcsstk14.mtx,65,128,3,0.001999140,0.001998425,524,460,1048
../data/bcsstk14.mtx,65,128,4,0.001956224,0.001955509,524,460,1048
../data/bcsstk14.mtx,65,128,5,0.001980066,0.001979589,524,460,1048
../data/bcsstk14.mtx,65,128,6,0.002137184,0.002136469,524,460,1048
../data/bcsstk14.mtx,65,128,7,0.002022266,0.002021551,524,460,1048
../data/bcsstk14.mtx,65,128,8,0.002140522,0.002139807,524,460,1048
../data/bcsstk14.mtx,65,128,9,0.002072811,0.002072334,524,460,1048
../data/bcsstk14.mtx,66,128,0,0.002114534,0.002113581,537,441,1074
../data/bcsstk14.mtx,66,128,1,0.002061844,0.002061129,537,441,1074
../data/bcsstk14.mtx,66,128,2,0.001612902,0.001612186,537,441,1074
../data/bcsstk14.mtx,66,128,3,0.001985073,0.001984358,537,441,1074
../data/bcsstk14.mtx,66,128,4,0.001839161,0.001838446,537,441,1074
../data/bcsstk14.mtx,66,128,5,0.001958370,0.001957655,537,441,1074
../data/bcsstk14.mtx,66,128,6,0.002122879,0.002122164,537,441,1074
../data/bcsstk14.mtx,66,128,7,0.002016068,0.002015352,537,441,1074
../data/bcsstk14.mtx,66,128,8,0.001994371,0.001993656,537,441,1074
../data/bcsstk14.mtx,66,128,9,0.002073288,0.002072573,537,441,1074
../data/bcsstk14.mtx,67,128,0,0.002118111,0.002117395,536,443,1072
../data/bcsstk14.mtx,67,128,1,0.001909494,0.001908779,536,443,1072
../data/bcsstk14.mtx,67,128,2,0.001555204,0.001554728,536,443,1072
../data/bcsstk14.mtx,67,128,3,0.001770258,0.001769543,536,443,1072
../data/bcsstk14.mtx,67,128,4,0.001836538,0.001835585,536,443,1072
../data/bcsstk14.mtx,67,128,5,0.001854658,0.001853943,536,443,1072
../data/bcsstk14.mtx,67,128,6,0.002114296,0.002113581,536,443,1072
../data/bcsstk14.mtx,67,128,7,0.002009630,0.002008915,536,443,1072
../data/bcsstk14.mtx,67,128,8,0.001788139,0.001787424,536,443,1072
../data/bcsstk14.mtx,67,128,9,0.002063990,0.002063274,536,443,1072
../data/bcsstk14.mtx,68,128,0,0.002113342,0.002112627,499,413,998
../data/bcsstk14.mtx,68,128,1,0.002101898,0.002101183,499,413,998
../data/bcsstk14.mtx,68,128,2,0.001660585,0.001659870,499,413,998
../data/bcsstk14.mtx,68,128,3,0.001993895,0.001993179,499,413,998
../data/bcsstk14.mtx,68,128,4,0.001971006,0.001970530,499,413,998
../data/bcsstk14.mtx,68,128,5,0.001977205,0.001976728,499,413,998
../data/bcsstk14.mtx,68,128,6,0.002116203,0.002115488,499,413,998
../data/bcsstk14.mtx,68,128,7,0.002024889,0.002024412,499,413,998
../data/bcsstk14.mtx,68,128,8,0.002146721,0.002146244,499,413,998
../data/bcsstk14.mtx,68,128,9,0.002070189,0.002069712,499,413,998
../data/bcsstk14.mtx,69,128,0,0.002094984,0.002094269,526,440,1052
../data/bcsstk14.mtx,69,128,1,0.002096176,0.002095699,526,440,1052
../data/bcsstk14.mtx,69,128,2,0.001648903,0.001648188,526,440,1052
../data/bcsstk14.mtx,69,128,3,0.001977682,0.001976967,526,440,1052
../data/bcsstk14.mtx,69,128,4,0.001963377,0.001962662,526,440,1052
../data/bcsstk14.mtx,69,128,5,0.001966476,0.001965761,526,440,1052
../data/bcsstk14.mtx,69,128,6,0.002115965,0.002115250,526,440,1052
../data/bcsstk14.mtx,69,128,7,0.002024174,0.002023458,526,440,1052
../data/bcsstk14.mtx,69,128,8,0.002129316,0.002128839,526,440,1052
../data/bcsstk14.mtx,69,128,9,0.002069950,0.002069473,526,440,1052
../data/bcsstk14.mtx,70,128,0,0.002088785,0.002088070,478,426,956
../data/bcsstk14.mtx,70,128,1,0.002101898,0.002101421,478,426,956
../data/bcsstk14.mtx,70,128,2,0.001633883,0.001633167,478,426,956
../data/bcsstk14.mtx,70,128,3,0.001993895,0.001993418,478,426,956
../data/bcsstk14.mtx,70,128,4,0.001956463,0.001955986,478,426,956
../data/bcsstk14.mtx,70,128,5,0.001965284,0.001964569,478,426,956
../data/bcsstk14.mtx,70,128,6,0.002119541,0.002118826,478,426,956
../data/bcsstk14.mtx,70,128,7,0.002017736,0.002017021,478,426,956
../data/bcsstk14.mtx,70,128,8,0.002136230,0.002135754,478,426,956
../data/bcsstk14.mtx,70,128,9,0.002062559,0.002061844,478,426,956
../data/bcsstk14.mtx,71,128,0,0.002089262,0.002088547,469,412,938
../data/bcsstk14.mtx,71,128,1,0.002080917,0.002080202,469,412,938
../data/bcsstk14.mtx,71,128,2,0.001622438,0.001621962,469,412,938
../data/bcsstk14.mtx,71,128,3,0.001989603,0.001989126,469,412,938
../data/bcsstk14.mtx,71,128,4,0.001945496,0.001945019,469,412,938
../data/bcsstk14.mtx,71,128,5,0.001957417,0.001956940,469,412,938
../data/bcsstk14.mtx,71,128,6,0.002120972,0.002120495,469,412,938
../data/bcsstk14.mtx,71,128,7,0.002007484,0.002007008,469,412,938
../data/bcsstk14.mtx,71,128,8,0.002123833,0.002123356,469,412,938
../data/bcsstk14.mtx,71,128,9,0.002052307,0.002051830,469,412,938
../data/bcsstk14.mtx,72,128,0,0.002135038,0.002134562,448,399,896
../data/bcsstk14.mtx,72,128,1,0.002170324,0.002169847,448,399,896
../data/bcsstk14.mtx,72,128,2,0.001912117,0.001911640,448,399,896
../data/bcsstk14.mtx,72,128,3,0.002076149,0.002075672,448,399,896
../data/bcsstk14.mtx,72,128,4,0.002261162,0.002260685,448,399,896
../data/bcsstk14.mtx,72,128,5,0.002369881,0.002369404,448,399,896
../data/bcsstk14.mtx,72,128,6,0.002208710,0.002208233,448,399,896
../data/bcsstk14.mtx,72,128,7,0.002042532,0.002042055,448,399,896
../data/bcsstk14.mtx,72,128,8,0.002266407,0.002265930,448,399,896
../data/bcsstk14.mtx,72,128,9,0.002141714,0.002141237,448,399,896
../data/bcsstk14.mtx,73,128,0,0.002122641,0.002122164,464,416,928
../data/bcsstk14.mtx,73,128,1,0.002142906,0.002142191,464,416,928
../data/bcsstk14.mtx,73,128,2,0.001896143,0.001895666,464,416,928
../data/bcsstk14.mtx,73,128,3,0.002069235,0.002068758,464,416,928
../data/bcsstk14.mtx,73,128,4,0.002253771,0.002253294,464,416,928
../data/bcsstk14.mtx,73,128,5,0.002354383,0.002353668,464,416,928
../data/bcsstk14.mtx,73,128,6,0.002181292,0.002180815,464,416,928
../data/bcsstk14.mtx,73,128,7,0.002037525,0.002037048,464,416,928
../data/bcsstk14.mtx,73,128,8,0.002259493,0.002259016,464,416,928
../data/bcsstk14.mtx,73,128,9,0.002122164,0.002121687,464,416,928
../data/bcsstk14.mtx,74,128,0,0.002116203,0.002115488,496,426,992
../data/bcsstk14.mtx,74,128,1,0.002144337,0.002143860,496,426,992
../data/bcsstk14.mtx,74,128,2,0.001883030,0.001882553,496,426,992
../data/bcsstk14.mtx,74,128,3,0.002061844,0.002061367,496,426,992
../data/bcsstk14.mtx,74,128,4,0.002244711,0.002244234,496,426,992
../data/bcsstk14.mtx,74,128,5,0.002366304,0.002365828,496,426,992
../data/bcsstk14.mtx,74,128,6,0.002181768,0.002181292,496,426,992
../data/bcsstk14.mtx,74,128,7,0.002039194,0.002038717,496,426,992
../data/bcsstk14.mtx,74,128,8,0.002255201,0.002254725,496,426,992
../data/bcsstk14.mtx,74,128,9,0.002135038,0.002134562,496,426,992
../data/bcsstk14.mtx,75,128,0,0.002072573,0.002071619,501,435,1002
../data/bcsstk14.mtx,75,128,1,0.002141237,0.002140522,501,435,1002
../data/bcsstk14.mtx,75,128,2,0.002076387,0.002075672,501,435,1002
../data/bcsstk14.mtx,75,128,3,0.002111673,0.002110958,501,435,1002
../data/bcsstk14.mtx,75,128,4,0.002252102,0.002251387,501,435,1002
../data/bcsstk14.mtx,75,128,5,0.002373219,0.002372503,501,435,1002
../data/bcsstk14.mtx,75,128,6,0.002206802,0.002206087,501,435,1002
../data/bcsstk14.mtx,75,128,7,0.002104044,0.002103567,501,435,1002
../data/bcsstk14.mtx,75,128,8,0.002268076,0.002267599,501,435,1002
../data/bcsstk14.mtx,75,128,9,0.002126932,0.002126217,501,435,1002
../data/bcsstk14.mtx,76,128,0,0.002100945,0.002100468,518,438,1036
../data/bcsstk14.mtx,76,128,1,0.002145290,0.002144814,518,438,1036
../data/bcsstk14.mtx,76,128,2,0.002086878,0.002086163,518,438,1036
../data/bcsstk14.mtx,76,128,3,0.002074718,0.002074003,518,438,1036
../data/bcsstk14.mtx,76,128,4,0.002253294,0.002252579,518,438,1036
../data/bcsstk14.mtx,76,128,5,0.002338171,0.002337456,518,438,1036
../data/bcsstk14.mtx,76,128,6,0.002180815,0.002180338,518,438,1036
../data/bcsstk14.mtx,76,128,7,0.002028227,0.002027750,518,438,1036
../data/bcsstk14.mtx,76,128,8,0.002248287,0.002247572,518,438,1036
../data/bcsstk14.mtx,76,128,9,0.002127171,0.002126694,518,438,1036
../data/bcsstk14.mtx,77,128,0,0.002073050,0.002072334,518,438,1036
../data/bcsstk14.mtx,77,128,1,0.002133369,0.002132893,518,438,1036
../data/bcsstk14.mtx,77,128,2,0.002084732,0.002084255,518,438,1036
../data/bcsstk14.mtx,77,128,3,0.002074957,0.002074480,518,438,1036
../data/bcsstk14.mtx,77,128,4,0.002241611,0.002241135,518,438,1036
../data/bcsstk14.mtx,77,128,5,0.002346277,0.002345800,518,438,1036
../data/bcsstk14.mtx,77,128,6,0.002157450,0.002156973,518,438,1036
../data/bcsstk14.mtx,77,128,7,0.002022028,0.002021551,518,438,1036
../data/bcsstk14.mtx,77,128,8,0.002225876,0.002225161,518,438,1036
../data/bcsstk14.mtx,77,128,9,0.002119303,0.002118826,518,438,1036
../data/bcsstk14.mtx,78,128,0,0.002083063,0.002082586,528,443,1056
../data/bcsstk14.mtx,78,128,1,0.002124310,0.002123594,528,443,1056
../data/bcsstk14.mtx,78,128,2,0.002079248,0.002078533,528,443,1056
../data/bcsstk14.mtx,78,128,3,0.002068996,0.002068520,528,443,1056
../data/bcsstk14.mtx,78,128,4,0.002222776,0.002222300,528,443,1056
../data/bcsstk14.mtx,78,128,5,0.002338648,0.002338171,528,443,1056
../data/bcsstk14.mtx,78,128,6,0.002165556,0.002165079,528,443,1056
../data/bcsstk14.mtx,78,128,7,0.002026558,0.002026081,528,443,1056
../data/bcsstk14.mtx,78,128,8,0.002221346,0.002220869,528,443,1056
../data/bcsstk14.mtx,78,128,9,0.002114773,0.002114296,528,443,1056
../data/bcsstk14.mtx,79,128,0,0.002091408,0.002090216,535,449,1070
../data/bcsstk14.mtx,79,128,1,0.002156973,0.002156258,535,449,1070
../data/bcsstk14.mtx,79,128,2,0.002086163,0.002085209,535,449,1070
../data/bcsstk14.mtx,79,128,3,0.002127647,0.002126932,535,449,1070
../data/bcsstk14.mtx,79,128,4,0.002260923,0.002260208,535,449,1070
../data/bcsstk14.mtx,79,128,5,0.002338171,0.002337217,535,449,1070
../data/bcsstk14.mtx,79,128,6,0.002181768,0.002181053,535,449,1070
../data/bcsstk14.mtx,79,128,7,0.002164364,0.002163649,535,449,1070
../data/bcsstk14.mtx,79,128,8,0.002238512,0.002237797,535,449,1070
../data/bcsstk14.mtx,79,128,9,0.002148390,0.002147675,535,449,1070
../data/bcsstk14.mtx,80,128,0,0.002070427,0.002069950,528,449,1056
../data/bcsstk14.mtx,80,128,1,0.002131939,0.002131462,528,449,1056
../data/bcsstk14.mtx,80,128,2,0.002081633,0.002081156,528,449,1056
../data/bcsstk14.mtx,80,128,3,0.002116680,0.002116203,528,449,1056
../data/bcsstk14.mtx,80,128,4,0.002233505,0.002233028,528,449,1056
../data/bcsstk14.mtx,80,128,5,0.002330065,0.002329350,528,449,1056
../data/bcsstk14.mtx,80,128,6,0.002156496,0.002156019,528,449,1056
../data/bcsstk14.mtx,80,128,7,0.002103090,0.002102613,528,449,1056
../data/bcsstk14.mtx,80,128,8,0.002227068,0.002226353,528,449,1056
../data/bcsstk14.mtx,80,128,9,0.002107143,0.002106428,528,449,1056
../data/bcsstk14.mtx,81,128,0,0.002066374,0.002065659,523,446,1046
../data/bcsstk14.mtx,81,128,1,0.002135038,0.002134562,523,446,1046
../data/bcsstk14.mtx,81,128,2,0.002079487,0.002079010,523,446,1046
../data/bcsstk14.mtx,81,128,3,0.002098322,0.002097607,523,446,1046
../data/bcsstk14.mtx,81,128,4,0.002226114,0.002225637,523,446,1046
../data/bcsstk14.mtx,81,128,5,0.002321005,0.002320528,523,446,1046
../data/bcsstk14.mtx,81,128,6,0.002162695,0.002162218,523,446,1046
../data/bcsstk14.mtx,81,128,7,0.002090216,0.002089739,523,446,1046
../data/bcsstk14.mtx,81,128,8,0.002201796,0.002201080,523,446,1046
../data/bcsstk14.mtx,81,128,9,0.002089262,0.002088785,523,446,1046
../data/bcsstk14.mtx,82,128,0,0.002053976,0.002053261,497,401,994
../data/bcsstk14.mtx,82,128,1,0.002133846,0.002133369,497,401,994
../data/bcsstk14.mtx,82,128,2,0.002078533,0.002077818,497,401,994
../data/bcsstk14.mtx,82,128,3,0.002111912,0.002111435,497,401,994
../data/bcsstk14.mtx,82,128,4,0.002203703,0.002203226,497,401,994
../data/bcsstk14.mtx,82,128,5,0.002339125,0.002338409,497,401,994
../data/bcsstk14.mtx,82,128,6,0.002146244,0.002145767,497,401,994
../data/bcsstk14.mtx,82,128,7,0.002094269,0.002093554,497,401,994
../data/bcsstk14.mtx,82,128,8,0.002182722,0.002182007,497,401,994
../data/bcsstk14.mtx,82,128,9,0.002081871,0.002081394,497,401,994
../data/bcsstk14.mtx,83,128,0,0.002049685,0.002048969,480,384,960
../data/bcsstk14.mtx,83,128,1,0.002118826,0.002118111,480,384,960
../data/bcsstk14.mtx,83,128,2,0.002074957,0.002074480,480,384,960
../data/bcsstk14.mtx,83,128,3,0.002110481,0.002109766,480,384,960
../data/bcsstk14.mtx,83,128,4,0.002211332,0.002210855,480,384,960
../data/bcsstk14.mtx,83,128,5,0.002318382,0.002317905,480,384,960
../data/bcsstk14.mtx,83,128,6,0.002147913,0.002147198,480,384,960
../data/bcsstk14.mtx,83,128,7,0.002083540,0.002083063,480,384,960
../data/bcsstk14.mtx,83,128,8,0.002156258,0.002155781,480,384,960
../data/bcsstk14.mtx,83,128,9,0.002084732,0.002084255,480,384,960
../data/bcsstk14.mtx,84,128,0,0.002057552,0.002057076,405,324,810
../data/bcsstk14.mtx,84,128,1,0.002111197,0.002110958,405,324,810
../data/bcsstk14.mtx,84,128,2,0.002081394,0.002080917,405,324,810
../data/bcsstk14.mtx,84,128,3,0.002106667,0.002106190,405,324,810
../data/bcsstk14.mtx,84,128,4,0.002205372,0.002204895,405,324,810
../data/bcsstk14.mtx,84,128,5,0.002298117,0.002297640,405,324,810
../data/bcsstk14.mtx,84,128,6,0.002121210,0.002120733,405,324,810
../data/bcsstk14.mtx,84,128,7,0.002086639,0.002086163,405,324,810
../data/bcsstk14.mtx,84,128,8,0.002166986,0.002166510,405,324,810
../data/bcsstk14.mtx,84,128,9,0.002081871,0.002081394,405,324,810
../data/bcsstk14.mtx,85,128,0,0.002059698,0.002058983,410,329,820
../data/bcsstk14.mtx,85,128,1,0.002105951,0.002105236,410,329,820
../data/bcsstk14.mtx,85,128,2,0.002072811,0.002072334,410,329,820
../data/bcsstk14.mtx,85,128,3,0.002109051,0.002108574,410,329,820
../data/bcsstk14.mtx,85,128,4,0.002216339,0.002215862,410,329,820
../data/bcsstk14.mtx,85,128,5,0.002296925,0.002296448,410,329,820
../data/bcsstk14.mtx,85,128,6,0.002135992,0.002135515,410,329,820
../data/bcsstk14.mtx,85,128,7,0.002081394,0.002080917,410,329,820
../data/bcsstk14.mtx,85,128,8,0.002152443,0.002151966,410,329,820
../data/bcsstk14.mtx,85,128,9,0.002059937,0.002059698,410,329,820
../data/bcsstk14.mtx,86,128,0,0.002051830,0.002051353,418,371,836
../data/bcsstk14.mtx,86,128,1,0.002094984,0.002094507,418,371,836
../data/bcsstk14.mtx,86,128,2,0.002081394,0.002080917,418,371,836
../data/bcsstk14.mtx,86,128,3,0.002103806,0.002103329,418,371,836
../data/bcsstk14.mtx,86,128,4,0.002209663,0.002209187,418,371,836
../data/bcsstk14.mtx,86,128,5,0.002306700,0.002306223,418,371,836
../data/bcsstk14.mtx,86,128,6,0.002118826,0.002118587,418,371,836
../data/bcsstk14.mtx,86,128,7,0.002084732,0.002084255,418,371,836
../data/bcsstk14.mtx,86,128,8,0.002132893,0.002132654,418,371,836
../data/bcsstk14.mtx,86,128,9,0.002041101,0.002040625,418,371,836
../data/bcsstk14.mtx,87,128,0,0.001675844,0.001675367,444,391,888
../data/bcsstk14.mtx,87,128,1,0.002121687,0.002120972,444,391,888
../data/bcsstk14.mtx,87,128,2,0.002070904,0.002070427,444,391,888
../data/bcsstk14.mtx,87,128,3,0.002102137,0.002101421,444,391,888
../data/bcsstk14.mtx,87,128,4,0.002240419,0.002239704,444,391,888
../data/bcsstk14.mtx,87,128,5,0.002323389,0.002322912,444,391,888
../data/bcsstk14.mtx,87,128,6,0.002149105,0.002148390,444,391,888
../data/bcsstk14.mtx,87,128,7,0.002074003,0.002073288,444,391,888
../data/bcsstk14.mtx,87,128,8,0.002217531,0.002216816,444,391,888
../data/bcsstk14.mtx,87,128,9,0.002112389,0.002111912,444,391,888
../data/bcsstk14.mtx,88,128,0,0.002074957,0.002074242,455,401,910
../data/bcsstk14.mtx,88,128,1,0.002125740,0.002125263,455,401,910
../data/bcsstk14.mtx,88,128,2,0.002080202,0.002079725,455,401,910
../data/bcsstk14.mtx,88,128,3,0.002103329,0.002102613,455,401,910
../data/bcsstk14.mtx,88,128,4,0.002175808,0.002175331,455,401,910
../data/bcsstk14.mtx,88,128,5,0.002290726,0.002290249,455,401,910
../data/bcsstk14.mtx,88,128,6,0.002100945,0.002100468,455,401,910
../data/bcsstk14.mtx,88,128,7,0.002088308,0.002087593,455,401,910
../data/bcsstk14.mtx,88,128,8,0.002110720,0.002110004,455,401,910
../data/bcsstk14.mtx,88,128,9,0.002036810,0.002036333,455,401,910
../data/bcsstk14.mtx,89,128,0,0.002055407,0.002054691,425,374,850
../data/bcsstk14.mtx,89,128,1,0.002098799,0.002098322,425,374,850
../data/bcsstk14.mtx,89,128,2,0.002072334,0.002071857,425,374,850
../data/bcsstk14.mtx,89,128,3,0.002096176,0.002095699,425,374,850
../data/bcsstk14.mtx,89,128,4,0.002131462,0.002130985,425,374,850
../data/bcsstk14.mtx,89,128,5,0.002277136,0.002276659,425,374,850
../data/bcsstk14.mtx,89,128,6,0.002088785,0.002088308,425,374,850
../data/bcsstk14.mtx,89,128,7,0.002090454,0.002089977,425,374,850
../data/bcsstk14.mtx,89,128,8,0.002090693,0.002090216,425,374,850
../data/bcsstk14.mtx,89,128,9,0.002006531,0.002006054,425,374,850
../data/bcsstk14.mtx,90,128,0,0.002058983,0.002058506,505,438,1010
../data/bcsstk14.mtx,90,128,1,0.002011538,0.002010822,505,438,1010
../data/bcsstk14.mtx,90,128,2,0.002068758,0.002068281,505,438,1010
../data/bcsstk14.mtx,90,128,3,0.002105236,0.002104521,505,438,1010
../data/bcsstk14.mtx,90,128,4,0.002126455,0.002125740,505,438,1010
../data/bcsstk14.mtx,90,128,5,0.002246141,0.002245665,505,438,1010
../data/bcsstk14.mtx,90,128,6,0.002023458,0.002022743,505,438,1010
../data/bcsstk14.mtx,90,128,7,0.002088070,0.002087593,505,438,1010
../data/bcsstk14.mtx,90,128,8,0.002066135,0.002065659,505,438,1010
../data/bcsstk14.mtx,90,128,9,0.001993418,0.001992941,505,438,1010
../data/bcsstk14.mtx,91,128,0,0.002047777,0.002047062,509,441,1018
../data/bcsstk14.mtx,91,128,1,0.001991034,0.001990557,509,441,1018
../data/bcsstk14.mtx,91,128,2,0.002064228,0.002063751,509,441,1018
../data/bcsstk14.mtx,91,128,3,0.002108097,0.002107620,509,441,1018
../data/bcsstk14.mtx,91,128,4,0.002105236,0.002104759,509,441,1018
../data/bcsstk14.mtx,91,128,5,0.002235651,0.002234936,509,441,1018
../data/bcsstk14.mtx,91,128,6,0.002021790,0.002021313,509,441,1018
../data/bcsstk14.mtx,91,128,7,0.002084255,0.002083778,509,441,1018
../data/bcsstk14.mtx,91,128,8,0.002058506,0.002058029,509,441,1018
../data/bcsstk14.mtx,91,128,9,0.001995564,0.001995087,509,441,1018
../data/bcsstk14.mtx,92,128,0,0.002068043,0.002067327,519,451,1038
../data/bcsstk14.mtx,92,128,1,0.001984119,0.001983404,519,451,1038
../data/bcsstk14.mtx,92,128,2,0.002072334,0.002071619,519,451,1038
../data/bcsstk14.mtx,92,128,3,0.002101660,0.002100945,519,451,1038
../data/bcsstk14.mtx,92,128,4,0.002105713,0.002104998,519,451,1038
../data/bcsstk14.mtx,92,128,5,0.002228737,0.002228260,519,451,1038
../data/bcsstk14.mtx,92,128,6,0.002000093,0.001999378,519,451,1038
../data/bcsstk14.mtx,92,128,7,0.002087593,0.002087116,519,451,1038
../data/bcsstk14.mtx,92,128,8,0.002043724,0.002043009,519,451,1038
../data/bcsstk14.mtx,92,128,9,0.002008200,0.002007723,519,451,1038
../data/bcsstk14.mtx,93,128,0,0.002062798,0.002062082,522,452,1044
../data/bcsstk14.mtx,93,128,1,0.001967192,0.001966476,522,452,1044
../data/bcsstk14.mtx,93,128,2,0.002058983,0.002058268,522,452,1044
../data/bcsstk14.mtx,93,128,3,0.002104044,0.002103329,522,452,1044
../data/bcsstk14.mtx,93,128,4,0.002087116,0.002086401,522,452,1044
../data/bcsstk14.mtx,93,128,5,0.002187252,0.002186537,522,452,1044
../data/bcsstk14.mtx,93,128,6,0.001982212,0.001981735,522,452,1044
../data/bcsstk14.mtx,93,128,7,0.002086639,0.002086163,522,452,1044
../data/bcsstk14.mtx,93,128,8,0.002019644,0.002019167,522,452,1044
../data/bcsstk14.mtx,93,128,9,0.001990557,0.001989841,522,452,1044
../data/bcsstk14.mtx,94,128,0,0.002054214,0.002053499,523,476,1046
../data/bcsstk14.mtx,94,128,1,0.001970053,0.001969337,523,476,1046
../data/bcsstk14.mtx,94,128,2,0.002047062,0.002046585,523,476,1046
../data/bcsstk14.mtx,94,128,3,0.002100706,0.002099991,523,476,1046
../data/bcsstk14.mtx,94,128,4,0.002081871,0.002081156,523,476,1046
../data/bcsstk14.mtx,94,128,5,0.002177000,0.002176523,523,476,1046
../data/bcsstk14.mtx,94,128,6,0.001995564,0.001994848,523,476,1046
../data/bcsstk14.mtx,94,128,7,0.002081633,0.002081156,523,476,1046
../data/bcsstk14.mtx,94,128,8,0.002009630,0.002008915,523,476,1046
../data/bcsstk14.mtx,94,128,9,0.001954794,0.001954079,523,476,1046
../data/bcsstk14.mtx,95,128,0,0.002046824,0.002046108,538,485,1076
../data/bcsstk14.mtx,95,128,1,0.001950741,0.001950026,538,485,1076
../data/bcsstk14.mtx,95,128,2,0.002069712,0.002069235,538,485,1076
../data/bcsstk14.mtx,95,128,3,0.002094269,0.002093792,538,485,1076
../data/bcsstk14.mtx,95,128,4,0.002097607,0.002097130,538,485,1076
../data/bcsstk14.mtx,95,128,5,0.002162218,0.002161741,538,485,1076
../data/bcsstk14.mtx,95,128,6,0.001976967,0.001976252,538,485,1076
../data/bcsstk14.mtx,95,128,7,0.002075195,0.002074718,538,485,1076
../data/bcsstk14.mtx,95,128,8,0.002016306,0.002015829,538,485,1076
../data/bcsstk14.mtx,95,128,9,0.001959562,0.001959085,538,485,1076
../data/bcsstk14.mtx,96,128,0,0.002146482,0.002146006,513,433,1026
../data/bcsstk14.mtx,96,128,1,0.001920223,0.001919746,513,433,1026
../data/bcsstk14.mtx,96,128,2,0.002061367,0.002060652,513,433,1026
../data/bcsstk14.mtx,96,128,3,0.002110720,0.002110243,513,433,1026
../data/bcsstk14.mtx,96,128,4,0.002037764,0.002037287,513,433,1026
../data/bcsstk14.mtx,96,128,5,0.002117872,0.002117395,513,433,1026
../data/bcsstk14.mtx,96,128,6,0.001956463,0.001955986,513,433,1026
../data/bcsstk14.mtx,96,128,7,0.002096176,0.002095699,513,433,1026
../data/bcsstk14.mtx,96,128,8,0.002001286,0.002000809,513,433,1026
../data/bcsstk14.mtx,96,128,9,0.001909256,0.001908779,513,433,1026
../data/bcsstk14.mtx,97,128,0,0.002140760,0.002140045,512,435,1024
../data/bcsstk14.mtx,97,128,1,0.001910925,0.001910210,512,435,1024
../data/bcsstk14.mtx,97,128,2,0.002084255,0.002083778,512,435,1024
../data/bcsstk14.mtx,97,128,3,0.002102852,0.002102375,512,435,1024
../data/bcsstk14.mtx,97,128,4,0.002045155,0.002044678,512,435,1024
../data/bcsstk14.mtx,97,128,5,0.002121210,0.002120733,512,435,1024
../data/bcsstk14.mtx,97,128,6,0.001940966,0.001940489,512,435,1024
../data/bcsstk14.mtx,97,128,7,0.002082348,0.002081633,512,435,1024
../data/bcsstk14.mtx,97,128,8,0.001980782,0.001980305,512,435,1024
../data/bcsstk14.mtx,97,128,9,0.001894951,0.001894474,512,435,1024
../data/bcsstk14.mtx,98,128,0,0.002050400,0.002049923,502,419,1004
../data/bcsstk14.mtx,98,128,1,0.001890182,0.001889706,502,419,1004
../data/bcsstk14.mtx,98,128,2,0.002053022,0.002052546,502,419,1004
../data/bcsstk14.mtx,98,128,3,0.002099991,0.002099514,502,419,1004
../data/bcsstk14.mtx,98,128,4,0.002018929,0.002018452,502,419,1004
../data/bcsstk14.mtx,98,128,5,0.002088547,0.002088070,502,419,1004
../data/bcsstk14.mtx,98,128,6,0.001936674,0.001936197,502,419,1004
../data/bcsstk14.mtx,98,128,7,0.002084970,0.002084494,502,419,1004
../data/bcsstk14.mtx,98,128,8,0.001972675,0.001972198,502,419,1004
../data/bcsstk14.mtx,98,128,9,0.001893044,0.001892567,502,419,1004
../data/bcsstk14.mtx,99,128,0,0.002039909,0.002039194,501,421,1002
../data/bcsstk14.mtx,99,128,1,0.001870155,0.001869440,501,421,1002
../data/bcsstk14.mtx,99,128,2,0.002051830,0.002051115,501,421,1002
../data/bcsstk14.mtx,99,128,3,0.002097130,0.002096415,501,421,1002
../data/bcsstk14.mtx,99,128,4,0.002011299,0.002010345,501,421,1002
../data/bcsstk14.mtx,99,128,5,0.001880169,0.001879454,501,421,1002
../data/bcsstk14.mtx,99,128,6,0.001729965,0.001729250,501,421,1002
../data/bcsstk14.mtx,99,128,7,0.002068520,0.002067566,501,421,1002
../data/bcsstk14.mtx,99,128,8,0.001963139,0.001962423,501,421,1002
../data/bcsstk14.mtx,99,128,9,0.001890659,0.001890182,501,421,1002
../data/bcsstk14.mtx,100,128,0,0.002042294,0.002041817,451,392,902
../data/bcsstk14.mtx,100,128,1,0.001852751,0.001852274,451,392,902
../data/bcsstk14.mtx,100,128,2,0.002039909,0.002039433,451,392,902
../data/bcsstk14.mtx,100,128,3,0.002085686,0.002085209,451,392,902
../data/bcsstk14.mtx,100,128,4,0.001958847,0.001958609,451,392,902
../data/bcsstk14.mtx,100,128,5,0.002072334,0.002071857,451,392,902
../data/bcsstk14.mtx,100,128,6,0.001907587,0.001907110,451,392,902
../data/bcsstk14.mtx,100,128,7,0.002067327,0.002066851,451,392,902
../data/bcsstk14.mtx,100,128,8,0.001961708,0.001961470,451,392,902
../data/bcsstk14.mtx,100,128,9,0.001835108,0.001834869,451,392,902
../data/bcsstk14.mtx,101,128,0,0.002036095,0.002035618,455,390,910
../data/bcsstk14.mtx,101,128,1,0.001823664,0.001823187,455,390,910
../data/bcsstk14.mtx,101,128,2,0.002036572,0.002036095,455,390,910
../data/bcsstk14.mtx,101,128,3,0.002076149,0.002075672,455,390,910
../data/bcsstk14.mtx,101,128,4,0.001935244,0.001934767,455,390,910
../data/bcsstk14.mtx,101,128,5,0.002060413,0.002060175,455,390,910
../data/bcsstk14.mtx,101,128,6,0.001878262,0.001877785,455,390,910
../data/bcsstk14.mtx,101,128,7,0.002059698,0.002059221,455,390,910
../data/bcsstk14.mtx,101,128,8,0.001936674,0.001936197,455,390,910
../data/bcsstk14.mtx,101,128,9,0.001818895,0.001818419,455,390,910
../data/bcsstk14.mtx,102,128,0,0.002038717,0.002038002,526,464,1052
../data/bcsstk14.mtx,102,128,1,0.001828432,0.001827955,526,464,1052
../data/bcsstk14.mtx,102,128,2,0.002031565,0.002031088,526,464,1052
../data/bcsstk14.mtx,102,128,3,0.002077341,0.002076864,526,464,1052
../data/bcsstk14.mtx,102,128,4,0.001938343,0.001937866,526,464,1052
../data/bcsstk14.mtx,102,128,5,0.002068043,0.002067566,526,464,1052
../data/bcsstk14.mtx,102,128,6,0.001876831,0.001876354,526,464,1052
../data/bcsstk14.mtx,102,128,7,0.002045393,0.002044916,526,464,1052
../data/bcsstk14.mtx,102,128,8,0.001934767,0.001934290,526,464,1052
../data/bcsstk14.mtx,102,128,9,0.001821756,0.001821280,526,464,1052
../data/bcsstk14.mtx,103,128,0,0.002031565,0.002031088,520,456,1040
../data/bcsstk14.mtx,103,128,1,0.001829863,0.001829386,520,456,1040
../data/bcsstk14.mtx,103,128,2,0.002073288,0.002072811,520,456,1040
../data/bcsstk14.mtx,103,128,3,0.002074003,0.002073526,520,456,1040
../data/bcsstk14.mtx,103,128,4,0.001915693,0.001915216,520,456,1040
../data/bcsstk14.mtx,103,128,5,0.002022982,0.002022505,520,456,1040
../data/bcsstk14.mtx,103,128,6,0.001873970,0.001873493,520,456,1040
../data/bcsstk14.mtx,103,128,7,0.002033472,0.002032995,520,456,1040
../data/bcsstk14.mtx,103,128,8,0.001917601,0.001917124,520,456,1040
../data/bcsstk14.mtx,103,128,9,0.001808882,0.001808405,520,456,1040
../data/bcsstk14.mtx,104,128,0,0.002022743,0.002022266,540,459,1080
../data/bcsstk14.mtx,104,128,1,0.001843691,0.001843214,540,459,1080
../data/bcsstk14.mtx,104,128,2,0.002078056,0.002077579,540,459,1080
../data/bcsstk14.mtx,104,128,3,0.002085447,0.002084970,540,459,1080
../data/bcsstk14.mtx,104,128,4,0.001902819,0.001902342,540,459,1080
../data/bcsstk14.mtx,104,128,5,0.001972437,0.001971722,540,459,1080
../data/bcsstk14.mtx,104,128,6,0.001857758,0.001857281,540,459,1080
../data/bcsstk14.mtx,104,128,7,0.002041101,0.002040625,540,459,1080
../data/bcsstk14.mtx,104,128,8,0.001834154,0.001833677,540,459,1080
../data/bcsstk14.mtx,104,128,9,0.001810789,0.001810312,540,459,1080
../data/bcsstk14.mtx,105,128,0,0.001944542,0.001943827,534,461,1068
../data/bcsstk14.mtx,105,128,1,0.001823902,0.001823187,534,461,1068
../data/bcsstk14.mtx,105,128,2,0.002068996,0.002068520,534,461,1068
../data/bcsstk14.mtx,105,128,3,0.002068996,0.002068520,534,461,1068
../data/bcsstk14.mtx,105,128,4,0.001859665,0.001859188,534,461,1068
../data/bcsstk14.mtx,105,128,5,0.001953125,0.001952648,534,461,1068
../data/bcsstk14.mtx,105,128,6,0.001833916,0.001833200,534,461,1068
../data/bcsstk14.mtx,105,128,7,0.002033472,0.002032757,534,461,1068
../data/bcsstk14.mtx,105,128,8,0.001832247,0.001831770,534,461,1068
../data/bcsstk14.mtx,105,128,9,0.001811266,0.001810789,534,461,1068
../data/bcsstk14.mtx,106,128,0,0.001955271,0.001954794,567,455,1134
../data/bcsstk14.mtx,106,128,1,0.001820326,0.001819849,567,455,1134
../data/bcsstk14.mtx,106,128,2,0.002052069,0.002051592,567,455,1134
../data/bcsstk14.mtx,106,128,3,0.002065659,0.002065182,567,455,1134
../data/bcsstk14.mtx,106,128,4,0.001866817,0.001866341,567,455,1134
../data/bcsstk14.mtx,106,128,5,0.001932859,0.001932383,567,455,1134
../data/bcsstk14.mtx,106,128,6,0.001811743,0.001811266,567,455,1134
../data/bcsstk14.mtx,106,128,7,0.002040386,0.002039909,567,455,1134
../data/bcsstk14.mtx,106,128,8,0.001829386,0.001828909,567,455,1134
../data/bcsstk14.mtx,106,128,9,0.001793861,0.001793385,567,455,1134
../data/bcsstk14.mtx,107,128,0,0.001922369,0.001921415,574,456,1148
../data/bcsstk14.mtx,107,128,1,0.001815557,0.001815081,574,456,1148
../data/bcsstk14.mtx,107,128,2,0.002047062,0.002046585,574,456,1148
../data/bcsstk14.mtx,107,128,3,0.002043962,0.002043247,574,456,1148
../data/bcsstk14.mtx,107,128,4,0.001862526,0.001861811,574,456,1148
../data/bcsstk14.mtx,107,128,5,0.001907825,0.001907349,574,456,1148
../data/bcsstk14.mtx,107,128,6,0.001822233,0.001821756,574,456,1148
../data/bcsstk14.mtx,107,128,7,0.002018213,0.002017736,574,456,1148
../data/bcsstk14.mtx,107,128,8,0.001826525,0.001825809,574,456,1148
../data/bcsstk14.mtx,107,128,9,0.001793385,0.001792908,574,456,1148
../data/bcsstk14.mtx,108,128,0,0.001954794,0.001954079,526,425,1052
../data/bcsstk14.mtx,108,128,1,0.001809835,0.001809359,526,425,1052
../data/bcsstk14.mtx,108,128,2,0.002048254,0.002047777,526,425,1052
../data/bcsstk14.mtx,108,128,3,0.002044678,0.002044201,526,425,1052
../data/bcsstk14.mtx,108,128,4,0.001860619,0.001860142,526,425,1052
../data/bcsstk14.mtx,108,128,5,0.001919270,0.001918793,526,425,1052
../data/bcsstk14.mtx,108,128,6,0.001828909,0.001828432,526,425,1052
../data/bcsstk14.mtx,108,128,7,0.002022743,0.002022266,526,425,1052
../data/bcsstk14.mtx,108,128,8,0.001829147,0.001828671,526,425,1052
../data/bcsstk14.mtx,108,128,9,0.001804590,0.001804113,526,425,1052
../data/bcsstk14.mtx,109,128,0,0.001954079,0.001953602,507,411,1014
../data/bcsstk14.mtx,109,128,1,0.001812935,0.001812458,507,411,1014
../data/bcsstk14.mtx,109,128,2,0.002043486,0.002042770,507,411,1014
../data/bcsstk14.mtx,109,128,3,0.002033234,0.002032757,507,411,1014
../data/bcsstk14.mtx,109,128,4,0.001856804,0.001856327,507,411,1014
../data/bcsstk14.mtx,109,128,5,0.001901865,0.001901388,507,411,1014
../data/bcsstk14.mtx,109,128,6,0.001825094,0.001824617,507,411,1014
../data/bcsstk14.mtx,109,128,7,0.002002478,0.002001762,507,411,1014
../data/bcsstk14.mtx,109,128,8,0.001836061,0.001835585,507,411,1014
../data/bcsstk14.mtx,109,128,9,0.001800537,0.001800060,507,411,1014
../data/bcsstk14.mtx,110,128,0,0.001949787,0.001949310,478,384,956
../data/bcsstk14.mtx,110,128,1,0.001794815,0.001794338,478,384,956
../data/bcsstk14.mtx,110,128,2,0.002046585,0.002046108,478,384,956
../data/bcsstk14.mtx,110,128,3,0.002028942,0.002028465,478,384,956
../data/bcsstk14.mtx,110,128,4,0.001862764,0.001862288,478,384,956
../data/bcsstk14.mtx,110,128,5,0.001913309,0.001912832,478,384,956
../data/bcsstk14.mtx,110,128,6,0.001801014,0.001800537,478,384,956
../data/bcsstk14.mtx,110,128,7,0.002008915,0.002008438,478,384,956
../data/bcsstk14.mtx,110,128,8,0.001821995,0.001821518,478,384,956
../data/bcsstk14.mtx,110,128,9,0.001783848,0.001783371,478,384,956
../data/bcsstk14.mtx,111,128,0,0.001941681,0.001941204,488,392,976
../data/bcsstk14.mtx,111,128,1,0.001789093,0.001788616,488,392,976
../data/bcsstk14.mtx,111,128,2,0.002039433,0.002038956,488,392,976
../data/bcsstk14.mtx,111,128,3,0.001984358,0.001983881,488,392,976
../data/bcsstk14.mtx,111,128,4,0.001855135,0.001854658,488,392,976
../data/bcsstk14.mtx,111,128,5,0.001906157,0.001905441,488,392,976
../data/bcsstk14.mtx,111,128,6,0.001792669,0.001792192,488,392,976
../data/bcsstk14.mtx,111,128,7,0.001958609,0.001958132,488,392,976
../data/bcsstk14.mtx,111,128,8,0.001816273,0.001815796,488,392,976
../data/bcsstk14.mtx,111,128,9,0.001777411,0.001776934,488,392,976
../data/bcsstk14.mtx,112,128,0,0.002018929,0.002018452,499,429,998
../data/bcsstk14.mtx,112,128,1,0.001898527,0.001897812,499,429,998
../data/bcsstk14.mtx,112,128,2,0.002090693,0.002090216,499,429,998
../data/bcsstk14.mtx,112,128,3,0.002026558,0.002026081,499,429,998
../data/bcsstk14.mtx,112,128,4,0.002059698,0.002059221,499,429,998
../data/bcsstk14.mtx,112,128,5,0.002070904,0.002070189,499,429,998
../data/bcsstk14.mtx,112,128,6,0.001930952,0.001930237,499,429,998
../data/bcsstk14.mtx,112,128,7,0.001905918,0.001905203,499,429,998
../data/bcsstk14.mtx,112,128,8,0.001972437,0.001971722,499,429,998
../data/bcsstk14.mtx,112,128,9,0.001913309,0.001912832,499,429,998
../data/bcsstk14.mtx,113,128,0,0.002020359,0.002019882,468,404,936
../data/bcsstk14.mtx,113,128,1,0.001876116,0.001875401,468,404,936
../data/bcsstk14.mtx,113,128,2,0.002092123,0.002091646,468,404,936
../data/bcsstk14.mtx,113,128,3,0.002023935,0.002023458,468,404,936
../data/bcsstk14.mtx,113,128,4,0.002061844,0.002061367,468,404,936
../data/bcsstk14.mtx,113,128,5,0.002071381,0.002070904,468,404,936
../data/bcsstk14.mtx,113,128,6,0.001897097,0.001896620,468,404,936
../data/bcsstk14.mtx,113,128,7,0.001910448,0.001909971,468,404,936
../data/bcsstk14.mtx,113,128,8,0.001969576,0.001969099,468,404,936
../data/bcsstk14.mtx,113,128,9,0.001916885,0.001916409,468,404,936
../data/bcsstk14.mtx,114,128,0,0.002025127,0.002024412,460,378,920
../data/bcsstk14.mtx,114,128,1,0.001699924,0.001699448,460,378,920
../data/bcsstk14.mtx,114,128,2,0.002039671,0.002039194,460,378,920
../data/bcsstk14.mtx,114,128,3,0.002024174,0.002023697,460,378,920
../data/bcsstk14.mtx,114,128,4,0.002057314,0.002056599,460,378,920
../data/bcsstk14.mtx,114,128,5,0.002061844,0.002061367,460,378,920
../data/bcsstk14.mtx,114,128,6,0.001872540,0.001871824,460,378,920
../data/bcsstk14.mtx,114,128,7,0.001898766,0.001898289,460,378,920
../data/bcsstk14.mtx,114,128,8,0.001927853,0.001927376,460,378,920
../data/bcsstk14.mtx,114,128,9,0.001844645,0.001844168,460,378,920
../data/bcsstk14.mtx,115,128,0,0.002010822,0.002010345,479,392,958
../data/bcsstk14.mtx,115,128,1,0.001702070,0.001701593,479,392,958
../data/bcsstk14.mtx,115,128,2,0.002040386,0.002039909,479,392,958
../data/bcsstk14.mtx,115,128,3,0.002027750,0.002027273,479,392,958
../data/bcsstk14.mtx,115,128,4,0.002053738,0.002053261,479,392,958
../data/bcsstk14.mtx,115,128,5,0.002046585,0.002046108,479,392,958
../data/bcsstk14.mtx,115,128,6,0.001866817,0.001866341,479,392,958
../data/bcsstk14.mtx,115,128,7,0.001894951,0.001894474,479,392,958
../data/bcsstk14.mtx,115,128,8,0.001932621,0.001932144,479,392,958
../data/bcsstk14.mtx,115,128,9,0.001841784,0.001841307,479,392,958
../data/bcsstk14.mtx,116,128,0,0.002012014,0.002011299,504,401,1008
../data/bcsstk14.mtx,116,128,1,0.001869678,0.001869202,504,401,1008
../data/bcsstk14.mtx,116,128,2,0.002084494,0.002084017,504,401,1008
../data/bcsstk14.mtx,116,128,3,0.002026558,0.002026081,504,401,1008
../data/bcsstk14.mtx,116,128,4,0.002052069,0.002051592,504,401,1008
../data/bcsstk14.mtx,116,128,5,0.002077341,0.002076864,504,401,1008
../data/bcsstk14.mtx,116,128,6,0.001897097,0.001896620,504,401,1008
../data/bcsstk14.mtx,116,128,7,0.001900196,0.001899719,504,401,1008
../data/bcsstk14.mtx,116,128,8,0.001968861,0.001968384,504,401,1008
../data/bcsstk14.mtx,116,128,9,0.001907825,0.001907587,504,401,1008
../data/bcsstk14.mtx,117,128,0,0.002003670,0.002003193,502,395,1004
../data/bcsstk14.mtx,117,128,1,0.001865149,0.001864672,502,395,1004
../data/bcsstk14.mtx,117,128,2,0.002084255,0.002083778,502,395,1004
../data/bcsstk14.mtx,117,128,3,0.002014875,0.002014399,502,395,1004
../data/bcsstk14.mtx,117,128,4,0.002053738,0.002053261,502,395,1004
../data/bcsstk14.mtx,117,128,5,0.002064228,0.002063751,502,395,1004
../data/bcsstk14.mtx,117,128,6,0.001892090,0.001891613,502,395,1004
../data/bcsstk14.mtx,117,128,7,0.001895428,0.001894951,502,395,1004
../data/bcsstk14.mtx,117,128,8,0.001965284,0.001964569,502,395,1004
../data/bcsstk14.mtx,117,128,9,0.001902342,0.001901865,502,395,1004
../data/bcsstk14.mtx,118,128,0,0.002009630,0.002008915,451,392,902
../data/bcsstk14.mtx,118,128,1,0.001870632,0.001870155,451,392,902
../data/bcsstk14.mtx,118,128,2,0.002079487,0.002079010,451,392,902
../data/bcsstk14.mtx,118,128,3,0.002022028,0.002021551,451,392,902
../data/bcsstk14.mtx,118,128,4,0.002049923,0.002049446,451,392,902
../data/bcsstk14.mtx,118,128,5,0.002063751,0.002063513,451,392,902
../data/bcsstk14.mtx,118,128,6,0.001898289,0.001897812,451,392,902
../data/bcsstk14.mtx,118,128,7,0.001901627,0.001901150,451,392,902
../data/bcsstk14.mtx,118,128,8,0.001966000,0.001965523,451,392,902
../data/bcsstk14.mtx,118,128,9,0.001900911,0.001900434,451,392,902
../data/bcsstk14.mtx,119,128,0,0.002012491,0.002012014,463,394,926
../data/bcsstk14.mtx,119,128,1,0.001863003,0.001862764,463,394,926
../data/bcsstk14.mtx,119,128,2,0.002076387,0.002075911,463,394,926
../data/bcsstk14.mtx,119,128,3,0.002018690,0.002018213,463,394,926
../data/bcsstk14.mtx,119,128,4,0.002047300,0.002046824,463,394,926
../data/bcsstk14.mtx,119,128,5,0.002058506,0.002058029,463,394,926
../data/bcsstk14.mtx,119,128,6,0.001883745,0.001883268,463,394,926
../data/bcsstk14.mtx,119,128,7,0.001892328,0.001891851,463,394,926
../data/bcsstk14.mtx,119,128,8,0.001959562,0.001959085,463,394,926
../data/bcsstk14.mtx,119,128,9,0.001897335,0.001896858,463,394,926
../data/bcsstk14.mtx,120,128,0,0.002043962,0.002043247,502,430,1004
../data/bcsstk14.mtx,120,128,1,0.001991987,0.001991272,502,430,1004
../data/bcsstk14.mtx,120,128,2,0.002168655,0.002167940,502,430,1004
../data/bcsstk14.mtx,120,128,3,0.002082348,0.002081633,502,430,1004
../data/bcsstk14.mtx,120,128,4,0.002114058,0.002113342,502,430,1004
../data/bcsstk14.mtx,120,128,5,0.002167225,0.002166510,502,430,1004
../data/bcsstk14.mtx,120,128,6,0.002004147,0.002003431,502,430,1004
../data/bcsstk14.mtx,120,128,7,0.002012014,0.002011299,502,430,1004
../data/bcsstk14.mtx,120,128,8,0.002062082,0.002061367,502,430,1004
../data/bcsstk14.mtx,120,128,9,0.002027512,0.002026796,502,430,1004
../data/bcsstk14.mtx,121,128,0,0.002021313,0.002020121,502,433,1004
../data/bcsstk14.mtx,121,128,1,0.001973629,0.001972437,502,433,1004
../data/bcsstk14.mtx,121,128,2,0.002155304,0.002154350,502,433,1004
../data/bcsstk14.mtx,121,128,3,0.002047777,0.002046585,502,433,1004
../data/bcsstk14.mtx,121,128,4,0.002086163,0.002085209,502,433,1004
../data/bcsstk14.mtx,121,128,5,0.002126217,0.002125025,502,433,1004
../data/bcsstk14.mtx,121,128,6,0.001976967,0.001976013,502,433,1004
../data/bcsstk14.mtx,121,128,7,0.001982689,0.001981497,502,433,1004
../data/bcsstk14.mtx,121,128,8,0.002046585,0.002045631,502,433,1004
../data/bcsstk14.mtx,121,128,9,0.001998186,0.001997232,502,433,1004
../data/bcsstk14.mtx,122,128,0,0.002020836,0.002019882,488,409,976
../data/bcsstk14.mtx,122,128,1,0.001961470,0.001960993,488,409,976
../data/bcsstk14.mtx,122,128,2,0.002146006,0.002145290,488,409,976
../data/bcsstk14.mtx,122,128,3,0.002059460,0.002058744,488,409,976
../data/bcsstk14.mtx,122,128,4,0.002080202,0.002079725,488,409,976
../data/bcsstk14.mtx,122,128,5,0.002128601,0.002128124,488,409,976
../data/bcsstk14.mtx,122,128,6,0.001977682,0.001977205,488,409,976
../data/bcsstk14.mtx,122,128,7,0.001971006,0.001970291,488,409,976
../data/bcsstk14.mtx,122,128,8,0.002029896,0.002029419,488,409,976
../data/bcsstk14.mtx,122,128,9,0.001994848,0.001994133,488,409,976
../data/bcsstk14.mtx,123,128,0,0.002006769,0.002005816,489,409,978
../data/bcsstk14.mtx,123,128,1,0.001976013,0.001975060,489,409,978
../data/bcsstk14.mtx,123,128,2,0.002140999,0.002139807,489,409,978
../data/bcsstk14.mtx,123,128,3,0.002043247,0.002042055,489,409,978
../data/bcsstk14.mtx,123,128,4,0.002071142,0.002070189,489,409,978
../data/bcsstk14.mtx,123,128,5,0.002143860,0.002142906,489,409,978
../data/bcsstk14.mtx,123,128,6,0.001948357,0.001947403,489,409,978
../data/bcsstk14.mtx,123,128,7,0.001970291,0.001969099,489,409,978
../data/bcsstk14.mtx,123,128,8,0.002034903,0.002033949,489,409,978
../data/bcsstk14.mtx,123,128,9,0.001975775,0.001974583,489,409,978
../data/bcsstk14.mtx,124,128,0,0.002010584,0.002009869,503,458,1006
../data/bcsstk14.mtx,124,128,1,0.001950264,0.001949787,503,458,1006
../data/bcsstk14.mtx,124,128,2,0.002131939,0.002131224,503,458,1006
../data/bcsstk14.mtx,124,128,3,0.002042294,0.002041578,503,458,1006
../data/bcsstk14.mtx,124,128,4,0.002078056,0.002077579,503,458,1006
../data/bcsstk14.mtx,124,128,5,0.002119064,0.002118587,503,458,1006
../data/bcsstk14.mtx,124,128,6,0.001952887,0.001952171,503,458,1006
../data/bcsstk14.mtx,124,128,7,0.001972437,0.001971960,503,458,1006
../data/bcsstk14.mtx,124,128,8,0.002020359,0.002019882,503,458,1006
../data/bcsstk14.mtx,124,128,9,0.001989126,0.001988649,503,458,1006
../data/bcsstk14.mtx,125,128,0,0.002012968,0.002012014,487,441,974
../data/bcsstk14.mtx,125,128,1,0.001968145,0.001967192,487,441,974
../data/bcsstk14.mtx,125,128,2,0.002115250,0.002114296,487,441,974
../data/bcsstk14.mtx,125,128,3,0.002032518,0.002031565,487,441,974
../data/bcsstk14.mtx,125,128,4,0.002066851,0.002065897,487,441,974
../data/bcsstk14.mtx,125,128,5,0.002109528,0.002108574,487,441,974
../data/bcsstk14.mtx,125,128,6,0.001953125,0.001952171,487,441,974
../data/bcsstk14.mtx,125,128,7,0.001979351,0.001978397,487,441,974
../data/bcsstk14.mtx,125,128,8,0.002009630,0.002008677,487,441,974
../data/bcsstk14.mtx,125,128,9,0.001996756,0.001995802,487,441,974
../data/bcsstk14.mtx,126,128,0,0.001987934,0.001986980,526,486,1052
../data/bcsstk14.mtx,126,128,1,0.001936197,0.001935244,526,486,1052
../data/bcsstk14.mtx,126,128,2,0.002119064,0.002118111,526,486,1052
../data/bcsstk14.mtx,126,128,3,0.002023935,0.002023220,526,486,1052
../data/bcsstk14.mtx,126,128,4,0.002060652,0.002059698,526,486,1052
../data/bcsstk14.mtx,126,128,5,0.002112389,0.002111673,526,486,1052
../data/bcsstk14.mtx,126,128,6,0.001926184,0.001925468,526,486,1052
../data/bcsstk14.mtx,126,128,7,0.001944780,0.001944065,526,486,1052
../data/bcsstk14.mtx,126,128,8,0.002014399,0.002013683,526,486,1052
../data/bcsstk14.mtx,126,128,9,0.001980543,0.001979828,526,486,1052
../data/bcsstk14.mtx,127,128,0,0.001978159,0.001976967,516,473,1032
../data/bcsstk14.mtx,127,128,1,0.001924992,0.001923800,516,473,1032
../data/bcsstk14.mtx,127,128,2,0.002102375,0.002101183,516,473,1032
../data/bcsstk14.mtx,127,128,3,0.002022982,0.002021790,516,473,1032
../data/bcsstk14.mtx,127,128,4,0.002041817,0.002040863,516,473,1032
../data/bcsstk14.mtx,127,128,5,0.002107859,0.002106667,516,473,1032
../data/bcsstk14.mtx,127,128,6,0.001914740,0.001913548,516,473,1032
../data/bcsstk14.mtx,127,128,7,0.001953363,0.001952410,516,473,1032
../data/bcsstk14.mtx,127,128,8,0.002000809,0.001999617,516,473,1032
../data/bcsstk14.mtx,127,128,9,0.001961231,0.001960039,516,473,1032


=== SUMMARY METRICS TABLE ===
Matrix_Name,Num_Processes,Ghost_Entries_Min,Ghost_Entries_Avg,Ghost_Entries_Max,Load_Imbalance_Ratio,System_P90_Time,Total_GFLOPs
../data/bcsstk14.mtx,128,324,415.28,486,1.1579,0.002373219,0.0535
=============================
