Rank 0: Reading matrix ../data/torso1.mtx...
Matrix type: matrix coordinate real general
  Real: yes
  Complex: no
  Symmetric: no
  Pattern: no
Matrix size: 116158 x 116158, NNZ (file): 8516500
Actual NNZ (after symmetry expansion): 8516500

matrix_name,rank,num_procs,run,elapsed_time,comm_time,local_nz,ghost_entries,local_flops
../data/torso1.mtx,0,2,0,0.006333828,0.000275850,4258914,58079,8517828
../data/torso1.mtx,0,2,1,0.006323338,0.000255823,4258914,58079,8517828
../data/torso1.mtx,0,2,2,0.006326675,0.000244856,4258914,58079,8517828
../data/torso1.mtx,0,2,3,0.006166697,0.000242472,4258914,58079,8517828
../data/torso1.mtx,0,2,4,0.006292820,0.000251532,4258914,58079,8517828
../data/torso1.mtx,0,2,5,0.006159306,0.000230074,4258914,58079,8517828
../data/torso1.mtx,0,2,6,0.006190300,0.000232935,4258914,58079,8517828
../data/torso1.mtx,0,2,7,0.006295443,0.000251293,4258914,58079,8517828
../data/torso1.mtx,0,2,8,0.006207466,0.000249624,4258914,58079,8517828
../data/torso1.mtx,0,2,9,0.006148577,0.000228167,4258914,58079,8517828
../data/torso1.mtx,1,2,0,0.006391525,0.000261307,4257586,58079,8515172
../data/torso1.mtx,1,2,1,0.006254911,0.000252247,4257586,58079,8515172
../data/torso1.mtx,1,2,2,0.006244421,0.000238895,4257586,58079,8515172
../data/torso1.mtx,1,2,3,0.006273270,0.000235796,4257586,58079,8515172
../data/torso1.mtx,1,2,4,0.006411791,0.000260353,4257586,58079,8515172
../data/torso1.mtx,1,2,5,0.006146431,0.000241518,4257586,58079,8515172
../data/torso1.mtx,1,2,6,0.006227970,0.000244379,4257586,58079,8515172
../data/torso1.mtx,1,2,7,0.006335020,0.000244379,4257586,58079,8515172
../data/torso1.mtx,1,2,8,0.006223679,0.000241756,4257586,58079,8515172
../data/torso1.mtx,1,2,9,0.006014109,0.000240803,4257586,58079,8515172


=== SUMMARY METRICS TABLE ===
Matrix_Name,Num_Processes,Ghost_Entries_Min,Ghost_Entries_Avg,Ghost_Entries_Max,Load_Imbalance_Ratio,System_P90_Time,Total_GFLOPs
../data/torso1.mtx,2,58079,58079.00,58079,1.0002,0.006411791,2.6565
=============================
