Rank 0: Reading matrix ../data/pdb1HYS.mtx...
Matrix type: matrix coordinate real symmetric
  Real: yes
  Complex: no
  Symmetric: yes
  Pattern: no
Matrix size: 36417 x 36417, NNZ (file): 2190591
Actual NNZ (after symmetry expansion): 4344765

matrix_name,rank,num_procs,run,elapsed_time,comm_time,local_nz,ghost_entries,local_flops
../data/pdb1HYS.mtx,0,128,0,0.005380154,0.005334377,34684,25652,69368
../data/pdb1HYS.mtx,0,128,1,0.005036116,0.004992485,34684,25652,69368
../data/pdb1HYS.mtx,0,128,2,0.005070925,0.005027533,34684,25652,69368
../data/pdb1HYS.mtx,0,128,3,0.005114555,0.005071640,34684,25652,69368
../data/pdb1HYS.mtx,0,128,4,0.005115747,0.005073071,34684,25652,69368
../data/pdb1HYS.mtx,0,128,5,0.005011320,0.004968882,34684,25652,69368
../data/pdb1HYS.mtx,0,128,6,0.004905224,0.004862547,34684,25652,69368
../data/pdb1HYS.mtx,0,128,7,0.004670620,0.004628181,34684,25652,69368
../data/pdb1HYS.mtx,0,128,8,0.004734755,0.004692078,34684,25652,69368
../data/pdb1HYS.mtx,0,128,9,0.005063772,0.005020618,34684,25652,69368
../data/pdb1HYS.mtx,1,128,0,0.005379915,0.005336523,34529,25693,69058
../data/pdb1HYS.mtx,1,128,1,0.005020857,0.004981518,34529,25693,69058
../data/pdb1HYS.mtx,1,128,2,0.005081892,0.005041361,34529,25693,69058
../data/pdb1HYS.mtx,1,128,3,0.005111456,0.005073547,34529,25693,69058
../data/pdb1HYS.mtx,1,128,4,0.005101681,0.005064011,34529,25693,69058
../data/pdb1HYS.mtx,1,128,5,0.004973173,0.004934788,34529,25693,69058
../data/pdb1HYS.mtx,1,128,6,0.004865170,0.004827261,34529,25693,69058
../data/pdb1HYS.mtx,1,128,7,0.004689693,0.004651785,34529,25693,69058
../data/pdb1HYS.mtx,1,128,8,0.004714489,0.004676819,34529,25693,69058
../data/pdb1HYS.mtx,1,128,9,0.005065441,0.005028009,34529,25693,69058
../data/pdb1HYS.mtx,2,128,0,0.005377054,0.005332232,34321,25535,68642
../data/pdb1HYS.mtx,2,128,1,0.005020380,0.004980087,34321,25535,68642
../data/pdb1HYS.mtx,2,128,2,0.005058527,0.005017042,34321,25535,68642
../data/pdb1HYS.mtx,2,128,3,0.005123377,0.005085468,34321,25535,68642
../data/pdb1HYS.mtx,2,128,4,0.005037069,0.004997969,34321,25535,68642
../data/pdb1HYS.mtx,2,128,5,0.004960299,0.004921436,34321,25535,68642
../data/pdb1HYS.mtx,2,128,6,0.004901409,0.004862547,34321,25535,68642
../data/pdb1HYS.mtx,2,128,7,0.004716635,0.004678726,34321,25535,68642
../data/pdb1HYS.mtx,2,128,8,0.004749060,0.004711151,34321,25535,68642
../data/pdb1HYS.mtx,2,128,9,0.005050182,0.005011559,34321,25535,68642
../data/pdb1HYS.mtx,3,128,0,0.005369186,0.005324602,33949,25476,67898
../data/pdb1HYS.mtx,3,128,1,0.004996061,0.004957199,33949,25476,67898
../data/pdb1HYS.mtx,3,128,2,0.005053997,0.004994154,33949,25476,67898
../data/pdb1HYS.mtx,3,128,3,0.005104542,0.005058527,33949,25476,67898
../data/pdb1HYS.mtx,3,128,4,0.005068779,0.005025864,33949,25476,67898
../data/pdb1HYS.mtx,3,128,5,0.004960299,0.004918575,33949,25476,67898
../data/pdb1HYS.mtx,3,128,6,0.004970551,0.004927874,33949,25476,67898
../data/pdb1HYS.mtx,3,128,7,0.004605770,0.004563808,33949,25476,67898
../data/pdb1HYS.mtx,3,128,8,0.004705191,0.004663467,33949,25476,67898
../data/pdb1HYS.mtx,3,128,9,0.004987717,0.004946232,33949,25476,67898
../data/pdb1HYS.mtx,4,128,0,0.005367994,0.005323410,33915,25617,67830
../data/pdb1HYS.mtx,4,128,1,0.005006313,0.004962683,33915,25617,67830
../data/pdb1HYS.mtx,4,128,2,0.005090237,0.005046368,33915,25617,67830
../data/pdb1HYS.mtx,4,128,3,0.005096197,0.005053043,33915,25617,67830
../data/pdb1HYS.mtx,4,128,4,0.005109787,0.005066156,33915,25617,67830
../data/pdb1HYS.mtx,4,128,5,0.004989386,0.004945755,33915,25617,67830
../data/pdb1HYS.mtx,4,128,6,0.004927635,0.004884720,33915,25617,67830
../data/pdb1HYS.mtx,4,128,7,0.004710197,0.004667521,33915,25617,67830
../data/pdb1HYS.mtx,4,128,8,0.004725456,0.004682541,33915,25617,67830
../data/pdb1HYS.mtx,4,128,9,0.005067587,0.005024910,33915,25617,67830
../data/pdb1HYS.mtx,5,128,0,0.005362272,0.005320072,33799,25527,67598
../data/pdb1HYS.mtx,5,128,1,0.004985571,0.004946947,33799,25527,67598
../data/pdb1HYS.mtx,5,128,2,0.005007267,0.004955530,33799,25527,67598
../data/pdb1HYS.mtx,5,128,3,0.005111456,0.005074024,33799,25527,67598
../data/pdb1HYS.mtx,5,128,4,0.005057335,0.005020618,33799,25527,67598
../data/pdb1HYS.mtx,5,128,5,0.004967690,0.004931211,33799,25527,67598
../data/pdb1HYS.mtx,5,128,6,0.004804373,0.004767656,33799,25527,67598
../data/pdb1HYS.mtx,5,128,7,0.004623890,0.004587173,33799,25527,67598
../data/pdb1HYS.mtx,5,128,8,0.004742861,0.004705906,33799,25527,67598
../data/pdb1HYS.mtx,5,128,9,0.005002260,0.004965067,33799,25527,67598
../data/pdb1HYS.mtx,6,128,0,0.005351305,0.005306721,33730,25545,67460
../data/pdb1HYS.mtx,6,128,1,0.004971504,0.004928589,33730,25545,67460
../data/pdb1HYS.mtx,6,128,2,0.005061626,0.005019426,33730,25545,67460
../data/pdb1HYS.mtx,6,128,3,0.005099058,0.005056620,33730,25545,67460
../data/pdb1HYS.mtx,6,128,4,0.005079985,0.005038261,33730,25545,67460
../data/pdb1HYS.mtx,6,128,5,0.004976511,0.004934072,33730,25545,67460
../data/pdb1HYS.mtx,6,128,6,0.004940987,0.004899263,33730,25545,67460
../data/pdb1HYS.mtx,6,128,7,0.004682302,0.004639626,33730,25545,67460
../data/pdb1HYS.mtx,6,128,8,0.004740000,0.004697800,33730,25545,67460
../data/pdb1HYS.mtx,6,128,9,0.005034924,0.004991531,33730,25545,67460
../data/pdb1HYS.mtx,7,128,0,0.005313635,0.005273581,33556,25417,67112
../data/pdb1HYS.mtx,7,128,1,0.004912138,0.004873514,33556,25417,67112
../data/pdb1HYS.mtx,7,128,2,0.004977226,0.004925251,33556,25417,67112
../data/pdb1HYS.mtx,7,128,3,0.005054235,0.005017519,33556,25417,67112
../data/pdb1HYS.mtx,7,128,4,0.005036592,0.005000114,33556,25417,67112
../data/pdb1HYS.mtx,7,128,5,0.004929304,0.004892349,33556,25417,67112
../data/pdb1HYS.mtx,7,128,6,0.004916668,0.004879951,33556,25417,67112
../data/pdb1HYS.mtx,7,128,7,0.004556894,0.004520178,33556,25417,67112
../data/pdb1HYS.mtx,7,128,8,0.004688501,0.004652023,33556,25417,67112
../data/pdb1HYS.mtx,7,128,9,0.004958630,0.004914045,33556,25417,67112
../data/pdb1HYS.mtx,8,128,0,0.005306482,0.005268097,33393,25422,66786
../data/pdb1HYS.mtx,8,128,1,0.004939079,0.004900932,33393,25422,66786
../data/pdb1HYS.mtx,8,128,2,0.005015373,0.004966021,33393,25422,66786
../data/pdb1HYS.mtx,8,128,3,0.005033255,0.004996777,33393,25422,66786
../data/pdb1HYS.mtx,8,128,4,0.005047560,0.005011320,33393,25422,66786
../data/pdb1HYS.mtx,8,128,5,0.004969597,0.004933119,33393,25422,66786
../data/pdb1HYS.mtx,8,128,6,0.004922628,0.004886150,33393,25422,66786
../data/pdb1HYS.mtx,8,128,7,0.004631042,0.004594326,33393,25422,66786
../data/pdb1HYS.mtx,8,128,8,0.004697561,0.004660606,33393,25422,66786
../data/pdb1HYS.mtx,8,128,9,0.004983902,0.004946470,33393,25422,66786
../data/pdb1HYS.mtx,9,128,0,0.005331039,0.005284309,33545,25159,67090
../data/pdb1HYS.mtx,9,128,1,0.004938126,0.004893541,33545,25159,67090
../data/pdb1HYS.mtx,9,128,2,0.004982471,0.004927397,33545,25159,67090
../data/pdb1HYS.mtx,9,128,3,0.005064964,0.005022287,33545,25159,67090
../data/pdb1HYS.mtx,9,128,4,0.005086422,0.005044460,33545,25159,67090
../data/pdb1HYS.mtx,9,128,5,0.004932880,0.004890442,33545,25159,67090
../data/pdb1HYS.mtx,9,128,6,0.004852295,0.004809618,33545,25159,67090
../data/pdb1HYS.mtx,9,128,7,0.004583359,0.004541397,33545,25159,67090
../data/pdb1HYS.mtx,9,128,8,0.004711866,0.004669189,33545,25159,67090
../data/pdb1HYS.mtx,9,128,9,0.004942894,0.004890919,33545,25159,67090
../data/pdb1HYS.mtx,10,128,0,0.005312920,0.005268812,33339,25080,66678
../data/pdb1HYS.mtx,10,128,1,0.004917145,0.004873276,33339,25080,66678
../data/pdb1HYS.mtx,10,128,2,0.005026817,0.004985571,33339,25080,66678
../data/pdb1HYS.mtx,10,128,3,0.005044699,0.005003452,33339,25080,66678
../data/pdb1HYS.mtx,10,128,4,0.005077362,0.005035400,33339,25080,66678
../data/pdb1HYS.mtx,10,128,5,0.004918814,0.004877090,33339,25080,66678
../data/pdb1HYS.mtx,10,128,6,0.004792213,0.004750967,33339,25080,66678
../data/pdb1HYS.mtx,10,128,7,0.004606247,0.004564285,33339,25080,66678
../data/pdb1HYS.mtx,10,128,8,0.004689932,0.004648209,33339,25080,66678
../data/pdb1HYS.mtx,10,128,9,0.004963875,0.004912138,33339,25080,66678
../data/pdb1HYS.mtx,11,128,0,0.005288363,0.005242586,33725,25430,67450
../data/pdb1HYS.mtx,11,128,1,0.004898548,0.004854441,33725,25430,67450
../data/pdb1HYS.mtx,11,128,2,0.005019426,0.004965544,33725,25430,67450
../data/pdb1HYS.mtx,11,128,3,0.005043983,0.005002499,33725,25430,67450
../data/pdb1HYS.mtx,11,128,4,0.005050659,0.005008936,33725,25430,67450
../data/pdb1HYS.mtx,11,128,5,0.004938602,0.004896879,33725,25430,67450
../data/pdb1HYS.mtx,11,128,6,0.004900932,0.004859447,33725,25430,67450
../data/pdb1HYS.mtx,11,128,7,0.004604340,0.004563093,33725,25430,67450
../data/pdb1HYS.mtx,11,128,8,0.004709959,0.004668713,33725,25430,67450
../data/pdb1HYS.mtx,11,128,9,0.004975796,0.004934072,33725,25430,67450
../data/pdb1HYS.mtx,12,128,0,0.005292177,0.005247593,34035,25501,68070
../data/pdb1HYS.mtx,12,128,1,0.004835129,0.004791021,34035,25501,68070
../data/pdb1HYS.mtx,12,128,2,0.004958868,0.004916430,34035,25501,68070
../data/pdb1HYS.mtx,12,128,3,0.005037069,0.004995108,34035,25501,68070
../data/pdb1HYS.mtx,12,128,4,0.005014181,0.004971266,34035,25501,68070
../data/pdb1HYS.mtx,12,128,5,0.004951715,0.004909754,34035,25501,68070
../data/pdb1HYS.mtx,12,128,6,0.004852295,0.004810095,34035,25501,68070
../data/pdb1HYS.mtx,12,128,7,0.004568577,0.004525900,34035,25501,68070
../data/pdb1HYS.mtx,12,128,8,0.004731894,0.004689932,34035,25501,68070
../data/pdb1HYS.mtx,12,128,9,0.004980326,0.004938126,34035,25501,68070
../data/pdb1HYS.mtx,13,128,0,0.005294800,0.005254984,33931,25519,67862
../data/pdb1HYS.mtx,13,128,1,0.004844904,0.004806995,33931,25519,67862
../data/pdb1HYS.mtx,13,128,2,0.004994392,0.004942894,33931,25519,67862
../data/pdb1HYS.mtx,13,128,3,0.005027294,0.004989624,33931,25519,67862
../data/pdb1HYS.mtx,13,128,4,0.005013943,0.004976749,33931,25519,67862
../data/pdb1HYS.mtx,13,128,5,0.004912376,0.004875183,33931,25519,67862
../data/pdb1HYS.mtx,13,128,6,0.004742384,0.004705191,33931,25519,67862
../data/pdb1HYS.mtx,13,128,7,0.004570961,0.004533768,33931,25519,67862
../data/pdb1HYS.mtx,13,128,8,0.004676104,0.004639149,33931,25519,67862
../data/pdb1HYS.mtx,13,128,9,0.004873991,0.004837036,33931,25519,67862
../data/pdb1HYS.mtx,14,128,0,0.005306244,0.005260468,33788,25481,67576
../data/pdb1HYS.mtx,14,128,1,0.004896164,0.004853487,33788,25481,67576
../data/pdb1HYS.mtx,14,128,2,0.004916191,0.004873753,33788,25481,67576
../data/pdb1HYS.mtx,14,128,3,0.005031824,0.004989862,33788,25481,67576
../data/pdb1HYS.mtx,14,128,4,0.005055666,0.005014181,33788,25481,67576
../data/pdb1HYS.mtx,14,128,5,0.004919291,0.004877329,33788,25481,67576
../data/pdb1HYS.mtx,14,128,6,0.004843950,0.004802227,33788,25481,67576
../data/pdb1HYS.mtx,14,128,7,0.004508018,0.004466534,33788,25481,67576
../data/pdb1HYS.mtx,14,128,8,0.004684448,0.004642963,33788,25481,67576
../data/pdb1HYS.mtx,14,128,9,0.004887581,0.004846096,33788,25481,67576
../data/pdb1HYS.mtx,15,128,0,0.005283833,0.005238771,33826,25692,67652
../data/pdb1HYS.mtx,15,128,1,0.004870653,0.004827261,33826,25692,67652
../data/pdb1HYS.mtx,15,128,2,0.004910231,0.004865646,33826,25692,67652
../data/pdb1HYS.mtx,15,128,3,0.005023241,0.004979610,33826,25692,67652
../data/pdb1HYS.mtx,15,128,4,0.004981279,0.004938364,33826,25692,67652
../data/pdb1HYS.mtx,15,128,5,0.004931688,0.004890203,33826,25692,67652
../data/pdb1HYS.mtx,15,128,6,0.004657507,0.004614830,33826,25692,67652
../data/pdb1HYS.mtx,15,128,7,0.004321337,0.004279852,33826,25692,67652
../data/pdb1HYS.mtx,15,128,8,0.004692793,0.004650831,33826,25692,67652
../data/pdb1HYS.mtx,15,128,9,0.004935503,0.004885912,33826,25692,67652
../data/pdb1HYS.mtx,16,128,0,0.005301714,0.005257130,33502,25412,67004
../data/pdb1HYS.mtx,16,128,1,0.004861116,0.004818678,33502,25412,67004
../data/pdb1HYS.mtx,16,128,2,0.004906178,0.004863501,33502,25412,67004
../data/pdb1HYS.mtx,16,128,3,0.004993677,0.004950523,33502,25412,67004
../data/pdb1HYS.mtx,16,128,4,0.004974604,0.004931927,33502,25412,67004
../data/pdb1HYS.mtx,16,128,5,0.004962444,0.004919052,33502,25412,67004
../data/pdb1HYS.mtx,16,128,6,0.004667759,0.004625559,33502,25412,67004
../data/pdb1HYS.mtx,16,128,7,0.004591465,0.004549026,33502,25412,67004
../data/pdb1HYS.mtx,16,128,8,0.004686117,0.004643679,33502,25412,67004
../data/pdb1HYS.mtx,16,128,9,0.004915476,0.004872084,33502,25412,67004
../data/pdb1HYS.mtx,17,128,0,0.005277395,0.005234480,33905,25793,67810
../data/pdb1HYS.mtx,17,128,1,0.004804373,0.004765987,33905,25793,67810
../data/pdb1HYS.mtx,17,128,2,0.004882574,0.004843712,33905,25793,67810
../data/pdb1HYS.mtx,17,128,3,0.004991770,0.004954576,33905,25793,67810
../data/pdb1HYS.mtx,17,128,4,0.004925013,0.004887581,33905,25793,67810
../data/pdb1HYS.mtx,17,128,5,0.004926682,0.004889727,33905,25793,67810
../data/pdb1HYS.mtx,17,128,6,0.004799604,0.004762650,33905,25793,67810
../data/pdb1HYS.mtx,17,128,7,0.004433632,0.004396200,33905,25793,67810
../data/pdb1HYS.mtx,17,128,8,0.004664183,0.004626989,33905,25793,67810
../data/pdb1HYS.mtx,17,128,9,0.004879475,0.004842520,33905,25793,67810
../data/pdb1HYS.mtx,18,128,0,0.005289793,0.005241632,33501,25851,67002
../data/pdb1HYS.mtx,18,128,1,0.004878998,0.004808187,33501,25851,67002
../data/pdb1HYS.mtx,18,128,2,0.004922628,0.004878283,33501,25851,67002
../data/pdb1HYS.mtx,18,128,3,0.005011797,0.004966974,33501,25851,67002
../data/pdb1HYS.mtx,18,128,4,0.004970312,0.004925013,33501,25851,67002
../data/pdb1HYS.mtx,18,128,5,0.004919052,0.004872561,33501,25851,67002
../data/pdb1HYS.mtx,18,128,6,0.004802704,0.004756927,33501,25851,67002
../data/pdb1HYS.mtx,18,128,7,0.004792690,0.004748583,33501,25851,67002
../data/pdb1HYS.mtx,18,128,8,0.004714012,0.004672527,33501,25851,67002
../data/pdb1HYS.mtx,18,128,9,0.004968166,0.004914045,33501,25851,67002
../data/pdb1HYS.mtx,19,128,0,0.005248308,0.005202532,33588,26280,67176
../data/pdb1HYS.mtx,19,128,1,0.004803419,0.004760265,33588,26280,67176
../data/pdb1HYS.mtx,19,128,2,0.004854918,0.004812479,33588,26280,67176
../data/pdb1HYS.mtx,19,128,3,0.004977226,0.004935503,33588,26280,67176
../data/pdb1HYS.mtx,19,128,4,0.004897833,0.004856586,33588,26280,67176
../data/pdb1HYS.mtx,19,128,5,0.004894495,0.004853010,33588,26280,67176
../data/pdb1HYS.mtx,19,128,6,0.004642725,0.004601240,33588,26280,67176
../data/pdb1HYS.mtx,19,128,7,0.004732132,0.004690886,33588,26280,67176
../data/pdb1HYS.mtx,19,128,8,0.004684687,0.004643202,33588,26280,67176
../data/pdb1HYS.mtx,19,128,9,0.004844189,0.004802942,33588,26280,67176
../data/pdb1HYS.mtx,20,128,0,0.005264759,0.005219221,33792,26163,67584
../data/pdb1HYS.mtx,20,128,1,0.004800081,0.004756212,33792,26163,67584
../data/pdb1HYS.mtx,20,128,2,0.004827738,0.004784346,33792,26163,67584
../data/pdb1HYS.mtx,20,128,3,0.004972219,0.004929066,33792,26163,67584
../data/pdb1HYS.mtx,20,128,4,0.004904747,0.004862309,33792,26163,67584
../data/pdb1HYS.mtx,20,128,5,0.004912853,0.004869699,33792,26163,67584
../data/pdb1HYS.mtx,20,128,6,0.004660368,0.004618168,33792,26163,67584
../data/pdb1HYS.mtx,20,128,7,0.004751682,0.004709005,33792,26163,67584
../data/pdb1HYS.mtx,20,128,8,0.004672289,0.004629612,33792,26163,67584
../data/pdb1HYS.mtx,20,128,9,0.004862070,0.004818916,33792,26163,67584
../data/pdb1HYS.mtx,21,128,0,0.005279779,0.005233526,33872,26118,67744
../data/pdb1HYS.mtx,21,128,1,0.004755259,0.004711390,33872,26118,67744
../data/pdb1HYS.mtx,21,128,2,0.004791737,0.004747868,33872,26118,67744
../data/pdb1HYS.mtx,21,128,3,0.004980803,0.004938841,33872,26118,67744
../data/pdb1HYS.mtx,21,128,4,0.004886627,0.004845142,33872,26118,67744
../data/pdb1HYS.mtx,21,128,5,0.004894257,0.004852533,33872,26118,67744
../data/pdb1HYS.mtx,21,128,6,0.004642248,0.004599571,33872,26118,67744
../data/pdb1HYS.mtx,21,128,7,0.004739761,0.004696846,33872,26118,67744
../data/pdb1HYS.mtx,21,128,8,0.004648447,0.004605532,33872,26118,67744
../data/pdb1HYS.mtx,21,128,9,0.004859447,0.004816294,33872,26118,67744
../data/pdb1HYS.mtx,22,128,0,0.005237579,0.005194902,34356,26226,68712
../data/pdb1HYS.mtx,22,128,1,0.004736423,0.004694939,34356,26226,68712
../data/pdb1HYS.mtx,22,128,2,0.004753590,0.004714012,34356,26226,68712
../data/pdb1HYS.mtx,22,128,3,0.004945755,0.004906893,34356,26226,68712
../data/pdb1HYS.mtx,22,128,4,0.004885197,0.004846811,34356,26226,68712
../data/pdb1HYS.mtx,22,128,5,0.004881382,0.004843235,34356,26226,68712
../data/pdb1HYS.mtx,22,128,6,0.004640102,0.004601717,34356,26226,68712
../data/pdb1HYS.mtx,22,128,7,0.004725695,0.004688025,34356,26226,68712
../data/pdb1HYS.mtx,22,128,8,0.004621267,0.004583120,34356,26226,68712
../data/pdb1HYS.mtx,22,128,9,0.004842043,0.004803658,34356,26226,68712
../data/pdb1HYS.mtx,23,128,0,0.005212545,0.005170584,34197,26203,68394
../data/pdb1HYS.mtx,23,128,1,0.004717112,0.004676342,34197,26203,68394
../data/pdb1HYS.mtx,23,128,2,0.004740238,0.004701138,34197,26203,68394
../data/pdb1HYS.mtx,23,128,3,0.004935503,0.004897833,34197,26203,68394
../data/pdb1HYS.mtx,23,128,4,0.004869699,0.004831791,34197,26203,68394
../data/pdb1HYS.mtx,23,128,5,0.004884243,0.004846573,34197,26203,68394
../data/pdb1HYS.mtx,23,128,6,0.004632235,0.004595041,34197,26203,68394
../data/pdb1HYS.mtx,23,128,7,0.004719973,0.004682064,34197,26203,68394
../data/pdb1HYS.mtx,23,128,8,0.004633188,0.004595757,34197,26203,68394
../data/pdb1HYS.mtx,23,128,9,0.004845619,0.004807472,34197,26203,68394
../data/pdb1HYS.mtx,24,128,0,0.005098343,0.005039930,34028,26107,68056
../data/pdb1HYS.mtx,24,128,1,0.004750490,0.004705429,34028,26107,68056
../data/pdb1HYS.mtx,24,128,2,0.004837036,0.004790783,34028,26107,68056
../data/pdb1HYS.mtx,24,128,3,0.004753113,0.004707813,34028,26107,68056
../data/pdb1HYS.mtx,24,128,4,0.004950285,0.004905701,34028,26107,68056
../data/pdb1HYS.mtx,24,128,5,0.004648209,0.004603386,34028,26107,68056
../data/pdb1HYS.mtx,24,128,6,0.004731655,0.004686356,34028,26107,68056
../data/pdb1HYS.mtx,24,128,7,0.004854441,0.004808664,34028,26107,68056
../data/pdb1HYS.mtx,24,128,8,0.004668713,0.004624128,34028,26107,68056
../data/pdb1HYS.mtx,24,128,9,0.004942894,0.004899263,34028,26107,68056
../data/pdb1HYS.mtx,25,128,0,0.005163908,0.005117655,33792,26007,67584
../data/pdb1HYS.mtx,25,128,1,0.004727125,0.004683733,33792,26007,67584
../data/pdb1HYS.mtx,25,128,2,0.004808903,0.004766226,33792,26007,67584
../data/pdb1HYS.mtx,25,128,3,0.004743338,0.004699230,33792,26007,67584
../data/pdb1HYS.mtx,25,128,4,0.004919529,0.004877567,33792,26007,67584
../data/pdb1HYS.mtx,25,128,5,0.004628658,0.004585981,33792,26007,67584
../data/pdb1HYS.mtx,25,128,6,0.004741430,0.004697323,33792,26007,67584
../data/pdb1HYS.mtx,25,128,7,0.004841089,0.004799128,33792,26007,67584
../data/pdb1HYS.mtx,25,128,8,0.004655361,0.004613638,33792,26007,67584
../data/pdb1HYS.mtx,25,128,9,0.004922390,0.004878759,33792,26007,67584
../data/pdb1HYS.mtx,26,128,0,0.005159616,0.005114555,33706,25976,67412
../data/pdb1HYS.mtx,26,128,1,0.004724979,0.004681110,33706,25976,67412
../data/pdb1HYS.mtx,26,128,2,0.004813671,0.004770517,33706,25976,67412
../data/pdb1HYS.mtx,26,128,3,0.004734278,0.004691362,33706,25976,67412
../data/pdb1HYS.mtx,26,128,4,0.004910707,0.004868031,33706,25976,67412
../data/pdb1HYS.mtx,26,128,5,0.004617691,0.004574299,33706,25976,67412
../data/pdb1HYS.mtx,26,128,6,0.004767656,0.004723787,33706,25976,67412
../data/pdb1HYS.mtx,26,128,7,0.004830599,0.004788160,33706,25976,67412
../data/pdb1HYS.mtx,26,128,8,0.004650116,0.004607439,33706,25976,67412
../data/pdb1HYS.mtx,26,128,9,0.004930019,0.004886389,33706,25976,67412
../data/pdb1HYS.mtx,27,128,0,0.005052090,0.004997969,33546,25714,67092
../data/pdb1HYS.mtx,27,128,1,0.004710913,0.004665375,33546,25714,67092
../data/pdb1HYS.mtx,27,128,2,0.004808903,0.004764080,33546,25714,67092
../data/pdb1HYS.mtx,27,128,3,0.004732847,0.004688025,33546,25714,67092
../data/pdb1HYS.mtx,27,128,4,0.004920721,0.004875660,33546,25714,67092
../data/pdb1HYS.mtx,27,128,5,0.004595041,0.004550219,33546,25714,67092
../data/pdb1HYS.mtx,27,128,6,0.004687309,0.004641771,33546,25714,67092
../data/pdb1HYS.mtx,27,128,7,0.004842043,0.004796505,33546,25714,67092
../data/pdb1HYS.mtx,27,128,8,0.004645109,0.004600286,33546,25714,67092
../data/pdb1HYS.mtx,27,128,9,0.004911900,0.004867077,33546,25714,67092
../data/pdb1HYS.mtx,28,128,0,0.005066395,0.005011320,33488,25467,66976
../data/pdb1HYS.mtx,28,128,1,0.004718781,0.004674196,33488,25467,66976
../data/pdb1HYS.mtx,28,128,2,0.004810095,0.004765987,33488,25467,66976
../data/pdb1HYS.mtx,28,128,3,0.004733324,0.004688978,33488,25467,66976
../data/pdb1HYS.mtx,28,128,4,0.004908085,0.004863262,33488,25467,66976
../data/pdb1HYS.mtx,28,128,5,0.004611492,0.004565954,33488,25467,66976
../data/pdb1HYS.mtx,28,128,6,0.004711151,0.004667521,33488,25467,66976
../data/pdb1HYS.mtx,28,128,7,0.004834175,0.004789352,33488,25467,66976
../data/pdb1HYS.mtx,28,128,8,0.004652023,0.004607201,33488,25467,66976
../data/pdb1HYS.mtx,28,128,9,0.004911184,0.004866362,33488,25467,66976
../data/pdb1HYS.mtx,29,128,0,0.005036592,0.004986286,33494,25325,66988
../data/pdb1HYS.mtx,29,128,1,0.004699230,0.004654169,33494,25325,66988
../data/pdb1HYS.mtx,29,128,2,0.004797697,0.004751682,33494,25325,66988
../data/pdb1HYS.mtx,29,128,3,0.004720449,0.004676104,33494,25325,66988
../data/pdb1HYS.mtx,29,128,4,0.004911900,0.004868746,33494,25325,66988
../data/pdb1HYS.mtx,29,128,5,0.004611969,0.004567862,33494,25325,66988
../data/pdb1HYS.mtx,29,128,6,0.004654646,0.004610538,33494,25325,66988
../data/pdb1HYS.mtx,29,128,7,0.004835844,0.004790783,33494,25325,66988
../data/pdb1HYS.mtx,29,128,8,0.004649162,0.004605293,33494,25325,66988
../data/pdb1HYS.mtx,29,128,9,0.004914522,0.004869461,33494,25325,66988
../data/pdb1HYS.mtx,30,128,0,0.005028248,0.004983425,33673,25271,67346
../data/pdb1HYS.mtx,30,128,1,0.004677534,0.004634142,33673,25271,67346
../data/pdb1HYS.mtx,30,128,2,0.004790306,0.004749060,33673,25271,67346
../data/pdb1HYS.mtx,30,128,3,0.004707098,0.004664183,33673,25271,67346
../data/pdb1HYS.mtx,30,128,4,0.004873276,0.004831791,33673,25271,67346
../data/pdb1HYS.mtx,30,128,5,0.004582644,0.004539967,33673,25271,67346
../data/pdb1HYS.mtx,30,128,6,0.004673481,0.004631042,33673,25271,67346
../data/pdb1HYS.mtx,30,128,7,0.004803896,0.004762173,33673,25271,67346
../data/pdb1HYS.mtx,30,128,8,0.004625559,0.004584312,33673,25271,67346
../data/pdb1HYS.mtx,30,128,9,0.004878044,0.004835367,33673,25271,67346
../data/pdb1HYS.mtx,31,128,0,0.005164146,0.005117893,33590,25554,67180
../data/pdb1HYS.mtx,31,128,1,0.004666328,0.004621029,33590,25554,67180
../data/pdb1HYS.mtx,31,128,2,0.004780293,0.004734516,33590,25554,67180
../data/pdb1HYS.mtx,31,128,3,0.004701614,0.004655600,33590,25554,67180
../data/pdb1HYS.mtx,31,128,4,0.004885435,0.004840374,33590,25554,67180
../data/pdb1HYS.mtx,31,128,5,0.004575253,0.004530430,33590,25554,67180
../data/pdb1HYS.mtx,31,128,6,0.004660606,0.004615307,33590,25554,67180
../data/pdb1HYS.mtx,31,128,7,0.004797935,0.004753590,33590,25554,67180
../data/pdb1HYS.mtx,31,128,8,0.004617691,0.004572868,33590,25554,67180
../data/pdb1HYS.mtx,31,128,9,0.004874468,0.004829168,33590,25554,67180
../data/pdb1HYS.mtx,32,128,0,0.005158901,0.005112171,33542,25233,67084
../data/pdb1HYS.mtx,32,128,1,0.004678726,0.004632950,33542,25233,67084
../data/pdb1HYS.mtx,32,128,2,0.004799366,0.004744291,33542,25233,67084
../data/pdb1HYS.mtx,32,128,3,0.004718304,0.004671812,33542,25233,67084
../data/pdb1HYS.mtx,32,128,4,0.004887104,0.004842043,33542,25233,67084
../data/pdb1HYS.mtx,32,128,5,0.004582405,0.004537106,33542,25233,67084
../data/pdb1HYS.mtx,32,128,6,0.004745483,0.004699707,33542,25233,67084
../data/pdb1HYS.mtx,32,128,7,0.004806757,0.004761457,33542,25233,67084
../data/pdb1HYS.mtx,32,128,8,0.004621029,0.004575014,33542,25233,67084
../data/pdb1HYS.mtx,32,128,9,0.004884005,0.004838228,33542,25233,67084
../data/pdb1HYS.mtx,33,128,0,0.004963875,0.004919052,33648,25159,67296
../data/pdb1HYS.mtx,33,128,1,0.004653692,0.004608154,33648,25159,67296
../data/pdb1HYS.mtx,33,128,2,0.004770994,0.004725218,33648,25159,67296
../data/pdb1HYS.mtx,33,128,3,0.004678249,0.004632950,33648,25159,67296
../data/pdb1HYS.mtx,33,128,4,0.004874945,0.004830122,33648,25159,67296
../data/pdb1HYS.mtx,33,128,5,0.004554272,0.004509449,33648,25159,67296
../data/pdb1HYS.mtx,33,128,6,0.004751205,0.004706621,33648,25159,67296
../data/pdb1HYS.mtx,33,128,7,0.004792929,0.004748583,33648,25159,67296
../data/pdb1HYS.mtx,33,128,8,0.004603624,0.004558086,33648,25159,67296
../data/pdb1HYS.mtx,33,128,9,0.004856586,0.004812241,33648,25159,67296
../data/pdb1HYS.mtx,34,128,0,0.004947186,0.004901648,33554,25341,67108
../data/pdb1HYS.mtx,34,128,1,0.004486084,0.004441977,33554,25341,67108
../data/pdb1HYS.mtx,34,128,2,0.004762650,0.004715204,33554,25341,67108
../data/pdb1HYS.mtx,34,128,3,0.004664898,0.004621267,33554,25341,67108
../data/pdb1HYS.mtx,34,128,4,0.004859924,0.004815578,33554,25341,67108
../data/pdb1HYS.mtx,34,128,5,0.004562140,0.004517555,33554,25341,67108
../data/pdb1HYS.mtx,34,128,6,0.004700899,0.004655838,33554,25341,67108
../data/pdb1HYS.mtx,34,128,7,0.004810810,0.004767179,33554,25341,67108
../data/pdb1HYS.mtx,34,128,8,0.004600048,0.004555941,33554,25341,67108
../data/pdb1HYS.mtx,34,128,9,0.004855633,0.004811049,33554,25341,67108
../data/pdb1HYS.mtx,35,128,0,0.005125523,0.005082369,33337,25281,66674
../data/pdb1HYS.mtx,35,128,1,0.004398823,0.004356623,33337,25281,66674
../data/pdb1HYS.mtx,35,128,2,0.004744053,0.004701138,33337,25281,66674
../data/pdb1HYS.mtx,35,128,3,0.004658937,0.004616022,33337,25281,66674
../data/pdb1HYS.mtx,35,128,4,0.004819155,0.004777431,33337,25281,66674
../data/pdb1HYS.mtx,35,128,5,0.004509449,0.004467487,33337,25281,66674
../data/pdb1HYS.mtx,35,128,6,0.004675388,0.004631042,33337,25281,66674
../data/pdb1HYS.mtx,35,128,7,0.004771233,0.004729509,33337,25281,66674
../data/pdb1HYS.mtx,35,128,8,0.004576921,0.004534006,33337,25281,66674
../data/pdb1HYS.mtx,35,128,9,0.004836321,0.004794598,33337,25281,66674
../data/pdb1HYS.mtx,36,128,0,0.004881144,0.004835129,33457,25392,66914
../data/pdb1HYS.mtx,36,128,1,0.004412651,0.004368782,33457,25392,66914
../data/pdb1HYS.mtx,36,128,2,0.004736423,0.004692078,33457,25392,66914
../data/pdb1HYS.mtx,36,128,3,0.004614830,0.004569292,33457,25392,66914
../data/pdb1HYS.mtx,36,128,4,0.004845142,0.004800797,33457,25392,66914
../data/pdb1HYS.mtx,36,128,5,0.004513979,0.004468918,33457,25392,66914
../data/pdb1HYS.mtx,36,128,6,0.004606485,0.004554033,33457,25392,66914
../data/pdb1HYS.mtx,36,128,7,0.004766464,0.004720926,33457,25392,66914
../data/pdb1HYS.mtx,36,128,8,0.004585266,0.004539967,33457,25392,66914
../data/pdb1HYS.mtx,36,128,9,0.004842758,0.004798412,33457,25392,66914
../data/pdb1HYS.mtx,37,128,0,0.004925728,0.004881620,33551,25221,67102
../data/pdb1HYS.mtx,37,128,1,0.004430056,0.004385471,33551,25221,67102
../data/pdb1HYS.mtx,37,128,2,0.004720688,0.004677534,33551,25221,67102
../data/pdb1HYS.mtx,37,128,3,0.004630566,0.004586458,33551,25221,67102
../data/pdb1HYS.mtx,37,128,4,0.004836798,0.004791498,33551,25221,67102
../data/pdb1HYS.mtx,37,128,5,0.004492998,0.004448414,33551,25221,67102
../data/pdb1HYS.mtx,37,128,6,0.004700661,0.004656315,33551,25221,67102
../data/pdb1HYS.mtx,37,128,7,0.004746914,0.004703283,33551,25221,67102
../data/pdb1HYS.mtx,37,128,8,0.004556894,0.004512310,33551,25221,67102
../data/pdb1HYS.mtx,37,128,9,0.004819870,0.004777193,33551,25221,67102
../data/pdb1HYS.mtx,38,128,0,0.004839659,0.004794598,34003,25599,68006
../data/pdb1HYS.mtx,38,128,1,0.004360199,0.004317045,34003,25599,68006
../data/pdb1HYS.mtx,38,128,2,0.004725695,0.004683971,34003,25599,68006
../data/pdb1HYS.mtx,38,128,3,0.004527092,0.004483461,34003,25599,68006
../data/pdb1HYS.mtx,38,128,4,0.004833221,0.004790783,34003,25599,68006
../data/pdb1HYS.mtx,38,128,5,0.004483700,0.004439831,34003,25599,68006
../data/pdb1HYS.mtx,38,128,6,0.004612207,0.004562140,34003,25599,68006
../data/pdb1HYS.mtx,38,128,7,0.004742146,0.004700661,34003,25599,68006
../data/pdb1HYS.mtx,38,128,8,0.004543543,0.004502058,34003,25599,68006
../data/pdb1HYS.mtx,38,128,9,0.004824400,0.004781246,34003,25599,68006
../data/pdb1HYS.mtx,39,128,0,0.004841566,0.004794359,34021,25477,68042
../data/pdb1HYS.mtx,39,128,1,0.004307508,0.004263401,34021,25477,68042
../data/pdb1HYS.mtx,39,128,2,0.004708767,0.004665613,34021,25477,68042
../data/pdb1HYS.mtx,39,128,3,0.004527569,0.004483938,34021,25477,68042
../data/pdb1HYS.mtx,39,128,4,0.004818201,0.004776716,34021,25477,68042
../data/pdb1HYS.mtx,39,128,5,0.004470825,0.004427433,34021,25477,68042
../data/pdb1HYS.mtx,39,128,6,0.004598141,0.004548311,34021,25477,68042
../data/pdb1HYS.mtx,39,128,7,0.004736185,0.004693985,34021,25477,68042
../data/pdb1HYS.mtx,39,128,8,0.004530668,0.004488945,34021,25477,68042
../data/pdb1HYS.mtx,39,128,9,0.004803419,0.004760265,34021,25477,68042
../data/pdb1HYS.mtx,40,128,0,0.004862547,0.004815340,34163,25603,68326
../data/pdb1HYS.mtx,40,128,1,0.004333496,0.004289865,34163,25603,68326
../data/pdb1HYS.mtx,40,128,2,0.004691839,0.004649878,34163,25603,68326
../data/pdb1HYS.mtx,40,128,3,0.004538298,0.004493952,34163,25603,68326
../data/pdb1HYS.mtx,40,128,4,0.004837990,0.004795313,34163,25603,68326
../data/pdb1HYS.mtx,40,128,5,0.004474163,0.004431248,34163,25603,68326
../data/pdb1HYS.mtx,40,128,6,0.004654646,0.004588842,34163,25603,68326
../data/pdb1HYS.mtx,40,128,7,0.004745245,0.004703283,34163,25603,68326
../data/pdb1HYS.mtx,40,128,8,0.004540920,0.004498482,34163,25603,68326
../data/pdb1HYS.mtx,40,128,9,0.004816055,0.004772425,34163,25603,68326
../data/pdb1HYS.mtx,41,128,0,0.004836082,0.004791021,34111,25584,68222
../data/pdb1HYS.mtx,41,128,1,0.004315376,0.004271030,34111,25584,68222
../data/pdb1HYS.mtx,41,128,2,0.004631996,0.004588842,34111,25584,68222
../data/pdb1HYS.mtx,41,128,3,0.004447222,0.004403830,34111,25584,68222
../data/pdb1HYS.mtx,41,128,4,0.004809618,0.004767418,34111,25584,68222
../data/pdb1HYS.mtx,41,128,5,0.004392147,0.004348993,34111,25584,68222
../data/pdb1HYS.mtx,41,128,6,0.004579067,0.004535913,34111,25584,68222
../data/pdb1HYS.mtx,41,128,7,0.004724026,0.004681110,34111,25584,68222
../data/pdb1HYS.mtx,41,128,8,0.004521370,0.004478931,34111,25584,68222
../data/pdb1HYS.mtx,41,128,9,0.004803419,0.004759312,34111,25584,68222
../data/pdb1HYS.mtx,42,128,0,0.004901886,0.004861593,33890,25555,67780
../data/pdb1HYS.mtx,42,128,1,0.004362822,0.004324675,33890,25555,67780
../data/pdb1HYS.mtx,42,128,2,0.004639864,0.004601955,33890,25555,67780
../data/pdb1HYS.mtx,42,128,3,0.004578114,0.004540443,33890,25555,67780
../data/pdb1HYS.mtx,42,128,4,0.004801273,0.004764080,33890,25555,67780
../data/pdb1HYS.mtx,42,128,5,0.004397631,0.004359722,33890,25555,67780
../data/pdb1HYS.mtx,42,128,6,0.004667521,0.004629850,33890,25555,67780
../data/pdb1HYS.mtx,42,128,7,0.004715204,0.004678488,33890,25555,67780
../data/pdb1HYS.mtx,42,128,8,0.004448175,0.004410744,33890,25555,67780
../data/pdb1HYS.mtx,42,128,9,0.004776239,0.004738569,33890,25555,67780
../data/pdb1HYS.mtx,43,128,0,0.004781723,0.004736662,33598,25435,67196
../data/pdb1HYS.mtx,43,128,1,0.004307270,0.004263401,33598,25435,67196
../data/pdb1HYS.mtx,43,128,2,0.004632950,0.004590273,33598,25435,67196
../data/pdb1HYS.mtx,43,128,3,0.004503965,0.004460573,33598,25435,67196
../data/pdb1HYS.mtx,43,128,4,0.004792690,0.004751682,33598,25435,67196
../data/pdb1HYS.mtx,43,128,5,0.004394293,0.004351377,33598,25435,67196
../data/pdb1HYS.mtx,43,128,6,0.004629374,0.004562616,33598,25435,67196
../data/pdb1HYS.mtx,43,128,7,0.004709959,0.004669428,33598,25435,67196
../data/pdb1HYS.mtx,43,128,8,0.004449606,0.004397392,33598,25435,67196
../data/pdb1HYS.mtx,43,128,9,0.004771471,0.004728794,33598,25435,67196
../data/pdb1HYS.mtx,44,128,0,0.004795313,0.004750729,33223,25269,66446
../data/pdb1HYS.mtx,44,128,1,0.004310369,0.004264832,33223,25269,66446
../data/pdb1HYS.mtx,44,128,2,0.004622459,0.004578590,33223,25269,66446
../data/pdb1HYS.mtx,44,128,3,0.004449129,0.004404068,33223,25269,66446
../data/pdb1HYS.mtx,44,128,4,0.004787922,0.004744291,33223,25269,66446
../data/pdb1HYS.mtx,44,128,5,0.004375935,0.004331827,33223,25269,66446
../data/pdb1HYS.mtx,44,128,6,0.004568815,0.004523516,33223,25269,66446
../data/pdb1HYS.mtx,44,128,7,0.004707813,0.004663229,33223,25269,66446
../data/pdb1HYS.mtx,44,128,8,0.004432201,0.004388571,33223,25269,66446
../data/pdb1HYS.mtx,44,128,9,0.004770517,0.004726648,33223,25269,66446
../data/pdb1HYS.mtx,45,128,0,0.004892111,0.004847527,33433,25293,66866
../data/pdb1HYS.mtx,45,128,1,0.004336834,0.004294634,33433,25293,66866
../data/pdb1HYS.mtx,45,128,2,0.004642725,0.004600763,33433,25293,66866
../data/pdb1HYS.mtx,45,128,3,0.004578114,0.004535675,33433,25293,66866
../data/pdb1HYS.mtx,45,128,4,0.004762650,0.004722118,33433,25293,66866
../data/pdb1HYS.mtx,45,128,5,0.004340887,0.004298925,33433,25293,66866
../data/pdb1HYS.mtx,45,128,6,0.004681587,0.004638910,33433,25293,66866
../data/pdb1HYS.mtx,45,128,7,0.004692554,0.004651785,33433,25293,66866
../data/pdb1HYS.mtx,45,128,8,0.004451275,0.004398823,33433,25293,66866
../data/pdb1HYS.mtx,45,128,9,0.004755020,0.004712343,33433,25293,66866
../data/pdb1HYS.mtx,46,128,0,0.004827976,0.004776239,33617,25409,67234
../data/pdb1HYS.mtx,46,128,1,0.004428864,0.004378319,33617,25409,67234
../data/pdb1HYS.mtx,46,128,2,0.004617929,0.004567146,33617,25409,67234
../data/pdb1HYS.mtx,46,128,3,0.004488707,0.004438400,33617,25409,67234
../data/pdb1HYS.mtx,46,128,4,0.004785061,0.004715443,33617,25409,67234
../data/pdb1HYS.mtx,46,128,5,0.004409075,0.004364729,33617,25409,67234
../data/pdb1HYS.mtx,46,128,6,0.004636288,0.004559994,33617,25409,67234
../data/pdb1HYS.mtx,46,128,7,0.004702568,0.004637003,33617,25409,67234
../data/pdb1HYS.mtx,46,128,8,0.004429102,0.004383802,33617,25409,67234
../data/pdb1HYS.mtx,46,128,9,0.004792213,0.004725456,33617,25409,67234
../data/pdb1HYS.mtx,47,128,0,0.004735231,0.004690886,33912,25363,67824
../data/pdb1HYS.mtx,47,128,1,0.004269838,0.004226923,33912,25363,67824
../data/pdb1HYS.mtx,47,128,2,0.004599333,0.004557133,33912,25363,67824
../data/pdb1HYS.mtx,47,128,3,0.004445076,0.004401207,33912,25363,67824
../data/pdb1HYS.mtx,47,128,4,0.004739523,0.004698038,33912,25363,67824
../data/pdb1HYS.mtx,47,128,5,0.004310131,0.004267931,33912,25363,67824
../data/pdb1HYS.mtx,47,128,6,0.004582167,0.004531145,33912,25363,67824
../data/pdb1HYS.mtx,47,128,7,0.004676819,0.004635811,33912,25363,67824
../data/pdb1HYS.mtx,47,128,8,0.004389763,0.004347563,33912,25363,67824
../data/pdb1HYS.mtx,47,128,9,0.004741907,0.004698992,33912,25363,67824
../data/pdb1HYS.mtx,48,128,0,0.004903078,0.004826069,33714,25354,67428
../data/pdb1HYS.mtx,48,128,1,0.004449606,0.004388809,33714,25354,67428
../data/pdb1HYS.mtx,48,128,2,0.004684925,0.004621029,33714,25354,67428
../data/pdb1HYS.mtx,48,128,3,0.004606724,0.004533052,33714,25354,67428
../data/pdb1HYS.mtx,48,128,4,0.004866600,0.004814625,33714,25354,67428
../data/pdb1HYS.mtx,48,128,5,0.004548311,0.004488230,33714,25354,67428
../data/pdb1HYS.mtx,48,128,6,0.004688263,0.004616261,33714,25354,67428
../data/pdb1HYS.mtx,48,128,7,0.004707336,0.004637003,33714,25354,67428
../data/pdb1HYS.mtx,48,128,8,0.004451513,0.004386663,33714,25354,67428
../data/pdb1HYS.mtx,48,128,9,0.004771709,0.004714727,33714,25354,67428
../data/pdb1HYS.mtx,49,128,0,0.004807472,0.004758358,33651,25393,67302
../data/pdb1HYS.mtx,49,128,1,0.004335403,0.004280090,33651,25393,67302
../data/pdb1HYS.mtx,49,128,2,0.004589081,0.004544973,33651,25393,67302
../data/pdb1HYS.mtx,49,128,3,0.004544258,0.004498243,33651,25393,67302
../data/pdb1HYS.mtx,49,128,4,0.004816532,0.004771233,33651,25393,67302
../data/pdb1HYS.mtx,49,128,5,0.004419327,0.004373550,33651,25393,67302
../data/pdb1HYS.mtx,49,128,6,0.004607201,0.004563808,33651,25393,67302
../data/pdb1HYS.mtx,49,128,7,0.004668474,0.004622221,33651,25393,67302
../data/pdb1HYS.mtx,49,128,8,0.004359722,0.004315615,33651,25393,67302
../data/pdb1HYS.mtx,49,128,9,0.004724264,0.004679918,33651,25393,67302
../data/pdb1HYS.mtx,50,128,0,0.004818201,0.004768133,33704,25422,67408
../data/pdb1HYS.mtx,50,128,1,0.004341125,0.004284143,33704,25422,67408
../data/pdb1HYS.mtx,50,128,2,0.004547358,0.004502535,33704,25422,67408
../data/pdb1HYS.mtx,50,128,3,0.004509211,0.004465580,33704,25422,67408
../data/pdb1HYS.mtx,50,128,4,0.004811287,0.004767895,33704,25422,67408
../data/pdb1HYS.mtx,50,128,5,0.004416704,0.004372120,33704,25422,67408
../data/pdb1HYS.mtx,50,128,6,0.004595518,0.004551888,33704,25422,67408
../data/pdb1HYS.mtx,50,128,7,0.004642725,0.004598379,33704,25422,67408
../data/pdb1HYS.mtx,50,128,8,0.004347324,0.004304647,33704,25422,67408
../data/pdb1HYS.mtx,50,128,9,0.004707336,0.004663706,33704,25422,67408
../data/pdb1HYS.mtx,51,128,0,0.004792929,0.004742622,33654,25218,67308
../data/pdb1HYS.mtx,51,128,1,0.004186153,0.004141808,33654,25218,67308
../data/pdb1HYS.mtx,51,128,2,0.004364967,0.004320621,33654,25218,67308
../data/pdb1HYS.mtx,51,128,3,0.004492998,0.004447699,33654,25218,67308
../data/pdb1HYS.mtx,51,128,4,0.004703999,0.004657984,33654,25218,67308
../data/pdb1HYS.mtx,51,128,5,0.004313231,0.004268646,33654,25218,67308
../data/pdb1HYS.mtx,51,128,6,0.004584789,0.004541159,33654,25218,67308
../data/pdb1HYS.mtx,51,128,7,0.004324675,0.004281282,33654,25218,67308
../data/pdb1HYS.mtx,51,128,8,0.004308939,0.004265547,33654,25218,67308
../data/pdb1HYS.mtx,51,128,9,0.004376411,0.004332066,33654,25218,67308
../data/pdb1HYS.mtx,52,128,0,0.004766703,0.004726648,33787,25280,67574
../data/pdb1HYS.mtx,52,128,1,0.004289627,0.004251242,33787,25280,67574
../data/pdb1HYS.mtx,52,128,2,0.004362583,0.004325151,33787,25280,67574
../data/pdb1HYS.mtx,52,128,3,0.004478693,0.004440308,33787,25280,67574
../data/pdb1HYS.mtx,52,128,4,0.004705667,0.004668474,33787,25280,67574
../data/pdb1HYS.mtx,52,128,5,0.004355669,0.004318237,33787,25280,67574
../data/pdb1HYS.mtx,52,128,6,0.004576683,0.004539490,33787,25280,67574
../data/pdb1HYS.mtx,52,128,7,0.004316568,0.004279137,33787,25280,67574
../data/pdb1HYS.mtx,52,128,8,0.004287481,0.004249573,33787,25280,67574
../data/pdb1HYS.mtx,52,128,9,0.004428387,0.004390955,33787,25280,67574
../data/pdb1HYS.mtx,53,128,0,0.004741669,0.004701138,33774,25201,67548
../data/pdb1HYS.mtx,53,128,1,0.004323959,0.004285812,33774,25201,67548
../data/pdb1HYS.mtx,53,128,2,0.004412889,0.004374504,33774,25201,67548
../data/pdb1HYS.mtx,53,128,3,0.004356146,0.004317999,33774,25201,67548
../data/pdb1HYS.mtx,53,128,4,0.004692793,0.004655361,33774,25201,67548
../data/pdb1HYS.mtx,53,128,5,0.004405022,0.004368305,33774,25201,67548
../data/pdb1HYS.mtx,53,128,6,0.004557610,0.004520655,33774,25201,67548
../data/pdb1HYS.mtx,53,128,7,0.004374504,0.004337549,33774,25201,67548
../data/pdb1HYS.mtx,53,128,8,0.004282713,0.004245043,33774,25201,67548
../data/pdb1HYS.mtx,53,128,9,0.004489899,0.004452944,33774,25201,67548
../data/pdb1HYS.mtx,54,128,0,0.004837036,0.004745245,34478,25501,68956
../data/pdb1HYS.mtx,54,128,1,0.004481792,0.004414797,34478,25501,68956
../data/pdb1HYS.mtx,54,128,2,0.004568338,0.004492760,34478,25501,68956
../data/pdb1HYS.mtx,54,128,3,0.004514456,0.004439354,34478,25501,68956
../data/pdb1HYS.mtx,54,128,4,0.004750013,0.004683256,34478,25501,68956
../data/pdb1HYS.mtx,54,128,5,0.004555941,0.004492283,34478,25501,68956
../data/pdb1HYS.mtx,54,128,6,0.004653215,0.004586697,34478,25501,68956
../data/pdb1HYS.mtx,54,128,7,0.004588604,0.004512548,34478,25501,68956
../data/pdb1HYS.mtx,54,128,8,0.004416943,0.004334927,34478,25501,68956
../data/pdb1HYS.mtx,54,128,9,0.004385948,0.004338503,34478,25501,68956
../data/pdb1HYS.mtx,55,128,0,0.004824162,0.004734278,34347,25370,68694
../data/pdb1HYS.mtx,55,128,1,0.004414797,0.004344225,34347,25370,68694
../data/pdb1HYS.mtx,55,128,2,0.004507303,0.004451990,34347,25370,68694
../data/pdb1HYS.mtx,55,128,3,0.004461288,0.004394770,34347,25370,68694
../data/pdb1HYS.mtx,55,128,4,0.004753828,0.004687309,34347,25370,68694
../data/pdb1HYS.mtx,55,128,5,0.004535437,0.004470825,34347,25370,68694
../data/pdb1HYS.mtx,55,128,6,0.004626989,0.004549503,34347,25370,68694
../data/pdb1HYS.mtx,55,128,7,0.004546642,0.004466534,34347,25370,68694
../data/pdb1HYS.mtx,55,128,8,0.004378796,0.004323244,34347,25370,68694
../data/pdb1HYS.mtx,55,128,9,0.004649162,0.004569054,34347,25370,68694
../data/pdb1HYS.mtx,56,128,0,0.004798889,0.004730463,33640,25229,67280
../data/pdb1HYS.mtx,56,128,1,0.004341841,0.004261494,33640,25229,67280
../data/pdb1HYS.mtx,56,128,2,0.004426241,0.004367828,33640,25229,67280
../data/pdb1HYS.mtx,56,128,3,0.004452944,0.004347086,33640,25229,67280
../data/pdb1HYS.mtx,56,128,4,0.004760504,0.004699707,33640,25229,67280
../data/pdb1HYS.mtx,56,128,5,0.004489183,0.004435062,33640,25229,67280
../data/pdb1HYS.mtx,56,128,6,0.004618168,0.004524469,33640,25229,67280
../data/pdb1HYS.mtx,56,128,7,0.004518747,0.004451990,33640,25229,67280
../data/pdb1HYS.mtx,56,128,8,0.004264355,0.004213333,33640,25229,67280
../data/pdb1HYS.mtx,56,128,9,0.004548788,0.004477739,33640,25229,67280
../data/pdb1HYS.mtx,57,128,0,0.004748583,0.004700899,33638,25463,67276
../data/pdb1HYS.mtx,57,128,1,0.004251003,0.004203558,33638,25463,67276
../data/pdb1HYS.mtx,57,128,2,0.004302502,0.004258156,33638,25463,67276
../data/pdb1HYS.mtx,57,128,3,0.004270077,0.004225254,33638,25463,67276
../data/pdb1HYS.mtx,57,128,4,0.004707336,0.004662275,33638,25463,67276
../data/pdb1HYS.mtx,57,128,5,0.004357100,0.004311562,33638,25463,67276
../data/pdb1HYS.mtx,57,128,6,0.004535675,0.004491568,33638,25463,67276
../data/pdb1HYS.mtx,57,128,7,0.004404068,0.004358292,33638,25463,67276
../data/pdb1HYS.mtx,57,128,8,0.004236460,0.004192352,33638,25463,67276
../data/pdb1HYS.mtx,57,128,9,0.004447222,0.004402161,33638,25463,67276
../data/pdb1HYS.mtx,58,128,0,0.004633188,0.004590750,33521,25683,67042
../data/pdb1HYS.mtx,58,128,1,0.004241705,0.004200220,33521,25683,67042
../data/pdb1HYS.mtx,58,128,2,0.004302740,0.004261494,33521,25683,67042
../data/pdb1HYS.mtx,58,128,3,0.004233837,0.004192352,33521,25683,67042
../data/pdb1HYS.mtx,58,128,4,0.004692078,0.004650831,33521,25683,67042
../data/pdb1HYS.mtx,58,128,5,0.004350424,0.004309177,33521,25683,67042
../data/pdb1HYS.mtx,58,128,6,0.004528761,0.004487753,33521,25683,67042
../data/pdb1HYS.mtx,58,128,7,0.004388809,0.004347563,33521,25683,67042
../data/pdb1HYS.mtx,58,128,8,0.004233837,0.004192829,33521,25683,67042
../data/pdb1HYS.mtx,58,128,9,0.004441261,0.004400253,33521,25683,67042
../data/pdb1HYS.mtx,59,128,0,0.004649401,0.004608154,33735,25556,67470
../data/pdb1HYS.mtx,59,128,1,0.004231691,0.004193068,33735,25556,67470
../data/pdb1HYS.mtx,59,128,2,0.004289627,0.004252434,33735,25556,67470
../data/pdb1HYS.mtx,59,128,3,0.004188776,0.004151821,33735,25556,67470
../data/pdb1HYS.mtx,59,128,4,0.004680157,0.004643440,33735,25556,67470
../data/pdb1HYS.mtx,59,128,5,0.004342556,0.004304647,33735,25556,67470
../data/pdb1HYS.mtx,59,128,6,0.004493237,0.004456520,33735,25556,67470
../data/pdb1HYS.mtx,59,128,7,0.004377127,0.004339457,33735,25556,67470
../data/pdb1HYS.mtx,59,128,8,0.004225254,0.004188299,33735,25556,67470
../data/pdb1HYS.mtx,59,128,9,0.004429102,0.004392385,33735,25556,67470
../data/pdb1HYS.mtx,60,128,0,0.004634619,0.004590034,33699,25356,67398
../data/pdb1HYS.mtx,60,128,1,0.004247427,0.004204512,33699,25356,67398
../data/pdb1HYS.mtx,60,128,2,0.004334927,0.004292965,33699,25356,67398
../data/pdb1HYS.mtx,60,128,3,0.004288197,0.004245520,33699,25356,67398
../data/pdb1HYS.mtx,60,128,4,0.004690886,0.004648447,33699,25356,67398
../data/pdb1HYS.mtx,60,128,5,0.004370928,0.004328489,33699,25356,67398
../data/pdb1HYS.mtx,60,128,6,0.004501820,0.004459858,33699,25356,67398
../data/pdb1HYS.mtx,60,128,7,0.004398108,0.004355431,33699,25356,67398
../data/pdb1HYS.mtx,60,128,8,0.004225016,0.004182577,33699,25356,67398
../data/pdb1HYS.mtx,60,128,9,0.004437685,0.004395247,33699,25356,67398
../data/pdb1HYS.mtx,61,128,0,0.004675388,0.004629374,33743,25526,67486
../data/pdb1HYS.mtx,61,128,1,0.004324198,0.004266977,33743,25526,67486
../data/pdb1HYS.mtx,61,128,2,0.004366875,0.004321814,33743,25526,67486
../data/pdb1HYS.mtx,61,128,3,0.004287004,0.004242182,33743,25526,67486
../data/pdb1HYS.mtx,61,128,4,0.004694700,0.004648209,33743,25526,67486
../data/pdb1HYS.mtx,61,128,5,0.004422426,0.004377842,33743,25526,67486
../data/pdb1HYS.mtx,61,128,6,0.004492760,0.004447937,33743,25526,67486
../data/pdb1HYS.mtx,61,128,7,0.004396439,0.004351139,33743,25526,67486
../data/pdb1HYS.mtx,61,128,8,0.004235744,0.004192352,33743,25526,67486
../data/pdb1HYS.mtx,61,128,9,0.004473925,0.004428387,33743,25526,67486
../data/pdb1HYS.mtx,62,128,0,0.004629135,0.004588366,33949,25673,67898
../data/pdb1HYS.mtx,62,128,1,0.004228592,0.004189968,33949,25673,67898
../data/pdb1HYS.mtx,62,128,2,0.004280567,0.004243374,33949,25673,67898
../data/pdb1HYS.mtx,62,128,3,0.004191160,0.004153490,33949,25673,67898
../data/pdb1HYS.mtx,62,128,4,0.004685640,0.004647970,33949,25673,67898
../data/pdb1HYS.mtx,62,128,5,0.004342794,0.004304409,33949,25673,67898
../data/pdb1HYS.mtx,62,128,6,0.004458666,0.004420280,33949,25673,67898
../data/pdb1HYS.mtx,62,128,7,0.004376173,0.004338026,33949,25673,67898
../data/pdb1HYS.mtx,62,128,8,0.004186153,0.004148245,33949,25673,67898
../data/pdb1HYS.mtx,62,128,9,0.004433870,0.004396677,33949,25673,67898
../data/pdb1HYS.mtx,63,128,0,0.004629374,0.004586697,33615,25549,67230
../data/pdb1HYS.mtx,63,128,1,0.004208803,0.004166603,33615,25549,67230
../data/pdb1HYS.mtx,63,128,2,0.004290581,0.004249096,33615,25549,67230
../data/pdb1HYS.mtx,63,128,3,0.004246473,0.004204035,33615,25549,67230
../data/pdb1HYS.mtx,63,128,4,0.004668474,0.004626989,33615,25549,67230
../data/pdb1HYS.mtx,63,128,5,0.004347801,0.004305840,33615,25549,67230
../data/pdb1HYS.mtx,63,128,6,0.004468918,0.004426718,33615,25549,67230
../data/pdb1HYS.mtx,63,128,7,0.004372597,0.004331112,33615,25549,67230
../data/pdb1HYS.mtx,63,128,8,0.004181862,0.004140377,33615,25549,67230
../data/pdb1HYS.mtx,63,128,9,0.004431248,0.004389763,33615,25549,67230
../data/pdb1HYS.mtx,64,128,0,0.004675865,0.004635811,33830,25877,67660
../data/pdb1HYS.mtx,64,128,1,0.004235029,0.004197121,33830,25877,67660
../data/pdb1HYS.mtx,64,128,2,0.004293680,0.004256487,33830,25877,67660
../data/pdb1HYS.mtx,64,128,3,0.004185200,0.004148245,33830,25877,67660
../data/pdb1HYS.mtx,64,128,4,0.004680634,0.004643440,33830,25877,67660
../data/pdb1HYS.mtx,64,128,5,0.004345894,0.004308701,33830,25877,67660
../data/pdb1HYS.mtx,64,128,6,0.004491806,0.004454851,33830,25877,67660
../data/pdb1HYS.mtx,64,128,7,0.004380703,0.004343748,33830,25877,67660
../data/pdb1HYS.mtx,64,128,8,0.004185438,0.004148245,33830,25877,67660
../data/pdb1HYS.mtx,64,128,9,0.004435062,0.004398108,33830,25877,67660
../data/pdb1HYS.mtx,65,128,0,0.004621983,0.004578352,33823,25970,67646
../data/pdb1HYS.mtx,65,128,1,0.004241705,0.004199743,33823,25970,67646
../data/pdb1HYS.mtx,65,128,2,0.004295588,0.004253864,33823,25970,67646
../data/pdb1HYS.mtx,65,128,3,0.004248381,0.004206419,33823,25970,67646
../data/pdb1HYS.mtx,65,128,4,0.004680395,0.004638910,33823,25970,67646
../data/pdb1HYS.mtx,65,128,5,0.004335642,0.004293919,33823,25970,67646
../data/pdb1HYS.mtx,65,128,6,0.004447460,0.004405975,33823,25970,67646
../data/pdb1HYS.mtx,65,128,7,0.004377127,0.004335642,33823,25970,67646
../data/pdb1HYS.mtx,65,128,8,0.004176855,0.004135370,33823,25970,67646
../data/pdb1HYS.mtx,65,128,9,0.004438639,0.004396915,33823,25970,67646
../data/pdb1HYS.mtx,66,128,0,0.004390955,0.004348755,33751,25970,67502
../data/pdb1HYS.mtx,66,128,1,0.004221439,0.004183292,33751,25970,67502
../data/pdb1HYS.mtx,66,128,2,0.004288912,0.004251003,33751,25970,67502
../data/pdb1HYS.mtx,66,128,3,0.004181862,0.004144430,33751,25970,67502
../data/pdb1HYS.mtx,66,128,4,0.004673243,0.004635572,33751,25970,67502
../data/pdb1HYS.mtx,66,128,5,0.004329443,0.004292011,33751,25970,67502
../data/pdb1HYS.mtx,66,128,6,0.004448414,0.004411221,33751,25970,67502
../data/pdb1HYS.mtx,66,128,7,0.004373312,0.004335403,33751,25970,67502
../data/pdb1HYS.mtx,66,128,8,0.004179716,0.004142523,33751,25970,67502
../data/pdb1HYS.mtx,66,128,9,0.004432917,0.004395485,33751,25970,67502
../data/pdb1HYS.mtx,67,128,0,0.004549265,0.004487276,33841,25785,67682
../data/pdb1HYS.mtx,67,128,1,0.004231453,0.004185677,33841,25785,67682
../data/pdb1HYS.mtx,67,128,2,0.004285097,0.004240274,33841,25785,67682
../data/pdb1HYS.mtx,67,128,3,0.004192829,0.004147530,33841,25785,67682
../data/pdb1HYS.mtx,67,128,4,0.004690170,0.004643679,33841,25785,67682
../data/pdb1HYS.mtx,67,128,5,0.004382372,0.004335880,33841,25785,67682
../data/pdb1HYS.mtx,67,128,6,0.004261255,0.004215956,33841,25785,67682
../data/pdb1HYS.mtx,67,128,7,0.004368544,0.004324675,33841,25785,67682
../data/pdb1HYS.mtx,67,128,8,0.004180431,0.004136562,33841,25785,67682
../data/pdb1HYS.mtx,67,128,9,0.004436255,0.004391432,33841,25785,67682
../data/pdb1HYS.mtx,68,128,0,0.004616499,0.004570246,33824,25969,67648
../data/pdb1HYS.mtx,68,128,1,0.004238844,0.004193544,33824,25969,67648
../data/pdb1HYS.mtx,68,128,2,0.004301310,0.004256487,33824,25969,67648
../data/pdb1HYS.mtx,68,128,3,0.004186392,0.004142046,33824,25969,67648
../data/pdb1HYS.mtx,68,128,4,0.004700184,0.004654408,33824,25969,67648
../data/pdb1HYS.mtx,68,128,5,0.004344463,0.004301071,33824,25969,67648
../data/pdb1HYS.mtx,68,128,6,0.004275799,0.004232168,33824,25969,67648
../data/pdb1HYS.mtx,68,128,7,0.004373074,0.004328251,33824,25969,67648
../data/pdb1HYS.mtx,68,128,8,0.004187346,0.004144430,33824,25969,67648
../data/pdb1HYS.mtx,68,128,9,0.004431486,0.004386425,33824,25969,67648
../data/pdb1HYS.mtx,69,128,0,0.004332304,0.004289389,34025,26052,68050
../data/pdb1HYS.mtx,69,128,1,0.004213810,0.004171848,34025,26052,68050
../data/pdb1HYS.mtx,69,128,2,0.004277468,0.004235506,34025,26052,68050
../data/pdb1HYS.mtx,69,128,3,0.004173279,0.004131317,34025,26052,68050
../data/pdb1HYS.mtx,69,128,4,0.004678488,0.004636288,34025,26052,68050
../data/pdb1HYS.mtx,69,128,5,0.004318476,0.004276752,34025,26052,68050
../data/pdb1HYS.mtx,69,128,6,0.004233599,0.004191637,34025,26052,68050
../data/pdb1HYS.mtx,69,128,7,0.004368305,0.004326344,34025,26052,68050
../data/pdb1HYS.mtx,69,128,8,0.004179239,0.004137278,34025,26052,68050
../data/pdb1HYS.mtx,69,128,9,0.004415274,0.004373550,34025,26052,68050
../data/pdb1HYS.mtx,70,128,0,0.004377365,0.004333496,34075,26147,68150
../data/pdb1HYS.mtx,70,128,1,0.004246712,0.004200220,34075,26147,68150
../data/pdb1HYS.mtx,70,128,2,0.004296303,0.004250050,34075,26147,68150
../data/pdb1HYS.mtx,70,128,3,0.004210711,0.004165888,34075,26147,68150
../data/pdb1HYS.mtx,70,128,4,0.004682541,0.004637241,34075,26147,68150
../data/pdb1HYS.mtx,70,128,5,0.004370928,0.004324913,34075,26147,68150
../data/pdb1HYS.mtx,70,128,6,0.004235983,0.004192591,34075,26147,68150
../data/pdb1HYS.mtx,70,128,7,0.004363060,0.004317522,34075,26147,68150
../data/pdb1HYS.mtx,70,128,8,0.004184484,0.004141331,34075,26147,68150
../data/pdb1HYS.mtx,70,128,9,0.004422903,0.004378080,34075,26147,68150
../data/pdb1HYS.mtx,71,128,0,0.004581690,0.004539013,34038,25856,68076
../data/pdb1HYS.mtx,71,128,1,0.004217386,0.004175186,34038,25856,68076
../data/pdb1HYS.mtx,71,128,2,0.004283667,0.004241467,34038,25856,68076
../data/pdb1HYS.mtx,71,128,3,0.004179478,0.004137754,34038,25856,68076
../data/pdb1HYS.mtx,71,128,4,0.004666567,0.004624605,34038,25856,68076
../data/pdb1HYS.mtx,71,128,5,0.004322290,0.004280329,34038,25856,68076
../data/pdb1HYS.mtx,71,128,6,0.004225731,0.004184008,34038,25856,68076
../data/pdb1HYS.mtx,71,128,7,0.004343510,0.004301548,34038,25856,68076
../data/pdb1HYS.mtx,71,128,8,0.004173040,0.004131317,34038,25856,68076
../data/pdb1HYS.mtx,71,128,9,0.004397869,0.004355907,34038,25856,68076
../data/pdb1HYS.mtx,72,128,0,0.005266905,0.005222321,33793,25687,67586
../data/pdb1HYS.mtx,72,128,1,0.004981756,0.004938126,33793,25687,67586
../data/pdb1HYS.mtx,72,128,2,0.004931211,0.004888058,33793,25687,67586
../data/pdb1HYS.mtx,72,128,3,0.004762411,0.004717827,33793,25687,67586
../data/pdb1HYS.mtx,72,128,4,0.004935980,0.004892111,33793,25687,67586
../data/pdb1HYS.mtx,72,128,5,0.005031347,0.004987240,33793,25687,67586
../data/pdb1HYS.mtx,72,128,6,0.005182743,0.005138636,33793,25687,67586
../data/pdb1HYS.mtx,72,128,7,0.004887342,0.004844427,33793,25687,67586
../data/pdb1HYS.mtx,72,128,8,0.004861355,0.004818916,33793,25687,67586
../data/pdb1HYS.mtx,72,128,9,0.004881144,0.004838228,33793,25687,67586
../data/pdb1HYS.mtx,73,128,0,0.005258799,0.005215168,33856,25670,67712
../data/pdb1HYS.mtx,73,128,1,0.004965067,0.004922152,33856,25670,67712
../data/pdb1HYS.mtx,73,128,2,0.004919529,0.004877090,33856,25670,67712
../data/pdb1HYS.mtx,73,128,3,0.004778147,0.004734755,33856,25670,67712
../data/pdb1HYS.mtx,73,128,4,0.004930019,0.004887104,33856,25670,67712
../data/pdb1HYS.mtx,73,128,5,0.005050898,0.005007267,33856,25670,67712
../data/pdb1HYS.mtx,73,128,6,0.005075216,0.005032539,33856,25670,67712
../data/pdb1HYS.mtx,73,128,7,0.004833221,0.004791260,33856,25670,67712
../data/pdb1HYS.mtx,73,128,8,0.004849195,0.004806757,33856,25670,67712
../data/pdb1HYS.mtx,73,128,9,0.004778862,0.004736662,33856,25670,67712
../data/pdb1HYS.mtx,74,128,0,0.005299091,0.005260706,33969,25583,67938
../data/pdb1HYS.mtx,74,128,1,0.004928112,0.004890919,33969,25583,67938
../data/pdb1HYS.mtx,74,128,2,0.004879951,0.004842758,33969,25583,67938
../data/pdb1HYS.mtx,74,128,3,0.004736185,0.004698992,33969,25583,67938
../data/pdb1HYS.mtx,74,128,4,0.004901648,0.004864454,33969,25583,67938
../data/pdb1HYS.mtx,74,128,5,0.004986525,0.004949331,33969,25583,67938
../data/pdb1HYS.mtx,74,128,6,0.005080462,0.005043268,33969,25583,67938
../data/pdb1HYS.mtx,74,128,7,0.004822254,0.004785538,33969,25583,67938
../data/pdb1HYS.mtx,74,128,8,0.004829407,0.004791498,33969,25583,67938
../data/pdb1HYS.mtx,74,128,9,0.004763842,0.004726648,33969,25583,67938
../data/pdb1HYS.mtx,75,128,0,0.005266190,0.005221367,34209,25641,68418
../data/pdb1HYS.mtx,75,128,1,0.004998446,0.004955292,34209,25641,68418
../data/pdb1HYS.mtx,75,128,2,0.004858494,0.004815102,34209,25641,68418
../data/pdb1HYS.mtx,75,128,3,0.004833460,0.004790545,34209,25641,68418
../data/pdb1HYS.mtx,75,128,4,0.004887104,0.004843473,34209,25641,68418
../data/pdb1HYS.mtx,75,128,5,0.005057335,0.005013704,34209,25641,68418
../data/pdb1HYS.mtx,75,128,6,0.005140781,0.005096674,34209,25641,68418
../data/pdb1HYS.mtx,75,128,7,0.004908800,0.004865408,34209,25641,68418
../data/pdb1HYS.mtx,75,128,8,0.004811049,0.004767418,34209,25641,68418
../data/pdb1HYS.mtx,75,128,9,0.004807234,0.004764795,34209,25641,68418
../data/pdb1HYS.mtx,76,128,0,0.005247116,0.005208254,33989,25539,67978
../data/pdb1HYS.mtx,76,128,1,0.004937410,0.004899740,33989,25539,67978
../data/pdb1HYS.mtx,76,128,2,0.004801273,0.004763365,33989,25539,67978
../data/pdb1HYS.mtx,76,128,3,0.004707813,0.004670858,33989,25539,67978
../data/pdb1HYS.mtx,76,128,4,0.004900455,0.004862785,33989,25539,67978
../data/pdb1HYS.mtx,76,128,5,0.004987955,0.004950047,33989,25539,67978
../data/pdb1HYS.mtx,76,128,6,0.005062342,0.005025387,33989,25539,67978
../data/pdb1HYS.mtx,76,128,7,0.004846334,0.004809141,33989,25539,67978
../data/pdb1HYS.mtx,76,128,8,0.004770041,0.004732847,33989,25539,67978
../data/pdb1HYS.mtx,76,128,9,0.004701138,0.004663944,33989,25539,67978
../data/pdb1HYS.mtx,77,128,0,0.005272150,0.005233049,34201,25565,68402
../data/pdb1HYS.mtx,77,128,1,0.004961014,0.004923344,34201,25565,68402
../data/pdb1HYS.mtx,77,128,2,0.004822254,0.004784346,34201,25565,68402
../data/pdb1HYS.mtx,77,128,3,0.004738331,0.004700899,34201,25565,68402
../data/pdb1HYS.mtx,77,128,4,0.004866362,0.004829407,34201,25565,68402
../data/pdb1HYS.mtx,77,128,5,0.005009890,0.004972696,34201,25565,68402
../data/pdb1HYS.mtx,77,128,6,0.005060196,0.005023003,34201,25565,68402
../data/pdb1HYS.mtx,77,128,7,0.004831791,0.004794359,34201,25565,68402
../data/pdb1HYS.mtx,77,128,8,0.004816055,0.004778624,34201,25565,68402
../data/pdb1HYS.mtx,77,128,9,0.004846334,0.004808903,34201,25565,68402
../data/pdb1HYS.mtx,78,128,0,0.005192757,0.005152464,34126,25538,68252
../data/pdb1HYS.mtx,78,128,1,0.004973412,0.004935026,34126,25538,68252
../data/pdb1HYS.mtx,78,128,2,0.004894972,0.004856348,34126,25538,68252
../data/pdb1HYS.mtx,78,128,3,0.004752159,0.004714727,34126,25538,68252
../data/pdb1HYS.mtx,78,128,4,0.004889011,0.004851818,34126,25538,68252
../data/pdb1HYS.mtx,78,128,5,0.004989624,0.004952192,34126,25538,68252
../data/pdb1HYS.mtx,78,128,6,0.005108595,0.005070210,34126,25538,68252
../data/pdb1HYS.mtx,78,128,7,0.004797220,0.004759789,34126,25538,68252
../data/pdb1HYS.mtx,78,128,8,0.004847288,0.004809856,34126,25538,68252
../data/pdb1HYS.mtx,78,128,9,0.004832745,0.004794598,34126,25538,68252
../data/pdb1HYS.mtx,79,128,0,0.005251169,0.005213022,34233,25669,68466
../data/pdb1HYS.mtx,79,128,1,0.004961967,0.004924297,34233,25669,68466
../data/pdb1HYS.mtx,79,128,2,0.004846334,0.004808664,34233,25669,68466
../data/pdb1HYS.mtx,79,128,3,0.004758835,0.004720449,34233,25669,68466
../data/pdb1HYS.mtx,79,128,4,0.004901648,0.004863501,34233,25669,68466
../data/pdb1HYS.mtx,79,128,5,0.005006552,0.004969358,34233,25669,68466
../data/pdb1HYS.mtx,79,128,6,0.005120277,0.005082846,34233,25669,68466
../data/pdb1HYS.mtx,79,128,7,0.004851580,0.004814148,34233,25669,68466
../data/pdb1HYS.mtx,79,128,8,0.004826069,0.004789114,34233,25669,68466
../data/pdb1HYS.mtx,79,128,9,0.004796267,0.004759073,34233,25669,68466
../data/pdb1HYS.mtx,80,128,0,0.005216122,0.005177021,33771,25552,67542
../data/pdb1HYS.mtx,80,128,1,0.004898548,0.004859924,33771,25552,67542
../data/pdb1HYS.mtx,80,128,2,0.004824162,0.004786015,33771,25552,67542
../data/pdb1HYS.mtx,80,128,3,0.004719973,0.004681826,33771,25552,67542
../data/pdb1HYS.mtx,80,128,4,0.004889488,0.004852533,33771,25552,67542
../data/pdb1HYS.mtx,80,128,5,0.004955053,0.004917622,33771,25552,67542
../data/pdb1HYS.mtx,80,128,6,0.005076647,0.005038738,33771,25552,67542
../data/pdb1HYS.mtx,80,128,7,0.004812479,0.004775763,33771,25552,67542
../data/pdb1HYS.mtx,80,128,8,0.004809856,0.004773140,33771,25552,67542
../data/pdb1HYS.mtx,80,128,9,0.004848480,0.004810810,33771,25552,67542
../data/pdb1HYS.mtx,81,128,0,0.005125046,0.005086422,33645,25544,67290
../data/pdb1HYS.mtx,81,128,1,0.004907608,0.004870653,33645,25544,67290
../data/pdb1HYS.mtx,81,128,2,0.004798651,0.004761696,33645,25544,67290
../data/pdb1HYS.mtx,81,128,3,0.004765987,0.004729271,33645,25544,67290
../data/pdb1HYS.mtx,81,128,4,0.004875898,0.004838943,33645,25544,67290
../data/pdb1HYS.mtx,81,128,5,0.004959583,0.004922628,33645,25544,67290
../data/pdb1HYS.mtx,81,128,6,0.005130053,0.005093336,33645,25544,67290
../data/pdb1HYS.mtx,81,128,7,0.004848003,0.004811287,33645,25544,67290
../data/pdb1HYS.mtx,81,128,8,0.004818916,0.004782200,33645,25544,67290
../data/pdb1HYS.mtx,81,128,9,0.004760504,0.004723787,33645,25544,67290
../data/pdb1HYS.mtx,82,128,0,0.005132198,0.005094290,33368,25564,66736
../data/pdb1HYS.mtx,82,128,1,0.004899263,0.004861832,33368,25564,66736
../data/pdb1HYS.mtx,82,128,2,0.004858732,0.004822254,33368,25564,66736
../data/pdb1HYS.mtx,82,128,3,0.004741669,0.004705191,33368,25564,66736
../data/pdb1HYS.mtx,82,128,4,0.004914045,0.004878044,33368,25564,66736
../data/pdb1HYS.mtx,82,128,5,0.005021811,0.004984617,33368,25564,66736
../data/pdb1HYS.mtx,82,128,6,0.005110979,0.005073547,33368,25564,66736
../data/pdb1HYS.mtx,82,128,7,0.004794359,0.004758120,33368,25564,66736
../data/pdb1HYS.mtx,82,128,8,0.004834890,0.004798651,33368,25564,66736
../data/pdb1HYS.mtx,82,128,9,0.004831791,0.004794598,33368,25564,66736
../data/pdb1HYS.mtx,83,128,0,0.005290031,0.005251408,33337,25700,66674
../data/pdb1HYS.mtx,83,128,1,0.004934311,0.004897594,33337,25700,66674
../data/pdb1HYS.mtx,83,128,2,0.004778147,0.004741907,33337,25700,66674
../data/pdb1HYS.mtx,83,128,3,0.004743338,0.004707336,33337,25700,66674
../data/pdb1HYS.mtx,83,128,4,0.004892111,0.004855633,33337,25700,66674
../data/pdb1HYS.mtx,83,128,5,0.004995346,0.004959106,33337,25700,66674
../data/pdb1HYS.mtx,83,128,6,0.005037308,0.005001068,33337,25700,66674
../data/pdb1HYS.mtx,83,128,7,0.004781246,0.004744530,33337,25700,66674
../data/pdb1HYS.mtx,83,128,8,0.004796267,0.004760265,33337,25700,66674
../data/pdb1HYS.mtx,83,128,9,0.004772902,0.004736662,33337,25700,66674
../data/pdb1HYS.mtx,84,128,0,0.005208969,0.005160570,33404,25645,66808
../data/pdb1HYS.mtx,84,128,1,0.004899025,0.004851341,33404,25645,66808
../data/pdb1HYS.mtx,84,128,2,0.004834414,0.004790306,33404,25645,66808
../data/pdb1HYS.mtx,84,128,3,0.004784107,0.004739523,33404,25645,66808
../data/pdb1HYS.mtx,84,128,4,0.004867077,0.004822493,33404,25645,66808
../data/pdb1HYS.mtx,84,128,5,0.004986763,0.004942179,33404,25645,66808
../data/pdb1HYS.mtx,84,128,6,0.005094051,0.005043030,33404,25645,66808
../data/pdb1HYS.mtx,84,128,7,0.004827499,0.004782200,33404,25645,66808
../data/pdb1HYS.mtx,84,128,8,0.004871607,0.004821777,33404,25645,66808
../data/pdb1HYS.mtx,84,128,9,0.004868984,0.004820108,33404,25645,66808
../data/pdb1HYS.mtx,85,128,0,0.005258560,0.005220175,33376,25587,66752
../data/pdb1HYS.mtx,85,128,1,0.004791498,0.004754782,33376,25587,66752
../data/pdb1HYS.mtx,85,128,2,0.004825830,0.004788637,33376,25587,66752
../data/pdb1HYS.mtx,85,128,3,0.004704952,0.004668713,33376,25587,66752
../data/pdb1HYS.mtx,85,128,4,0.004814386,0.004777193,33376,25587,66752
../data/pdb1HYS.mtx,85,128,5,0.004962921,0.004926920,33376,25587,66752
../data/pdb1HYS.mtx,85,128,6,0.004984140,0.004946947,33376,25587,66752
../data/pdb1HYS.mtx,85,128,7,0.004750490,0.004713535,33376,25587,66752
../data/pdb1HYS.mtx,85,128,8,0.004823446,0.004786253,33376,25587,66752
../data/pdb1HYS.mtx,85,128,9,0.004768848,0.004732609,33376,25587,66752
../data/pdb1HYS.mtx,86,128,0,0.005136967,0.005099058,33413,25831,66826
../data/pdb1HYS.mtx,86,128,1,0.004748344,0.004711151,33413,25831,66826
../data/pdb1HYS.mtx,86,128,2,0.004760027,0.004723549,33413,25831,66826
../data/pdb1HYS.mtx,86,128,3,0.004710436,0.004673958,33413,25831,66826
../data/pdb1HYS.mtx,86,128,4,0.004800558,0.004757881,33413,25831,66826
../data/pdb1HYS.mtx,86,128,5,0.004842281,0.004805803,33413,25831,66826
../data/pdb1HYS.mtx,86,128,6,0.005128384,0.005091906,33413,25831,66826
../data/pdb1HYS.mtx,86,128,7,0.004824877,0.004788399,33413,25831,66826
../data/pdb1HYS.mtx,86,128,8,0.004804373,0.004768133,33413,25831,66826
../data/pdb1HYS.mtx,86,128,9,0.004806042,0.004769564,33413,25831,66826
../data/pdb1HYS.mtx,87,128,0,0.005087852,0.005043030,33476,25551,66952
../data/pdb1HYS.mtx,87,128,1,0.004708767,0.004665613,33476,25551,66952
../data/pdb1HYS.mtx,87,128,2,0.004725695,0.004683495,33476,25551,66952
../data/pdb1HYS.mtx,87,128,3,0.004673004,0.004630566,33476,25551,66952
../data/pdb1HYS.mtx,87,128,4,0.004705429,0.004662275,33476,25551,66952
../data/pdb1HYS.mtx,87,128,5,0.004904509,0.004862070,33476,25551,66952
../data/pdb1HYS.mtx,87,128,6,0.005069971,0.005027294,33476,25551,66952
../data/pdb1HYS.mtx,87,128,7,0.004679918,0.004636765,33476,25551,66952
../data/pdb1HYS.mtx,87,128,8,0.004718542,0.004676104,33476,25551,66952
../data/pdb1HYS.mtx,87,128,9,0.004525900,0.004482985,33476,25551,66952
../data/pdb1HYS.mtx,88,128,0,0.005093813,0.005054235,33583,25762,67166
../data/pdb1HYS.mtx,88,128,1,0.004781008,0.004743338,33583,25762,67166
../data/pdb1HYS.mtx,88,128,2,0.004702330,0.004665613,33583,25762,67166
../data/pdb1HYS.mtx,88,128,3,0.004690647,0.004653215,33583,25762,67166
../data/pdb1HYS.mtx,88,128,4,0.004698038,0.004660845,33583,25762,67166
../data/pdb1HYS.mtx,88,128,5,0.004940748,0.004903316,33583,25762,67166
../data/pdb1HYS.mtx,88,128,6,0.004899025,0.004862785,33583,25762,67166
../data/pdb1HYS.mtx,88,128,7,0.004774809,0.004737854,33583,25762,67166
../data/pdb1HYS.mtx,88,128,8,0.004635811,0.004599094,33583,25762,67166
../data/pdb1HYS.mtx,88,128,9,0.004819870,0.004782915,33583,25762,67166
../data/pdb1HYS.mtx,89,128,0,0.005084276,0.005039454,33544,25566,67088
../data/pdb1HYS.mtx,89,128,1,0.004675388,0.004632950,33544,25566,67088
../data/pdb1HYS.mtx,89,128,2,0.004710197,0.004667282,33544,25566,67088
../data/pdb1HYS.mtx,89,128,3,0.004685879,0.004642725,33544,25566,67088
../data/pdb1HYS.mtx,89,128,4,0.004701138,0.004657507,33544,25566,67088
../data/pdb1HYS.mtx,89,128,5,0.004787445,0.004745722,33544,25566,67088
../data/pdb1HYS.mtx,89,128,6,0.005095005,0.005053282,33544,25566,67088
../data/pdb1HYS.mtx,89,128,7,0.004691839,0.004649878,33544,25566,67088
../data/pdb1HYS.mtx,89,128,8,0.004646301,0.004604101,33544,25566,67088
../data/pdb1HYS.mtx,89,128,9,0.004747629,0.004705906,33544,25566,67088
../data/pdb1HYS.mtx,90,128,0,0.005089998,0.005051851,33675,25770,67350
../data/pdb1HYS.mtx,90,128,1,0.004719973,0.004682779,33675,25770,67350
../data/pdb1HYS.mtx,90,128,2,0.004700661,0.004663229,33675,25770,67350
../data/pdb1HYS.mtx,90,128,3,0.004677296,0.004640102,33675,25770,67350
../data/pdb1HYS.mtx,90,128,4,0.004637957,0.004601002,33675,25770,67350
../data/pdb1HYS.mtx,90,128,5,0.004840374,0.004803419,33675,25770,67350
../data/pdb1HYS.mtx,90,128,6,0.005049467,0.005012274,33675,25770,67350
../data/pdb1HYS.mtx,90,128,7,0.004461050,0.004424095,33675,25770,67350
../data/pdb1HYS.mtx,90,128,8,0.004626513,0.004589081,33675,25770,67350
../data/pdb1HYS.mtx,90,128,9,0.004520893,0.004483938,33675,25770,67350
../data/pdb1HYS.mtx,91,128,0,0.005093336,0.005047560,34105,26097,68210
../data/pdb1HYS.mtx,91,128,1,0.004678488,0.004633665,34105,26097,68210
../data/pdb1HYS.mtx,91,128,2,0.004702568,0.004658699,34105,26097,68210
../data/pdb1HYS.mtx,91,128,3,0.004692554,0.004650116,34105,26097,68210
../data/pdb1HYS.mtx,91,128,4,0.004663944,0.004621029,34105,26097,68210
../data/pdb1HYS.mtx,91,128,5,0.004718781,0.004675388,34105,26097,68210
../data/pdb1HYS.mtx,91,128,6,0.005029678,0.004986048,34105,26097,68210
../data/pdb1HYS.mtx,91,128,7,0.004471064,0.004427910,34105,26097,68210
../data/pdb1HYS.mtx,91,128,8,0.004636526,0.004593134,34105,26097,68210
../data/pdb1HYS.mtx,91,128,9,0.004515171,0.004471540,34105,26097,68210
../data/pdb1HYS.mtx,92,128,0,0.005065203,0.005026579,34173,26033,68346
../data/pdb1HYS.mtx,92,128,1,0.004661083,0.004623413,34173,26033,68346
../data/pdb1HYS.mtx,92,128,2,0.004698277,0.004661083,34173,26033,68346
../data/pdb1HYS.mtx,92,128,3,0.004675627,0.004638433,34173,26033,68346
../data/pdb1HYS.mtx,92,128,4,0.004636288,0.004598856,34173,26033,68346
../data/pdb1HYS.mtx,92,128,5,0.004731655,0.004694462,34173,26033,68346
../data/pdb1HYS.mtx,92,128,6,0.004996300,0.004959106,34173,26033,68346
../data/pdb1HYS.mtx,92,128,7,0.004472017,0.004434824,34173,26033,68346
../data/pdb1HYS.mtx,92,128,8,0.004621267,0.004584074,34173,26033,68346
../data/pdb1HYS.mtx,92,128,9,0.004520178,0.004482985,34173,26033,68346
../data/pdb1HYS.mtx,93,128,0,0.005072355,0.005028248,34119,25989,68238
../data/pdb1HYS.mtx,93,128,1,0.004670858,0.004625797,34119,25989,68238
../data/pdb1HYS.mtx,93,128,2,0.004707336,0.004663229,34119,25989,68238
../data/pdb1HYS.mtx,93,128,3,0.004672766,0.004630566,34119,25989,68238
../data/pdb1HYS.mtx,93,128,4,0.004696608,0.004653454,34119,25989,68238
../data/pdb1HYS.mtx,93,128,5,0.004748106,0.004703522,34119,25989,68238
../data/pdb1HYS.mtx,93,128,6,0.004929543,0.004886389,34119,25989,68238
../data/pdb1HYS.mtx,93,128,7,0.004492998,0.004449368,34119,25989,68238
../data/pdb1HYS.mtx,93,128,8,0.004621983,0.004578590,34119,25989,68238
../data/pdb1HYS.mtx,93,128,9,0.004760981,0.004717827,34119,25989,68238
../data/pdb1HYS.mtx,94,128,0,0.005066395,0.005026817,33916,25861,67832
../data/pdb1HYS.mtx,94,128,1,0.004652739,0.004615307,33916,25861,67832
../data/pdb1HYS.mtx,94,128,2,0.004693270,0.004655123,33916,25861,67832
../data/pdb1HYS.mtx,94,128,3,0.004661560,0.004624367,33916,25861,67832
../data/pdb1HYS.mtx,94,128,4,0.004610777,0.004573822,33916,25861,67832
../data/pdb1HYS.mtx,94,128,5,0.004723310,0.004686594,33916,25861,67832
../data/pdb1HYS.mtx,94,128,6,0.004987955,0.004950047,33916,25861,67832
../data/pdb1HYS.mtx,94,128,7,0.004452705,0.004414797,33916,25861,67832
../data/pdb1HYS.mtx,94,128,8,0.004602432,0.004565477,33916,25861,67832
../data/pdb1HYS.mtx,94,128,9,0.004521370,0.004484415,33916,25861,67832
../data/pdb1HYS.mtx,95,128,0,0.005057335,0.005018234,33953,25711,67906
../data/pdb1HYS.mtx,95,128,1,0.004646301,0.004608393,33953,25711,67906
../data/pdb1HYS.mtx,95,128,2,0.004683018,0.004646301,33953,25711,67906
../data/pdb1HYS.mtx,95,128,3,0.004645586,0.004608631,33953,25711,67906
../data/pdb1HYS.mtx,95,128,4,0.004594326,0.004557610,33953,25711,67906
../data/pdb1HYS.mtx,95,128,5,0.004698277,0.004661560,33953,25711,67906
../data/pdb1HYS.mtx,95,128,6,0.004885912,0.004848719,33953,25711,67906
../data/pdb1HYS.mtx,95,128,7,0.004453182,0.004416466,33953,25711,67906
../data/pdb1HYS.mtx,95,128,8,0.004595518,0.004558563,33953,25711,67906
../data/pdb1HYS.mtx,95,128,9,0.004503489,0.004465580,33953,25711,67906
../data/pdb1HYS.mtx,96,128,0,0.005113602,0.005077124,34068,25917,68136
../data/pdb1HYS.mtx,96,128,1,0.004716635,0.004680634,34068,25917,68136
../data/pdb1HYS.mtx,96,128,2,0.004707813,0.004667044,34068,25917,68136
../data/pdb1HYS.mtx,96,128,3,0.004706144,0.004671097,34068,25917,68136
../data/pdb1HYS.mtx,96,128,4,0.004672766,0.004637480,34068,25917,68136
../data/pdb1HYS.mtx,96,128,5,0.004799604,0.004765034,34068,25917,68136
../data/pdb1HYS.mtx,96,128,6,0.004722595,0.004688025,34068,25917,68136
../data/pdb1HYS.mtx,96,128,7,0.004452705,0.004418135,34068,25917,68136
../data/pdb1HYS.mtx,96,128,8,0.004639864,0.004605055,34068,25917,68136
../data/pdb1HYS.mtx,96,128,9,0.004530191,0.004495382,34068,25917,68136
../data/pdb1HYS.mtx,97,128,0,0.005130768,0.005081415,33918,25706,67836
../data/pdb1HYS.mtx,97,128,1,0.004744530,0.004694462,33918,25706,67836
../data/pdb1HYS.mtx,97,128,2,0.004703522,0.004657269,33918,25706,67836
../data/pdb1HYS.mtx,97,128,3,0.004718542,0.004675388,33918,25706,67836
../data/pdb1HYS.mtx,97,128,4,0.004697084,0.004661083,33918,25706,67836
../data/pdb1HYS.mtx,97,128,5,0.004793882,0.004757166,33918,25706,67836
../data/pdb1HYS.mtx,97,128,6,0.004715681,0.004678011,33918,25706,67836
../data/pdb1HYS.mtx,97,128,7,0.004479170,0.004426479,33918,25706,67836
../data/pdb1HYS.mtx,97,128,8,0.004646778,0.004611492,33918,25706,67836
../data/pdb1HYS.mtx,97,128,9,0.004557848,0.004520416,33918,25706,67836
../data/pdb1HYS.mtx,98,128,0,0.005094290,0.005056620,34198,25750,68396
../data/pdb1HYS.mtx,98,128,1,0.004692316,0.004654408,34198,25750,68396
../data/pdb1HYS.mtx,98,128,2,0.004676342,0.004639626,34198,25750,68396
../data/pdb1HYS.mtx,98,128,3,0.004684448,0.004647732,34198,25750,68396
../data/pdb1HYS.mtx,98,128,4,0.004662991,0.004626274,34198,25750,68396
../data/pdb1HYS.mtx,98,128,5,0.004779339,0.004742146,34198,25750,68396
../data/pdb1HYS.mtx,98,128,6,0.004688740,0.004652023,34198,25750,68396
../data/pdb1HYS.mtx,98,128,7,0.004427671,0.004390955,34198,25750,68396
../data/pdb1HYS.mtx,98,128,8,0.004606962,0.004570007,34198,25750,68396
../data/pdb1HYS.mtx,98,128,9,0.004516363,0.004480124,34198,25750,68396
../data/pdb1HYS.mtx,99,128,0,0.005095482,0.005059719,34221,25642,68442
../data/pdb1HYS.mtx,99,128,1,0.004695415,0.004660130,34221,25642,68442
../data/pdb1HYS.mtx,99,128,2,0.004659653,0.004624844,34221,25642,68442
../data/pdb1HYS.mtx,99,128,3,0.004679203,0.004645109,34221,25642,68442
../data/pdb1HYS.mtx,99,128,4,0.004642248,0.004607677,34221,25642,68442
../data/pdb1HYS.mtx,99,128,5,0.004777670,0.004743576,34221,25642,68442
../data/pdb1HYS.mtx,99,128,6,0.004676580,0.004642487,34221,25642,68442
../data/pdb1HYS.mtx,99,128,7,0.004424334,0.004390240,34221,25642,68442
../data/pdb1HYS.mtx,99,128,8,0.004591942,0.004557848,34221,25642,68442
../data/pdb1HYS.mtx,99,128,9,0.004501343,0.004467249,34221,25642,68442
../data/pdb1HYS.mtx,100,128,0,0.005107880,0.005052805,34464,25737,68928
../data/pdb1HYS.mtx,100,128,1,0.004732847,0.004680395,34464,25737,68928
../data/pdb1HYS.mtx,100,128,2,0.004674911,0.004636526,34464,25737,68928
../data/pdb1HYS.mtx,100,128,3,0.004709482,0.004663229,34464,25737,68928
../data/pdb1HYS.mtx,100,128,4,0.004639864,0.004601479,34464,25737,68928
../data/pdb1HYS.mtx,100,128,5,0.004783630,0.004743814,34464,25737,68928
../data/pdb1HYS.mtx,100,128,6,0.004705429,0.004662514,34464,25737,68928
../data/pdb1HYS.mtx,100,128,7,0.004444599,0.004401684,34464,25737,68928
../data/pdb1HYS.mtx,100,128,8,0.004640579,0.004595518,34464,25737,68928
../data/pdb1HYS.mtx,100,128,9,0.004511356,0.004474401,34464,25737,68928
../data/pdb1HYS.mtx,101,128,0,0.005055428,0.005014896,34570,25801,69140
../data/pdb1HYS.mtx,101,128,1,0.004669428,0.004630327,34570,25801,69140
../data/pdb1HYS.mtx,101,128,2,0.004660606,0.004622698,34570,25801,69140
../data/pdb1HYS.mtx,101,128,3,0.004669905,0.004631758,34570,25801,69140
../data/pdb1HYS.mtx,101,128,4,0.004632711,0.004595518,34570,25801,69140
../data/pdb1HYS.mtx,101,128,5,0.004753828,0.004716396,34570,25801,69140
../data/pdb1HYS.mtx,101,128,6,0.004669905,0.004631996,34570,25801,69140
../data/pdb1HYS.mtx,101,128,7,0.004409790,0.004371881,34570,25801,69140
../data/pdb1HYS.mtx,101,128,8,0.004589081,0.004551411,34570,25801,69140
../data/pdb1HYS.mtx,101,128,9,0.004484892,0.004448175,34570,25801,69140
../data/pdb1HYS.mtx,102,128,0,0.005057573,0.005018711,34592,25810,69184
../data/pdb1HYS.mtx,102,128,1,0.004667521,0.004631042,34592,25810,69184
../data/pdb1HYS.mtx,102,128,2,0.004653692,0.004617214,34592,25810,69184
../data/pdb1HYS.mtx,102,128,3,0.004653692,0.004616737,34592,25810,69184
../data/pdb1HYS.mtx,102,128,4,0.004595041,0.004559994,34592,25810,69184
../data/pdb1HYS.mtx,102,128,5,0.004740000,0.004704952,34592,25810,69184
../data/pdb1HYS.mtx,102,128,6,0.004666328,0.004630327,34592,25810,69184
../data/pdb1HYS.mtx,102,128,7,0.004396439,0.004360914,34592,25810,69184
../data/pdb1HYS.mtx,102,128,8,0.004580021,0.004539251,34592,25810,69184
../data/pdb1HYS.mtx,102,128,9,0.004471779,0.004436255,34592,25810,69184
../data/pdb1HYS.mtx,103,128,0,0.005063295,0.005011797,34296,25601,68592
../data/pdb1HYS.mtx,103,128,1,0.004686594,0.004638195,34296,25601,68592
../data/pdb1HYS.mtx,103,128,2,0.004674196,0.004626989,34296,25601,68592
../data/pdb1HYS.mtx,103,128,3,0.004662991,0.004623890,34296,25601,68592
../data/pdb1HYS.mtx,103,128,4,0.004614115,0.004573822,34296,25601,68592
../data/pdb1HYS.mtx,103,128,5,0.004740477,0.004700899,34296,25601,68592
../data/pdb1HYS.mtx,103,128,6,0.004669666,0.004619122,34296,25601,68592
../data/pdb1HYS.mtx,103,128,7,0.004410028,0.004369974,34296,25601,68592
../data/pdb1HYS.mtx,103,128,8,0.004607677,0.004562378,34296,25601,68592
../data/pdb1HYS.mtx,103,128,9,0.004476309,0.004436493,34296,25601,68592
../data/pdb1HYS.mtx,104,128,0,0.005042315,0.005003691,34201,25488,68402
../data/pdb1HYS.mtx,104,128,1,0.004658937,0.004621506,34201,25488,68402
../data/pdb1HYS.mtx,104,128,2,0.004657745,0.004619360,34201,25488,68402
../data/pdb1HYS.mtx,104,128,3,0.004664898,0.004627705,34201,25488,68402
../data/pdb1HYS.mtx,104,128,4,0.004609108,0.004572392,34201,25488,68402
../data/pdb1HYS.mtx,104,128,5,0.004730701,0.004694462,34201,25488,68402
../data/pdb1HYS.mtx,104,128,6,0.004662514,0.004626274,34201,25488,68402
../data/pdb1HYS.mtx,104,128,7,0.004380941,0.004343510,34201,25488,68402
../data/pdb1HYS.mtx,104,128,8,0.004587650,0.004551649,34201,25488,68402
../data/pdb1HYS.mtx,104,128,9,0.004450083,0.004413843,34201,25488,68402
../data/pdb1HYS.mtx,105,128,0,0.005015850,0.004977942,34348,25587,68696
../data/pdb1HYS.mtx,105,128,1,0.004632950,0.004596472,34348,25587,68696
../data/pdb1HYS.mtx,105,128,2,0.004628897,0.004593849,34348,25587,68696
../data/pdb1HYS.mtx,105,128,3,0.004645586,0.004610300,34348,25587,68696
../data/pdb1HYS.mtx,105,128,4,0.004573584,0.004537821,34348,25587,68696
../data/pdb1HYS.mtx,105,128,5,0.004722834,0.004687548,34348,25587,68696
../data/pdb1HYS.mtx,105,128,6,0.004647493,0.004613161,34348,25587,68696
../data/pdb1HYS.mtx,105,128,7,0.004366636,0.004331350,34348,25587,68696
../data/pdb1HYS.mtx,105,128,8,0.004554033,0.004513502,34348,25587,68696
../data/pdb1HYS.mtx,105,128,9,0.004429817,0.004395247,34348,25587,68696
../data/pdb1HYS.mtx,106,128,0,0.005034685,0.004999161,34019,25511,68038
../data/pdb1HYS.mtx,106,128,1,0.004642963,0.004607677,34019,25511,68038
../data/pdb1HYS.mtx,106,128,2,0.004647017,0.004612923,34019,25511,68038
../data/pdb1HYS.mtx,106,128,3,0.004636526,0.004602671,34019,25511,68038
../data/pdb1HYS.mtx,106,128,4,0.004578352,0.004544258,34019,25511,68038
../data/pdb1HYS.mtx,106,128,5,0.004702806,0.004668713,34019,25511,68038
../data/pdb1HYS.mtx,106,128,6,0.004629850,0.004595757,34019,25511,68038
../data/pdb1HYS.mtx,106,128,7,0.004355192,0.004321337,34019,25511,68038
../data/pdb1HYS.mtx,106,128,8,0.004562855,0.004523277,34019,25511,68038
../data/pdb1HYS.mtx,106,128,9,0.004421949,0.004388094,34019,25511,68038
../data/pdb1HYS.mtx,107,128,0,0.004997015,0.004959345,34078,25753,68156
../data/pdb1HYS.mtx,107,128,1,0.004616022,0.004581213,34078,25753,68156
../data/pdb1HYS.mtx,107,128,2,0.004631996,0.004597425,34078,25753,68156
../data/pdb1HYS.mtx,107,128,3,0.004621267,0.004586458,34078,25753,68156
../data/pdb1HYS.mtx,107,128,4,0.004548788,0.004514456,34078,25753,68156
../data/pdb1HYS.mtx,107,128,5,0.004692078,0.004657507,34078,25753,68156
../data/pdb1HYS.mtx,107,128,6,0.004631519,0.004596949,34078,25753,68156
../data/pdb1HYS.mtx,107,128,7,0.004347324,0.004313231,34078,25753,68156
../data/pdb1HYS.mtx,107,128,8,0.004540920,0.004501104,34078,25753,68156
../data/pdb1HYS.mtx,107,128,9,0.004417896,0.004383326,34078,25753,68156
../data/pdb1HYS.mtx,108,128,0,0.005002499,0.004966974,33982,25680,67964
../data/pdb1HYS.mtx,108,128,1,0.004609108,0.004574776,33982,25680,67964
../data/pdb1HYS.mtx,108,128,2,0.004615068,0.004580736,33982,25680,67964
../data/pdb1HYS.mtx,108,128,3,0.004622698,0.004588604,33982,25680,67964
../data/pdb1HYS.mtx,108,128,4,0.004536867,0.004502535,33982,25680,67964
../data/pdb1HYS.mtx,108,128,5,0.004685879,0.004651785,33982,25680,67964
../data/pdb1HYS.mtx,108,128,6,0.004625559,0.004591465,33982,25680,67964
../data/pdb1HYS.mtx,108,128,7,0.004352570,0.004318476,33982,25680,67964
../data/pdb1HYS.mtx,108,128,8,0.004538536,0.004498482,33982,25680,67964
../data/pdb1HYS.mtx,108,128,9,0.004413843,0.004379988,33982,25680,67964
../data/pdb1HYS.mtx,109,128,0,0.004980326,0.004944801,33916,25670,67832
../data/pdb1HYS.mtx,109,128,1,0.004598379,0.004562855,33916,25670,67832
../data/pdb1HYS.mtx,109,128,2,0.004590273,0.004555702,33916,25670,67832
../data/pdb1HYS.mtx,109,128,3,0.004624844,0.004590273,33916,25670,67832
../data/pdb1HYS.mtx,109,128,4,0.004521132,0.004486799,33916,25670,67832
../data/pdb1HYS.mtx,109,128,5,0.004646778,0.004612446,33916,25670,67832
../data/pdb1HYS.mtx,109,128,6,0.004605055,0.004570961,33916,25670,67832
../data/pdb1HYS.mtx,109,128,7,0.004354954,0.004321098,33916,25670,67832
../data/pdb1HYS.mtx,109,128,8,0.004501581,0.004467487,33916,25670,67832
../data/pdb1HYS.mtx,109,128,9,0.004383802,0.004349709,33916,25670,67832
../data/pdb1HYS.mtx,110,128,0,0.005011797,0.004956722,34061,25750,68122
../data/pdb1HYS.mtx,110,128,1,0.004673481,0.004594803,34061,25750,68122
../data/pdb1HYS.mtx,110,128,2,0.004647255,0.004609108,34061,25750,68122
../data/pdb1HYS.mtx,110,128,3,0.004652023,0.004613161,34061,25750,68122
../data/pdb1HYS.mtx,110,128,4,0.004620314,0.004575253,34061,25750,68122
../data/pdb1HYS.mtx,110,128,5,0.004708767,0.004651308,34061,25750,68122
../data/pdb1HYS.mtx,110,128,6,0.004641533,0.004586697,34061,25750,68122
../data/pdb1HYS.mtx,110,128,7,0.004379272,0.004328012,34061,25750,68122
../data/pdb1HYS.mtx,110,128,8,0.004591227,0.004546165,34061,25750,68122
../data/pdb1HYS.mtx,110,128,9,0.004484653,0.004447222,34061,25750,68122
../data/pdb1HYS.mtx,111,128,0,0.004974842,0.004937887,34245,25745,68490
../data/pdb1HYS.mtx,111,128,1,0.004594088,0.004558563,34245,25745,68490
../data/pdb1HYS.mtx,111,128,2,0.004608870,0.004573107,34245,25745,68490
../data/pdb1HYS.mtx,111,128,3,0.004582167,0.004546881,34245,25745,68490
../data/pdb1HYS.mtx,111,128,4,0.004504919,0.004470348,34245,25745,68490
../data/pdb1HYS.mtx,111,128,5,0.004641294,0.004606724,34245,25745,68490
../data/pdb1HYS.mtx,111,128,6,0.004588127,0.004553556,34245,25745,68490
../data/pdb1HYS.mtx,111,128,7,0.004295826,0.004261255,34245,25745,68490
../data/pdb1HYS.mtx,111,128,8,0.004512787,0.004477978,34245,25745,68490
../data/pdb1HYS.mtx,111,128,9,0.004373789,0.004338741,34245,25745,68490
../data/pdb1HYS.mtx,112,128,0,0.004990101,0.004951477,34423,26006,68846
../data/pdb1HYS.mtx,112,128,1,0.004572392,0.004535913,34423,26006,68846
../data/pdb1HYS.mtx,112,128,2,0.004594564,0.004559517,34423,26006,68846
../data/pdb1HYS.mtx,112,128,3,0.004614115,0.004578114,34423,26006,68846
../data/pdb1HYS.mtx,112,128,4,0.004483461,0.004448175,34423,26006,68846
../data/pdb1HYS.mtx,112,128,5,0.004650354,0.004615545,34423,26006,68846
../data/pdb1HYS.mtx,112,128,6,0.004583359,0.004548073,34423,26006,68846
../data/pdb1HYS.mtx,112,128,7,0.004298449,0.004262924,34423,26006,68846
../data/pdb1HYS.mtx,112,128,8,0.004511833,0.004476786,34423,26006,68846
../data/pdb1HYS.mtx,112,128,9,0.004372835,0.004337311,34423,26006,68846
../data/pdb1HYS.mtx,113,128,0,0.004980087,0.004943848,34322,25906,68644
../data/pdb1HYS.mtx,113,128,1,0.004576921,0.004541874,34322,25906,68644
../data/pdb1HYS.mtx,113,128,2,0.004590273,0.004554987,34322,25906,68644
../data/pdb1HYS.mtx,113,128,3,0.004580259,0.004544973,34322,25906,68644
../data/pdb1HYS.mtx,113,128,4,0.004494905,0.004460335,34322,25906,68644
../data/pdb1HYS.mtx,113,128,5,0.004654646,0.004620075,34322,25906,68644
../data/pdb1HYS.mtx,113,128,6,0.004558563,0.004523754,34322,25906,68644
../data/pdb1HYS.mtx,113,128,7,0.004263401,0.004229069,34322,25906,68644
../data/pdb1HYS.mtx,113,128,8,0.004511356,0.004476547,34322,25906,68644
../data/pdb1HYS.mtx,113,128,9,0.004358768,0.004324436,34322,25906,68644
../data/pdb1HYS.mtx,114,128,0,0.004937887,0.004900694,34183,25859,68366
../data/pdb1HYS.mtx,114,128,1,0.004551411,0.004515171,34183,25859,68366
../data/pdb1HYS.mtx,114,128,2,0.004579782,0.004543543,34183,25859,68366
../data/pdb1HYS.mtx,114,128,3,0.004580498,0.004544973,34183,25859,68366
../data/pdb1HYS.mtx,114,128,4,0.004368544,0.004333735,34183,25859,68366
../data/pdb1HYS.mtx,114,128,5,0.004642963,0.004607439,34183,25859,68366
../data/pdb1HYS.mtx,114,128,6,0.004562140,0.004526854,34183,25859,68366
../data/pdb1HYS.mtx,114,128,7,0.004270077,0.004235268,34183,25859,68366
../data/pdb1HYS.mtx,114,128,8,0.004505157,0.004469872,34183,25859,68366
../data/pdb1HYS.mtx,114,128,9,0.004379988,0.004345417,34183,25859,68366
../data/pdb1HYS.mtx,115,128,0,0.004944086,0.004907131,34332,25664,68664
../data/pdb1HYS.mtx,115,128,1,0.004535437,0.004500628,34332,25664,68664
../data/pdb1HYS.mtx,115,128,2,0.004559755,0.004524708,34332,25664,68664
../data/pdb1HYS.mtx,115,128,3,0.004573345,0.004539013,34332,25664,68664
../data/pdb1HYS.mtx,115,128,4,0.004351854,0.004317284,34332,25664,68664
../data/pdb1HYS.mtx,115,128,5,0.004622698,0.004588127,34332,25664,68664
../data/pdb1HYS.mtx,115,128,6,0.004488468,0.004454136,34332,25664,68664
../data/pdb1HYS.mtx,115,128,7,0.004083872,0.004049540,34332,25664,68664
../data/pdb1HYS.mtx,115,128,8,0.004501343,0.004466295,34332,25664,68664
../data/pdb1HYS.mtx,115,128,9,0.004360437,0.004325867,34332,25664,68664
../data/pdb1HYS.mtx,116,128,0,0.004938841,0.004902363,34200,25457,68400
../data/pdb1HYS.mtx,116,128,1,0.004535437,0.004500628,34200,25457,68400
../data/pdb1HYS.mtx,116,128,2,0.004566908,0.004532099,34200,25457,68400
../data/pdb1HYS.mtx,116,128,3,0.004567385,0.004532576,34200,25457,68400
../data/pdb1HYS.mtx,116,128,4,0.004468441,0.004434109,34200,25457,68400
../data/pdb1HYS.mtx,116,128,5,0.004622459,0.004588127,34200,25457,68400
../data/pdb1HYS.mtx,116,128,6,0.004473686,0.004439116,34200,25457,68400
../data/pdb1HYS.mtx,116,128,7,0.004088640,0.004054070,34200,25457,68400
../data/pdb1HYS.mtx,116,128,8,0.004483938,0.004449606,34200,25457,68400
../data/pdb1HYS.mtx,116,128,9,0.004342794,0.004308701,34200,25457,68400
../data/pdb1HYS.mtx,117,128,0,0.004975080,0.004934072,34428,25511,68856
../data/pdb1HYS.mtx,117,128,1,0.004671812,0.004613638,34428,25511,68856
../data/pdb1HYS.mtx,117,128,2,0.004403830,0.004355431,34428,25511,68856
../data/pdb1HYS.mtx,117,128,3,0.004651546,0.004611969,34428,25511,68856
../data/pdb1HYS.mtx,117,128,4,0.004512787,0.004467010,34428,25511,68856
../data/pdb1HYS.mtx,117,128,5,0.004631281,0.004594088,34428,25511,68856
../data/pdb1HYS.mtx,117,128,6,0.004321814,0.004265070,34428,25511,68856
../data/pdb1HYS.mtx,117,128,7,0.004170418,0.004107714,34428,25511,68856
../data/pdb1HYS.mtx,117,128,8,0.004430056,0.004384279,34428,25511,68856
../data/pdb1HYS.mtx,117,128,9,0.004356623,0.004317284,34428,25511,68856
../data/pdb1HYS.mtx,118,128,0,0.004943609,0.004905462,34746,25527,69492
../data/pdb1HYS.mtx,118,128,1,0.004638910,0.004602194,34746,25527,69492
../data/pdb1HYS.mtx,118,128,2,0.004342079,0.004306316,34746,25527,69492
../data/pdb1HYS.mtx,118,128,3,0.004637003,0.004601717,34746,25527,69492
../data/pdb1HYS.mtx,118,128,4,0.004444361,0.004409313,34746,25527,69492
../data/pdb1HYS.mtx,118,128,5,0.004621506,0.004585743,34746,25527,69492
../data/pdb1HYS.mtx,118,128,6,0.004076719,0.004040718,34746,25527,69492
../data/pdb1HYS.mtx,118,128,7,0.004074574,0.004038572,34746,25527,69492
../data/pdb1HYS.mtx,118,128,8,0.004433155,0.004398108,34746,25527,69492
../data/pdb1HYS.mtx,118,128,9,0.004329920,0.004294634,34746,25527,69492
../data/pdb1HYS.mtx,119,128,0,0.004953623,0.004915953,34862,25791,69724
../data/pdb1HYS.mtx,119,128,1,0.004639387,0.004604101,34862,25791,69724
../data/pdb1HYS.mtx,119,128,2,0.004331350,0.004296303,34862,25791,69724
../data/pdb1HYS.mtx,119,128,3,0.004631519,0.004596233,34862,25791,69724
../data/pdb1HYS.mtx,119,128,4,0.004444838,0.004410028,34862,25791,69724
../data/pdb1HYS.mtx,119,128,5,0.004604340,0.004569054,34862,25791,69724
../data/pdb1HYS.mtx,119,128,6,0.004052877,0.004018068,34862,25791,69724
../data/pdb1HYS.mtx,119,128,7,0.004062414,0.004027605,34862,25791,69724
../data/pdb1HYS.mtx,119,128,8,0.004448414,0.004413605,34862,25791,69724
../data/pdb1HYS.mtx,119,128,9,0.004323483,0.004288673,34862,25791,69724
../data/pdb1HYS.mtx,120,128,0,0.005053759,0.005016327,34737,25655,69474
../data/pdb1HYS.mtx,120,128,1,0.004950762,0.004914045,34737,25655,69474
../data/pdb1HYS.mtx,120,128,2,0.004394770,0.004358053,34737,25655,69474
../data/pdb1HYS.mtx,120,128,3,0.004716873,0.004679918,34737,25655,69474
../data/pdb1HYS.mtx,120,128,4,0.004488468,0.004451752,34737,25655,69474
../data/pdb1HYS.mtx,120,128,5,0.004638672,0.004601955,34737,25655,69474
../data/pdb1HYS.mtx,120,128,6,0.004314423,0.004277706,34737,25655,69474
../data/pdb1HYS.mtx,120,128,7,0.004223824,0.004187107,34737,25655,69474
../data/pdb1HYS.mtx,120,128,8,0.004618883,0.004582167,34737,25655,69474
../data/pdb1HYS.mtx,120,128,9,0.004453897,0.004416943,34737,25655,69474
../data/pdb1HYS.mtx,121,128,0,0.005041599,0.005002499,34377,25778,68754
../data/pdb1HYS.mtx,121,128,1,0.004984140,0.004947662,34377,25778,68754
../data/pdb1HYS.mtx,121,128,2,0.004385233,0.004348755,34377,25778,68754
../data/pdb1HYS.mtx,121,128,3,0.004713774,0.004677534,34377,25778,68754
../data/pdb1HYS.mtx,121,128,4,0.004472017,0.004435778,34377,25778,68754
../data/pdb1HYS.mtx,121,128,5,0.004638672,0.004602194,34377,25778,68754
../data/pdb1HYS.mtx,121,128,6,0.004286766,0.004250526,34377,25778,68754
../data/pdb1HYS.mtx,121,128,7,0.004215002,0.004178762,34377,25778,68754
../data/pdb1HYS.mtx,121,128,8,0.004618168,0.004581928,34377,25778,68754
../data/pdb1HYS.mtx,121,128,9,0.004436255,0.004395485,34377,25778,68754
../data/pdb1HYS.mtx,122,128,0,0.005047798,0.005010605,34533,25788,69066
../data/pdb1HYS.mtx,122,128,1,0.004977226,0.004940748,34533,25788,69066
../data/pdb1HYS.mtx,122,128,2,0.004377604,0.004340887,34533,25788,69066
../data/pdb1HYS.mtx,122,128,3,0.004700899,0.004664183,34533,25788,69066
../data/pdb1HYS.mtx,122,128,4,0.004477501,0.004441023,34533,25788,69066
../data/pdb1HYS.mtx,122,128,5,0.004618645,0.004581928,34533,25788,69066
../data/pdb1HYS.mtx,122,128,6,0.004337311,0.004300833,34533,25788,69066
../data/pdb1HYS.mtx,122,128,7,0.004176855,0.004140377,34533,25788,69066
../data/pdb1HYS.mtx,122,128,8,0.004604101,0.004567623,34533,25788,69066
../data/pdb1HYS.mtx,122,128,9,0.004437685,0.004396439,34533,25788,69066
../data/pdb1HYS.mtx,123,128,0,0.005027294,0.004985809,34750,25681,69500
../data/pdb1HYS.mtx,123,128,1,0.005027533,0.004988194,34750,25681,69500
../data/pdb1HYS.mtx,123,128,2,0.004386425,0.004344940,34750,25681,69500
../data/pdb1HYS.mtx,123,128,3,0.004690170,0.004650831,34750,25681,69500
../data/pdb1HYS.mtx,123,128,4,0.004460573,0.004420996,34750,25681,69500
../data/pdb1HYS.mtx,123,128,5,0.004616022,0.004575729,34750,25681,69500
../data/pdb1HYS.mtx,123,128,6,0.004336834,0.004296303,34750,25681,69500
../data/pdb1HYS.mtx,123,128,7,0.004167557,0.004128695,34750,25681,69500
../data/pdb1HYS.mtx,123,128,8,0.004584551,0.004545689,34750,25681,69500
../data/pdb1HYS.mtx,123,128,9,0.004422188,0.004378796,34750,25681,69500
../data/pdb1HYS.mtx,124,128,0,0.005037546,0.004999161,35026,25855,70052
../data/pdb1HYS.mtx,124,128,1,0.004989862,0.004952192,35026,25855,70052
../data/pdb1HYS.mtx,124,128,2,0.004354477,0.004317522,35026,25855,70052
../data/pdb1HYS.mtx,124,128,3,0.004672766,0.004635811,35026,25855,70052
../data/pdb1HYS.mtx,124,128,4,0.004436255,0.004399538,35026,25855,70052
../data/pdb1HYS.mtx,124,128,5,0.004606724,0.004570007,35026,25855,70052
../data/pdb1HYS.mtx,124,128,6,0.004297972,0.004261017,35026,25855,70052
../data/pdb1HYS.mtx,124,128,7,0.004164457,0.004127502,35026,25855,70052
../data/pdb1HYS.mtx,124,128,8,0.004577398,0.004540443,35026,25855,70052
../data/pdb1HYS.mtx,124,128,9,0.004398584,0.004361629,35026,25855,70052
../data/pdb1HYS.mtx,125,128,0,0.005016565,0.004978418,34870,25790,69740
../data/pdb1HYS.mtx,125,128,1,0.004993439,0.004956245,34870,25790,69740
../data/pdb1HYS.mtx,125,128,2,0.004349470,0.004312277,34870,25790,69740
../data/pdb1HYS.mtx,125,128,3,0.004669905,0.004632950,34870,25790,69740
../data/pdb1HYS.mtx,125,128,4,0.004448414,0.004411221,34870,25790,69740
../data/pdb1HYS.mtx,125,128,5,0.004601002,0.004564047,34870,25790,69740
../data/pdb1HYS.mtx,125,128,6,0.004308462,0.004271269,34870,25790,69740
../data/pdb1HYS.mtx,125,128,7,0.004134655,0.004096508,34870,25790,69740
../data/pdb1HYS.mtx,125,128,8,0.004560709,0.004523516,34870,25790,69740
../data/pdb1HYS.mtx,125,128,9,0.004397869,0.004356623,34870,25790,69740
../data/pdb1HYS.mtx,126,128,0,0.005017042,0.004975796,34828,25808,69656
../data/pdb1HYS.mtx,126,128,1,0.004985571,0.004946232,34828,25808,69656
../data/pdb1HYS.mtx,126,128,2,0.004347563,0.004307032,34828,25808,69656
../data/pdb1HYS.mtx,126,128,3,0.004668236,0.004628420,34828,25808,69656
../data/pdb1HYS.mtx,126,128,4,0.004437685,0.004398346,34828,25808,69656
../data/pdb1HYS.mtx,126,128,5,0.004599094,0.004559755,34828,25808,69656
../data/pdb1HYS.mtx,126,128,6,0.004289627,0.004249573,34828,25808,69656
../data/pdb1HYS.mtx,126,128,7,0.004136562,0.004097700,34828,25808,69656
../data/pdb1HYS.mtx,126,128,8,0.004558563,0.004519463,34828,25808,69656
../data/pdb1HYS.mtx,126,128,9,0.004377365,0.004337311,34828,25808,69656
../data/pdb1HYS.mtx,127,128,0,0.005000353,0.004961729,34726,25723,69452
../data/pdb1HYS.mtx,127,128,1,0.004956484,0.004919529,34726,25723,69452
../data/pdb1HYS.mtx,127,128,2,0.004312515,0.004275560,34726,25723,69452
../data/pdb1HYS.mtx,127,128,3,0.004637957,0.004601240,34726,25723,69452
../data/pdb1HYS.mtx,127,128,4,0.004400969,0.004364014,34726,25723,69452
../data/pdb1HYS.mtx,127,128,5,0.004565716,0.004528761,34726,25723,69452
../data/pdb1HYS.mtx,127,128,6,0.004317999,0.004281282,34726,25723,69452
../data/pdb1HYS.mtx,127,128,7,0.004139900,0.004102945,34726,25723,69452
../data/pdb1HYS.mtx,127,128,8,0.004541874,0.004504919,34726,25723,69452
../data/pdb1HYS.mtx,127,128,9,0.004380226,0.004343033,34726,25723,69452


=== SUMMARY METRICS TABLE ===
Matrix_Name,Num_Processes,Ghost_Entries_Min,Ghost_Entries_Avg,Ghost_Entries_Max,Load_Imbalance_Ratio,System_P90_Time,Total_GFLOPs
../data/pdb1HYS.mtx,128,25080,25636.16,26280,1.0319,0.005380154,1.6151
=============================
