Rank 0: Reading matrix ../data/bcsstk14.mtx...
Matrix type: matrix coordinate real symmetric
  Real: yes
  Complex: no
  Symmetric: yes
  Pattern: no
Matrix size: 1806 x 1806, NNZ (file): 32630
Actual NNZ (after symmetry expansion): 63454

matrix_name,rank,num_procs,run,elapsed_time,comm_time,local_nz,ghost_entries,local_flops
../data/bcsstk14.mtx,0,1,0,0.000064850,0.000001192,63454,0,126908
../data/bcsstk14.mtx,0,1,1,0.000058174,0.000000477,63454,0,126908
../data/bcsstk14.mtx,0,1,2,0.000057936,0.000000000,63454,0,126908
../data/bcsstk14.mtx,0,1,3,0.000058174,0.000000238,63454,0,126908
../data/bcsstk14.mtx,0,1,4,0.000057936,0.000000238,63454,0,126908
../data/bcsstk14.mtx,0,1,5,0.000057936,0.000000238,63454,0,126908
../data/bcsstk14.mtx,0,1,6,0.000057936,0.000000238,63454,0,126908
../data/bcsstk14.mtx,0,1,7,0.000058174,0.000000238,63454,0,126908
../data/bcsstk14.mtx,0,1,8,0.000057936,0.000000238,63454,0,126908
../data/bcsstk14.mtx,0,1,9,0.000058174,0.000000238,63454,0,126908


=== SUMMARY METRICS TABLE ===
Matrix_Name,Num_Processes,Ghost_Entries_Min,Ghost_Entries_Avg,Ghost_Entries_Max,Load_Imbalance_Ratio,System_P90_Time,Total_GFLOPs
../data/bcsstk14.mtx,1,0,0.00,0,1.0000,0.000064850,1.9570
=============================
