Rank 0: Reading matrix ../data/torso1.mtx...
Matrix type: matrix coordinate real general
  Real: yes
  Complex: no
  Symmetric: no
  Pattern: no
Matrix size: 116158 x 116158, NNZ (file): 8516500
Actual NNZ (after symmetry expansion): 8516500

matrix_name,rank,num_procs,run,elapsed_time,comm_time,local_nz,ghost_entries,local_flops
../data/torso1.mtx,0,1,0,0.011960983,0.000003099,8516500,0,17033000
../data/torso1.mtx,0,1,1,0.011979103,0.000001669,8516500,0,17033000
../data/torso1.mtx,0,1,2,0.011958361,0.000002146,8516500,0,17033000
../data/torso1.mtx,0,1,3,0.011948109,0.000001669,8516500,0,17033000
../data/torso1.mtx,0,1,4,0.011936665,0.000001431,8516500,0,17033000
../data/torso1.mtx,0,1,5,0.011927366,0.000001669,8516500,0,17033000
../data/torso1.mtx,0,1,6,0.011973381,0.000001907,8516500,0,17033000
../data/torso1.mtx,0,1,7,0.012027979,0.000002146,8516500,0,17033000
../data/torso1.mtx,0,1,8,0.012020111,0.000001907,8516500,0,17033000
../data/torso1.mtx,0,1,9,0.012006760,0.000002623,8516500,0,17033000


=== SUMMARY METRICS TABLE ===
Matrix_Name,Num_Processes,Ghost_Entries_Min,Ghost_Entries_Avg,Ghost_Entries_Max,Load_Imbalance_Ratio,System_P90_Time,Total_GFLOPs
../data/torso1.mtx,1,0,0.00,0,1.0000,0.012027979,1.4161
=============================
