Rank 0: Reading matrix ../data/bcsstk14.mtx...
Matrix type: matrix coordinate real symmetric
  Real: yes
  Complex: no
  Symmetric: yes
  Pattern: no
Matrix size: 1806 x 1806, NNZ (file): 32630
Actual NNZ (after symmetry expansion): 63454

matrix_name,rank,num_procs,run,elapsed_time,comm_time,local_nz,ghost_entries,local_flops
../data/bcsstk14.mtx,0,8,0,0.267999887,0.267994404,7936,1537,15872
../data/bcsstk14.mtx,0,8,1,0.267005444,0.266999960,7936,1537,15872
../data/bcsstk14.mtx,0,8,2,0.268003941,0.267998695,7936,1537,15872
../data/bcsstk14.mtx,0,8,3,0.266003132,0.265997648,7936,1537,15872
../data/bcsstk14.mtx,0,8,4,0.267005205,0.266999722,7936,1537,15872
../data/bcsstk14.mtx,0,8,5,0.267702579,0.267697096,7936,1537,15872
../data/bcsstk14.mtx,0,8,6,0.262004852,0.261998653,7936,1537,15872
../data/bcsstk14.mtx,0,8,7,0.265004635,0.264999628,7936,1537,15872
../data/bcsstk14.mtx,0,8,8,0.266005993,0.266000271,7936,1537,15872
../data/bcsstk14.mtx,0,8,9,0.279004335,0.278998613,7936,1537,15872
../data/bcsstk14.mtx,1,8,0,0.180611134,0.180605650,7779,1544,15558
../data/bcsstk14.mtx,1,8,1,0.179696798,0.179691076,7779,1544,15558
../data/bcsstk14.mtx,1,8,2,0.180001259,0.179996252,7779,1544,15558
../data/bcsstk14.mtx,1,8,3,0.178687572,0.178681850,7779,1544,15558
../data/bcsstk14.mtx,1,8,4,0.179868698,0.179863214,7779,1544,15558
../data/bcsstk14.mtx,1,8,5,0.267001390,0.266995668,7779,1544,15558
../data/bcsstk14.mtx,1,8,6,0.273003578,0.272998333,7779,1544,15558
../data/bcsstk14.mtx,1,8,7,0.273537874,0.273531914,7779,1544,15558
../data/bcsstk14.mtx,1,8,8,0.177903652,0.177898884,7779,1544,15558
../data/bcsstk14.mtx,1,8,9,0.179916143,0.179910660,7779,1544,15558
../data/bcsstk14.mtx,2,8,0,0.177884579,0.177878618,8097,1538,16194
../data/bcsstk14.mtx,2,8,1,0.177959681,0.177953959,8097,1538,16194
../data/bcsstk14.mtx,2,8,2,0.177907228,0.177900791,8097,1538,16194
../data/bcsstk14.mtx,2,8,3,0.176895857,0.176890612,8097,1538,16194
../data/bcsstk14.mtx,2,8,4,0.177952290,0.177946806,8097,1538,16194
../data/bcsstk14.mtx,2,8,5,0.177810431,0.177805185,8097,1538,16194
../data/bcsstk14.mtx,2,8,6,0.183957577,0.183952093,8097,1538,16194
../data/bcsstk14.mtx,2,8,7,0.177920818,0.177915335,8097,1538,16194
../data/bcsstk14.mtx,2,8,8,0.179003000,0.178997278,8097,1538,16194
../data/bcsstk14.mtx,2,8,9,0.181004763,0.180998802,8097,1538,16194
../data/bcsstk14.mtx,3,8,0,0.179743767,0.179737568,8107,1538,16214
../data/bcsstk14.mtx,3,8,1,0.179808855,0.179803133,8107,1538,16214
../data/bcsstk14.mtx,3,8,2,0.179989100,0.179983139,8107,1538,16214
../data/bcsstk14.mtx,3,8,3,0.178719759,0.178714275,8107,1538,16214
../data/bcsstk14.mtx,3,8,4,0.179900646,0.179894924,8107,1538,16214
../data/bcsstk14.mtx,3,8,5,0.179869652,0.179864168,8107,1538,16214
../data/bcsstk14.mtx,3,8,6,0.172004938,0.171999454,8107,1538,16214
../data/bcsstk14.mtx,3,8,7,0.177002907,0.176997423,8107,1538,16214
../data/bcsstk14.mtx,3,8,8,0.178864241,0.178858995,8107,1538,16214
../data/bcsstk14.mtx,3,8,9,0.180902004,0.180895805,8107,1538,16214
../data/bcsstk14.mtx,4,8,0,0.181688070,0.181682348,7914,1539,15828
../data/bcsstk14.mtx,4,8,1,0.179003716,0.178997993,7914,1539,15828
../data/bcsstk14.mtx,4,8,2,0.180003166,0.179997444,7914,1539,15828
../data/bcsstk14.mtx,4,8,3,0.177003622,0.176997662,7914,1539,15828
../data/bcsstk14.mtx,4,8,4,0.179002762,0.178997040,7914,1539,15828
../data/bcsstk14.mtx,4,8,5,0.179002523,0.178996801,7914,1539,15828
../data/bcsstk14.mtx,4,8,6,0.174871683,0.174865723,7914,1539,15828
../data/bcsstk14.mtx,4,8,7,0.177000046,0.176994085,7914,1539,15828
../data/bcsstk14.mtx,4,8,8,0.178005695,0.178000450,7914,1539,15828
../data/bcsstk14.mtx,4,8,9,0.180003166,0.179996967,7914,1539,15828
../data/bcsstk14.mtx,5,8,0,0.091003180,0.090996504,7857,1546,15714
../data/bcsstk14.mtx,5,8,1,0.091006279,0.091000319,7857,1546,15714
../data/bcsstk14.mtx,5,8,2,0.091005802,0.090999842,7857,1546,15714
../data/bcsstk14.mtx,5,8,3,0.090009451,0.090003252,7857,1546,15714
../data/bcsstk14.mtx,5,8,4,0.091003895,0.090997934,7857,1546,15714
../data/bcsstk14.mtx,5,8,5,0.091004133,0.090998411,7857,1546,15714
../data/bcsstk14.mtx,5,8,6,0.141005278,0.140999794,7857,1546,15714
../data/bcsstk14.mtx,5,8,7,0.177003145,0.176997662,7857,1546,15714
../data/bcsstk14.mtx,5,8,8,0.178003073,0.177997828,7857,1546,15714
../data/bcsstk14.mtx,5,8,9,0.178000450,0.177994013,7857,1546,15714
../data/bcsstk14.mtx,6,8,0,0.089001894,0.088995934,7846,1535,15692
../data/bcsstk14.mtx,6,8,1,0.089005232,0.088999510,7846,1535,15692
../data/bcsstk14.mtx,6,8,2,0.089000702,0.088995218,7846,1535,15692
../data/bcsstk14.mtx,6,8,3,0.088008165,0.088002205,7846,1535,15692
../data/bcsstk14.mtx,6,8,4,0.089007616,0.089002132,7846,1535,15692
../data/bcsstk14.mtx,6,8,5,0.089003325,0.088997841,7846,1535,15692
../data/bcsstk14.mtx,6,8,6,0.090965986,0.090960503,7846,1535,15692
../data/bcsstk14.mtx,6,8,7,0.091006041,0.091000557,7846,1535,15692
../data/bcsstk14.mtx,6,8,8,0.089003801,0.088997841,7846,1535,15692
../data/bcsstk14.mtx,6,8,9,0.089003801,0.088997841,7846,1535,15692
../data/bcsstk14.mtx,7,8,0,0.000077009,0.000071287,7918,1541,15836
../data/bcsstk14.mtx,7,8,1,0.000092983,0.000086784,7918,1541,15836
../data/bcsstk14.mtx,7,8,2,0.000077963,0.000072718,7918,1541,15836
../data/bcsstk14.mtx,7,8,3,0.000072718,0.000066996,7918,1541,15836
../data/bcsstk14.mtx,7,8,4,0.000092268,0.000086308,7918,1541,15836
../data/bcsstk14.mtx,7,8,5,0.000072479,0.000066519,7918,1541,15836
../data/bcsstk14.mtx,7,8,6,0.000099897,0.000093937,7918,1541,15836
../data/bcsstk14.mtx,7,8,7,0.000093222,0.000087500,7918,1541,15836
../data/bcsstk14.mtx,7,8,8,0.000088453,0.000082254,7918,1541,15836
../data/bcsstk14.mtx,7,8,9,0.000089645,0.000083923,7918,1541,15836


=== SUMMARY METRICS TABLE ===
Matrix_Name,Num_Processes,Ghost_Entries_Min,Ghost_Entries_Avg,Ghost_Entries_Max,Load_Imbalance_Ratio,System_P90_Time,Total_GFLOPs
../data/bcsstk14.mtx,8,1535,1539.75,1546,1.0221,0.279004335,0.0005
=============================
