Rank 0: Reading matrix ../data/torso1.mtx...
Matrix type: matrix coordinate real general
  Real: yes
  Complex: no
  Symmetric: no
  Pattern: no
Matrix size: 116158 x 116158, NNZ (file): 8516500
Actual NNZ (after symmetry expansion): 8516500

matrix_name,rank,num_procs,run,elapsed_time,comm_time,local_nz,ghost_entries,local_flops
../data/torso1.mtx,0,16,0,0.003973484,0.000534058,532772,30903,1065544
../data/torso1.mtx,0,16,1,0.003666401,0.000444889,532772,30903,1065544
../data/torso1.mtx,0,16,2,0.003720522,0.000468969,532772,30903,1065544
../data/torso1.mtx,0,16,3,0.003628492,0.000470161,532772,30903,1065544
../data/torso1.mtx,0,16,4,0.003644466,0.000477552,532772,30903,1065544
../data/torso1.mtx,0,16,5,0.003603697,0.000457525,532772,30903,1065544
../data/torso1.mtx,0,16,6,0.003553629,0.000506639,532772,30903,1065544
../data/torso1.mtx,0,16,7,0.003511667,0.000467062,532772,30903,1065544
../data/torso1.mtx,0,16,8,0.003482342,0.000467062,532772,30903,1065544
../data/torso1.mtx,0,16,9,0.003489733,0.000481606,532772,30903,1065544
../data/torso1.mtx,1,16,0,0.003954411,0.000549078,532773,30799,1065546
../data/torso1.mtx,1,16,1,0.003672361,0.000469446,532773,30799,1065546
../data/torso1.mtx,1,16,2,0.003714800,0.000488520,532773,30799,1065546
../data/torso1.mtx,1,16,3,0.003575325,0.000469685,532773,30799,1065546
../data/torso1.mtx,1,16,4,0.003625870,0.000486612,532773,30799,1065546
../data/torso1.mtx,1,16,5,0.003558636,0.000469685,532773,30799,1065546
../data/torso1.mtx,1,16,6,0.003536224,0.000520468,532773,30799,1065546
../data/torso1.mtx,1,16,7,0.003494501,0.000469208,532773,30799,1065546
../data/torso1.mtx,1,16,8,0.003433228,0.000468493,532773,30799,1065546
../data/torso1.mtx,1,16,9,0.003586769,0.000493526,532773,30799,1065546
../data/torso1.mtx,2,16,0,0.001214027,0.000488281,535063,30666,1070126
../data/torso1.mtx,2,16,1,0.001106262,0.000390053,535063,30666,1070126
../data/torso1.mtx,2,16,2,0.001103163,0.000397205,535063,30666,1070126
../data/torso1.mtx,2,16,3,0.001097202,0.000404119,535063,30666,1070126
../data/torso1.mtx,2,16,4,0.001111031,0.000410080,535063,30666,1070126
../data/torso1.mtx,2,16,5,0.001093388,0.000391245,535063,30666,1070126
../data/torso1.mtx,2,16,6,0.001137495,0.000436306,535063,30666,1070126
../data/torso1.mtx,2,16,7,0.001093626,0.000392675,535063,30666,1070126
../data/torso1.mtx,2,16,8,0.001091242,0.000395775,535063,30666,1070126
../data/torso1.mtx,2,16,9,0.001128197,0.000439405,535063,30666,1070126
../data/torso1.mtx,3,16,0,0.004075527,0.000589371,530481,30728,1060962
../data/torso1.mtx,3,16,1,0.003744841,0.000478506,530481,30728,1060962
../data/torso1.mtx,3,16,2,0.003809929,0.000510454,530481,30728,1060962
../data/torso1.mtx,3,16,3,0.003667593,0.000486612,530481,30728,1060962
../data/torso1.mtx,3,16,4,0.003718615,0.000507593,530481,30728,1060962
../data/torso1.mtx,3,16,5,0.003648281,0.000479460,530481,30728,1060962
../data/torso1.mtx,3,16,6,0.003647566,0.000537872,530481,30728,1060962
../data/torso1.mtx,3,16,7,0.003579855,0.000492811,530481,30728,1060962
../data/torso1.mtx,3,16,8,0.003521204,0.000487804,530481,30728,1060962
../data/torso1.mtx,3,16,9,0.003530502,0.000492334,530481,30728,1060962
../data/torso1.mtx,4,16,0,0.003961563,0.000549316,530482,30822,1060964
../data/torso1.mtx,4,16,1,0.003578901,0.000447750,530482,30822,1060964
../data/torso1.mtx,4,16,2,0.003698826,0.000479937,530482,30822,1060964
../data/torso1.mtx,4,16,3,0.003554583,0.000469446,530482,30822,1060964
../data/torso1.mtx,4,16,4,0.003607988,0.000483274,530482,30822,1060964
../data/torso1.mtx,4,16,5,0.003602266,0.000459909,530482,30822,1060964
../data/torso1.mtx,4,16,6,0.003628254,0.000516415,530482,30822,1060964
../data/torso1.mtx,4,16,7,0.003593683,0.000473738,530482,30822,1060964
../data/torso1.mtx,4,16,8,0.003572464,0.000477314,530482,30822,1060964
../data/torso1.mtx,4,16,9,0.003619432,0.000483513,530482,30822,1060964
../data/torso1.mtx,5,16,0,0.004041195,0.000569582,533731,30813,1067462
../data/torso1.mtx,5,16,1,0.003685474,0.000460625,533731,30813,1067462
../data/torso1.mtx,5,16,2,0.003777027,0.000512362,533731,30813,1067462
../data/torso1.mtx,5,16,3,0.003622532,0.000474691,533731,30813,1067462
../data/torso1.mtx,5,16,4,0.003683805,0.000495911,533731,30813,1067462
../data/torso1.mtx,5,16,5,0.003579617,0.000464916,533731,30813,1067462
../data/torso1.mtx,5,16,6,0.003591537,0.000521660,533731,30813,1067462
../data/torso1.mtx,5,16,7,0.003534555,0.000475407,533731,30813,1067462
../data/torso1.mtx,5,16,8,0.003497124,0.000472307,533731,30813,1067462
../data/torso1.mtx,5,16,9,0.003545284,0.000488758,533731,30813,1067462
../data/torso1.mtx,6,16,0,0.004078388,0.000559092,537362,30794,1074724
../data/torso1.mtx,6,16,1,0.003750324,0.000487804,537362,30794,1074724
../data/torso1.mtx,6,16,2,0.003800154,0.000516415,537362,30794,1074724
../data/torso1.mtx,6,16,3,0.003679037,0.000505209,537362,30794,1074724
../data/torso1.mtx,6,16,4,0.003710747,0.000524044,537362,30794,1074724
../data/torso1.mtx,6,16,5,0.003666401,0.000532150,537362,30794,1074724
../data/torso1.mtx,6,16,6,0.003637314,0.000550508,537362,30794,1074724
../data/torso1.mtx,6,16,7,0.003575087,0.000485182,537362,30794,1074724
../data/torso1.mtx,6,16,8,0.003514528,0.000493050,537362,30794,1074724
../data/torso1.mtx,6,16,9,0.003580093,0.000501871,537362,30794,1074724
../data/torso1.mtx,7,16,0,0.001202345,0.000454426,535067,30836,1070134
../data/torso1.mtx,7,16,1,0.001120329,0.000414371,535067,30836,1070134
../data/torso1.mtx,7,16,2,0.001142263,0.000441313,535067,30836,1070134
../data/torso1.mtx,7,16,3,0.001123667,0.000430346,535067,30836,1070134
../data/torso1.mtx,7,16,4,0.001135826,0.000437021,535067,30836,1070134
../data/torso1.mtx,7,16,5,0.001126528,0.000428915,535067,30836,1070134
../data/torso1.mtx,7,16,6,0.001170635,0.000471830,535067,30836,1070134
../data/torso1.mtx,7,16,7,0.001111746,0.000418901,535067,30836,1070134
../data/torso1.mtx,7,16,8,0.001124620,0.000427961,535067,30836,1070134
../data/torso1.mtx,7,16,9,0.001133442,0.000441551,535067,30836,1070134
../data/torso1.mtx,8,16,0,0.001126766,0.000387669,532772,30888,1065544
../data/torso1.mtx,8,16,1,0.001061678,0.000342846,532772,30888,1065544
../data/torso1.mtx,8,16,2,0.001093388,0.000387907,532772,30888,1065544
../data/torso1.mtx,8,16,3,0.001086473,0.000389576,532772,30888,1065544
../data/torso1.mtx,8,16,4,0.001102686,0.000401258,532772,30888,1065544
../data/torso1.mtx,8,16,5,0.001096010,0.000394106,532772,30888,1065544
../data/torso1.mtx,8,16,6,0.001135349,0.000431776,532772,30888,1065544
../data/torso1.mtx,8,16,7,0.001082182,0.000378132,532772,30888,1065544
../data/torso1.mtx,8,16,8,0.001092911,0.000392437,532772,30888,1065544
../data/torso1.mtx,8,16,9,0.001090288,0.000394106,532772,30888,1065544
../data/torso1.mtx,9,16,0,0.004083157,0.000588417,532772,30815,1065544
../data/torso1.mtx,9,16,1,0.003743649,0.000494480,532772,30815,1065544
../data/torso1.mtx,9,16,2,0.003802776,0.000540257,532772,30815,1065544
../data/torso1.mtx,9,16,3,0.003657579,0.000485420,532772,30815,1065544
../data/torso1.mtx,9,16,4,0.003680468,0.000505209,532772,30815,1065544
../data/torso1.mtx,9,16,5,0.003647804,0.000490904,532772,30815,1065544
../data/torso1.mtx,9,16,6,0.003626823,0.000548840,532772,30815,1065544
../data/torso1.mtx,9,16,7,0.003575087,0.000510931,532772,30815,1065544
../data/torso1.mtx,9,16,8,0.003513813,0.000508547,532772,30815,1065544
../data/torso1.mtx,9,16,9,0.003584623,0.000497341,532772,30815,1065544
../data/torso1.mtx,10,16,0,0.004053116,0.000616312,532772,30698,1065544
../data/torso1.mtx,10,16,1,0.003720522,0.000539541,532772,30698,1065544
../data/torso1.mtx,10,16,2,0.003784895,0.000546217,532772,30698,1065544
../data/torso1.mtx,10,16,3,0.003676176,0.000488281,532772,30698,1065544
../data/torso1.mtx,10,16,4,0.003728151,0.000550270,532772,30698,1065544
../data/torso1.mtx,10,16,5,0.003684759,0.000509501,532772,30698,1065544
../data/torso1.mtx,10,16,6,0.003670692,0.000567913,532772,30698,1065544
../data/torso1.mtx,10,16,7,0.003623247,0.000557423,532772,30698,1065544
../data/torso1.mtx,10,16,8,0.003580093,0.000522852,532772,30698,1065544
../data/torso1.mtx,10,16,9,0.003619909,0.000543833,532772,30698,1065544
../data/torso1.mtx,11,16,0,0.001226425,0.000496864,532772,30773,1065544
../data/torso1.mtx,11,16,1,0.001140833,0.000424147,532772,30773,1065544
../data/torso1.mtx,11,16,2,0.001157045,0.000449181,532772,30773,1065544
../data/torso1.mtx,11,16,3,0.001116514,0.000415087,532772,30773,1065544
../data/torso1.mtx,11,16,4,0.001148939,0.000448227,532772,30773,1065544
../data/torso1.mtx,11,16,5,0.001113653,0.000412941,532772,30773,1065544
../data/torso1.mtx,11,16,6,0.001179934,0.000478745,532772,30773,1065544
../data/torso1.mtx,11,16,7,0.001127958,0.000436306,532772,30773,1065544
../data/torso1.mtx,11,16,8,0.001132250,0.000435352,532772,30773,1065544
../data/torso1.mtx,11,16,9,0.001139641,0.000443459,532772,30773,1065544
../data/torso1.mtx,12,16,0,0.001199007,0.000464678,532772,30900,1065544
../data/torso1.mtx,12,16,1,0.001071453,0.000355959,532772,30900,1065544
../data/torso1.mtx,12,16,2,0.001072884,0.000372410,532772,30900,1065544
../data/torso1.mtx,12,16,3,0.001029253,0.000333309,532772,30900,1065544
../data/torso1.mtx,12,16,4,0.001055717,0.000355959,532772,30900,1065544
../data/torso1.mtx,12,16,5,0.001045942,0.000344038,532772,30900,1065544
../data/torso1.mtx,12,16,6,0.001091003,0.000392675,532772,30900,1065544
../data/torso1.mtx,12,16,7,0.001068830,0.000370979,532772,30900,1065544
../data/torso1.mtx,12,16,8,0.001046181,0.000350952,532772,30900,1065544
../data/torso1.mtx,12,16,9,0.001081944,0.000390530,532772,30900,1065544
../data/torso1.mtx,13,16,0,0.004043102,0.000590563,532772,30903,1065544
../data/torso1.mtx,13,16,1,0.003725767,0.000496864,532772,30903,1065544
../data/torso1.mtx,13,16,2,0.003787756,0.000517845,532772,30903,1065544
../data/torso1.mtx,13,16,3,0.003606796,0.000487566,532772,30903,1065544
../data/torso1.mtx,13,16,4,0.003672838,0.000507355,532772,30903,1065544
../data/torso1.mtx,13,16,5,0.003595114,0.000483513,532772,30903,1065544
../data/torso1.mtx,13,16,6,0.003601313,0.000540018,532772,30903,1065544
../data/torso1.mtx,13,16,7,0.003572702,0.000494003,532772,30903,1065544
../data/torso1.mtx,13,16,8,0.003571033,0.000494242,532772,30903,1065544
../data/torso1.mtx,13,16,9,0.003611565,0.000496864,532772,30903,1065544
../data/torso1.mtx,14,16,0,0.003990412,0.000603914,524919,30873,1049838
../data/torso1.mtx,14,16,1,0.003669500,0.000512600,524919,30873,1049838
../data/torso1.mtx,14,16,2,0.003742933,0.000524044,524919,30873,1049838
../data/torso1.mtx,14,16,3,0.003665686,0.000486374,524919,30873,1049838
../data/torso1.mtx,14,16,4,0.003703833,0.000528812,524919,30873,1049838
../data/torso1.mtx,14,16,5,0.003665686,0.000512600,524919,30873,1049838
../data/torso1.mtx,14,16,6,0.003652096,0.000568151,524919,30873,1049838
../data/torso1.mtx,14,16,7,0.003577709,0.000497103,524919,30873,1049838
../data/torso1.mtx,14,16,8,0.003511190,0.000505209,524919,30873,1049838
../data/torso1.mtx,14,16,9,0.003546953,0.000494719,524919,30873,1049838
../data/torso1.mtx,15,16,0,0.001201630,0.000499249,527218,30874,1054436
../data/torso1.mtx,15,16,1,0.001112223,0.000414371,527218,30874,1054436
../data/torso1.mtx,15,16,2,0.001137018,0.000443697,527218,30874,1054436
../data/torso1.mtx,15,16,3,0.001116037,0.000428915,527218,30874,1054436
../data/torso1.mtx,15,16,4,0.001137018,0.000443220,527218,30874,1054436
../data/torso1.mtx,15,16,5,0.001121044,0.000425816,527218,30874,1054436
../data/torso1.mtx,15,16,6,0.001180649,0.000483990,527218,30874,1054436
../data/torso1.mtx,15,16,7,0.001113415,0.000424862,527218,30874,1054436
../data/torso1.mtx,15,16,8,0.001124859,0.000432730,527218,30874,1054436
../data/torso1.mtx,15,16,9,0.001117706,0.000430107,527218,30874,1054436


=== SUMMARY METRICS TABLE ===
Matrix_Name,Num_Processes,Ghost_Entries_Min,Ghost_Entries_Avg,Ghost_Entries_Max,Load_Imbalance_Ratio,System_P90_Time,Total_GFLOPs
../data/torso1.mtx,16,30666,30817.81,30903,1.0095,0.004083157,4.1715
=============================
