Rank 0: Reading matrix ../data/pdb1HYS.mtx...
Matrix type: matrix coordinate real symmetric
  Real: yes
  Complex: no
  Symmetric: yes
  Pattern: no
Matrix size: 36417 x 36417, NNZ (file): 2190591
Actual NNZ (after symmetry expansion): 4344765

matrix_name,rank,num_procs,run,elapsed_time,comm_time,local_nz,ghost_entries,local_flops
../data/pdb1HYS.mtx,0,16,0,0.000750780,0.000312090,271534,34134,543068
../data/pdb1HYS.mtx,0,16,1,0.000650167,0.000335455,271534,34134,543068
../data/pdb1HYS.mtx,0,16,2,0.000585794,0.000285149,271534,34134,543068
../data/pdb1HYS.mtx,0,16,3,0.000582457,0.000280380,271534,34134,543068
../data/pdb1HYS.mtx,0,16,4,0.000593901,0.000283003,271534,34134,543068
../data/pdb1HYS.mtx,0,16,5,0.000588655,0.000286341,271534,34134,543068
../data/pdb1HYS.mtx,0,16,6,0.000592947,0.000286102,271534,34134,543068
../data/pdb1HYS.mtx,0,16,7,0.000575066,0.000273943,271534,34134,543068
../data/pdb1HYS.mtx,0,16,8,0.000575304,0.000273705,271534,34134,543068
../data/pdb1HYS.mtx,0,16,9,0.000573635,0.000266552,271534,34134,543068
../data/pdb1HYS.mtx,1,16,0,0.000583172,0.000254869,271441,34126,542882
../data/pdb1HYS.mtx,1,16,1,0.000587463,0.000280142,271441,34126,542882
../data/pdb1HYS.mtx,1,16,2,0.000544310,0.000245333,271441,34126,542882
../data/pdb1HYS.mtx,1,16,3,0.000537395,0.000237942,271441,34126,542882
../data/pdb1HYS.mtx,1,16,4,0.000539303,0.000241280,271441,34126,542882
../data/pdb1HYS.mtx,1,16,5,0.000544310,0.000246286,271441,34126,542882
../data/pdb1HYS.mtx,1,16,6,0.000542164,0.000239134,271441,34126,542882
../data/pdb1HYS.mtx,1,16,7,0.000527620,0.000230074,271441,34126,542882
../data/pdb1HYS.mtx,1,16,8,0.000536203,0.000238180,271441,34126,542882
../data/pdb1HYS.mtx,1,16,9,0.000534058,0.000230789,271441,34126,542882
../data/pdb1HYS.mtx,2,16,0,0.000876665,0.000306368,270580,34138,541160
../data/pdb1HYS.mtx,2,16,1,0.000653267,0.000326395,270580,34138,541160
../data/pdb1HYS.mtx,2,16,2,0.000593662,0.000283480,270580,34138,541160
../data/pdb1HYS.mtx,2,16,3,0.000581026,0.000274181,270580,34138,541160
../data/pdb1HYS.mtx,2,16,4,0.000598907,0.000280380,270580,34138,541160
../data/pdb1HYS.mtx,2,16,5,0.000590801,0.000284195,270580,34138,541160
../data/pdb1HYS.mtx,2,16,6,0.000610113,0.000306606,270580,34138,541160
../data/pdb1HYS.mtx,2,16,7,0.000567675,0.000263929,270580,34138,541160
../data/pdb1HYS.mtx,2,16,8,0.000575781,0.000272274,270580,34138,541160
../data/pdb1HYS.mtx,2,16,9,0.000573397,0.000262022,270580,34138,541160
../data/pdb1HYS.mtx,3,16,0,0.000666618,0.000278234,270259,34138,540518
../data/pdb1HYS.mtx,3,16,1,0.000651360,0.000284433,270259,34138,540518
../data/pdb1HYS.mtx,3,16,2,0.000601768,0.000251770,270259,34138,540518
../data/pdb1HYS.mtx,3,16,3,0.000597239,0.000248671,270259,34138,540518
../data/pdb1HYS.mtx,3,16,4,0.000600100,0.000241041,270259,34138,540518
../data/pdb1HYS.mtx,3,16,5,0.000615835,0.000265598,270259,34138,540518
../data/pdb1HYS.mtx,3,16,6,0.000606537,0.000247478,270259,34138,540518
../data/pdb1HYS.mtx,3,16,7,0.000589609,0.000241756,270259,34138,540518
../data/pdb1HYS.mtx,3,16,8,0.000596523,0.000246525,270259,34138,540518
../data/pdb1HYS.mtx,3,16,9,0.000598431,0.000239134,270259,34138,540518
../data/pdb1HYS.mtx,4,16,0,0.000694513,0.000304461,270843,34135,541686
../data/pdb1HYS.mtx,4,16,1,0.000645399,0.000282764,270843,34135,541686
../data/pdb1HYS.mtx,4,16,2,0.000612020,0.000262499,270843,34135,541686
../data/pdb1HYS.mtx,4,16,3,0.000607729,0.000256062,270843,34135,541686
../data/pdb1HYS.mtx,4,16,4,0.000610590,0.000250578,270843,34135,541686
../data/pdb1HYS.mtx,4,16,5,0.000613689,0.000261545,270843,34135,541686
../data/pdb1HYS.mtx,4,16,6,0.000618458,0.000254869,270843,34135,541686
../data/pdb1HYS.mtx,4,16,7,0.000601530,0.000249386,270843,34135,541686
../data/pdb1HYS.mtx,4,16,8,0.000604630,0.000253439,270843,34135,541686
../data/pdb1HYS.mtx,4,16,9,0.000608206,0.000245094,270843,34135,541686
../data/pdb1HYS.mtx,5,16,0,0.000663280,0.000271797,271395,34141,542790
../data/pdb1HYS.mtx,5,16,1,0.000656605,0.000293493,271395,34141,542790
../data/pdb1HYS.mtx,5,16,2,0.000615120,0.000264645,271395,34141,542790
../data/pdb1HYS.mtx,5,16,3,0.000610828,0.000261307,271395,34141,542790
../data/pdb1HYS.mtx,5,16,4,0.000619650,0.000257492,271395,34141,542790
../data/pdb1HYS.mtx,5,16,5,0.000623703,0.000270844,271395,34141,542790
../data/pdb1HYS.mtx,5,16,6,0.000621319,0.000260115,271395,34141,542790
../data/pdb1HYS.mtx,5,16,7,0.000605583,0.000254869,271395,34141,542790
../data/pdb1HYS.mtx,5,16,8,0.000612020,0.000258684,271395,34141,542790
../data/pdb1HYS.mtx,5,16,9,0.000614405,0.000252008,271395,34141,542790
../data/pdb1HYS.mtx,6,16,0,0.000672579,0.000284195,273393,34138,546786
../data/pdb1HYS.mtx,6,16,1,0.000655174,0.000285387,273393,34138,546786
../data/pdb1HYS.mtx,6,16,2,0.000616312,0.000262260,273393,34138,546786
../data/pdb1HYS.mtx,6,16,3,0.000608206,0.000254631,273393,34138,546786
../data/pdb1HYS.mtx,6,16,4,0.000617981,0.000252485,273393,34138,546786
../data/pdb1HYS.mtx,6,16,5,0.000614643,0.000258446,273393,34138,546786
../data/pdb1HYS.mtx,6,16,6,0.000618696,0.000255346,273393,34138,546786
../data/pdb1HYS.mtx,6,16,7,0.000600338,0.000245094,273393,34138,546786
../data/pdb1HYS.mtx,6,16,8,0.000602484,0.000248671,273393,34138,546786
../data/pdb1HYS.mtx,6,16,9,0.000609398,0.000245571,273393,34138,546786
../data/pdb1HYS.mtx,7,16,0,0.000874043,0.000299931,272793,34138,545586
../data/pdb1HYS.mtx,7,16,1,0.000658512,0.000331640,272793,34138,545586
../data/pdb1HYS.mtx,7,16,2,0.000591278,0.000284195,272793,34138,545586
../data/pdb1HYS.mtx,7,16,3,0.000587463,0.000280380,272793,34138,545586
../data/pdb1HYS.mtx,7,16,4,0.000605106,0.000287294,272793,34138,545586
../data/pdb1HYS.mtx,7,16,5,0.000598192,0.000291586,272793,34138,545586
../data/pdb1HYS.mtx,7,16,6,0.000601768,0.000296831,272793,34138,545586
../data/pdb1HYS.mtx,7,16,7,0.000572443,0.000267744,272793,34138,545586
../data/pdb1HYS.mtx,7,16,8,0.000572920,0.000267029,272793,34138,545586
../data/pdb1HYS.mtx,7,16,9,0.000580072,0.000269651,272793,34138,545586
../data/pdb1HYS.mtx,8,16,0,0.000863791,0.000308990,271538,34138,543076
../data/pdb1HYS.mtx,8,16,1,0.000659943,0.000336170,271538,34138,543076
../data/pdb1HYS.mtx,8,16,2,0.000593901,0.000289440,271538,34138,543076
../data/pdb1HYS.mtx,8,16,3,0.000586033,0.000280857,271538,34138,543076
../data/pdb1HYS.mtx,8,16,4,0.000602961,0.000288725,271538,34138,543076
../data/pdb1HYS.mtx,8,16,5,0.000599623,0.000296831,271538,34138,543076
../data/pdb1HYS.mtx,8,16,6,0.000602484,0.000298023,271538,34138,543076
../data/pdb1HYS.mtx,8,16,7,0.000579596,0.000274897,271538,34138,543076
../data/pdb1HYS.mtx,8,16,8,0.000572205,0.000270128,271538,34138,543076
../data/pdb1HYS.mtx,8,16,9,0.000577927,0.000267029,271538,34138,543076
../data/pdb1HYS.mtx,9,16,0,0.000622272,0.000254631,271211,34138,542422
../data/pdb1HYS.mtx,9,16,1,0.000617504,0.000280619,271211,34138,542422
../data/pdb1HYS.mtx,9,16,2,0.000577450,0.000245571,271211,34138,542422
../data/pdb1HYS.mtx,9,16,3,0.000569344,0.000237703,271211,34138,542422
../data/pdb1HYS.mtx,9,16,4,0.000576496,0.000239134,271211,34138,542422
../data/pdb1HYS.mtx,9,16,5,0.000583887,0.000252247,271211,34138,542422
../data/pdb1HYS.mtx,9,16,6,0.000579357,0.000243425,271211,34138,542422
../data/pdb1HYS.mtx,9,16,7,0.000557423,0.000225782,271211,34138,542422
../data/pdb1HYS.mtx,9,16,8,0.000563622,0.000231981,271211,34138,542422
../data/pdb1HYS.mtx,9,16,9,0.000557661,0.000231981,271211,34138,542422
../data/pdb1HYS.mtx,10,16,0,0.000585318,0.000267982,270652,34138,541304
../data/pdb1HYS.mtx,10,16,1,0.000574589,0.000271559,270652,34138,541304
../data/pdb1HYS.mtx,10,16,2,0.000535727,0.000238657,270652,34138,541304
../data/pdb1HYS.mtx,10,16,3,0.000527620,0.000231266,270652,34138,541304
../data/pdb1HYS.mtx,10,16,4,0.000530243,0.000233412,270652,34138,541304
../data/pdb1HYS.mtx,10,16,5,0.000535488,0.000239134,270652,34138,541304
../data/pdb1HYS.mtx,10,16,6,0.000532150,0.000231028,270652,34138,541304
../data/pdb1HYS.mtx,10,16,7,0.000510454,0.000214100,270652,34138,541304
../data/pdb1HYS.mtx,10,16,8,0.000517368,0.000221729,270652,34138,541304
../data/pdb1HYS.mtx,10,16,9,0.000521183,0.000220537,270652,34138,541304
../data/pdb1HYS.mtx,11,16,0,0.000639677,0.000253439,271746,34129,543492
../data/pdb1HYS.mtx,11,16,1,0.000631809,0.000273466,271746,34129,543492
../data/pdb1HYS.mtx,11,16,2,0.000596285,0.000247002,271746,34129,543492
../data/pdb1HYS.mtx,11,16,3,0.000595331,0.000249863,271746,34129,543492
../data/pdb1HYS.mtx,11,16,4,0.000601292,0.000244141,271746,34129,543492
../data/pdb1HYS.mtx,11,16,5,0.000601292,0.000253677,271746,34129,543492
../data/pdb1HYS.mtx,11,16,6,0.000605345,0.000242710,271746,34129,543492
../data/pdb1HYS.mtx,11,16,7,0.000580072,0.000228882,271746,34129,543492
../data/pdb1HYS.mtx,11,16,8,0.000583410,0.000239372,271746,34129,543492
../data/pdb1HYS.mtx,11,16,9,0.000594854,0.000237226,271746,34129,543492
../data/pdb1HYS.mtx,12,16,0,0.000629425,0.000251532,271615,34138,543230
../data/pdb1HYS.mtx,12,16,1,0.000634432,0.000278711,271615,34138,543230
../data/pdb1HYS.mtx,12,16,2,0.000607491,0.000257730,271615,34138,543230
../data/pdb1HYS.mtx,12,16,3,0.000603199,0.000254154,271615,34138,543230
../data/pdb1HYS.mtx,12,16,4,0.000609159,0.000251055,271615,34138,543230
../data/pdb1HYS.mtx,12,16,5,0.000609875,0.000260830,271615,34138,543230
../data/pdb1HYS.mtx,12,16,6,0.000608206,0.000251293,271615,34138,543230
../data/pdb1HYS.mtx,12,16,7,0.000587225,0.000238657,271615,34138,543230
../data/pdb1HYS.mtx,12,16,8,0.000597715,0.000249386,271615,34138,543230
../data/pdb1HYS.mtx,12,16,9,0.000602961,0.000242233,271615,34138,543230
../data/pdb1HYS.mtx,13,16,0,0.000861406,0.000296354,271707,34141,543414
../data/pdb1HYS.mtx,13,16,1,0.000647545,0.000325680,271707,34141,543414
../data/pdb1HYS.mtx,13,16,2,0.000583649,0.000278950,271707,34141,543414
../data/pdb1HYS.mtx,13,16,3,0.000562429,0.000259399,271707,34141,543414
../data/pdb1HYS.mtx,13,16,4,0.000591278,0.000279903,271707,34141,543414
../data/pdb1HYS.mtx,13,16,5,0.000594139,0.000291824,271707,34141,543414
../data/pdb1HYS.mtx,13,16,6,0.000594378,0.000284433,271707,34141,543414
../data/pdb1HYS.mtx,13,16,7,0.000559568,0.000257254,271707,34141,543414
../data/pdb1HYS.mtx,13,16,8,0.000575066,0.000274181,271707,34141,543414
../data/pdb1HYS.mtx,13,16,9,0.000576735,0.000267029,271707,34141,543414
../data/pdb1HYS.mtx,14,16,0,0.000631094,0.000319004,271958,34141,543916
../data/pdb1HYS.mtx,14,16,1,0.000571728,0.000268936,271958,34141,543916
../data/pdb1HYS.mtx,14,16,2,0.000524521,0.000228167,271958,34141,543916
../data/pdb1HYS.mtx,14,16,3,0.000502110,0.000206709,271958,34141,543916
../data/pdb1HYS.mtx,14,16,4,0.000527620,0.000231743,271958,34141,543916
../data/pdb1HYS.mtx,14,16,5,0.000541925,0.000246048,271958,34141,543916
../data/pdb1HYS.mtx,14,16,6,0.000527620,0.000227690,271958,34141,543916
../data/pdb1HYS.mtx,14,16,7,0.000495195,0.000198841,271958,34141,543916
../data/pdb1HYS.mtx,14,16,8,0.000523806,0.000227928,271958,34141,543916
../data/pdb1HYS.mtx,14,16,9,0.000532150,0.000222206,271958,34141,543916
../data/pdb1HYS.mtx,15,16,0,0.000623226,0.000260353,272100,34135,544200
../data/pdb1HYS.mtx,15,16,1,0.000593662,0.000253677,272100,34135,544200
../data/pdb1HYS.mtx,15,16,2,0.000575066,0.000241518,272100,34135,544200
../data/pdb1HYS.mtx,15,16,3,0.000558138,0.000224829,272100,34135,544200
../data/pdb1HYS.mtx,15,16,4,0.000568390,0.000229120,272100,34135,544200
../data/pdb1HYS.mtx,15,16,5,0.000565529,0.000232220,272100,34135,544200
../data/pdb1HYS.mtx,15,16,6,0.000562668,0.000225306,272100,34135,544200
../data/pdb1HYS.mtx,15,16,7,0.000543594,0.000210285,272100,34135,544200
../data/pdb1HYS.mtx,15,16,8,0.000553131,0.000219822,272100,34135,544200
../data/pdb1HYS.mtx,15,16,9,0.000558615,0.000231266,272100,34135,544200


=== SUMMARY METRICS TABLE ===
Matrix_Name,Num_Processes,Ghost_Entries_Min,Ghost_Entries_Avg,Ghost_Entries_Max,Load_Imbalance_Ratio,System_P90_Time,Total_GFLOPs
../data/pdb1HYS.mtx,16,34126,34136.62,34141,1.0068,0.000876665,9.9120
=============================
