Rank 0: Reading matrix ../data/pdb1HYS.mtx...
Matrix type: matrix coordinate real symmetric
  Real: yes
  Complex: no
  Symmetric: yes
  Pattern: no
Matrix size: 36417 x 36417, NNZ (file): 2190591
Actual NNZ (after symmetry expansion): 4344765

matrix_name,rank,num_procs,run,elapsed_time,comm_time,local_nz,ghost_entries,local_flops
../data/pdb1HYS.mtx,0,128,0,1.572144747,1.572100163,34684,25652,69368
../data/pdb1HYS.mtx,0,128,1,1.585124254,1.585079193,34684,25652,69368
../data/pdb1HYS.mtx,0,128,2,1.593116522,1.593074083,34684,25652,69368
../data/pdb1HYS.mtx,0,128,3,1.583099604,1.583055735,34684,25652,69368
../data/pdb1HYS.mtx,0,128,4,1.835102558,1.835056543,34684,25652,69368
../data/pdb1HYS.mtx,0,128,5,2.109006405,2.108959675,34684,25652,69368
../data/pdb1HYS.mtx,0,128,6,1.586426973,1.586381674,34684,25652,69368
../data/pdb1HYS.mtx,0,128,7,1.583097458,1.583053589,34684,25652,69368
../data/pdb1HYS.mtx,0,128,8,1.571108341,1.571063280,34684,25652,69368
../data/pdb1HYS.mtx,0,128,9,1.583100319,1.583057165,34684,25652,69368
../data/pdb1HYS.mtx,1,128,0,1.319306612,1.319255829,34529,25693,69058
../data/pdb1HYS.mtx,1,128,1,1.297183275,1.297138453,34529,25693,69058
../data/pdb1HYS.mtx,1,128,2,1.318214655,1.318167686,34529,25693,69058
../data/pdb1HYS.mtx,1,128,3,1.583130360,1.583085775,34529,25693,69058
../data/pdb1HYS.mtx,1,128,4,1.586135626,1.586090326,34529,25693,69058
../data/pdb1HYS.mtx,1,128,5,1.834150553,1.834104538,34529,25693,69058
../data/pdb1HYS.mtx,1,128,6,1.328174353,1.328129053,34529,25693,69058
../data/pdb1HYS.mtx,1,128,7,1.323143721,1.323101997,34529,25693,69058
../data/pdb1HYS.mtx,1,128,8,1.340123415,1.340079069,34529,25693,69058
../data/pdb1HYS.mtx,1,128,9,1.583145618,1.583100080,34529,25693,69058
../data/pdb1HYS.mtx,2,128,0,1.297173500,1.297129869,34321,25535,68642
../data/pdb1HYS.mtx,2,128,1,1.319147110,1.319101810,34321,25535,68642
../data/pdb1HYS.mtx,2,128,2,1.320148945,1.320104837,34321,25535,68642
../data/pdb1HYS.mtx,2,128,3,1.319317341,1.319271326,34321,25535,68642
../data/pdb1HYS.mtx,2,128,4,1.597272873,1.597222090,34321,25535,68642
../data/pdb1HYS.mtx,2,128,5,1.849859476,1.849813461,34321,25535,68642
../data/pdb1HYS.mtx,2,128,6,1.724117994,1.724072695,34321,25535,68642
../data/pdb1HYS.mtx,2,128,7,1.323146582,1.323104620,34321,25535,68642
../data/pdb1HYS.mtx,2,128,8,1.318151236,1.318107128,34321,25535,68642
../data/pdb1HYS.mtx,2,128,9,1.319165945,1.319122076,34321,25535,68642
../data/pdb1HYS.mtx,3,128,0,1.330137253,1.330091476,33949,25476,67898
../data/pdb1HYS.mtx,3,128,1,1.308136940,1.308090687,33949,25476,67898
../data/pdb1HYS.mtx,3,128,2,1.320124865,1.320080996,33949,25476,67898
../data/pdb1HYS.mtx,3,128,3,1.319174528,1.319128513,33949,25476,67898
../data/pdb1HYS.mtx,3,128,4,1.586163521,1.586116076,33949,25476,67898
../data/pdb1HYS.mtx,3,128,5,1.845164537,1.845118999,33949,25476,67898
../data/pdb1HYS.mtx,3,128,6,1.581121683,1.581076145,33949,25476,67898
../data/pdb1HYS.mtx,3,128,7,1.323151588,1.323106766,33949,25476,67898
../data/pdb1HYS.mtx,3,128,8,1.329148293,1.329103947,33949,25476,67898
../data/pdb1HYS.mtx,3,128,9,1.308153391,1.308111191,33949,25476,67898
../data/pdb1HYS.mtx,4,128,0,1.319315195,1.319268942,33915,25617,67830
../data/pdb1HYS.mtx,4,128,1,1.319167137,1.319123745,33915,25617,67830
../data/pdb1HYS.mtx,4,128,2,1.318167686,1.318122149,33915,25617,67830
../data/pdb1HYS.mtx,4,128,3,1.583124399,1.583079338,33915,25617,67830
../data/pdb1HYS.mtx,4,128,4,1.857128859,1.857084274,33915,25617,67830
../data/pdb1HYS.mtx,4,128,5,1.999156952,1.999114037,33915,25617,67830
../data/pdb1HYS.mtx,4,128,6,1.416155577,1.416111946,33915,25617,67830
../data/pdb1HYS.mtx,4,128,7,1.572139740,1.572094679,33915,25617,67830
../data/pdb1HYS.mtx,4,128,8,1.582129240,1.582084417,33915,25617,67830
../data/pdb1HYS.mtx,4,128,9,1.583125830,1.583083630,33915,25617,67830
../data/pdb1HYS.mtx,5,128,0,1.319305658,1.319261551,33799,25527,67598
../data/pdb1HYS.mtx,5,128,1,1.330159187,1.330114603,33799,25527,67598
../data/pdb1HYS.mtx,5,128,2,1.373147249,1.373104095,33799,25527,67598
../data/pdb1HYS.mtx,5,128,3,1.319310904,1.319260120,33799,25527,67598
../data/pdb1HYS.mtx,5,128,4,1.586304426,1.586256981,33799,25527,67598
../data/pdb1HYS.mtx,5,128,5,1.857182026,1.857138634,33799,25527,67598
../data/pdb1HYS.mtx,5,128,6,1.066749096,1.066698313,33799,25527,67598
../data/pdb1HYS.mtx,5,128,7,1.330157280,1.330112934,33799,25527,67598
../data/pdb1HYS.mtx,5,128,8,1.307159901,1.307115793,33799,25527,67598
../data/pdb1HYS.mtx,5,128,9,1.319158792,1.319116592,33799,25527,67598
../data/pdb1HYS.mtx,6,128,0,1.319179058,1.319135666,33730,25545,67460
../data/pdb1HYS.mtx,6,128,1,1.319138288,1.319093704,33730,25545,67460
../data/pdb1HYS.mtx,6,128,2,1.056314707,1.056269407,33730,25545,67460
../data/pdb1HYS.mtx,6,128,3,1.319333315,1.319288015,33730,25545,67460
../data/pdb1HYS.mtx,6,128,4,1.586137295,1.586092234,33730,25545,67460
../data/pdb1HYS.mtx,6,128,5,1.845143080,1.845098257,33730,25545,67460
../data/pdb1HYS.mtx,6,128,6,1.328164101,1.328119993,33730,25545,67460
../data/pdb1HYS.mtx,6,128,7,1.323150396,1.323104620,33730,25545,67460
../data/pdb1HYS.mtx,6,128,8,1.340147734,1.340102196,33730,25545,67460
../data/pdb1HYS.mtx,6,128,9,1.319169044,1.319125414,33730,25545,67460
../data/pdb1HYS.mtx,7,128,0,1.264148712,1.264106750,33556,25417,67112
../data/pdb1HYS.mtx,7,128,1,1.067117691,1.067072868,33556,25417,67112
../data/pdb1HYS.mtx,7,128,2,1.045152187,1.045108080,33556,25417,67112
../data/pdb1HYS.mtx,7,128,3,1.319128752,1.319084406,33556,25417,67112
../data/pdb1HYS.mtx,7,128,4,1.583082676,1.583037376,33556,25417,67112
../data/pdb1HYS.mtx,7,128,5,1.571320772,1.571277857,33556,25417,67112
../data/pdb1HYS.mtx,7,128,6,1.323088408,1.323045492,33556,25417,67112
../data/pdb1HYS.mtx,7,128,7,1.066166639,1.066124916,33556,25417,67112
../data/pdb1HYS.mtx,7,128,8,1.058186293,1.058142662,33556,25417,67112
../data/pdb1HYS.mtx,7,128,9,1.066167116,1.066125631,33556,25417,67112
../data/pdb1HYS.mtx,8,128,0,1.308162212,1.308120012,33393,25422,66786
../data/pdb1HYS.mtx,8,128,1,1.319135189,1.319090843,33393,25422,66786
../data/pdb1HYS.mtx,8,128,2,1.320137501,1.320094824,33393,25422,66786
../data/pdb1HYS.mtx,8,128,3,1.583096743,1.583040714,33393,25422,66786
../data/pdb1HYS.mtx,8,128,4,1.861062527,1.861019135,33393,25422,66786
../data/pdb1HYS.mtx,8,128,5,1.857289314,1.857243776,33393,25422,66786
../data/pdb1HYS.mtx,8,128,6,1.581071377,1.581027269,33393,25422,66786
../data/pdb1HYS.mtx,8,128,7,1.330156088,1.330112457,33393,25422,66786
../data/pdb1HYS.mtx,8,128,8,1.307172298,1.307128906,33393,25422,66786
../data/pdb1HYS.mtx,8,128,9,1.319157839,1.319116831,33393,25422,66786
../data/pdb1HYS.mtx,9,128,0,1.132152081,1.132107496,33545,25159,67090
../data/pdb1HYS.mtx,9,128,1,1.319136858,1.319092035,33545,25159,67090
../data/pdb1HYS.mtx,9,128,2,1.331135750,1.331093311,33545,25159,67090
../data/pdb1HYS.mtx,9,128,3,1.319308281,1.319263935,33545,25159,67090
../data/pdb1HYS.mtx,9,128,4,1.586323023,1.586270809,33545,25159,67090
../data/pdb1HYS.mtx,9,128,5,2.065070629,2.065027952,33545,25159,67090
../data/pdb1HYS.mtx,9,128,6,1.317362785,1.317310095,33545,25159,67090
../data/pdb1HYS.mtx,9,128,7,1.330152988,1.330107927,33545,25159,67090
../data/pdb1HYS.mtx,9,128,8,1.322119236,1.322074413,33545,25159,67090
../data/pdb1HYS.mtx,9,128,9,1.319124460,1.319080830,33545,25159,67090
../data/pdb1HYS.mtx,10,128,0,1.319118023,1.319073915,33339,25080,66678
../data/pdb1HYS.mtx,10,128,1,1.055175066,1.055131912,33339,25080,66678
../data/pdb1HYS.mtx,10,128,2,1.056186199,1.056142807,33339,25080,66678
../data/pdb1HYS.mtx,10,128,3,1.319163084,1.319118977,33339,25080,66678
../data/pdb1HYS.mtx,10,128,4,1.583129644,1.583087206,33339,25080,66678
../data/pdb1HYS.mtx,10,128,5,1.845126867,1.845081806,33339,25080,66678
../data/pdb1HYS.mtx,10,128,6,1.328148365,1.328104496,33339,25080,66678
../data/pdb1HYS.mtx,10,128,7,1.319127083,1.319084883,33339,25080,66678
../data/pdb1HYS.mtx,10,128,8,1.322331905,1.322168350,33339,25080,66678
../data/pdb1HYS.mtx,10,128,9,1.319114923,1.319073915,33339,25080,66678
../data/pdb1HYS.mtx,11,128,0,1.066123009,1.066066742,33725,25430,67450
../data/pdb1HYS.mtx,11,128,1,0.792322159,0.792271852,33725,25430,67450
../data/pdb1HYS.mtx,11,128,2,0.792367458,0.792317867,33725,25430,67450
../data/pdb1HYS.mtx,11,128,3,1.055143595,1.055099249,33725,25430,67450
../data/pdb1HYS.mtx,11,128,4,1.319138288,1.319093227,33725,25430,67450
../data/pdb1HYS.mtx,11,128,5,1.845137596,1.845091581,33725,25430,67450
../data/pdb1HYS.mtx,11,128,6,1.328136921,1.328091145,33725,25430,67450
../data/pdb1HYS.mtx,11,128,7,1.055378199,1.055331469,33725,25430,67450
../data/pdb1HYS.mtx,11,128,8,1.055162907,1.055117607,33725,25430,67450
../data/pdb1HYS.mtx,11,128,9,1.165138721,1.165096283,33725,25430,67450
../data/pdb1HYS.mtx,12,128,0,1.330115557,1.330072165,34035,25501,68070
../data/pdb1HYS.mtx,12,128,1,1.363091230,1.363047123,34035,25501,68070
../data/pdb1HYS.mtx,12,128,2,1.320080757,1.320035696,34035,25501,68070
../data/pdb1HYS.mtx,12,128,3,1.319154263,1.319109440,34035,25501,68070
../data/pdb1HYS.mtx,12,128,4,1.641123772,1.641077757,34035,25501,68070
../data/pdb1HYS.mtx,12,128,5,1.845135927,1.845091343,34035,25501,68070
../data/pdb1HYS.mtx,12,128,6,1.328274488,1.328230619,34035,25501,68070
../data/pdb1HYS.mtx,12,128,7,1.319104910,1.319062233,34035,25501,68070
../data/pdb1HYS.mtx,12,128,8,1.322289467,1.322126389,34035,25501,68070
../data/pdb1HYS.mtx,12,128,9,1.319135904,1.319093227,34035,25501,68070
../data/pdb1HYS.mtx,13,128,0,1.044159174,1.044114828,33931,25519,67862
../data/pdb1HYS.mtx,13,128,1,1.023160696,1.023117781,33931,25519,67862
../data/pdb1HYS.mtx,13,128,2,1.045141697,1.045099497,33931,25519,67862
../data/pdb1HYS.mtx,13,128,3,1.319131136,1.319086790,33931,25519,67862
../data/pdb1HYS.mtx,13,128,4,1.583121538,1.583076477,33931,25519,67862
../data/pdb1HYS.mtx,13,128,5,1.834079027,1.834034443,33931,25519,67862
../data/pdb1HYS.mtx,13,128,6,1.323148966,1.323103666,33931,25519,67862
../data/pdb1HYS.mtx,13,128,7,1.066305637,1.066261530,33931,25519,67862
../data/pdb1HYS.mtx,13,128,8,1.058336973,1.058291197,33931,25519,67862
../data/pdb1HYS.mtx,13,128,9,1.066185713,1.066140652,33931,25519,67862
../data/pdb1HYS.mtx,14,128,0,1.055135965,1.055092335,33788,25481,67576
../data/pdb1HYS.mtx,14,128,1,1.056125879,1.056080580,33788,25481,67576
../data/pdb1HYS.mtx,14,128,2,1.067127705,1.067083836,33788,25481,67576
../data/pdb1HYS.mtx,14,128,3,1.066355944,1.066310167,33788,25481,67576
../data/pdb1HYS.mtx,14,128,4,1.319326401,1.319281101,33788,25481,67576
../data/pdb1HYS.mtx,14,128,5,1.582278967,1.582234859,33788,25481,67576
../data/pdb1HYS.mtx,14,128,6,1.323079586,1.323029518,33788,25481,67576
../data/pdb1HYS.mtx,14,128,7,1.319102764,1.319058895,33788,25481,67576
../data/pdb1HYS.mtx,14,128,8,1.322075129,1.322031498,33788,25481,67576
../data/pdb1HYS.mtx,14,128,9,1.061922312,1.061869621,33788,25481,67576
../data/pdb1HYS.mtx,15,128,0,1.055075645,1.055031776,33826,25692,67652
../data/pdb1HYS.mtx,15,128,1,1.045111179,1.045068264,33826,25692,67652
../data/pdb1HYS.mtx,15,128,2,1.056076527,1.056032181,33826,25692,67652
../data/pdb1HYS.mtx,15,128,3,1.055154562,1.055109501,33826,25692,67652
../data/pdb1HYS.mtx,15,128,4,1.319156408,1.319112062,33826,25692,67652
../data/pdb1HYS.mtx,15,128,5,1.577139139,1.577097416,33826,25692,67652
../data/pdb1HYS.mtx,15,128,6,1.318087816,1.318042278,33826,25692,67652
../data/pdb1HYS.mtx,15,128,7,1.055141211,1.055099487,33826,25692,67652
../data/pdb1HYS.mtx,15,128,8,1.055156946,1.055112839,33826,25692,67652
../data/pdb1HYS.mtx,15,128,9,1.055151463,1.055110931,33826,25692,67652
../data/pdb1HYS.mtx,16,128,0,1.583131790,1.583088875,33502,25412,67004
../data/pdb1HYS.mtx,16,128,1,1.583128452,1.583083868,33502,25412,67004
../data/pdb1HYS.mtx,16,128,2,1.593159914,1.593116283,33502,25412,67004
../data/pdb1HYS.mtx,16,128,3,1.330351830,1.330309153,33502,25412,67004
../data/pdb1HYS.mtx,16,128,4,1.586329460,1.586286545,33502,25412,67004
../data/pdb1HYS.mtx,16,128,5,1.845300436,1.845256329,33502,25412,67004
../data/pdb1HYS.mtx,16,128,6,1.570082903,1.570039034,33502,25412,67004
../data/pdb1HYS.mtx,16,128,7,1.323135614,1.323091984,33502,25412,67004
../data/pdb1HYS.mtx,16,128,8,1.307100534,1.307054996,33502,25412,67004
../data/pdb1HYS.mtx,16,128,9,1.583094597,1.583052635,33502,25412,67004
../data/pdb1HYS.mtx,17,128,0,1.583093405,1.583047152,33905,25793,67810
../data/pdb1HYS.mtx,17,128,1,1.330148697,1.330104113,33905,25793,67810
../data/pdb1HYS.mtx,17,128,2,1.318146706,1.318101883,33905,25793,67810
../data/pdb1HYS.mtx,17,128,3,1.319132566,1.319088221,33905,25793,67810
../data/pdb1HYS.mtx,17,128,4,1.583141327,1.583094835,33905,25793,67810
../data/pdb1HYS.mtx,17,128,5,1.845098257,1.845048666,33905,25793,67810
../data/pdb1HYS.mtx,17,128,6,1.323285341,1.323240757,33905,25793,67810
../data/pdb1HYS.mtx,17,128,7,1.323129654,1.323087931,33905,25793,67810
../data/pdb1HYS.mtx,17,128,8,1.329134941,1.329089642,33905,25793,67810
../data/pdb1HYS.mtx,17,128,9,1.583126068,1.583083868,33905,25793,67810
../data/pdb1HYS.mtx,18,128,0,1.594129324,1.594084024,33501,25851,67002
../data/pdb1HYS.mtx,18,128,1,1.572130919,1.572086811,33501,25851,67002
../data/pdb1HYS.mtx,18,128,2,1.582131863,1.582086563,33501,25851,67002
../data/pdb1HYS.mtx,18,128,3,1.319157839,1.319112301,33501,25851,67002
../data/pdb1HYS.mtx,18,128,4,1.586333036,1.586288929,33501,25851,67002
../data/pdb1HYS.mtx,18,128,5,1.999091148,1.999038458,33501,25851,67002
../data/pdb1HYS.mtx,18,128,6,1.323083401,1.323039293,33501,25851,67002
../data/pdb1HYS.mtx,18,128,7,1.066166639,1.066122293,33501,25851,67002
../data/pdb1HYS.mtx,18,128,8,1.058163881,1.058118105,33501,25851,67002
../data/pdb1HYS.mtx,18,128,9,1.330164194,1.330121994,33501,25851,67002
../data/pdb1HYS.mtx,19,128,0,1.594095707,1.594049692,33588,26280,67176
../data/pdb1HYS.mtx,19,128,1,1.319162130,1.319117069,33588,26280,67176
../data/pdb1HYS.mtx,19,128,2,1.318166256,1.318121195,33588,26280,67176
../data/pdb1HYS.mtx,19,128,3,1.319137335,1.319092274,33588,26280,67176
../data/pdb1HYS.mtx,19,128,4,1.583135128,1.583089590,33588,26280,67176
../data/pdb1HYS.mtx,19,128,5,1.845140696,1.845095396,33588,26280,67176
../data/pdb1HYS.mtx,19,128,6,1.285076380,1.285031796,33588,26280,67176
../data/pdb1HYS.mtx,19,128,7,1.055131674,1.055085897,33588,26280,67176
../data/pdb1HYS.mtx,19,128,8,1.055142164,1.055096626,33588,26280,67176
../data/pdb1HYS.mtx,19,128,9,1.176163673,1.176120758,33588,26280,67176
../data/pdb1HYS.mtx,20,128,0,1.583132744,1.583087921,33792,26163,67584
../data/pdb1HYS.mtx,20,128,1,1.572123528,1.572079182,33792,26163,67584
../data/pdb1HYS.mtx,20,128,2,1.472115517,1.472073317,33792,26163,67584
../data/pdb1HYS.mtx,20,128,3,1.319082499,1.319038153,33792,26163,67584
../data/pdb1HYS.mtx,20,128,4,1.583078861,1.583034277,33792,26163,67584
../data/pdb1HYS.mtx,20,128,5,1.856075287,1.856031418,33792,26163,67584
../data/pdb1HYS.mtx,20,128,6,1.323082924,1.323038101,33792,26163,67584
../data/pdb1HYS.mtx,20,128,7,1.286092997,1.286046505,33792,26163,67584
../data/pdb1HYS.mtx,20,128,8,1.322067022,1.322023392,33792,26163,67584
../data/pdb1HYS.mtx,20,128,9,1.330165625,1.330122232,33792,26163,67584
../data/pdb1HYS.mtx,21,128,0,1.308138609,1.308094025,33872,26118,67744
../data/pdb1HYS.mtx,21,128,1,1.319133997,1.319088697,33872,26118,67744
../data/pdb1HYS.mtx,21,128,2,1.320139647,1.320095062,33872,26118,67744
../data/pdb1HYS.mtx,21,128,3,1.319087267,1.319039822,33872,26118,67744
../data/pdb1HYS.mtx,21,128,4,1.561082840,1.561030626,33872,26118,67744
../data/pdb1HYS.mtx,21,128,5,1.856081963,1.856036901,33872,26118,67744
../data/pdb1HYS.mtx,21,128,6,1.323087454,1.323042631,33872,26118,67744
../data/pdb1HYS.mtx,21,128,7,1.055140495,1.055096626,33872,26118,67744
../data/pdb1HYS.mtx,21,128,8,1.124140978,1.124094486,33872,26118,67744
../data/pdb1HYS.mtx,21,128,9,1.319119930,1.319076061,33872,26118,67744
../data/pdb1HYS.mtx,22,128,0,1.576093435,1.576047659,34356,26226,68712
../data/pdb1HYS.mtx,22,128,1,1.330138206,1.330092192,34356,26226,68712
../data/pdb1HYS.mtx,22,128,2,1.331137657,1.331093550,34356,26226,68712
../data/pdb1HYS.mtx,22,128,3,1.289098024,1.289039612,34356,26226,68712
../data/pdb1HYS.mtx,22,128,4,1.583099604,1.583041906,34356,26226,68712
../data/pdb1HYS.mtx,22,128,5,1.856076479,1.856028557,34356,26226,68712
../data/pdb1HYS.mtx,22,128,6,1.323079824,1.323033094,34356,26226,68712
../data/pdb1HYS.mtx,22,128,7,1.055135012,1.055088997,34356,26226,68712
../data/pdb1HYS.mtx,22,128,8,1.055129051,1.055084705,34356,26226,68712
../data/pdb1HYS.mtx,22,128,9,1.319075584,1.319032431,34356,26226,68712
../data/pdb1HYS.mtx,23,128,0,1.308341265,1.308296204,34197,26203,68394
../data/pdb1HYS.mtx,23,128,1,1.330095053,1.330048084,34197,26203,68394
../data/pdb1HYS.mtx,23,128,2,1.056089401,1.056041956,34197,26203,68394
../data/pdb1HYS.mtx,23,128,3,1.055087090,1.055041313,34197,26203,68394
../data/pdb1HYS.mtx,23,128,4,1.319134235,1.319088936,34197,26203,68394
../data/pdb1HYS.mtx,23,128,5,1.588065386,1.588019133,34197,26203,68394
../data/pdb1HYS.mtx,23,128,6,1.318084717,1.318037748,34197,26203,68394
../data/pdb1HYS.mtx,23,128,7,0.791130781,0.791086912,34197,26203,68394
../data/pdb1HYS.mtx,23,128,8,0.791138172,0.791093588,34197,26203,68394
../data/pdb1HYS.mtx,23,128,9,1.055135727,1.055093765,34197,26203,68394
../data/pdb1HYS.mtx,24,128,0,1.572119951,1.572075367,34028,26107,68056
../data/pdb1HYS.mtx,24,128,1,1.589086771,1.589043140,34028,26107,68056
../data/pdb1HYS.mtx,24,128,2,1.602076054,1.602030993,34028,26107,68056
../data/pdb1HYS.mtx,24,128,3,1.578002691,1.577957392,34028,26107,68056
../data/pdb1HYS.mtx,24,128,4,1.579142570,1.579098463,34028,26107,68056
../data/pdb1HYS.mtx,24,128,5,1.656116724,1.656072140,34028,26107,68056
../data/pdb1HYS.mtx,24,128,6,1.840092897,1.840048790,34028,26107,68056
../data/pdb1HYS.mtx,24,128,7,1.860113144,1.860067368,34028,26107,68056
../data/pdb1HYS.mtx,24,128,8,1.856110573,1.856063128,34028,26107,68056
../data/pdb1HYS.mtx,24,128,9,1.590124846,1.590072155,34028,26107,68056
../data/pdb1HYS.mtx,25,128,0,1.583139896,1.583095312,33792,26007,67584
../data/pdb1HYS.mtx,25,128,1,1.325187206,1.325143337,33792,26007,67584
../data/pdb1HYS.mtx,25,128,2,1.321208000,1.321163177,33792,26007,67584
../data/pdb1HYS.mtx,25,128,3,1.567155123,1.567110777,33792,26007,67584
../data/pdb1HYS.mtx,25,128,4,1.590176344,1.590132713,33792,26007,67584
../data/pdb1HYS.mtx,25,128,5,1.568168402,1.568124771,33792,26007,67584
../data/pdb1HYS.mtx,25,128,6,1.583131552,1.583088398,33792,26007,67584
../data/pdb1HYS.mtx,25,128,7,1.584142685,1.584098816,33792,26007,67584
../data/pdb1HYS.mtx,25,128,8,1.583135128,1.583091736,33792,26007,67584
../data/pdb1HYS.mtx,25,128,9,1.586083651,1.586037874,33792,26007,67584
../data/pdb1HYS.mtx,26,128,0,1.312154531,1.312110424,33706,25976,67412
../data/pdb1HYS.mtx,26,128,1,1.318125963,1.318083763,33706,25976,67412
../data/pdb1HYS.mtx,26,128,2,1.327134848,1.327090502,33706,25976,67412
../data/pdb1HYS.mtx,26,128,3,1.578171253,1.578127623,33706,25976,67412
../data/pdb1HYS.mtx,26,128,4,1.601144791,1.601101398,33706,25976,67412
../data/pdb1HYS.mtx,26,128,5,1.581123114,1.581077814,33706,25976,67412
../data/pdb1HYS.mtx,26,128,6,1.572150469,1.572106838,33706,25976,67412
../data/pdb1HYS.mtx,26,128,7,1.607199430,1.607156038,33706,25976,67412
../data/pdb1HYS.mtx,26,128,8,1.594185352,1.594142914,33706,25976,67412
../data/pdb1HYS.mtx,26,128,9,1.590164423,1.590119839,33706,25976,67412
../data/pdb1HYS.mtx,27,128,0,1.323137999,1.323091507,33546,25714,67092
../data/pdb1HYS.mtx,27,128,1,1.058184147,1.058139086,33546,25714,67092
../data/pdb1HYS.mtx,27,128,2,1.057209253,1.057164669,33546,25714,67092
../data/pdb1HYS.mtx,27,128,3,1.567169189,1.567126274,33546,25714,67092
../data/pdb1HYS.mtx,27,128,4,1.590176344,1.590131283,33546,25714,67092
../data/pdb1HYS.mtx,27,128,5,1.304172516,1.304129362,33546,25714,67092
../data/pdb1HYS.mtx,27,128,6,1.583128929,1.583084106,33546,25714,67092
../data/pdb1HYS.mtx,27,128,7,1.584146500,1.584100246,33546,25714,67092
../data/pdb1HYS.mtx,27,128,8,1.583146811,1.583101511,33546,25714,67092
../data/pdb1HYS.mtx,27,128,9,1.586128712,1.586083889,33546,25714,67092
../data/pdb1HYS.mtx,28,128,0,1.583140373,1.583096504,33488,25467,66976
../data/pdb1HYS.mtx,28,128,1,1.336204767,1.336160898,33488,25467,66976
../data/pdb1HYS.mtx,28,128,2,1.321198940,1.321156263,33488,25467,66976
../data/pdb1HYS.mtx,28,128,3,1.567162991,1.567119360,33488,25467,66976
../data/pdb1HYS.mtx,28,128,4,1.733123779,1.733081102,33488,25467,66976
../data/pdb1HYS.mtx,28,128,5,1.493155241,1.493110895,33488,25467,66976
../data/pdb1HYS.mtx,28,128,6,1.586210251,1.586166382,33488,25467,66976
../data/pdb1HYS.mtx,28,128,7,1.860119104,1.860075235,33488,25467,66976
../data/pdb1HYS.mtx,28,128,8,1.856121778,1.856079102,33488,25467,66976
../data/pdb1HYS.mtx,28,128,9,1.590285540,1.590237141,33488,25467,66976
../data/pdb1HYS.mtx,29,128,0,1.583149195,1.583105564,33494,25325,66988
../data/pdb1HYS.mtx,29,128,1,1.490147114,1.490104675,33494,25325,66988
../data/pdb1HYS.mtx,29,128,2,1.327150822,1.327107906,33494,25325,66988
../data/pdb1HYS.mtx,29,128,3,1.523137808,1.523092747,33494,25325,66988
../data/pdb1HYS.mtx,29,128,4,1.645120859,1.645078182,33494,25325,66988
../data/pdb1HYS.mtx,29,128,5,1.322212696,1.322167635,33494,25325,66988
../data/pdb1HYS.mtx,29,128,6,1.594139338,1.594096661,33494,25325,66988
../data/pdb1HYS.mtx,29,128,7,1.589240789,1.589196682,33494,25325,66988
../data/pdb1HYS.mtx,29,128,8,1.572133541,1.572088718,33494,25325,66988
../data/pdb1HYS.mtx,29,128,9,1.586088657,1.586037874,33494,25325,66988
../data/pdb1HYS.mtx,30,128,0,1.330179930,1.330135584,33673,25271,67346
../data/pdb1HYS.mtx,30,128,1,1.318150997,1.318104982,33673,25271,67346
../data/pdb1HYS.mtx,30,128,2,1.305170536,1.305126190,33673,25271,67346
../data/pdb1HYS.mtx,30,128,3,1.589143515,1.589098692,33673,25271,67346
../data/pdb1HYS.mtx,30,128,4,1.568139076,1.568094969,33673,25271,67346
../data/pdb1HYS.mtx,30,128,5,1.339134216,1.339088678,33673,25271,67346
../data/pdb1HYS.mtx,30,128,6,1.583142281,1.583097935,33673,25271,67346
../data/pdb1HYS.mtx,30,128,7,1.584181309,1.584136963,33673,25271,67346
../data/pdb1HYS.mtx,30,128,8,1.583189249,1.583143473,33673,25271,67346
../data/pdb1HYS.mtx,30,128,9,1.575162411,1.575117588,33673,25271,67346
../data/pdb1HYS.mtx,31,128,0,1.334116936,1.334073305,33590,25554,67180
../data/pdb1HYS.mtx,31,128,1,1.047164917,1.047120094,33590,25554,67180
../data/pdb1HYS.mtx,31,128,2,1.052162409,1.052118778,33590,25554,67180
../data/pdb1HYS.mtx,31,128,3,1.323142290,1.323100328,33590,25554,67180
../data/pdb1HYS.mtx,31,128,4,1.312133789,1.312089920,33590,25554,67180
../data/pdb1HYS.mtx,31,128,5,1.072133780,1.072090387,33590,25554,67180
../data/pdb1HYS.mtx,31,128,6,1.319142342,1.319096804,33590,25554,67180
../data/pdb1HYS.mtx,31,128,7,1.320179224,1.320136070,33590,25554,67180
../data/pdb1HYS.mtx,31,128,8,1.319185495,1.319141150,33590,25554,67180
../data/pdb1HYS.mtx,31,128,9,1.388143778,1.388098001,33590,25554,67180
../data/pdb1HYS.mtx,32,128,0,1.319183826,1.319139004,33542,25233,67084
../data/pdb1HYS.mtx,32,128,1,1.318143606,1.318101883,33542,25233,67084
../data/pdb1HYS.mtx,32,128,2,1.305162430,1.305119276,33542,25233,67084
../data/pdb1HYS.mtx,32,128,3,1.589137077,1.589093685,33542,25233,67084
../data/pdb1HYS.mtx,32,128,4,1.568133831,1.568092585,33542,25233,67084
../data/pdb1HYS.mtx,32,128,5,1.603129864,1.603085041,33542,25233,67084
../data/pdb1HYS.mtx,32,128,6,1.583145142,1.583100796,33542,25233,67084
../data/pdb1HYS.mtx,32,128,7,1.617155790,1.617111206,33542,25233,67084
../data/pdb1HYS.mtx,32,128,8,1.594158649,1.594114780,33542,25233,67084
../data/pdb1HYS.mtx,32,128,9,1.575127602,1.575085163,33542,25233,67084
../data/pdb1HYS.mtx,33,128,0,1.059188366,1.059145451,33648,25159,67296
../data/pdb1HYS.mtx,33,128,1,1.058173656,1.058130026,33648,25159,67296
../data/pdb1HYS.mtx,33,128,2,1.151152372,1.151110172,33648,25159,67296
../data/pdb1HYS.mtx,33,128,3,1.336307287,1.336261749,33648,25159,67296
../data/pdb1HYS.mtx,33,128,4,1.326153755,1.326111078,33648,25159,67296
../data/pdb1HYS.mtx,33,128,5,1.315179586,1.315135956,33648,25159,67296
../data/pdb1HYS.mtx,33,128,6,1.594129324,1.594085217,33648,25159,67296
../data/pdb1HYS.mtx,33,128,7,1.320166111,1.320123434,33648,25159,67296
../data/pdb1HYS.mtx,33,128,8,1.319172621,1.319129705,33648,25159,67296
../data/pdb1HYS.mtx,33,128,9,1.322147131,1.322104216,33648,25159,67296
../data/pdb1HYS.mtx,34,128,0,1.070317507,1.070264339,33554,25341,67108
../data/pdb1HYS.mtx,34,128,1,1.058176994,1.058133364,33554,25341,67108
../data/pdb1HYS.mtx,34,128,2,1.063159943,1.063116074,33554,25341,67108
../data/pdb1HYS.mtx,34,128,3,1.312167168,1.312123775,33554,25341,67108
../data/pdb1HYS.mtx,34,128,4,1.304153681,1.304111481,33554,25341,67108
../data/pdb1HYS.mtx,34,128,5,1.306143761,1.306097984,33554,25341,67108
../data/pdb1HYS.mtx,34,128,6,1.363145351,1.363100767,33554,25341,67108
../data/pdb1HYS.mtx,34,128,7,1.320178747,1.320133448,33554,25341,67108
../data/pdb1HYS.mtx,34,128,8,1.583128929,1.583084106,33554,25341,67108
../data/pdb1HYS.mtx,34,128,9,1.586124659,1.586080551,33554,25341,67108
../data/pdb1HYS.mtx,35,128,0,1.268129587,1.268085480,33337,25281,66674
../data/pdb1HYS.mtx,35,128,1,0.792177439,0.792133093,33337,25281,66674
../data/pdb1HYS.mtx,35,128,2,0.796178102,0.796132565,33337,25281,66674
../data/pdb1HYS.mtx,35,128,3,1.048159599,1.048115015,33337,25281,66674
../data/pdb1HYS.mtx,35,128,4,1.063121557,1.063076258,33337,25281,66674
../data/pdb1HYS.mtx,35,128,5,1.048166752,1.048122168,33337,25281,66674
../data/pdb1HYS.mtx,35,128,6,1.319136143,1.319092035,33337,25281,66674
../data/pdb1HYS.mtx,35,128,7,1.320180178,1.320137024,33337,25281,66674
../data/pdb1HYS.mtx,35,128,8,1.495134592,1.495089293,33337,25281,66674
../data/pdb1HYS.mtx,35,128,9,1.586126804,1.586085081,33337,25281,66674
../data/pdb1HYS.mtx,36,128,0,1.312153578,1.312109232,33457,25392,66914
../data/pdb1HYS.mtx,36,128,1,1.384114504,1.384072542,33457,25392,66914
../data/pdb1HYS.mtx,36,128,2,1.316117525,1.316074371,33457,25392,66914
../data/pdb1HYS.mtx,36,128,3,1.314178467,1.314135313,33457,25392,66914
../data/pdb1HYS.mtx,36,128,4,1.337189198,1.337145329,33457,25392,66914
../data/pdb1HYS.mtx,36,128,5,1.304181337,1.304138422,33457,25392,66914
../data/pdb1HYS.mtx,36,128,6,1.594133139,1.594089985,33457,25392,66914
../data/pdb1HYS.mtx,36,128,7,1.584151268,1.584108114,33457,25392,66914
../data/pdb1HYS.mtx,36,128,8,1.583147526,1.583104849,33457,25392,66914
../data/pdb1HYS.mtx,36,128,9,1.586124182,1.586082220,33457,25392,66914
../data/pdb1HYS.mtx,37,128,0,1.059166431,1.059121132,33551,25221,67102
../data/pdb1HYS.mtx,37,128,1,1.069147110,1.069104195,33551,25221,67102
../data/pdb1HYS.mtx,37,128,2,0.991169691,0.991125345,33551,25221,67102
../data/pdb1HYS.mtx,37,128,3,1.312162876,1.312117338,33551,25221,67102
../data/pdb1HYS.mtx,37,128,4,1.238148689,1.238104820,33551,25221,67102
../data/pdb1HYS.mtx,37,128,5,1.304174900,1.304131746,33551,25221,67102
../data/pdb1HYS.mtx,37,128,6,1.594133139,1.594087839,33551,25221,67102
../data/pdb1HYS.mtx,37,128,7,1.584141970,1.584096909,33551,25221,67102
../data/pdb1HYS.mtx,37,128,8,1.583140135,1.583095074,33551,25221,67102
../data/pdb1HYS.mtx,37,128,9,1.586120367,1.586076498,33551,25221,67102
../data/pdb1HYS.mtx,38,128,0,1.048166990,1.048121691,34003,25599,68006
../data/pdb1HYS.mtx,38,128,1,1.058134556,1.058092117,34003,25599,68006
../data/pdb1HYS.mtx,38,128,2,1.044156313,1.044110775,34003,25599,68006
../data/pdb1HYS.mtx,38,128,3,1.323135614,1.323091984,34003,25599,68006
../data/pdb1HYS.mtx,38,128,4,1.323123693,1.323079824,34003,25599,68006
../data/pdb1HYS.mtx,38,128,5,1.328131676,1.328084707,34003,25599,68006
../data/pdb1HYS.mtx,38,128,6,1.319142818,1.319099426,34003,25599,68006
../data/pdb1HYS.mtx,38,128,7,1.309154034,1.309108734,34003,25599,68006
../data/pdb1HYS.mtx,38,128,8,1.319149494,1.319105387,34003,25599,68006
../data/pdb1HYS.mtx,38,128,9,1.289140463,1.289097071,34003,25599,68006
../data/pdb1HYS.mtx,39,128,0,1.059124947,1.059081316,34021,25477,68042
../data/pdb1HYS.mtx,39,128,1,1.056145906,1.056103230,34021,25477,68042
../data/pdb1HYS.mtx,39,128,2,1.044167519,1.044123173,34021,25477,68042
../data/pdb1HYS.mtx,39,128,3,1.334076643,1.334031343,34021,25477,68042
../data/pdb1HYS.mtx,39,128,4,1.323143244,1.323098183,34021,25477,68042
../data/pdb1HYS.mtx,39,128,5,1.051337957,1.051293850,34021,25477,68042
../data/pdb1HYS.mtx,39,128,6,1.330139160,1.330093622,34021,25477,68042
../data/pdb1HYS.mtx,39,128,7,1.309143066,1.309100628,34021,25477,68042
../data/pdb1HYS.mtx,39,128,8,1.319153547,1.319110870,34021,25477,68042
../data/pdb1HYS.mtx,39,128,9,1.312123537,1.312079191,34021,25477,68042
../data/pdb1HYS.mtx,40,128,0,1.495111942,1.495068073,34163,25603,68326
../data/pdb1HYS.mtx,40,128,1,1.318186283,1.318140030,34163,25603,68326
../data/pdb1HYS.mtx,40,128,2,1.332160711,1.332115889,34163,25603,68326
../data/pdb1HYS.mtx,40,128,3,1.600086451,1.600040674,34163,25603,68326
../data/pdb1HYS.mtx,40,128,4,1.335239172,1.335192442,34163,25603,68326
../data/pdb1HYS.mtx,40,128,5,1.315337420,1.315293550,34163,25603,68326
../data/pdb1HYS.mtx,40,128,6,1.594141006,1.594097137,34163,25603,68326
../data/pdb1HYS.mtx,40,128,7,1.584137678,1.584091425,34163,25603,68326
../data/pdb1HYS.mtx,40,128,8,1.572143078,1.572098494,34163,25603,68326
../data/pdb1HYS.mtx,40,128,9,1.597132444,1.597088575,34163,25603,68326
../data/pdb1HYS.mtx,41,128,0,1.312146902,1.312102079,34111,25584,68222
../data/pdb1HYS.mtx,41,128,1,1.329127789,1.329084873,34111,25584,68222
../data/pdb1HYS.mtx,41,128,2,1.305159807,1.305115700,34111,25584,68222
../data/pdb1HYS.mtx,41,128,3,1.334126472,1.334080458,34111,25584,68222
../data/pdb1HYS.mtx,41,128,4,1.326178789,1.326135874,34111,25584,68222
../data/pdb1HYS.mtx,41,128,5,1.304157495,1.304113150,34111,25584,68222
../data/pdb1HYS.mtx,41,128,6,1.576152086,1.576107502,34111,25584,68222
../data/pdb1HYS.mtx,41,128,7,1.595138311,1.595094442,34111,25584,68222
../data/pdb1HYS.mtx,41,128,8,1.319155693,1.319112301,34111,25584,68222
../data/pdb1HYS.mtx,41,128,9,1.322130919,1.322087049,34111,25584,68222
../data/pdb1HYS.mtx,42,128,0,1.323125601,1.323082447,33890,25555,67780
../data/pdb1HYS.mtx,42,128,1,1.058147192,1.058102369,33890,25555,67780
../data/pdb1HYS.mtx,42,128,2,1.057155132,1.057112217,33890,25555,67780
../data/pdb1HYS.mtx,42,128,3,1.312141180,1.312096357,33890,25555,67780
../data/pdb1HYS.mtx,42,128,4,1.326160669,1.326117277,33890,25555,67780
../data/pdb1HYS.mtx,42,128,5,1.315153599,1.315111160,33890,25555,67780
../data/pdb1HYS.mtx,42,128,6,1.308152199,1.308110237,33890,25555,67780
../data/pdb1HYS.mtx,42,128,7,1.320172787,1.320129395,33890,25555,67780
../data/pdb1HYS.mtx,42,128,8,1.319324493,1.319276571,33890,25555,67780
../data/pdb1HYS.mtx,42,128,9,1.322288752,1.322245121,33890,25555,67780
../data/pdb1HYS.mtx,43,128,0,1.048145533,1.048102379,33598,25435,67196
../data/pdb1HYS.mtx,43,128,1,1.056126356,1.056084394,33598,25435,67196
../data/pdb1HYS.mtx,43,128,2,1.066130161,1.066086054,33598,25435,67196
../data/pdb1HYS.mtx,43,128,3,1.213126183,1.213082790,33598,25435,67196
../data/pdb1HYS.mtx,43,128,4,1.315132856,1.315090418,33598,25435,67196
../data/pdb1HYS.mtx,43,128,5,1.317137003,1.317095280,33598,25435,67196
../data/pdb1HYS.mtx,43,128,6,1.044168711,1.044124842,33598,25435,67196
../data/pdb1HYS.mtx,43,128,7,1.331115961,1.331073999,33598,25435,67196
../data/pdb1HYS.mtx,43,128,8,1.319085360,1.319037676,33598,25435,67196
../data/pdb1HYS.mtx,43,128,9,1.323078871,1.323034763,33598,25435,67196
../data/pdb1HYS.mtx,44,128,0,1.334072590,1.334027529,33223,25269,66446
../data/pdb1HYS.mtx,44,128,1,1.318171740,1.318127155,33223,25269,66446
../data/pdb1HYS.mtx,44,128,2,1.327149630,1.327103853,33223,25269,66446
../data/pdb1HYS.mtx,44,128,3,1.312142134,1.312098026,33223,25269,66446
../data/pdb1HYS.mtx,44,128,4,1.326160908,1.326118708,33223,25269,66446
../data/pdb1HYS.mtx,44,128,5,1.328141451,1.328096867,33223,25269,66446
../data/pdb1HYS.mtx,44,128,6,1.319314957,1.319270134,33223,25269,66446
../data/pdb1HYS.mtx,44,128,7,1.595111132,1.595067978,33223,25269,66446
../data/pdb1HYS.mtx,44,128,8,1.396328688,1.396285057,33223,25269,66446
../data/pdb1HYS.mtx,44,128,9,1.322138548,1.322096109,33223,25269,66446
../data/pdb1HYS.mtx,45,128,0,1.048140287,1.048097372,33433,25293,66866
../data/pdb1HYS.mtx,45,128,1,1.318130016,1.318087101,33433,25293,66866
../data/pdb1HYS.mtx,45,128,2,1.305141687,1.305099249,33433,25293,66866
../data/pdb1HYS.mtx,45,128,3,1.334118843,1.334075451,33433,25293,66866
../data/pdb1HYS.mtx,45,128,4,1.323139906,1.323095083,33433,25293,66866
../data/pdb1HYS.mtx,45,128,5,1.273122072,1.273078442,33433,25293,66866
../data/pdb1HYS.mtx,45,128,6,1.308153391,1.308110237,33433,25293,66866
../data/pdb1HYS.mtx,45,128,7,1.320149422,1.320105791,33433,25293,66866
../data/pdb1HYS.mtx,45,128,8,1.330169201,1.330125570,33433,25293,66866
../data/pdb1HYS.mtx,45,128,9,1.322139025,1.322095156,33433,25293,66866
../data/pdb1HYS.mtx,46,128,0,1.070120573,1.070076942,33617,25409,67234
../data/pdb1HYS.mtx,46,128,1,1.058141708,1.058097601,33617,25409,67234
../data/pdb1HYS.mtx,46,128,2,1.063151836,1.063107491,33617,25409,67234
../data/pdb1HYS.mtx,46,128,3,1.048146486,1.048102856,33617,25409,67234
../data/pdb1HYS.mtx,46,128,4,1.052155972,1.052112818,33617,25409,67234
../data/pdb1HYS.mtx,46,128,5,1.039140940,1.039096832,33617,25409,67234
../data/pdb1HYS.mtx,46,128,6,1.312071085,1.312028170,33617,25409,67234
../data/pdb1HYS.mtx,46,128,7,1.331120729,1.331077099,33617,25409,67234
../data/pdb1HYS.mtx,46,128,8,1.583125114,1.583082438,33617,25409,67234
../data/pdb1HYS.mtx,46,128,9,1.323112011,1.323067904,33617,25409,67234
../data/pdb1HYS.mtx,47,128,0,0.883135319,0.883090973,33912,25363,67824
../data/pdb1HYS.mtx,47,128,1,0.792155743,0.792111874,33912,25363,67824
../data/pdb1HYS.mtx,47,128,2,0.796325922,0.796280861,33912,25363,67824
../data/pdb1HYS.mtx,47,128,3,0.784139872,0.784097195,33912,25363,67824
../data/pdb1HYS.mtx,47,128,4,0.799151421,0.799108505,33912,25363,67824
../data/pdb1HYS.mtx,47,128,5,0.784157515,0.784113169,33912,25363,67824
../data/pdb1HYS.mtx,47,128,6,0.989134073,0.989090204,33912,25363,67824
../data/pdb1HYS.mtx,47,128,7,1.045125008,1.045080900,33912,25363,67824
../data/pdb1HYS.mtx,47,128,8,1.319143534,1.319099665,33912,25363,67824
../data/pdb1HYS.mtx,47,128,9,1.048131227,1.048086405,33912,25363,67824
../data/pdb1HYS.mtx,48,128,0,1.846133232,1.846089602,33714,25354,67428
../data/pdb1HYS.mtx,48,128,1,1.585170984,1.585128307,33714,25354,67428
../data/pdb1HYS.mtx,48,128,2,1.580278635,1.580228806,33714,25354,67428
../data/pdb1HYS.mtx,48,128,3,1.582176924,1.582132339,33714,25354,67428
../data/pdb1HYS.mtx,48,128,4,1.849170446,1.849125624,33714,25354,67428
../data/pdb1HYS.mtx,48,128,5,1.857190847,1.857145309,33714,25354,67428
../data/pdb1HYS.mtx,48,128,6,1.582114935,1.582072020,33714,25354,67428
../data/pdb1HYS.mtx,48,128,7,1.582110882,1.582066536,33714,25354,67428
../data/pdb1HYS.mtx,48,128,8,1.583120108,1.583075047,33714,25354,67428
../data/pdb1HYS.mtx,48,128,9,1.590116739,1.590071201,33714,25354,67428
../data/pdb1HYS.mtx,49,128,0,1.582169056,1.582113266,33651,25393,67302
../data/pdb1HYS.mtx,49,128,1,1.310965538,1.310920477,33651,25393,67302
../data/pdb1HYS.mtx,49,128,2,1.580124855,1.580081224,33651,25393,67302
../data/pdb1HYS.mtx,49,128,3,1.319218397,1.319172382,33651,25393,67302
../data/pdb1HYS.mtx,49,128,4,1.585222960,1.585177183,33651,25393,67302
../data/pdb1HYS.mtx,49,128,5,1.593222380,1.593178272,33651,25393,67302
../data/pdb1HYS.mtx,49,128,6,1.318162680,1.318118811,33651,25393,67302
../data/pdb1HYS.mtx,49,128,7,1.319151640,1.319108486,33651,25393,67302
../data/pdb1HYS.mtx,49,128,8,1.322169304,1.322123766,33651,25393,67302
../data/pdb1HYS.mtx,49,128,9,1.316152573,1.316107988,33651,25393,67302
../data/pdb1HYS.mtx,50,128,0,1.582186460,1.582130671,33704,25422,67408
../data/pdb1HYS.mtx,50,128,1,1.585136890,1.585092545,33704,25422,67408
../data/pdb1HYS.mtx,50,128,2,1.591151953,1.591107368,33704,25422,67408
../data/pdb1HYS.mtx,50,128,3,1.560132504,1.560089111,33704,25422,67408
../data/pdb1HYS.mtx,50,128,4,1.849126816,1.849080086,33704,25422,67408
../data/pdb1HYS.mtx,50,128,5,1.846123934,1.846079111,33704,25422,67408
../data/pdb1HYS.mtx,50,128,6,1.318180323,1.318136215,33704,25422,67408
../data/pdb1HYS.mtx,50,128,7,1.319172382,1.319126844,33704,25422,67408
../data/pdb1HYS.mtx,50,128,8,1.311196327,1.311151028,33704,25422,67408
../data/pdb1HYS.mtx,50,128,9,1.316192865,1.316148520,33704,25422,67408
../data/pdb1HYS.mtx,51,128,0,1.582177401,1.582121134,33654,25218,67308
../data/pdb1HYS.mtx,51,128,1,1.574123859,1.574081182,33654,25218,67308
../data/pdb1HYS.mtx,51,128,2,1.580140829,1.580097198,33654,25218,67308
../data/pdb1HYS.mtx,51,128,3,1.325915813,1.325870275,33654,25218,67308
../data/pdb1HYS.mtx,51,128,4,1.596221924,1.596165895,33654,25218,67308
../data/pdb1HYS.mtx,51,128,5,1.582210302,1.582168102,33654,25218,67308
../data/pdb1HYS.mtx,51,128,6,1.318157196,1.318111658,33654,25218,67308
../data/pdb1HYS.mtx,51,128,7,1.319154024,1.319108963,33654,25218,67308
../data/pdb1HYS.mtx,51,128,8,1.322167397,1.322121382,33654,25218,67308
../data/pdb1HYS.mtx,51,128,9,1.327177525,1.327134371,33654,25218,67308
../data/pdb1HYS.mtx,52,128,0,1.857129574,1.857087612,33787,25280,67574
../data/pdb1HYS.mtx,52,128,1,1.585181475,1.585138321,33787,25280,67574
../data/pdb1HYS.mtx,52,128,2,1.547202110,1.547156572,33787,25280,67574
../data/pdb1HYS.mtx,52,128,3,1.659171104,1.659127951,33787,25280,67574
../data/pdb1HYS.mtx,52,128,4,1.915143490,1.915100098,33787,25280,67574
../data/pdb1HYS.mtx,52,128,5,1.846173048,1.846127510,33787,25280,67574
../data/pdb1HYS.mtx,52,128,6,1.319192171,1.319149256,33787,25280,67574
../data/pdb1HYS.mtx,52,128,7,1.319207191,1.319163799,33787,25280,67574
../data/pdb1HYS.mtx,52,128,8,1.517143488,1.517097950,33787,25280,67574
../data/pdb1HYS.mtx,52,128,9,1.590127707,1.590085030,33787,25280,67574
../data/pdb1HYS.mtx,53,128,0,1.571191311,1.571146488,33774,25201,67548
../data/pdb1HYS.mtx,53,128,1,1.596153259,1.596110106,33774,25201,67548
../data/pdb1HYS.mtx,53,128,2,1.591165066,1.591121197,33774,25201,67548
../data/pdb1HYS.mtx,53,128,3,1.582142353,1.582098007,33774,25201,67548
../data/pdb1HYS.mtx,53,128,4,1.849128485,1.849082947,33774,25201,67548
../data/pdb1HYS.mtx,53,128,5,1.846134186,1.846090317,33774,25201,67548
../data/pdb1HYS.mtx,53,128,6,1.319176435,1.319131613,33774,25201,67548
../data/pdb1HYS.mtx,53,128,7,1.319202185,1.319157600,33774,25201,67548
../data/pdb1HYS.mtx,53,128,8,1.322188854,1.322144747,33774,25201,67548
../data/pdb1HYS.mtx,53,128,9,1.319191217,1.319147348,33774,25201,67548
../data/pdb1HYS.mtx,54,128,0,1.846137285,1.846090555,34478,25501,68956
../data/pdb1HYS.mtx,54,128,1,1.585171461,1.585125923,34478,25501,68956
../data/pdb1HYS.mtx,54,128,2,1.580189943,1.580145836,34478,25501,68956
../data/pdb1HYS.mtx,54,128,3,1.582164764,1.582119942,34478,25501,68956
../data/pdb1HYS.mtx,54,128,4,1.838181257,1.838136196,34478,25501,68956
../data/pdb1HYS.mtx,54,128,5,1.582177877,1.582132339,34478,25501,68956
../data/pdb1HYS.mtx,54,128,6,1.318124533,1.318077803,34478,25501,68956
../data/pdb1HYS.mtx,54,128,7,1.318141699,1.318098068,34478,25501,68956
../data/pdb1HYS.mtx,54,128,8,1.322136879,1.322090626,34478,25501,68956
../data/pdb1HYS.mtx,54,128,9,1.580133915,1.580086946,34478,25501,68956
../data/pdb1HYS.mtx,55,128,0,1.582182646,1.582136154,34347,25370,68694
../data/pdb1HYS.mtx,55,128,1,1.585128546,1.585084200,34347,25370,68694
../data/pdb1HYS.mtx,55,128,2,1.591148615,1.591104031,34347,25370,68694
../data/pdb1HYS.mtx,55,128,3,1.593130827,1.593085766,34347,25370,68694
../data/pdb1HYS.mtx,55,128,4,1.585190058,1.585144997,34347,25370,68694
../data/pdb1HYS.mtx,55,128,5,1.326816559,1.326768160,34347,25370,68694
../data/pdb1HYS.mtx,55,128,6,1.054160118,1.054114580,34347,25370,68694
../data/pdb1HYS.mtx,55,128,7,1.055161953,1.055118084,34347,25370,68694
../data/pdb1HYS.mtx,55,128,8,1.047180176,1.047134399,34347,25370,68694
../data/pdb1HYS.mtx,55,128,9,1.316169024,1.316124916,34347,25370,68694
../data/pdb1HYS.mtx,56,128,0,1.857134342,1.857089758,33640,25229,67280
../data/pdb1HYS.mtx,56,128,1,1.585184336,1.585139990,33640,25229,67280
../data/pdb1HYS.mtx,56,128,2,1.591196060,1.591152430,33640,25229,67280
../data/pdb1HYS.mtx,56,128,3,1.571186304,1.571141720,33640,25229,67280
../data/pdb1HYS.mtx,56,128,4,1.849172831,1.849131584,33640,25229,67280
../data/pdb1HYS.mtx,56,128,5,1.813201666,1.813157082,33640,25229,67280
../data/pdb1HYS.mtx,56,128,6,1.318144798,1.318100214,33640,25229,67280
../data/pdb1HYS.mtx,56,128,7,1.319150448,1.319105625,33640,25229,67280
../data/pdb1HYS.mtx,56,128,8,1.322160959,1.322118521,33640,25229,67280
../data/pdb1HYS.mtx,56,128,9,1.294167757,1.294124126,33640,25229,67280
../data/pdb1HYS.mtx,57,128,0,1.593950033,1.593896389,33638,25463,67276
../data/pdb1HYS.mtx,57,128,1,1.585165262,1.585121632,33638,25463,67276
../data/pdb1HYS.mtx,57,128,2,1.591179609,1.591134071,33638,25463,67276
../data/pdb1HYS.mtx,57,128,3,1.593142748,1.593098879,33638,25463,67276
../data/pdb1HYS.mtx,57,128,4,1.849136353,1.849091530,33638,25463,67276
../data/pdb1HYS.mtx,57,128,5,1.835137844,1.835093021,33638,25463,67276
../data/pdb1HYS.mtx,57,128,6,1.055187225,1.055143356,33638,25463,67276
../data/pdb1HYS.mtx,57,128,7,1.055186272,1.055140018,33638,25463,67276
../data/pdb1HYS.mtx,57,128,8,1.047186852,1.047142506,33638,25463,67276
../data/pdb1HYS.mtx,57,128,9,1.052161932,1.052119017,33638,25463,67276
../data/pdb1HYS.mtx,58,128,0,1.582176447,1.582133293,33521,25683,67042
../data/pdb1HYS.mtx,58,128,1,1.585116386,1.585072994,33521,25683,67042
../data/pdb1HYS.mtx,58,128,2,1.503159761,1.503114462,33521,25683,67042
../data/pdb1HYS.mtx,58,128,3,1.593144178,1.593099594,33521,25683,67042
../data/pdb1HYS.mtx,58,128,4,1.849137545,1.849092722,33521,25683,67042
../data/pdb1HYS.mtx,58,128,5,1.813166380,1.813122034,33521,25683,67042
../data/pdb1HYS.mtx,58,128,6,1.055335999,1.055282593,33521,25683,67042
../data/pdb1HYS.mtx,58,128,7,1.057787180,1.057742357,33521,25683,67042
../data/pdb1HYS.mtx,58,128,8,1.068747997,1.068701982,33521,25683,67042
../data/pdb1HYS.mtx,58,128,9,1.327123642,1.327079773,33521,25683,67042
../data/pdb1HYS.mtx,59,128,0,1.560121298,1.560076714,33735,25556,67470
../data/pdb1HYS.mtx,59,128,1,1.321150541,1.321106434,33735,25556,67470
../data/pdb1HYS.mtx,59,128,2,1.316173315,1.316128254,33735,25556,67470
../data/pdb1HYS.mtx,59,128,3,1.328149796,1.328105927,33735,25556,67470
../data/pdb1HYS.mtx,59,128,4,1.574149370,1.574104786,33735,25556,67470
../data/pdb1HYS.mtx,59,128,5,1.637143373,1.637100220,33735,25556,67470
../data/pdb1HYS.mtx,59,128,6,1.055189610,1.055144787,33735,25556,67470
../data/pdb1HYS.mtx,59,128,7,1.055188417,1.055144548,33735,25556,67470
../data/pdb1HYS.mtx,59,128,8,1.058192968,1.058147669,33735,25556,67470
../data/pdb1HYS.mtx,59,128,9,1.055191040,1.055148125,33735,25556,67470
../data/pdb1HYS.mtx,60,128,0,1.813137293,1.813092470,33699,25356,67398
../data/pdb1HYS.mtx,60,128,1,1.321147442,1.321103573,33699,25356,67398
../data/pdb1HYS.mtx,60,128,2,1.327185392,1.327140808,33699,25356,67398
../data/pdb1HYS.mtx,60,128,3,1.317191362,1.317145109,33699,25356,67398
../data/pdb1HYS.mtx,60,128,4,1.585183620,1.585140944,33699,25356,67398
../data/pdb1HYS.mtx,60,128,5,1.593167067,1.593122244,33699,25356,67398
../data/pdb1HYS.mtx,60,128,6,1.318132162,1.318086624,33699,25356,67398
../data/pdb1HYS.mtx,60,128,7,1.318141222,1.318097115,33699,25356,67398
../data/pdb1HYS.mtx,60,128,8,1.322144747,1.322098732,33699,25356,67398
../data/pdb1HYS.mtx,60,128,9,1.316138744,1.316094637,33699,25356,67398
../data/pdb1HYS.mtx,61,128,0,1.593131065,1.593086004,33743,25526,67486
../data/pdb1HYS.mtx,61,128,1,1.321179152,1.321134090,33743,25526,67486
../data/pdb1HYS.mtx,61,128,2,1.316184044,1.316137791,33743,25526,67486
../data/pdb1HYS.mtx,61,128,3,1.317178249,1.317134142,33743,25526,67486
../data/pdb1HYS.mtx,61,128,4,1.574183464,1.574127197,33743,25526,67486
../data/pdb1HYS.mtx,61,128,5,1.582170248,1.582123518,33743,25526,67486
../data/pdb1HYS.mtx,61,128,6,1.318130493,1.318082809,33743,25526,67486
../data/pdb1HYS.mtx,61,128,7,1.329128981,1.329084396,33743,25526,67486
../data/pdb1HYS.mtx,61,128,8,1.322138309,1.322092533,33743,25526,67486
../data/pdb1HYS.mtx,61,128,9,1.316122293,1.316076279,33743,25526,67486
../data/pdb1HYS.mtx,62,128,0,1.582148790,1.582104445,33949,25673,67898
../data/pdb1HYS.mtx,62,128,1,1.101169586,1.101124287,33949,25673,67898
../data/pdb1HYS.mtx,62,128,2,1.316090107,1.316044331,33949,25673,67898
../data/pdb1HYS.mtx,62,128,3,1.317168474,1.317124128,33949,25673,67898
../data/pdb1HYS.mtx,62,128,4,1.585183859,1.585139751,33949,25673,67898
../data/pdb1HYS.mtx,62,128,5,1.582173109,1.582128525,33949,25673,67898
../data/pdb1HYS.mtx,62,128,6,1.318142414,1.318095207,33949,25673,67898
../data/pdb1HYS.mtx,62,128,7,1.329121351,1.329077005,33949,25673,67898
../data/pdb1HYS.mtx,62,128,8,1.322131634,1.322082758,33949,25673,67898
../data/pdb1HYS.mtx,62,128,9,1.316156149,1.316111088,33949,25673,67898
../data/pdb1HYS.mtx,63,128,0,1.582160711,1.582115889,33615,25549,67230
../data/pdb1HYS.mtx,63,128,1,1.319125414,1.319080830,33615,25549,67230
../data/pdb1HYS.mtx,63,128,2,1.052139044,1.052094698,33615,25549,67230
../data/pdb1HYS.mtx,63,128,3,1.053179264,1.053133965,33615,25549,67230
../data/pdb1HYS.mtx,63,128,4,1.321336746,1.321290255,33615,25549,67230
../data/pdb1HYS.mtx,63,128,5,1.582120180,1.582075357,33615,25549,67230
../data/pdb1HYS.mtx,63,128,6,1.054159880,1.054114342,33615,25549,67230
../data/pdb1HYS.mtx,63,128,7,1.055185318,1.055140257,33615,25549,67230
../data/pdb1HYS.mtx,63,128,8,1.047167301,1.047121763,33615,25549,67230
../data/pdb1HYS.mtx,63,128,9,1.052140713,1.052095175,33615,25549,67230
../data/pdb1HYS.mtx,64,128,0,1.857130766,1.857084751,33830,25877,67660
../data/pdb1HYS.mtx,64,128,1,1.585144281,1.585100651,33830,25877,67660
../data/pdb1HYS.mtx,64,128,2,1.580146790,1.580102682,33830,25877,67660
../data/pdb1HYS.mtx,64,128,3,1.593142509,1.593098640,33830,25877,67660
../data/pdb1HYS.mtx,64,128,4,1.849164009,1.849119663,33830,25877,67660
../data/pdb1HYS.mtx,64,128,5,1.846133232,1.846087217,33830,25877,67660
../data/pdb1HYS.mtx,64,128,6,1.319331646,1.319287539,33830,25877,67660
../data/pdb1HYS.mtx,64,128,7,1.319347858,1.319302559,33830,25877,67660
../data/pdb1HYS.mtx,64,128,8,1.322325706,1.322281599,33830,25877,67660
../data/pdb1HYS.mtx,64,128,9,1.319364309,1.319318771,33830,25877,67660
../data/pdb1HYS.mtx,65,128,0,1.593176603,1.593130589,33823,25970,67646
../data/pdb1HYS.mtx,65,128,1,1.563132763,1.563088417,33823,25970,67646
../data/pdb1HYS.mtx,65,128,2,1.591170073,1.591124773,33823,25970,67646
../data/pdb1HYS.mtx,65,128,3,1.494156361,1.494113207,33823,25970,67646
../data/pdb1HYS.mtx,65,128,4,1.574148893,1.574103117,33823,25970,67646
../data/pdb1HYS.mtx,65,128,5,1.582155228,1.582110405,33823,25970,67646
../data/pdb1HYS.mtx,65,128,6,1.318138838,1.318093777,33823,25970,67646
../data/pdb1HYS.mtx,65,128,7,1.296140909,1.296096563,33823,25970,67646
../data/pdb1HYS.mtx,65,128,8,1.322144747,1.322099209,33823,25970,67646
../data/pdb1HYS.mtx,65,128,9,1.316123962,1.316078424,33823,25970,67646
../data/pdb1HYS.mtx,66,128,0,1.582170486,1.582125187,33751,25970,67502
../data/pdb1HYS.mtx,66,128,1,1.585135460,1.585092545,33751,25970,67502
../data/pdb1HYS.mtx,66,128,2,1.591136217,1.591090679,33751,25970,67502
../data/pdb1HYS.mtx,66,128,3,1.593130589,1.593084097,33751,25970,67502
../data/pdb1HYS.mtx,66,128,4,1.849084377,1.849037886,33751,25970,67502
../data/pdb1HYS.mtx,66,128,5,1.846144199,1.846100569,33751,25970,67502
../data/pdb1HYS.mtx,66,128,6,1.319157124,1.319110870,33751,25970,67502
../data/pdb1HYS.mtx,66,128,7,1.319176912,1.319131613,33751,25970,67502
../data/pdb1HYS.mtx,66,128,8,1.322171926,1.322128057,33751,25970,67502
../data/pdb1HYS.mtx,66,128,9,1.319168329,1.319123745,33751,25970,67502
../data/pdb1HYS.mtx,67,128,0,1.319118977,1.319072962,33841,25785,67682
../data/pdb1HYS.mtx,67,128,1,1.321142912,1.321098566,33841,25785,67682
../data/pdb1HYS.mtx,67,128,2,1.316150665,1.316106081,33841,25785,67682
../data/pdb1HYS.mtx,67,128,3,1.328132629,1.328089952,33841,25785,67682
../data/pdb1HYS.mtx,67,128,4,1.574126482,1.574081182,33841,25785,67682
../data/pdb1HYS.mtx,67,128,5,1.571145535,1.571102619,33841,25785,67682
../data/pdb1HYS.mtx,67,128,6,1.318081617,1.318036318,33841,25785,67682
../data/pdb1HYS.mtx,67,128,7,1.318076849,1.318032503,33841,25785,67682
../data/pdb1HYS.mtx,67,128,8,1.322125912,1.322081089,33841,25785,67682
../data/pdb1HYS.mtx,67,128,9,1.327079296,1.327036619,33841,25785,67682
../data/pdb1HYS.mtx,68,128,0,1.582131624,1.582086325,33824,25969,67648
../data/pdb1HYS.mtx,68,128,1,1.321144342,1.321099997,33824,25969,67648
../data/pdb1HYS.mtx,68,128,2,1.316159010,1.316113710,33824,25969,67648
../data/pdb1HYS.mtx,68,128,3,1.328150034,1.328107595,33824,25969,67648
../data/pdb1HYS.mtx,68,128,4,1.574152231,1.574108362,33824,25969,67648
../data/pdb1HYS.mtx,68,128,5,1.582146645,1.582102299,33824,25969,67648
../data/pdb1HYS.mtx,68,128,6,1.318125010,1.318079472,33824,25969,67648
../data/pdb1HYS.mtx,68,128,7,1.319114447,1.319059849,33824,25969,67648
../data/pdb1HYS.mtx,68,128,8,1.322149515,1.322105408,33824,25969,67648
../data/pdb1HYS.mtx,68,128,9,1.327156067,1.327111244,33824,25969,67648
../data/pdb1HYS.mtx,69,128,0,1.319103956,1.319046736,34025,26052,68050
../data/pdb1HYS.mtx,69,128,1,1.321134567,1.321089506,34025,26052,68050
../data/pdb1HYS.mtx,69,128,2,1.316123724,1.316080093,34025,26052,68050
../data/pdb1HYS.mtx,69,128,3,1.059858799,1.059811354,34025,26052,68050
../data/pdb1HYS.mtx,69,128,4,1.332173586,1.332116127,34025,26052,68050
../data/pdb1HYS.mtx,69,128,5,1.318171740,1.318125963,34025,26052,68050
../data/pdb1HYS.mtx,69,128,6,1.043137550,1.043092489,34025,26052,68050
../data/pdb1HYS.mtx,69,128,7,1.055117369,1.055073023,34025,26052,68050
../data/pdb1HYS.mtx,69,128,8,1.113162041,1.113111734,34025,26052,68050
../data/pdb1HYS.mtx,69,128,9,1.052153349,1.052108526,34025,26052,68050
../data/pdb1HYS.mtx,70,128,0,1.319137812,1.319092989,34075,26147,68150
../data/pdb1HYS.mtx,70,128,1,1.055165529,1.055119991,34075,26147,68150
../data/pdb1HYS.mtx,70,128,2,1.316123486,1.316078186,34075,26147,68150
../data/pdb1HYS.mtx,70,128,3,1.053161621,1.053116083,34075,26147,68150
../data/pdb1HYS.mtx,70,128,4,1.299149275,1.299105167,34075,26147,68150
../data/pdb1HYS.mtx,70,128,5,1.318159580,1.318112612,34075,26147,68150
../data/pdb1HYS.mtx,70,128,6,1.065147877,1.065103292,34075,26147,68150
../data/pdb1HYS.mtx,70,128,7,1.055140972,1.055094719,34075,26147,68150
../data/pdb1HYS.mtx,70,128,8,1.047145128,1.047100306,34075,26147,68150
../data/pdb1HYS.mtx,70,128,9,1.052139997,1.052093983,34075,26147,68150
../data/pdb1HYS.mtx,71,128,0,1.055149555,1.055105209,34038,25856,68076
../data/pdb1HYS.mtx,71,128,1,1.066136837,1.066092253,34038,25856,68076
../data/pdb1HYS.mtx,71,128,2,1.063148260,1.063102961,34038,25856,68076
../data/pdb1HYS.mtx,71,128,3,1.053165197,1.053117752,34038,25856,68076
../data/pdb1HYS.mtx,71,128,4,1.319120884,1.319074392,34038,25856,68076
../data/pdb1HYS.mtx,71,128,5,1.319137096,1.319090128,34038,25856,68076
../data/pdb1HYS.mtx,71,128,6,0.792151213,0.792103052,34038,25856,68076
../data/pdb1HYS.mtx,71,128,7,0.792177916,0.792129755,34038,25856,68076
../data/pdb1HYS.mtx,71,128,8,0.794152021,0.794107437,34038,25856,68076
../data/pdb1HYS.mtx,71,128,9,0.788169146,0.788110733,34038,25856,68076
../data/pdb1HYS.mtx,72,128,0,1.837121487,1.837077141,33793,25687,67586
../data/pdb1HYS.mtx,72,128,1,1.625145674,1.625100374,33793,25687,67586
../data/pdb1HYS.mtx,72,128,2,1.590733290,1.590687990,33793,25687,67586
../data/pdb1HYS.mtx,72,128,3,1.576091528,1.576046467,33793,25687,67586
../data/pdb1HYS.mtx,72,128,4,1.752165079,1.752122402,33793,25687,67586
../data/pdb1HYS.mtx,72,128,5,1.960072756,1.960028410,33793,25687,67586
../data/pdb1HYS.mtx,72,128,6,1.715125322,1.715082884,33793,25687,67586
../data/pdb1HYS.mtx,72,128,7,1.816909790,1.816864491,33793,25687,67586
../data/pdb1HYS.mtx,72,128,8,1.914132357,1.914087772,33793,25687,67586
../data/pdb1HYS.mtx,72,128,9,1.666161776,1.666117430,33793,25687,67586
../data/pdb1HYS.mtx,73,128,0,1.587162733,1.587121725,33856,25670,67712
../data/pdb1HYS.mtx,73,128,1,1.336221457,1.336177111,33856,25670,67712
../data/pdb1HYS.mtx,73,128,2,1.648044825,1.648001671,33856,25670,67712
../data/pdb1HYS.mtx,73,128,3,1.558197737,1.558153152,33856,25670,67712
../data/pdb1HYS.mtx,73,128,4,1.517877102,1.517831326,33856,25670,67712
../data/pdb1HYS.mtx,73,128,5,1.591165066,1.591122866,33856,25670,67712
../data/pdb1HYS.mtx,73,128,6,1.581156731,1.581112623,33856,25670,67712
../data/pdb1HYS.mtx,73,128,7,1.733097553,1.733052254,33856,25670,67712
../data/pdb1HYS.mtx,73,128,8,1.903159380,1.903114557,33856,25670,67712
../data/pdb1HYS.mtx,73,128,9,1.657263756,1.657219172,33856,25670,67712
../data/pdb1HYS.mtx,74,128,0,1.661157370,1.661115408,33969,25583,67938
../data/pdb1HYS.mtx,74,128,1,1.336205006,1.336159468,33969,25583,67938
../data/pdb1HYS.mtx,74,128,2,1.654072285,1.654028177,33969,25583,67938
../data/pdb1HYS.mtx,74,128,3,1.445156097,1.445112944,33969,25583,67938
../data/pdb1HYS.mtx,74,128,4,1.399195194,1.399150133,33969,25583,67938
../data/pdb1HYS.mtx,74,128,5,1.635193110,1.635151148,33969,25583,67938
../data/pdb1HYS.mtx,74,128,6,1.559170008,1.559126139,33969,25583,67938
../data/pdb1HYS.mtx,74,128,7,1.741082191,1.741036654,33969,25583,67938
../data/pdb1HYS.mtx,74,128,8,1.826191425,1.826147318,33969,25583,67938
../data/pdb1HYS.mtx,74,128,9,1.576277971,1.576233387,33969,25583,67938
../data/pdb1HYS.mtx,75,128,0,1.576141596,1.576099157,34209,25641,68418
../data/pdb1HYS.mtx,75,128,1,1.321187735,1.321143627,34209,25641,68418
../data/pdb1HYS.mtx,75,128,2,1.271157742,1.271114588,34209,25641,68418
../data/pdb1HYS.mtx,75,128,3,1.346148014,1.346102953,34209,25641,68418
../data/pdb1HYS.mtx,75,128,4,1.536236048,1.536194324,34209,25641,68418
../data/pdb1HYS.mtx,75,128,5,1.580188513,1.580146074,34209,25641,68418
../data/pdb1HYS.mtx,75,128,6,1.592170238,1.592127562,34209,25641,68418
../data/pdb1HYS.mtx,75,128,7,1.535090446,1.535046101,34209,25641,68418
../data/pdb1HYS.mtx,75,128,8,1.578189135,1.578144550,34209,25641,68418
../data/pdb1HYS.mtx,75,128,9,1.414247513,1.414200783,34209,25641,68418
../data/pdb1HYS.mtx,76,128,0,1.664107323,1.664064646,33989,25539,67978
../data/pdb1HYS.mtx,76,128,1,1.568167686,1.568125010,33989,25539,67978
../data/pdb1HYS.mtx,76,128,2,1.589151382,1.589110374,33989,25539,67978
../data/pdb1HYS.mtx,76,128,3,1.358199358,1.358155727,33989,25539,67978
../data/pdb1HYS.mtx,76,128,4,1.472127676,1.472083807,33989,25539,67978
../data/pdb1HYS.mtx,76,128,5,1.824123144,1.824080944,33989,25539,67978
../data/pdb1HYS.mtx,76,128,6,1.324217081,1.324160814,33989,25539,67978
../data/pdb1HYS.mtx,76,128,7,1.705100298,1.705056190,33989,25539,67978
../data/pdb1HYS.mtx,76,128,8,1.580187798,1.580145121,33989,25539,67978
../data/pdb1HYS.mtx,76,128,9,1.675241947,1.675195694,33989,25539,67978
../data/pdb1HYS.mtx,77,128,0,1.313185453,1.313142300,34201,25565,68402
../data/pdb1HYS.mtx,77,128,1,1.481183767,1.481138229,34201,25565,68402
../data/pdb1HYS.mtx,77,128,2,1.657032251,1.656990767,34201,25565,68402
../data/pdb1HYS.mtx,77,128,3,1.317851305,1.317805290,34201,25565,68402
../data/pdb1HYS.mtx,77,128,4,1.087167025,1.087122202,34201,25565,68402
../data/pdb1HYS.mtx,77,128,5,1.580145597,1.580103159,34201,25565,68402
../data/pdb1HYS.mtx,77,128,6,1.334118843,1.334073782,34201,25565,68402
../data/pdb1HYS.mtx,77,128,7,1.706072092,1.706027269,34201,25565,68402
../data/pdb1HYS.mtx,77,128,8,1.387926102,1.387878895,34201,25565,68402
../data/pdb1HYS.mtx,77,128,9,1.403277397,1.403232813,34201,25565,68402
../data/pdb1HYS.mtx,78,128,0,1.392106056,1.392062664,34126,25538,68252
../data/pdb1HYS.mtx,78,128,1,1.310179234,1.310134411,34126,25538,68252
../data/pdb1HYS.mtx,78,128,2,1.622045517,1.622003794,34126,25538,68252
../data/pdb1HYS.mtx,78,128,3,1.322208405,1.322165012,34126,25538,68252
../data/pdb1HYS.mtx,78,128,4,1.278269053,1.278224230,34126,25538,68252
../data/pdb1HYS.mtx,78,128,5,1.580159903,1.580116987,34126,25538,68252
../data/pdb1HYS.mtx,78,128,6,1.378108740,1.378065109,34126,25538,68252
../data/pdb1HYS.mtx,78,128,7,1.612879992,1.612833261,34126,25538,68252
../data/pdb1HYS.mtx,78,128,8,1.400188923,1.400144815,34126,25538,68252
../data/pdb1HYS.mtx,78,128,9,1.579247236,1.579202175,34126,25538,68252
../data/pdb1HYS.mtx,79,128,0,1.326121330,1.326081276,34233,25669,68466
../data/pdb1HYS.mtx,79,128,1,1.101168394,1.101125240,34233,25669,68466
../data/pdb1HYS.mtx,79,128,2,1.422060966,1.422019005,34233,25669,68466
../data/pdb1HYS.mtx,79,128,3,1.333118916,1.333074093,34233,25669,68466
../data/pdb1HYS.mtx,79,128,4,1.164225101,1.164160252,34233,25669,68466
../data/pdb1HYS.mtx,79,128,5,1.580107689,1.580066442,34233,25669,68466
../data/pdb1HYS.mtx,79,128,6,1.114184380,1.114138842,34233,25669,68466
../data/pdb1HYS.mtx,79,128,7,1.744042635,1.743998289,34233,25669,68466
../data/pdb1HYS.mtx,79,128,8,1.323132753,1.323087931,34233,25669,68466
../data/pdb1HYS.mtx,79,128,9,1.465156555,1.465110779,34233,25669,68466
../data/pdb1HYS.mtx,80,128,0,1.604180813,1.604138136,33771,25552,67542
../data/pdb1HYS.mtx,80,128,1,1.590136766,1.590094328,33771,25552,67542
../data/pdb1HYS.mtx,80,128,2,1.749051332,1.749008894,33771,25552,67542
../data/pdb1HYS.mtx,80,128,3,1.311188459,1.311145306,33771,25552,67542
../data/pdb1HYS.mtx,80,128,4,1.633249760,1.633206606,33771,25552,67542
../data/pdb1HYS.mtx,80,128,5,1.646159649,1.646118641,33771,25552,67542
../data/pdb1HYS.mtx,80,128,6,1.447355986,1.447314262,33771,25552,67542
../data/pdb1HYS.mtx,80,128,7,1.715040684,1.714998007,33771,25552,67542
../data/pdb1HYS.mtx,80,128,8,1.857131958,1.857090473,33771,25552,67542
../data/pdb1HYS.mtx,80,128,9,1.638180494,1.638136148,33771,25552,67542
../data/pdb1HYS.mtx,81,128,0,1.324180841,1.324137211,33645,25544,67290
../data/pdb1HYS.mtx,81,128,1,1.322154999,1.322094917,33645,25544,67290
../data/pdb1HYS.mtx,81,128,2,1.561042786,1.561000347,33645,25544,67290
../data/pdb1HYS.mtx,81,128,3,1.379139900,1.379095078,33645,25544,67290
../data/pdb1HYS.mtx,81,128,4,1.437254190,1.437209129,33645,25544,67290
../data/pdb1HYS.mtx,81,128,5,1.591145277,1.591103315,33645,25544,67290
../data/pdb1HYS.mtx,81,128,6,1.581131697,1.581089497,33645,25544,67290
../data/pdb1HYS.mtx,81,128,7,1.450246572,1.450202703,33645,25544,67290
../data/pdb1HYS.mtx,81,128,8,1.580329180,1.580285788,33645,25544,67290
../data/pdb1HYS.mtx,81,128,9,1.593239069,1.593195915,33645,25544,67290
../data/pdb1HYS.mtx,82,128,0,1.587146997,1.587105989,33368,25564,66736
../data/pdb1HYS.mtx,82,128,1,1.601135731,1.601091862,33368,25564,66736
../data/pdb1HYS.mtx,82,128,2,1.385100365,1.385060549,33368,25564,66736
../data/pdb1HYS.mtx,82,128,3,1.311183929,1.311141491,33368,25564,66736
../data/pdb1HYS.mtx,82,128,4,1.399211168,1.399168968,33368,25564,66736
../data/pdb1HYS.mtx,82,128,5,1.589159727,1.589118004,33368,25564,66736
../data/pdb1HYS.mtx,82,128,6,1.581143856,1.581099987,33368,25564,66736
../data/pdb1HYS.mtx,82,128,7,1.544083834,1.544039726,33368,25564,66736
../data/pdb1HYS.mtx,82,128,8,1.591136217,1.591093063,33368,25564,66736
../data/pdb1HYS.mtx,82,128,9,1.529157639,1.529114723,33368,25564,66736
../data/pdb1HYS.mtx,83,128,0,1.497156620,1.497115612,33337,25700,66674
../data/pdb1HYS.mtx,83,128,1,1.366135597,1.366092205,33337,25700,66674
../data/pdb1HYS.mtx,83,128,2,1.315087795,1.315046787,33337,25700,66674
../data/pdb1HYS.mtx,83,128,3,1.324153900,1.324112892,33337,25700,66674
../data/pdb1HYS.mtx,83,128,4,1.393215179,1.393174887,33337,25700,66674
../data/pdb1HYS.mtx,83,128,5,1.323165894,1.323124170,33337,25700,66674
../data/pdb1HYS.mtx,83,128,6,1.326160908,1.326117754,33337,25700,66674
../data/pdb1HYS.mtx,83,128,7,1.481063128,1.481019258,33337,25700,66674
../data/pdb1HYS.mtx,83,128,8,1.323130608,1.323088408,33337,25700,66674
../data/pdb1HYS.mtx,83,128,9,1.147279739,1.147236347,33337,25700,66674
../data/pdb1HYS.mtx,84,128,0,1.368150949,1.368110418,33404,25645,66808
../data/pdb1HYS.mtx,84,128,1,1.322132111,1.322088242,33404,25645,66808
../data/pdb1HYS.mtx,84,128,2,1.367079973,1.367038727,33404,25645,66808
../data/pdb1HYS.mtx,84,128,3,1.379121304,1.379080057,33404,25645,66808
../data/pdb1HYS.mtx,84,128,4,1.543275833,1.543231487,33404,25645,66808
../data/pdb1HYS.mtx,84,128,5,1.579902172,1.579859495,33404,25645,66808
../data/pdb1HYS.mtx,84,128,6,1.326154709,1.326112032,33404,25645,66808
../data/pdb1HYS.mtx,84,128,7,1.629055738,1.629000425,33404,25645,66808
../data/pdb1HYS.mtx,84,128,8,1.567174196,1.567130566,33404,25645,66808
../data/pdb1HYS.mtx,84,128,9,1.581157446,1.581114292,33404,25645,66808
../data/pdb1HYS.mtx,85,128,0,1.326151848,1.326110125,33376,25587,66752
../data/pdb1HYS.mtx,85,128,1,1.046176672,1.046133518,33376,25587,66752
../data/pdb1HYS.mtx,85,128,2,1.234677792,1.234633923,33376,25587,66752
../data/pdb1HYS.mtx,85,128,3,1.036121368,1.036078691,33376,25587,66752
../data/pdb1HYS.mtx,85,128,4,1.453260183,1.453215837,33376,25587,66752
../data/pdb1HYS.mtx,85,128,5,1.604163408,1.604122162,33376,25587,66752
../data/pdb1HYS.mtx,85,128,6,1.209173679,1.209131241,33376,25587,66752
../data/pdb1HYS.mtx,85,128,7,1.632050991,1.632006168,33376,25587,66752
../data/pdb1HYS.mtx,85,128,8,1.514145851,1.514102697,33376,25587,66752
../data/pdb1HYS.mtx,85,128,9,1.589233637,1.589188099,33376,25587,66752
../data/pdb1HYS.mtx,86,128,0,1.235126972,1.235083342,33413,25831,66826
../data/pdb1HYS.mtx,86,128,1,1.057164431,1.057121754,33413,25831,66826
../data/pdb1HYS.mtx,86,128,2,1.268147707,1.268106699,33413,25831,66826
../data/pdb1HYS.mtx,86,128,3,1.324129105,1.324084520,33413,25831,66826
../data/pdb1HYS.mtx,86,128,4,1.463241100,1.463196278,33413,25831,66826
../data/pdb1HYS.mtx,86,128,5,1.591149569,1.591109276,33413,25831,66826
../data/pdb1HYS.mtx,86,128,6,1.326148033,1.326103449,33413,25831,66826
../data/pdb1HYS.mtx,86,128,7,1.349119663,1.349076033,33413,25831,66826
../data/pdb1HYS.mtx,86,128,8,1.635135412,1.635092497,33413,25831,66826
../data/pdb1HYS.mtx,86,128,9,1.405264139,1.405221939,33413,25831,66826
../data/pdb1HYS.mtx,87,128,0,1.316122293,1.316078901,33476,25551,66952
../data/pdb1HYS.mtx,87,128,1,1.046162844,1.046118736,33476,25551,66952
../data/pdb1HYS.mtx,87,128,2,1.054078579,1.054035902,33476,25551,66952
../data/pdb1HYS.mtx,87,128,3,1.036133766,1.036093950,33476,25551,66952
../data/pdb1HYS.mtx,87,128,4,1.340245008,1.340200901,33476,25551,66952
../data/pdb1HYS.mtx,87,128,5,1.580121279,1.580079317,33476,25551,66952
../data/pdb1HYS.mtx,87,128,6,1.123162031,1.123118401,33476,25551,66952
../data/pdb1HYS.mtx,87,128,7,1.225141525,1.225098133,33476,25551,66952
../data/pdb1HYS.mtx,87,128,8,1.281108141,1.281065941,33476,25551,66952
../data/pdb1HYS.mtx,87,128,9,1.323222160,1.323177576,33476,25551,66952
../data/pdb1HYS.mtx,88,128,0,1.582156658,1.582112074,33583,25762,67166
../data/pdb1HYS.mtx,88,128,1,1.601121187,1.601079464,33583,25762,67166
../data/pdb1HYS.mtx,88,128,2,1.533073902,1.533032179,33583,25762,67166
../data/pdb1HYS.mtx,88,128,3,1.624135971,1.624094725,33583,25762,67166
../data/pdb1HYS.mtx,88,128,4,1.541253567,1.541196585,33583,25762,67166
../data/pdb1HYS.mtx,88,128,5,1.646160603,1.646115541,33583,25762,67166
../data/pdb1HYS.mtx,88,128,6,1.581148624,1.581107140,33583,25762,67166
../data/pdb1HYS.mtx,88,128,7,1.798059702,1.798016310,33583,25762,67166
../data/pdb1HYS.mtx,88,128,8,1.846113443,1.846070766,33583,25762,67166
../data/pdb1HYS.mtx,88,128,9,1.619221210,1.619176865,33583,25762,67166
../data/pdb1HYS.mtx,89,128,0,1.576122761,1.576077938,33544,25566,67088
../data/pdb1HYS.mtx,89,128,1,1.310160160,1.310116291,33544,25566,67088
../data/pdb1HYS.mtx,89,128,2,1.531046629,1.531004906,33544,25566,67088
../data/pdb1HYS.mtx,89,128,3,1.591122389,1.591080427,33544,25566,67088
../data/pdb1HYS.mtx,89,128,4,1.350242853,1.350197792,33544,25566,67088
../data/pdb1HYS.mtx,89,128,5,1.580132961,1.580089331,33544,25566,67088
../data/pdb1HYS.mtx,89,128,6,1.581141710,1.581097841,33544,25566,67088
../data/pdb1HYS.mtx,89,128,7,1.640087128,1.640041351,33544,25566,67088
../data/pdb1HYS.mtx,89,128,8,1.580147028,1.580103636,33544,25566,67088
../data/pdb1HYS.mtx,89,128,9,1.386226177,1.386182070,33544,25566,67088
../data/pdb1HYS.mtx,90,128,0,1.587133408,1.587090731,33675,25770,67350
../data/pdb1HYS.mtx,90,128,1,1.336371899,1.336326361,33675,25770,67350
../data/pdb1HYS.mtx,90,128,2,1.663030863,1.662987709,33675,25770,67350
../data/pdb1HYS.mtx,90,128,3,1.591114283,1.591073275,33675,25770,67350
../data/pdb1HYS.mtx,90,128,4,1.506222725,1.506180286,33675,25770,67350
../data/pdb1HYS.mtx,90,128,5,1.390880823,1.390836716,33675,25770,67350
../data/pdb1HYS.mtx,90,128,6,1.324150562,1.324107885,33675,25770,67350
../data/pdb1HYS.mtx,90,128,7,1.695050955,1.695007086,33675,25770,67350
../data/pdb1HYS.mtx,90,128,8,1.846143246,1.846098661,33675,25770,67350
../data/pdb1HYS.mtx,90,128,9,1.592224121,1.592179775,33675,25770,67350
../data/pdb1HYS.mtx,91,128,0,1.598143339,1.598097563,34105,26097,68210
../data/pdb1HYS.mtx,91,128,1,1.310160875,1.310115814,34105,26097,68210
../data/pdb1HYS.mtx,91,128,2,1.558047295,1.558005571,34105,26097,68210
../data/pdb1HYS.mtx,91,128,3,1.333126068,1.333081245,34105,26097,68210
../data/pdb1HYS.mtx,91,128,4,1.436234713,1.436188936,34105,26097,68210
../data/pdb1HYS.mtx,91,128,5,1.569122314,1.569078922,34105,26097,68210
../data/pdb1HYS.mtx,91,128,6,1.323093653,1.323037624,34105,26097,68210
../data/pdb1HYS.mtx,91,128,7,1.520081282,1.520036459,34105,26097,68210
../data/pdb1HYS.mtx,91,128,8,1.580169916,1.580124378,34105,26097,68210
../data/pdb1HYS.mtx,91,128,9,1.307260990,1.307215691,34105,26097,68210
../data/pdb1HYS.mtx,92,128,0,1.499119997,1.499079466,34173,26033,68346
../data/pdb1HYS.mtx,92,128,1,1.460132599,1.460088730,34173,26033,68346
../data/pdb1HYS.mtx,92,128,2,1.463052750,1.463010073,34173,26033,68346
../data/pdb1HYS.mtx,92,128,3,1.591135263,1.591092348,34173,26033,68346
../data/pdb1HYS.mtx,92,128,4,1.444250822,1.444204092,34173,26033,68346
../data/pdb1HYS.mtx,92,128,5,1.580116987,1.580075502,34173,26033,68346
../data/pdb1HYS.mtx,92,128,6,1.370158195,1.370114565,34173,26033,68346
../data/pdb1HYS.mtx,92,128,7,1.614070177,1.614027023,34173,26033,68346
../data/pdb1HYS.mtx,92,128,8,1.637138605,1.637095451,34173,26033,68346
../data/pdb1HYS.mtx,92,128,9,1.243246794,1.243201733,34173,26033,68346
../data/pdb1HYS.mtx,93,128,0,1.102657795,1.102604628,34119,25989,68238
../data/pdb1HYS.mtx,93,128,1,1.366130590,1.366085052,34119,25989,68238
../data/pdb1HYS.mtx,93,128,2,1.422031403,1.421989679,34119,25989,68238
../data/pdb1HYS.mtx,93,128,3,1.580124617,1.580081701,34119,25989,68238
../data/pdb1HYS.mtx,93,128,4,1.417259455,1.417213678,34119,25989,68238
../data/pdb1HYS.mtx,93,128,5,1.402114153,1.402071953,34119,25989,68238
../data/pdb1HYS.mtx,93,128,6,1.324141741,1.324098349,34119,25989,68238
../data/pdb1HYS.mtx,93,128,7,1.483069658,1.483023167,34119,25989,68238
../data/pdb1HYS.mtx,93,128,8,1.323163509,1.323119402,34119,25989,68238
../data/pdb1HYS.mtx,93,128,9,1.120254993,1.120210171,34119,25989,68238
../data/pdb1HYS.mtx,94,128,0,1.335159302,1.335116148,33916,25861,67832
../data/pdb1HYS.mtx,94,128,1,1.333048105,1.333004236,33916,25861,67832
../data/pdb1HYS.mtx,94,128,2,1.225142956,1.225100279,33916,25861,67832
../data/pdb1HYS.mtx,94,128,3,1.322134018,1.322093487,33916,25861,67832
../data/pdb1HYS.mtx,94,128,4,1.472125769,1.472083330,33916,25861,67832
../data/pdb1HYS.mtx,94,128,5,1.358126640,1.358086109,33916,25861,67832
../data/pdb1HYS.mtx,94,128,6,1.323124886,1.323082209,33916,25861,67832
../data/pdb1HYS.mtx,94,128,7,1.650042534,1.649999142,33916,25861,67832
../data/pdb1HYS.mtx,94,128,8,1.580131531,1.580088854,33916,25861,67832
../data/pdb1HYS.mtx,94,128,9,1.318223476,1.318177938,33916,25861,67832
../data/pdb1HYS.mtx,95,128,0,1.061147928,1.061105013,33953,25711,67906
../data/pdb1HYS.mtx,95,128,1,1.046143293,1.046099186,33953,25711,67906
../data/pdb1HYS.mtx,95,128,2,1.227058411,1.227016926,33953,25711,67906
../data/pdb1HYS.mtx,95,128,3,1.311161995,1.311119556,33953,25711,67906
../data/pdb1HYS.mtx,95,128,4,1.180217981,1.180174828,33953,25711,67906
../data/pdb1HYS.mtx,95,128,5,1.402111292,1.402069569,33953,25711,67906
../data/pdb1HYS.mtx,95,128,6,1.147123098,1.147078991,33953,25711,67906
../data/pdb1HYS.mtx,95,128,7,1.558034658,1.557990551,33953,25711,67906
../data/pdb1HYS.mtx,95,128,8,1.624130487,1.624087334,33953,25711,67906
../data/pdb1HYS.mtx,95,128,9,1.086864471,1.086816788,33953,25711,67906
../data/pdb1HYS.mtx,96,128,0,1.584157228,1.584113359,34068,25917,68136
../data/pdb1HYS.mtx,96,128,1,1.584105253,1.584060669,34068,25917,68136
../data/pdb1HYS.mtx,96,128,2,1.591074705,1.591032028,34068,25917,68136
../data/pdb1HYS.mtx,96,128,3,1.584079742,1.584038496,34068,25917,68136
../data/pdb1HYS.mtx,96,128,4,1.848099232,1.848058701,34068,25917,68136
../data/pdb1HYS.mtx,96,128,5,1.846294165,1.846243143,34068,25917,68136
../data/pdb1HYS.mtx,96,128,6,1.584155083,1.584113359,34068,25917,68136
../data/pdb1HYS.mtx,96,128,7,1.582167864,1.582123995,34068,25917,68136
../data/pdb1HYS.mtx,96,128,8,1.582170486,1.582128763,34068,25917,68136
../data/pdb1HYS.mtx,96,128,9,1.320178986,1.320137501,34068,25917,68136
../data/pdb1HYS.mtx,97,128,0,1.584132433,1.584091425,33918,25706,67836
../data/pdb1HYS.mtx,97,128,1,1.584122658,1.584080219,33918,25706,67836
../data/pdb1HYS.mtx,97,128,2,1.327326775,1.327284813,33918,25706,67836
../data/pdb1HYS.mtx,97,128,3,1.320277691,1.320230007,33918,25706,67836
../data/pdb1HYS.mtx,97,128,4,1.584157467,1.584115505,33918,25706,67836
../data/pdb1HYS.mtx,97,128,5,1.844149351,1.844108105,33918,25706,67836
../data/pdb1HYS.mtx,97,128,6,1.584177971,1.584136009,33918,25706,67836
../data/pdb1HYS.mtx,97,128,7,1.593192577,1.593148947,33918,25706,67836
../data/pdb1HYS.mtx,97,128,8,1.582181215,1.582139492,33918,25706,67836
../data/pdb1HYS.mtx,97,128,9,1.316173792,1.316130638,33918,25706,67836
../data/pdb1HYS.mtx,98,128,0,1.584123373,1.584080935,34198,25750,68396
../data/pdb1HYS.mtx,98,128,1,1.320181131,1.320139647,34198,25750,68396
../data/pdb1HYS.mtx,98,128,2,1.325190306,1.325148106,34198,25750,68396
../data/pdb1HYS.mtx,98,128,3,1.320161104,1.320117950,34198,25750,68396
../data/pdb1HYS.mtx,98,128,4,1.848128796,1.848087072,34198,25750,68396
../data/pdb1HYS.mtx,98,128,5,1.844160318,1.844117641,34198,25750,68396
../data/pdb1HYS.mtx,98,128,6,1.584191322,1.584149122,34198,25750,68396
../data/pdb1HYS.mtx,98,128,7,1.582197905,1.582155228,34198,25750,68396
../data/pdb1HYS.mtx,98,128,8,1.582190275,1.582147121,34198,25750,68396
../data/pdb1HYS.mtx,98,128,9,1.320184946,1.320143461,34198,25750,68396
../data/pdb1HYS.mtx,99,128,0,1.309142351,1.309098959,34221,25642,68442
../data/pdb1HYS.mtx,99,128,1,1.056189775,1.056146383,34221,25642,68442
../data/pdb1HYS.mtx,99,128,2,1.061300516,1.061256886,34221,25642,68442
../data/pdb1HYS.mtx,99,128,3,1.056180954,1.056137085,34221,25642,68442
../data/pdb1HYS.mtx,99,128,4,1.584154129,1.584110022,34221,25642,68442
../data/pdb1HYS.mtx,99,128,5,1.855133057,1.855090141,34221,25642,68442
../data/pdb1HYS.mtx,99,128,6,1.584155560,1.584113121,34221,25642,68442
../data/pdb1HYS.mtx,99,128,7,1.516194820,1.516150713,34221,25642,68442
../data/pdb1HYS.mtx,99,128,8,1.582193136,1.582150698,34221,25642,68442
../data/pdb1HYS.mtx,99,128,9,1.320192814,1.320150137,34221,25642,68442
../data/pdb1HYS.mtx,100,128,0,1.320178986,1.320135355,34464,25737,68928
../data/pdb1HYS.mtx,100,128,1,1.320132017,1.320088625,34464,25737,68928
../data/pdb1HYS.mtx,100,128,2,1.325145721,1.325102329,34464,25737,68928
../data/pdb1HYS.mtx,100,128,3,1.320127010,1.320083857,34464,25737,68928
../data/pdb1HYS.mtx,100,128,4,1.584130287,1.584085464,34464,25737,68928
../data/pdb1HYS.mtx,100,128,5,1.580164194,1.580121756,34464,25737,68928
../data/pdb1HYS.mtx,100,128,6,1.320193768,1.320151091,34464,25737,68928
../data/pdb1HYS.mtx,100,128,7,1.318203449,1.318159580,34464,25737,68928
../data/pdb1HYS.mtx,100,128,8,1.549127579,1.549085140,34464,25737,68928
../data/pdb1HYS.mtx,100,128,9,1.056209087,1.056165457,34464,25737,68928
../data/pdb1HYS.mtx,101,128,0,1.320182562,1.320138216,34570,25801,69140
../data/pdb1HYS.mtx,101,128,1,1.320133924,1.320088863,34570,25801,69140
../data/pdb1HYS.mtx,101,128,2,1.325120211,1.325078487,34570,25801,69140
../data/pdb1HYS.mtx,101,128,3,1.056186438,1.056142807,34570,25801,69140
../data/pdb1HYS.mtx,101,128,4,1.320169449,1.320125580,34570,25801,69140
../data/pdb1HYS.mtx,101,128,5,1.580146074,1.580103874,34570,25801,69140
../data/pdb1HYS.mtx,101,128,6,1.320188522,1.320144176,34570,25801,69140
../data/pdb1HYS.mtx,101,128,7,1.318198919,1.318154812,34570,25801,69140
../data/pdb1HYS.mtx,101,128,8,1.320188046,1.320144415,34570,25801,69140
../data/pdb1HYS.mtx,101,128,9,1.056184053,1.056141138,34570,25801,69140
../data/pdb1HYS.mtx,102,128,0,1.331153393,1.331110954,34592,25810,69184
../data/pdb1HYS.mtx,102,128,1,1.059936285,1.059892893,34592,25810,69184
../data/pdb1HYS.mtx,102,128,2,1.061310053,1.061266422,34592,25810,69184
../data/pdb1HYS.mtx,102,128,3,1.056172848,1.056129932,34592,25810,69184
../data/pdb1HYS.mtx,102,128,4,1.320119619,1.320078373,34592,25810,69184
../data/pdb1HYS.mtx,102,128,5,1.591112614,1.591070652,34592,25810,69184
../data/pdb1HYS.mtx,102,128,6,1.320142269,1.320099831,34592,25810,69184
../data/pdb1HYS.mtx,102,128,7,1.329148293,1.329105377,34592,25810,69184
../data/pdb1HYS.mtx,102,128,8,1.320149422,1.320108175,34592,25810,69184
../data/pdb1HYS.mtx,102,128,9,1.052137375,1.052094221,34592,25810,69184
../data/pdb1HYS.mtx,103,128,0,1.320130825,1.320084572,34296,25601,68592
../data/pdb1HYS.mtx,103,128,1,1.056170225,1.056127787,34296,25601,68592
../data/pdb1HYS.mtx,103,128,2,1.039190531,1.039146662,34296,25601,68592
../data/pdb1HYS.mtx,103,128,3,1.056157589,1.056114912,34296,25601,68592
../data/pdb1HYS.mtx,103,128,4,1.320119143,1.320076942,34296,25601,68592
../data/pdb1HYS.mtx,103,128,5,1.591118574,1.591076374,34296,25601,68592
../data/pdb1HYS.mtx,103,128,6,1.320139170,1.320096731,34296,25601,68592
../data/pdb1HYS.mtx,103,128,7,1.318142653,1.318099260,34296,25601,68592
../data/pdb1HYS.mtx,103,128,8,1.320153713,1.320108652,34296,25601,68592
../data/pdb1HYS.mtx,103,128,9,1.052088499,1.052046061,34296,25601,68592
../data/pdb1HYS.mtx,104,128,0,1.584115744,1.584073067,34201,25488,68402
../data/pdb1HYS.mtx,104,128,1,1.320166588,1.320123434,34201,25488,68402
../data/pdb1HYS.mtx,104,128,2,1.314170837,1.314126730,34201,25488,68402
../data/pdb1HYS.mtx,104,128,3,1.320148706,1.320105791,34201,25488,68402
../data/pdb1HYS.mtx,104,128,4,1.320177317,1.320135593,34201,25488,68402
../data/pdb1HYS.mtx,104,128,5,1.601828814,1.601780176,34201,25488,68402
../data/pdb1HYS.mtx,104,128,6,1.584135771,1.584093332,34201,25488,68402
../data/pdb1HYS.mtx,104,128,7,1.582133532,1.582090378,34201,25488,68402
../data/pdb1HYS.mtx,104,128,8,1.582128763,1.582086086,34201,25488,68402
../data/pdb1HYS.mtx,104,128,9,1.056320429,1.056278467,34201,25488,68402
../data/pdb1HYS.mtx,105,128,0,1.320142746,1.320099831,34348,25587,68696
../data/pdb1HYS.mtx,105,128,1,1.056178331,1.056135416,34348,25587,68696
../data/pdb1HYS.mtx,105,128,2,1.171150208,1.171105385,34348,25587,68696
../data/pdb1HYS.mtx,105,128,3,1.320120573,1.320077419,34348,25587,68696
../data/pdb1HYS.mtx,105,128,4,1.320180416,1.320138216,34348,25587,68696
../data/pdb1HYS.mtx,105,128,5,1.580168486,1.580123425,34348,25587,68696
../data/pdb1HYS.mtx,105,128,6,1.584121466,1.584078074,34348,25587,68696
../data/pdb1HYS.mtx,105,128,7,1.582098722,1.582056046,34348,25587,68696
../data/pdb1HYS.mtx,105,128,8,1.582126379,1.582083464,34348,25587,68696
../data/pdb1HYS.mtx,105,128,9,1.056336403,1.056293011,34348,25587,68696
../data/pdb1HYS.mtx,106,128,0,1.329944134,1.329902172,34019,25511,68038
../data/pdb1HYS.mtx,106,128,1,1.320150137,1.320108414,34019,25511,68038
../data/pdb1HYS.mtx,106,128,2,1.314120054,1.314078093,34019,25511,68038
../data/pdb1HYS.mtx,106,128,3,1.320139885,1.320097446,34019,25511,68038
../data/pdb1HYS.mtx,106,128,4,1.320182323,1.320139885,34019,25511,68038
../data/pdb1HYS.mtx,106,128,5,1.745122671,1.745081425,34019,25511,68038
../data/pdb1HYS.mtx,106,128,6,1.320117712,1.320075035,34019,25511,68038
../data/pdb1HYS.mtx,106,128,7,1.329165936,1.329124212,34019,25511,68038
../data/pdb1HYS.mtx,106,128,8,1.320154667,1.320113182,34019,25511,68038
../data/pdb1HYS.mtx,106,128,9,1.052157879,1.052116156,34019,25511,68038
../data/pdb1HYS.mtx,107,128,0,1.320179224,1.320137501,34078,25753,68156
../data/pdb1HYS.mtx,107,128,1,1.320145607,1.320103168,34078,25753,68156
../data/pdb1HYS.mtx,107,128,2,1.325142384,1.325097561,34078,25753,68156
../data/pdb1HYS.mtx,107,128,3,1.060869455,1.060825109,34078,25753,68156
../data/pdb1HYS.mtx,107,128,4,1.320170879,1.320127726,34078,25753,68156
../data/pdb1HYS.mtx,107,128,5,1.580167055,1.580124855,34078,25753,68156
../data/pdb1HYS.mtx,107,128,6,1.320118904,1.320075989,34078,25753,68156
../data/pdb1HYS.mtx,107,128,7,1.318139553,1.318097353,34078,25753,68156
../data/pdb1HYS.mtx,107,128,8,1.320104361,1.320060253,34078,25753,68156
../data/pdb1HYS.mtx,107,128,9,1.052143574,1.052100182,34078,25753,68156
../data/pdb1HYS.mtx,108,128,0,1.320146561,1.320104122,33982,25680,67964
../data/pdb1HYS.mtx,108,128,1,1.320144892,1.320100546,33982,25680,67964
../data/pdb1HYS.mtx,108,128,2,1.325130939,1.325088501,33982,25680,67964
../data/pdb1HYS.mtx,108,128,3,1.056174278,1.056132317,33982,25680,67964
../data/pdb1HYS.mtx,108,128,4,1.320162773,1.320119858,33982,25680,67964
../data/pdb1HYS.mtx,108,128,5,1.580148935,1.580105305,33982,25680,67964
../data/pdb1HYS.mtx,108,128,6,1.323931217,1.323883057,33982,25680,67964
../data/pdb1HYS.mtx,108,128,7,1.323930740,1.323888779,33982,25680,67964
../data/pdb1HYS.mtx,108,128,8,1.329173565,1.329128742,33982,25680,67964
../data/pdb1HYS.mtx,108,128,9,1.056187391,1.056145430,33982,25680,67964
../data/pdb1HYS.mtx,109,128,0,1.056155920,1.056113482,33916,25670,67832
../data/pdb1HYS.mtx,109,128,1,1.320131779,1.320089340,33916,25670,67832
../data/pdb1HYS.mtx,109,128,2,1.325080633,1.325037003,33916,25670,67832
../data/pdb1HYS.mtx,109,128,3,1.056164026,1.056120872,33916,25670,67832
../data/pdb1HYS.mtx,109,128,4,1.320126295,1.320084095,33916,25670,67832
../data/pdb1HYS.mtx,109,128,5,1.580126762,1.580084562,33916,25670,67832
../data/pdb1HYS.mtx,109,128,6,1.320163965,1.320122957,33916,25670,67832
../data/pdb1HYS.mtx,109,128,7,1.329168797,1.329127073,33916,25670,67832
../data/pdb1HYS.mtx,109,128,8,1.320173025,1.320130587,33916,25670,67832
../data/pdb1HYS.mtx,109,128,9,1.052168131,1.052126408,33916,25670,67832
../data/pdb1HYS.mtx,110,128,0,1.056144238,1.056101084,34061,25750,68122
../data/pdb1HYS.mtx,110,128,1,1.320120096,1.320075989,34061,25750,68122
../data/pdb1HYS.mtx,110,128,2,1.325076580,1.325033188,34061,25750,68122
../data/pdb1HYS.mtx,110,128,3,1.056159973,1.056118011,34061,25750,68122
../data/pdb1HYS.mtx,110,128,4,1.320078611,1.320034742,34061,25750,68122
../data/pdb1HYS.mtx,110,128,5,1.580127716,1.580086470,34061,25750,68122
../data/pdb1HYS.mtx,110,128,6,1.320148945,1.320105314,34061,25750,68122
../data/pdb1HYS.mtx,110,128,7,1.329156160,1.329113960,34061,25750,68122
../data/pdb1HYS.mtx,110,128,8,1.320116282,1.320074797,34061,25750,68122
../data/pdb1HYS.mtx,110,128,9,1.052141428,1.052098989,34061,25750,68122
../data/pdb1HYS.mtx,111,128,0,0.792171717,0.792129040,34245,25745,68490
../data/pdb1HYS.mtx,111,128,1,1.056145191,1.056103706,34245,25745,68490
../data/pdb1HYS.mtx,111,128,2,1.061138630,1.061096907,34245,25745,68490
../data/pdb1HYS.mtx,111,128,3,0.792166948,0.792124271,34245,25745,68490
../data/pdb1HYS.mtx,111,128,4,1.056151867,1.056108713,34245,25745,68490
../data/pdb1HYS.mtx,111,128,5,1.316146851,1.316106558,34245,25745,68490
../data/pdb1HYS.mtx,111,128,6,1.056163549,1.056121826,34245,25745,68490
../data/pdb1HYS.mtx,111,128,7,1.054174185,1.054132700,34245,25745,68490
../data/pdb1HYS.mtx,111,128,8,1.056160688,1.056117535,34245,25745,68490
../data/pdb1HYS.mtx,111,128,9,0.792177200,0.792134762,34245,25745,68490
../data/pdb1HYS.mtx,112,128,0,1.584132910,1.584090710,34423,26006,68846
../data/pdb1HYS.mtx,112,128,1,1.320336103,1.320293188,34423,26006,68846
../data/pdb1HYS.mtx,112,128,2,1.316169024,1.316127539,34423,26006,68846
../data/pdb1HYS.mtx,112,128,3,1.320153952,1.320111752,34423,26006,68846
../data/pdb1HYS.mtx,112,128,4,1.320163488,1.320121765,34423,26006,68846
../data/pdb1HYS.mtx,112,128,5,1.855069399,1.855027199,34423,26006,68846
../data/pdb1HYS.mtx,112,128,6,1.584126949,1.584084749,34423,26006,68846
../data/pdb1HYS.mtx,112,128,7,1.582144976,1.582101345,34423,26006,68846
../data/pdb1HYS.mtx,112,128,8,1.582133532,1.582090616,34423,26006,68846
../data/pdb1HYS.mtx,112,128,9,1.316132784,1.316088915,34423,26006,68846
../data/pdb1HYS.mtx,113,128,0,1.320160627,1.320117950,34322,25906,68644
../data/pdb1HYS.mtx,113,128,1,1.320150852,1.320106983,34322,25906,68644
../data/pdb1HYS.mtx,113,128,2,1.314141750,1.314100266,34322,25906,68644
../data/pdb1HYS.mtx,113,128,3,1.320134878,1.320090532,34322,25906,68644
../data/pdb1HYS.mtx,113,128,4,1.320170403,1.320127964,34322,25906,68644
../data/pdb1HYS.mtx,113,128,5,1.580295801,1.580251217,34322,25906,68644
../data/pdb1HYS.mtx,113,128,6,1.323910952,1.323861599,34322,25906,68644
../data/pdb1HYS.mtx,113,128,7,1.582130432,1.582087040,34322,25906,68644
../data/pdb1HYS.mtx,113,128,8,1.582118750,1.582073689,34322,25906,68644
../data/pdb1HYS.mtx,113,128,9,1.327076912,1.327031136,34322,25906,68644
../data/pdb1HYS.mtx,114,128,0,1.584115028,1.584074020,34183,25859,68366
../data/pdb1HYS.mtx,114,128,1,1.320166826,1.320125103,34183,25859,68366
../data/pdb1HYS.mtx,114,128,2,1.314159870,1.314117670,34183,25859,68366
../data/pdb1HYS.mtx,114,128,3,1.320130825,1.320089817,34183,25859,68366
../data/pdb1HYS.mtx,114,128,4,1.320317507,1.320275068,34183,25859,68366
../data/pdb1HYS.mtx,114,128,5,1.855076075,1.855033875,34183,25859,68366
../data/pdb1HYS.mtx,114,128,6,1.584125757,1.584083319,34183,25859,68366
../data/pdb1HYS.mtx,114,128,7,1.582128286,1.582086325,34183,25859,68366
../data/pdb1HYS.mtx,114,128,8,1.582126379,1.582083941,34183,25859,68366
../data/pdb1HYS.mtx,114,128,9,1.316068649,1.316025972,34183,25859,68366
../data/pdb1HYS.mtx,115,128,0,1.320135832,1.320093632,34332,25664,68664
../data/pdb1HYS.mtx,115,128,1,1.056343317,1.056301355,34332,25664,68664
../data/pdb1HYS.mtx,115,128,2,1.314150810,1.314108133,34332,25664,68664
../data/pdb1HYS.mtx,115,128,3,1.320130825,1.320087910,34332,25664,68664
../data/pdb1HYS.mtx,115,128,4,1.320318222,1.320273876,34332,25664,68664
../data/pdb1HYS.mtx,115,128,5,1.855077028,1.855034590,34332,25664,68664
../data/pdb1HYS.mtx,115,128,6,1.320153236,1.320109129,34332,25664,68664
../data/pdb1HYS.mtx,115,128,7,1.582127094,1.582084894,34332,25664,68664
../data/pdb1HYS.mtx,115,128,8,1.582069874,1.582026958,34332,25664,68664
../data/pdb1HYS.mtx,115,128,9,1.316085339,1.316038370,34332,25664,68664
../data/pdb1HYS.mtx,116,128,0,1.320178747,1.320116282,34200,25457,68400
../data/pdb1HYS.mtx,116,128,1,1.320156336,1.320111752,34200,25457,68400
../data/pdb1HYS.mtx,116,128,2,1.314154148,1.314111233,34200,25457,68400
../data/pdb1HYS.mtx,116,128,3,1.320132971,1.320090771,34200,25457,68400
../data/pdb1HYS.mtx,116,128,4,1.320343256,1.320301056,34200,25457,68400
../data/pdb1HYS.mtx,116,128,5,1.844075680,1.844034195,34200,25457,68400
../data/pdb1HYS.mtx,116,128,6,1.320159197,1.320117474,34200,25457,68400
../data/pdb1HYS.mtx,116,128,7,1.582122326,1.582079411,34200,25457,68400
../data/pdb1HYS.mtx,116,128,8,1.582070351,1.582027435,34200,25457,68400
../data/pdb1HYS.mtx,116,128,9,1.316081047,1.316038370,34200,25457,68400
../data/pdb1HYS.mtx,117,128,0,1.320129871,1.320087910,34428,25511,68856
../data/pdb1HYS.mtx,117,128,1,1.320130110,1.320086718,34428,25511,68856
../data/pdb1HYS.mtx,117,128,2,1.325066805,1.325024605,34428,25511,68856
../data/pdb1HYS.mtx,117,128,3,1.056148291,1.056105852,34428,25511,68856
../data/pdb1HYS.mtx,117,128,4,1.320051432,1.320009232,34428,25511,68856
../data/pdb1HYS.mtx,117,128,5,1.591078758,1.591036558,34428,25511,68856
../data/pdb1HYS.mtx,117,128,6,1.320131779,1.320088387,34428,25511,68856
../data/pdb1HYS.mtx,117,128,7,1.329131842,1.329089880,34428,25511,68856
../data/pdb1HYS.mtx,117,128,8,1.320133209,1.320089340,34428,25511,68856
../data/pdb1HYS.mtx,117,128,9,1.052125454,1.052083254,34428,25511,68856
../data/pdb1HYS.mtx,118,128,0,1.320133924,1.320089340,34746,25527,69492
../data/pdb1HYS.mtx,118,128,1,1.056354523,1.056312084,34746,25527,69492
../data/pdb1HYS.mtx,118,128,2,1.050357580,1.050313950,34746,25527,69492
../data/pdb1HYS.mtx,118,128,3,1.056152105,1.056108475,34746,25527,69492
../data/pdb1HYS.mtx,118,128,4,1.320089102,1.320038319,34746,25527,69492
../data/pdb1HYS.mtx,118,128,5,1.591017962,1.590974331,34746,25527,69492
../data/pdb1HYS.mtx,118,128,6,1.059866190,1.059822083,34746,25527,69492
../data/pdb1HYS.mtx,118,128,7,1.318123817,1.318082094,34746,25527,69492
../data/pdb1HYS.mtx,118,128,8,1.320079088,1.320034742,34746,25527,69492
../data/pdb1HYS.mtx,118,128,9,1.052074194,1.052030802,34746,25527,69492
../data/pdb1HYS.mtx,119,128,0,1.056141615,1.056098700,34862,25791,69724
../data/pdb1HYS.mtx,119,128,1,1.056147099,1.056104183,34862,25791,69724
../data/pdb1HYS.mtx,119,128,2,1.061142921,1.061098576,34862,25791,69724
../data/pdb1HYS.mtx,119,128,3,0.792374134,0.792330742,34862,25791,69724
../data/pdb1HYS.mtx,119,128,4,1.056348562,1.056304455,34862,25791,69724
../data/pdb1HYS.mtx,119,128,5,1.316143990,1.316102505,34862,25791,69724
../data/pdb1HYS.mtx,119,128,6,1.056134224,1.056093454,34862,25791,69724
../data/pdb1HYS.mtx,119,128,7,1.054152250,1.054109097,34862,25791,69724
../data/pdb1HYS.mtx,119,128,8,1.056144238,1.056101084,34862,25791,69724
../data/pdb1HYS.mtx,119,128,9,0.792151690,0.792109728,34862,25791,69724
../data/pdb1HYS.mtx,120,128,0,1.668100357,1.668057919,34737,25655,69474
../data/pdb1HYS.mtx,120,128,1,1.589663744,1.589617252,34737,25655,69474
../data/pdb1HYS.mtx,120,128,2,1.591101408,1.591057777,34737,25655,69474
../data/pdb1HYS.mtx,120,128,3,1.492087841,1.492046118,34737,25655,69474
../data/pdb1HYS.mtx,120,128,4,1.760087252,1.760044813,34737,25655,69474
../data/pdb1HYS.mtx,120,128,5,1.672075987,1.672034979,34737,25655,69474
../data/pdb1HYS.mtx,120,128,6,1.679090738,1.679049015,34737,25655,69474
../data/pdb1HYS.mtx,120,128,7,1.753129721,1.753087759,34737,25655,69474
../data/pdb1HYS.mtx,120,128,8,1.936081171,1.936038017,34737,25655,69474
../data/pdb1HYS.mtx,120,128,9,1.676235676,1.676193953,34737,25655,69474
../data/pdb1HYS.mtx,121,128,0,1.668147087,1.668106318,34377,25778,68754
../data/pdb1HYS.mtx,121,128,1,1.584158421,1.584118128,34377,25778,68754
../data/pdb1HYS.mtx,121,128,2,1.602121830,1.602079630,34377,25778,68754
../data/pdb1HYS.mtx,121,128,3,1.415129662,1.415088177,34377,25778,68754
../data/pdb1HYS.mtx,121,128,4,1.672111988,1.672070503,34377,25778,68754
../data/pdb1HYS.mtx,121,128,5,1.672110319,1.672068357,34377,25778,68754
../data/pdb1HYS.mtx,121,128,6,1.637040615,1.636997938,34377,25778,68754
../data/pdb1HYS.mtx,121,128,7,1.672118664,1.672076464,34377,25778,68754
../data/pdb1HYS.mtx,121,128,8,1.848091841,1.848051548,34377,25778,68754
../data/pdb1HYS.mtx,121,128,9,1.586130142,1.586088181,34377,25778,68754
../data/pdb1HYS.mtx,122,128,0,1.679111719,1.679071426,34533,25788,69066
../data/pdb1HYS.mtx,122,128,1,1.584102392,1.584061623,34533,25788,69066
../data/pdb1HYS.mtx,122,128,2,1.584111214,1.584069967,34533,25788,69066
../data/pdb1HYS.mtx,122,128,3,1.380693436,1.380649090,34533,25788,69066
../data/pdb1HYS.mtx,122,128,4,1.677676916,1.677633047,34533,25788,69066
../data/pdb1HYS.mtx,122,128,5,1.584116697,1.584075928,34533,25788,69066
../data/pdb1HYS.mtx,122,128,6,1.591108322,1.591069221,34533,25788,69066
../data/pdb1HYS.mtx,122,128,7,1.672111750,1.672069550,34533,25788,69066
../data/pdb1HYS.mtx,122,128,8,1.848128080,1.848088026,34533,25788,69066
../data/pdb1HYS.mtx,122,128,9,1.586121321,1.586078405,34533,25788,69066
../data/pdb1HYS.mtx,123,128,0,1.591105938,1.591064453,34750,25681,69500
../data/pdb1HYS.mtx,123,128,1,1.496115446,1.496072531,34750,25681,69500
../data/pdb1HYS.mtx,123,128,2,1.496123075,1.496081352,34750,25681,69500
../data/pdb1HYS.mtx,123,128,3,1.327129602,1.327088118,34750,25681,69500
../data/pdb1HYS.mtx,123,128,4,1.672121048,1.672078133,34750,25681,69500
../data/pdb1HYS.mtx,123,128,5,1.584106922,1.584064960,34750,25681,69500
../data/pdb1HYS.mtx,123,128,6,1.501587629,1.501541853,34750,25681,69500
../data/pdb1HYS.mtx,123,128,7,1.587664843,1.587620735,34750,25681,69500
../data/pdb1HYS.mtx,123,128,8,1.848117590,1.848075628,34750,25681,69500
../data/pdb1HYS.mtx,123,128,9,1.575117588,1.575074673,34750,25681,69500
../data/pdb1HYS.mtx,124,128,0,1.588080406,1.588027954,35026,25855,70052
../data/pdb1HYS.mtx,124,128,1,1.584122658,1.584080219,35026,25855,70052
../data/pdb1HYS.mtx,124,128,2,1.501694202,1.501646996,35026,25855,70052
../data/pdb1HYS.mtx,124,128,3,1.404116154,1.404073954,35026,25855,70052
../data/pdb1HYS.mtx,124,128,4,1.672116280,1.672073841,35026,25855,70052
../data/pdb1HYS.mtx,124,128,5,1.584129333,1.584088087,35026,25855,70052
../data/pdb1HYS.mtx,124,128,6,1.580111504,1.580069304,35026,25855,70052
../data/pdb1HYS.mtx,124,128,7,1.672124386,1.672082663,35026,25855,70052
../data/pdb1HYS.mtx,124,128,8,1.848114967,1.848072290,35026,25855,70052
../data/pdb1HYS.mtx,124,128,9,1.595648289,1.595603466,35026,25855,70052
../data/pdb1HYS.mtx,125,128,0,1.591103792,1.591062069,34870,25790,69740
../data/pdb1HYS.mtx,125,128,1,1.496113777,1.496072531,34870,25790,69740
../data/pdb1HYS.mtx,125,128,2,1.496116877,1.496074677,34870,25790,69740
../data/pdb1HYS.mtx,125,128,3,1.316126347,1.316085577,34870,25790,69740
../data/pdb1HYS.mtx,125,128,4,1.584120035,1.584077358,34870,25790,69740
../data/pdb1HYS.mtx,125,128,5,1.501632690,1.501581192,34870,25790,69740
../data/pdb1HYS.mtx,125,128,6,1.492116928,1.492075443,34870,25790,69740
../data/pdb1HYS.mtx,125,128,7,1.584139824,1.584095955,34870,25790,69740
../data/pdb1HYS.mtx,125,128,8,1.765633821,1.765582085,34870,25790,69740
../data/pdb1HYS.mtx,125,128,9,1.586128235,1.586085558,34870,25790,69740
../data/pdb1HYS.mtx,126,128,0,1.580116749,1.580075502,34828,25808,69656
../data/pdb1HYS.mtx,126,128,1,1.584104061,1.584062815,34828,25808,69656
../data/pdb1HYS.mtx,126,128,2,1.496151924,1.496098757,34828,25808,69656
../data/pdb1HYS.mtx,126,128,3,1.404101372,1.404058456,34828,25808,69656
../data/pdb1HYS.mtx,126,128,4,1.672109842,1.672065973,34828,25808,69656
../data/pdb1HYS.mtx,126,128,5,1.584127188,1.584083557,34828,25808,69656
../data/pdb1HYS.mtx,126,128,6,1.580116987,1.580075979,34828,25808,69656
../data/pdb1HYS.mtx,126,128,7,1.672110558,1.672068596,34828,25808,69656
../data/pdb1HYS.mtx,126,128,8,1.848106146,1.848064423,34828,25808,69656
../data/pdb1HYS.mtx,126,128,9,1.586121321,1.586080313,34828,25808,69656
../data/pdb1HYS.mtx,127,128,0,1.547115564,1.547073841,34726,25723,69452
../data/pdb1HYS.mtx,127,128,1,1.496115923,1.496073723,34726,25723,69452
../data/pdb1HYS.mtx,127,128,2,1.496122360,1.496081114,34726,25723,69452
../data/pdb1HYS.mtx,127,128,3,1.327122688,1.327080965,34726,25723,69452
../data/pdb1HYS.mtx,127,128,4,1.584123373,1.584080935,34726,25723,69452
../data/pdb1HYS.mtx,127,128,5,1.584125042,1.584083319,34726,25723,69452
../data/pdb1HYS.mtx,127,128,6,1.591108799,1.591067791,34726,25723,69452
../data/pdb1HYS.mtx,127,128,7,1.672103167,1.672060728,34726,25723,69452
../data/pdb1HYS.mtx,127,128,8,1.760120153,1.760078192,34726,25723,69452
../data/pdb1HYS.mtx,127,128,9,1.498131275,1.498088360,34726,25723,69452


=== SUMMARY METRICS TABLE ===
Matrix_Name,Num_Processes,Ghost_Entries_Min,Ghost_Entries_Avg,Ghost_Entries_Max,Load_Imbalance_Ratio,System_P90_Time,Total_GFLOPs
../data/pdb1HYS.mtx,128,25080,25636.16,26280,1.0319,2.109006405,0.0041
=============================
