Rank 0: Reading matrix ../data/pdb1HYS.mtx...
Matrix type: matrix coordinate real symmetric
  Real: yes
  Complex: no
  Symmetric: yes
  Pattern: no
Matrix size: 36417 x 36417, NNZ (file): 2190591
Actual NNZ (after symmetry expansion): 4344765

matrix_name,rank,num_procs,run,elapsed_time,comm_time,local_nz,ghost_entries,local_flops
../data/pdb1HYS.mtx,0,2,0,0.053633213,0.052997828,2172113,18208,4344226
../data/pdb1HYS.mtx,0,2,1,0.051906824,0.051361084,2172113,18208,4344226
../data/pdb1HYS.mtx,0,2,2,0.051973820,0.051452398,2172113,18208,4344226
../data/pdb1HYS.mtx,0,2,3,0.051976681,0.051475763,2172113,18208,4344226
../data/pdb1HYS.mtx,0,2,4,0.052010536,0.051496506,2172113,18208,4344226
../data/pdb1HYS.mtx,0,2,5,0.052007437,0.051482916,2172113,18208,4344226
../data/pdb1HYS.mtx,0,2,6,0.051967382,0.051471710,2172113,18208,4344226
../data/pdb1HYS.mtx,0,2,7,0.051990271,0.051502228,2172113,18208,4344226
../data/pdb1HYS.mtx,0,2,8,0.052006960,0.051510572,2172113,18208,4344226
../data/pdb1HYS.mtx,0,2,9,0.049995184,0.049500942,2172113,18208,4344226
../data/pdb1HYS.mtx,1,2,0,0.026713371,0.026101112,2172652,18209,4345304
../data/pdb1HYS.mtx,1,2,1,0.026625156,0.026106358,2172652,18209,4345304
../data/pdb1HYS.mtx,1,2,2,0.026606321,0.026104927,2172652,18209,4345304
../data/pdb1HYS.mtx,1,2,3,0.026588202,0.026099682,2172652,18209,4345304
../data/pdb1HYS.mtx,1,2,4,0.026607037,0.026117563,2172652,18209,4345304
../data/pdb1HYS.mtx,1,2,5,0.026591778,0.026104927,2172652,18209,4345304
../data/pdb1HYS.mtx,1,2,6,0.026581287,0.026098251,2172652,18209,4345304
../data/pdb1HYS.mtx,1,2,7,0.026584387,0.026103020,2172652,18209,4345304
../data/pdb1HYS.mtx,1,2,8,0.026594162,0.026100874,2172652,18209,4345304
../data/pdb1HYS.mtx,1,2,9,0.026586533,0.026097059,2172652,18209,4345304


=== SUMMARY METRICS TABLE ===
Matrix_Name,Num_Processes,Ghost_Entries_Min,Ghost_Entries_Avg,Ghost_Entries_Max,Load_Imbalance_Ratio,System_P90_Time,Total_GFLOPs
../data/pdb1HYS.mtx,2,18208,18208.50,18209,1.0001,0.053633213,0.1620
=============================
