Rank 0: Reading matrix ../data/pdb1HYS.mtx...
Matrix type: matrix coordinate real symmetric
  Real: yes
  Complex: no
  Symmetric: yes
  Pattern: no
Matrix size: 36417 x 36417, NNZ (file): 2190591
Actual NNZ (after symmetry expansion): 4344765

matrix_name,rank,num_procs,run,elapsed_time,comm_time,local_nz,ghost_entries,local_flops
../data/pdb1HYS.mtx,0,1,0,0.001292706,0.000016451,4344765,0,8689530
../data/pdb1HYS.mtx,0,1,1,0.001118660,0.000016928,4344765,0,8689530
../data/pdb1HYS.mtx,0,1,2,0.000965595,0.000015259,4344765,0,8689530
../data/pdb1HYS.mtx,0,1,3,0.000868082,0.000015974,4344765,0,8689530
../data/pdb1HYS.mtx,0,1,4,0.000892162,0.000015020,4344765,0,8689530
../data/pdb1HYS.mtx,0,1,5,0.000831842,0.000016928,4344765,0,8689530
../data/pdb1HYS.mtx,0,1,6,0.000843048,0.000016689,4344765,0,8689530
../data/pdb1HYS.mtx,0,1,7,0.000849724,0.000012398,4344765,0,8689530
../data/pdb1HYS.mtx,0,1,8,0.000889540,0.000016451,4344765,0,8689530
../data/pdb1HYS.mtx,0,1,9,0.000865459,0.000016689,4344765,0,8689530


=== SUMMARY METRICS TABLE ===
Matrix_Name,Num_Processes,Ghost_Entries_Min,Ghost_Entries_Avg,Ghost_Entries_Max,Load_Imbalance_Ratio,System_P90_Time,Total_GFLOPs
../data/pdb1HYS.mtx,1,0,0.00,0,1.0000,0.001292706,6.7220
=============================
