Rank 0: Reading matrix ../data/bcsstk14.mtx...
Matrix type: matrix coordinate real symmetric
  Real: yes
  Complex: no
  Symmetric: yes
  Pattern: no
Matrix size: 1806 x 1806, NNZ (file): 32630
Actual NNZ (after symmetry expansion): 63454

matrix_name,rank,num_procs,run,elapsed_time,comm_time,local_nz,ghost_entries,local_flops
../data/bcsstk14.mtx,0,128,0,1.574071646,1.574069262,547,462,1094
../data/bcsstk14.mtx,0,128,1,1.587014914,1.587012768,547,462,1094
../data/bcsstk14.mtx,0,128,2,1.587021112,1.587018490,547,462,1094
../data/bcsstk14.mtx,0,128,3,1.571998835,1.571996212,547,462,1094
../data/bcsstk14.mtx,0,128,4,1.583627939,1.583625793,547,462,1094
../data/bcsstk14.mtx,0,128,5,1.591041803,1.591039181,547,462,1094
../data/bcsstk14.mtx,0,128,6,1.590026855,1.590024471,547,462,1094
../data/bcsstk14.mtx,0,128,7,1.590023279,1.590020895,547,462,1094
../data/bcsstk14.mtx,0,128,8,1.593032598,1.593030214,547,462,1094
../data/bcsstk14.mtx,0,128,9,1.856994629,1.856992722,547,462,1094
../data/bcsstk14.mtx,1,128,0,1.574086905,1.574084282,533,449,1066
../data/bcsstk14.mtx,1,128,1,1.568049192,1.568046570,533,449,1066
../data/bcsstk14.mtx,1,128,2,1.587030172,1.587028027,533,449,1066
../data/bcsstk14.mtx,1,128,3,1.594065905,1.594063520,533,449,1066
../data/bcsstk14.mtx,1,128,4,1.577018499,1.577014208,533,449,1066
../data/bcsstk14.mtx,1,128,5,1.734031439,1.734029293,533,449,1066
../data/bcsstk14.mtx,1,128,6,1.579022169,1.579020023,533,449,1066
../data/bcsstk14.mtx,1,128,7,1.568031311,1.568028927,533,449,1066
../data/bcsstk14.mtx,1,128,8,1.321749687,1.321745396,533,449,1066
../data/bcsstk14.mtx,1,128,9,1.584037304,1.584035158,533,449,1066
../data/bcsstk14.mtx,2,128,0,1.585084915,1.585082293,539,443,1078
../data/bcsstk14.mtx,2,128,1,1.590034962,1.590032578,539,443,1078
../data/bcsstk14.mtx,2,128,2,1.586032391,1.586030006,539,443,1078
../data/bcsstk14.mtx,2,128,3,1.583051920,1.583048582,539,443,1078
../data/bcsstk14.mtx,2,128,4,1.592010260,1.592006683,539,443,1078
../data/bcsstk14.mtx,2,128,5,1.580035686,1.580033064,539,443,1078
../data/bcsstk14.mtx,2,128,6,1.590039730,1.590037346,539,443,1078
../data/bcsstk14.mtx,2,128,7,1.568036079,1.568033934,539,443,1078
../data/bcsstk14.mtx,2,128,8,1.576043129,1.576040983,539,443,1078
../data/bcsstk14.mtx,2,128,9,1.590765715,1.590763569,539,443,1078
../data/bcsstk14.mtx,3,128,0,1.334082603,1.334080219,543,441,1086
../data/bcsstk14.mtx,3,128,1,1.311030626,1.311028481,543,441,1086
../data/bcsstk14.mtx,3,128,2,1.323046446,1.323044300,543,441,1086
../data/bcsstk14.mtx,3,128,3,1.330058336,1.330055237,543,441,1086
../data/bcsstk14.mtx,3,128,4,1.306009531,1.306005001,543,441,1086
../data/bcsstk14.mtx,3,128,5,1.316049099,1.316046953,543,441,1086
../data/bcsstk14.mtx,3,128,6,1.323033571,1.323031187,543,441,1086
../data/bcsstk14.mtx,3,128,7,1.316036940,1.316034555,543,441,1086
../data/bcsstk14.mtx,3,128,8,1.319038868,1.319036722,543,441,1086
../data/bcsstk14.mtx,3,128,9,1.518030882,1.518028975,543,441,1086
../data/bcsstk14.mtx,4,128,0,1.596079826,1.596077919,531,458,1062
../data/bcsstk14.mtx,4,128,1,1.590026379,1.590024471,531,458,1062
../data/bcsstk14.mtx,4,128,2,1.575039148,1.575037241,531,458,1062
../data/bcsstk14.mtx,4,128,3,1.583045721,1.583043337,531,458,1062
../data/bcsstk14.mtx,4,128,4,1.591983795,1.591981173,531,458,1062
../data/bcsstk14.mtx,4,128,5,1.396755695,1.396753311,531,458,1062
../data/bcsstk14.mtx,4,128,6,1.323065281,1.323061943,531,458,1062
../data/bcsstk14.mtx,4,128,7,1.330113888,1.330111265,531,458,1062
../data/bcsstk14.mtx,4,128,8,1.318051815,1.318049669,531,458,1062
../data/bcsstk14.mtx,4,128,9,1.584026575,1.584024906,531,458,1062
../data/bcsstk14.mtx,5,128,0,1.337084293,1.337081671,521,450,1042
../data/bcsstk14.mtx,5,128,1,1.322011471,1.322008848,521,450,1042
../data/bcsstk14.mtx,5,128,2,1.322033405,1.322030783,521,450,1042
../data/bcsstk14.mtx,5,128,3,1.322042227,1.322039127,521,450,1042
../data/bcsstk14.mtx,5,128,4,1.328007460,1.328003645,521,450,1042
../data/bcsstk14.mtx,5,128,5,1.316040516,1.316038132,521,450,1042
../data/bcsstk14.mtx,5,128,6,1.323031664,1.323029280,521,450,1042
../data/bcsstk14.mtx,5,128,7,1.305034876,1.305032730,521,450,1042
../data/bcsstk14.mtx,5,128,8,1.319034100,1.319032192,521,450,1042
../data/bcsstk14.mtx,5,128,9,1.320022821,1.320020437,521,450,1042
../data/bcsstk14.mtx,6,128,0,1.324737549,1.324733973,520,436,1040
../data/bcsstk14.mtx,6,128,1,1.590023518,1.590021133,520,436,1040
../data/bcsstk14.mtx,6,128,2,1.575028658,1.575026274,520,436,1040
../data/bcsstk14.mtx,6,128,3,1.583043337,1.583041191,520,436,1040
../data/bcsstk14.mtx,6,128,4,1.592008114,1.592004538,520,436,1040
../data/bcsstk14.mtx,6,128,5,1.580010414,1.580008030,520,436,1040
../data/bcsstk14.mtx,6,128,6,1.312020540,1.312018394,520,436,1040
../data/bcsstk14.mtx,6,128,7,1.316034079,1.316031933,520,436,1040
../data/bcsstk14.mtx,6,128,8,1.055118561,1.055116415,520,436,1040
../data/bcsstk14.mtx,6,128,9,1.320025444,1.320023298,520,436,1040
../data/bcsstk14.mtx,7,128,0,1.326066256,1.326064110,504,424,1008
../data/bcsstk14.mtx,7,128,1,1.322020054,1.322017670,504,424,1008
../data/bcsstk14.mtx,7,128,2,1.311021090,1.311018944,504,424,1008
../data/bcsstk14.mtx,7,128,3,1.322044849,1.322041988,504,424,1008
../data/bcsstk14.mtx,7,128,4,1.328013659,1.328009367,504,424,1008
../data/bcsstk14.mtx,7,128,5,1.316031218,1.316029072,504,424,1008
../data/bcsstk14.mtx,7,128,6,1.059052467,1.059050560,504,424,1008
../data/bcsstk14.mtx,7,128,7,1.053026676,1.053024530,504,424,1008
../data/bcsstk14.mtx,7,128,8,1.060021162,1.060019255,504,424,1008
../data/bcsstk14.mtx,7,128,9,1.320034027,1.320031881,504,424,1008
../data/bcsstk14.mtx,8,128,0,1.453070879,1.453068495,536,406,1072
../data/bcsstk14.mtx,8,128,1,1.568035841,1.568032980,536,406,1072
../data/bcsstk14.mtx,8,128,2,1.587049484,1.587047338,536,406,1072
../data/bcsstk14.mtx,8,128,3,1.594069242,1.594066858,536,406,1072
../data/bcsstk14.mtx,8,128,4,1.577013731,1.577011585,536,406,1072
../data/bcsstk14.mtx,8,128,5,1.580056429,1.580054522,536,406,1072
../data/bcsstk14.mtx,8,128,6,1.590037584,1.590035200,536,406,1072
../data/bcsstk14.mtx,8,128,7,1.689038515,1.689036369,536,406,1072
../data/bcsstk14.mtx,8,128,8,1.395133018,1.395130634,536,406,1072
../data/bcsstk14.mtx,8,128,9,1.584024668,1.584022760,536,406,1072
../data/bcsstk14.mtx,9,128,0,1.312056541,1.312053919,510,376,1020
../data/bcsstk14.mtx,9,128,1,1.323035955,1.323033810,510,376,1020
../data/bcsstk14.mtx,9,128,2,1.323053360,1.323050737,510,376,1020
../data/bcsstk14.mtx,9,128,3,1.308161736,1.308156967,510,376,1020
../data/bcsstk14.mtx,9,128,4,1.317030191,1.317026377,510,376,1020
../data/bcsstk14.mtx,9,128,5,1.327066898,1.327064753,510,376,1020
../data/bcsstk14.mtx,9,128,6,1.323066950,1.323064327,510,376,1020
../data/bcsstk14.mtx,9,128,7,1.711035013,1.711032867,510,376,1020
../data/bcsstk14.mtx,9,128,8,1.570008755,1.570006132,510,376,1020
../data/bcsstk14.mtx,9,128,9,1.320004702,1.320002794,510,376,1020
../data/bcsstk14.mtx,10,128,0,1.312079906,1.312077284,560,408,1120
../data/bcsstk14.mtx,10,128,1,1.323041677,1.323039293,560,408,1120
../data/bcsstk14.mtx,10,128,2,1.323055506,1.323053360,560,408,1120
../data/bcsstk14.mtx,10,128,3,1.385009050,1.385006428,560,408,1120
../data/bcsstk14.mtx,10,128,4,1.306014299,1.306009531,560,408,1120
../data/bcsstk14.mtx,10,128,5,1.327054739,1.327051640,560,408,1120
../data/bcsstk14.mtx,10,128,6,1.323042870,1.323040485,560,408,1120
../data/bcsstk14.mtx,10,128,7,1.327130795,1.327127934,560,408,1120
../data/bcsstk14.mtx,10,128,8,1.319091558,1.319089174,560,408,1120
../data/bcsstk14.mtx,10,128,9,1.378057480,1.378055334,560,408,1120
../data/bcsstk14.mtx,11,128,0,1.323094368,1.323091984,566,410,1132
../data/bcsstk14.mtx,11,128,1,1.311047792,1.311044216,566,410,1132
../data/bcsstk14.mtx,11,128,2,1.323044777,1.323042393,566,410,1132
../data/bcsstk14.mtx,11,128,3,1.330165863,1.330162764,566,410,1132
../data/bcsstk14.mtx,11,128,4,1.306004524,1.305999994,566,410,1132
../data/bcsstk14.mtx,11,128,5,1.327053547,1.327051163,566,410,1132
../data/bcsstk14.mtx,11,128,6,1.477038860,1.477035999,566,410,1132
../data/bcsstk14.mtx,11,128,7,1.327036142,1.327033520,566,410,1132
../data/bcsstk14.mtx,11,128,8,1.307018042,1.307015896,566,410,1132
../data/bcsstk14.mtx,11,128,9,1.320029974,1.320027828,566,410,1132
../data/bcsstk14.mtx,12,128,0,1.326065540,1.326063633,542,443,1084
../data/bcsstk14.mtx,12,128,1,1.590025663,1.590023518,542,443,1084
../data/bcsstk14.mtx,12,128,2,1.575030804,1.575028419,542,443,1084
../data/bcsstk14.mtx,12,128,3,1.583057642,1.583055258,542,443,1084
../data/bcsstk14.mtx,12,128,4,1.592015266,1.592011690,542,443,1084
../data/bcsstk14.mtx,12,128,5,1.580031633,1.580028772,542,443,1084
../data/bcsstk14.mtx,12,128,6,1.579031467,1.579029083,542,443,1084
../data/bcsstk14.mtx,12,128,7,1.579035759,1.579033852,542,443,1084
../data/bcsstk14.mtx,12,128,8,1.570020676,1.570018530,542,443,1084
../data/bcsstk14.mtx,12,128,9,1.320026159,1.320024014,542,443,1084
../data/bcsstk14.mtx,13,128,0,1.051087856,1.051085472,551,449,1102
../data/bcsstk14.mtx,13,128,1,1.590025902,1.590023756,551,449,1102
../data/bcsstk14.mtx,13,128,2,1.575033903,1.575031519,551,449,1102
../data/bcsstk14.mtx,13,128,3,1.583052635,1.583050013,551,449,1102
../data/bcsstk14.mtx,13,128,4,1.460065126,1.460061550,551,449,1102
../data/bcsstk14.mtx,13,128,5,1.316041231,1.316039085,551,449,1102
../data/bcsstk14.mtx,13,128,6,1.323046446,1.323044062,551,449,1102
../data/bcsstk14.mtx,13,128,7,1.316041946,1.316040039,551,449,1102
../data/bcsstk14.mtx,13,128,8,1.319033623,1.319031715,551,449,1102
../data/bcsstk14.mtx,13,128,9,1.056037664,1.056035519,551,449,1102
../data/bcsstk14.mtx,14,128,0,1.062076330,1.062074184,503,415,1006
../data/bcsstk14.mtx,14,128,1,1.323041439,1.323039293,503,415,1006
../data/bcsstk14.mtx,14,128,2,1.311024666,1.311022758,503,415,1006
../data/bcsstk14.mtx,14,128,3,1.572017193,1.572014809,503,415,1006
../data/bcsstk14.mtx,14,128,4,1.323738575,1.323734760,503,415,1006
../data/bcsstk14.mtx,14,128,5,1.327067375,1.327064991,503,415,1006
../data/bcsstk14.mtx,14,128,6,1.323222160,1.323219776,503,415,1006
../data/bcsstk14.mtx,14,128,7,1.536014795,1.536012650,503,415,1006
../data/bcsstk14.mtx,14,128,8,1.570001364,1.569999218,503,415,1006
../data/bcsstk14.mtx,14,128,9,1.320033073,1.320031166,503,415,1006
../data/bcsstk14.mtx,15,128,0,0.787061214,0.787059069,521,429,1042
../data/bcsstk14.mtx,15,128,1,1.059765100,1.059762716,521,429,1042
../data/bcsstk14.mtx,15,128,2,1.061770439,1.061768293,521,429,1042
../data/bcsstk14.mtx,15,128,3,1.322048426,1.322046280,521,429,1042
../data/bcsstk14.mtx,15,128,4,1.416025639,1.416021347,521,429,1042
../data/bcsstk14.mtx,15,128,5,1.316038609,1.316036701,521,429,1042
../data/bcsstk14.mtx,15,128,6,1.323036909,1.323034763,521,429,1042
../data/bcsstk14.mtx,15,128,7,1.305042744,1.305040598,521,429,1042
../data/bcsstk14.mtx,15,128,8,1.318048000,1.318045616,521,429,1042
../data/bcsstk14.mtx,15,128,9,1.056029558,1.056027651,521,429,1042
../data/bcsstk14.mtx,16,128,0,1.321077347,1.321075201,513,405,1026
../data/bcsstk14.mtx,16,128,1,1.323039055,1.323036671,513,405,1026
../data/bcsstk14.mtx,16,128,2,1.325694561,1.325692177,513,405,1026
../data/bcsstk14.mtx,16,128,3,1.583007574,1.583004951,513,405,1026
../data/bcsstk14.mtx,16,128,4,1.323650122,1.323645592,513,405,1026
../data/bcsstk14.mtx,16,128,5,1.319787502,1.319783449,513,405,1026
../data/bcsstk14.mtx,16,128,6,1.587006807,1.587004662,513,405,1026
../data/bcsstk14.mtx,16,128,7,1.602003574,1.602001429,513,405,1026
../data/bcsstk14.mtx,16,128,8,1.570002556,1.570000410,513,405,1026
../data/bcsstk14.mtx,16,128,9,1.323175669,1.323173285,513,405,1026
../data/bcsstk14.mtx,17,128,0,1.315072298,1.315069914,510,403,1020
../data/bcsstk14.mtx,17,128,1,1.333029985,1.333027601,510,403,1020
../data/bcsstk14.mtx,17,128,2,1.399024248,1.399022102,510,403,1020
../data/bcsstk14.mtx,17,128,3,1.322041273,1.322039127,510,403,1020
../data/bcsstk14.mtx,17,128,4,1.323011875,1.323008299,510,403,1020
../data/bcsstk14.mtx,17,128,5,1.261045694,1.261043787,510,403,1020
../data/bcsstk14.mtx,17,128,6,1.213042259,1.213039875,510,403,1020
../data/bcsstk14.mtx,17,128,7,1.327162981,1.327160358,510,403,1020
../data/bcsstk14.mtx,17,128,8,1.319154024,1.319151878,510,403,1020
../data/bcsstk14.mtx,17,128,9,1.312160969,1.312158346,510,403,1020
../data/bcsstk14.mtx,18,128,0,1.062234402,1.062231779,543,407,1086
../data/bcsstk14.mtx,18,128,1,1.055038452,1.055035591,543,407,1086
../data/bcsstk14.mtx,18,128,2,1.322034836,1.322032690,543,407,1086
../data/bcsstk14.mtx,18,128,3,1.330051184,1.330049038,543,407,1086
../data/bcsstk14.mtx,18,128,4,1.317013264,1.317009211,543,407,1086
../data/bcsstk14.mtx,18,128,5,1.316016436,1.316014290,543,407,1086
../data/bcsstk14.mtx,18,128,6,1.312023640,1.312021255,543,407,1086
../data/bcsstk14.mtx,18,128,7,1.305040836,1.305038452,543,407,1086
../data/bcsstk14.mtx,18,128,8,1.318011284,1.318009138,543,407,1086
../data/bcsstk14.mtx,18,128,9,1.320018053,1.320015669,543,407,1086
../data/bcsstk14.mtx,19,128,0,1.050998926,1.050996065,552,407,1104
../data/bcsstk14.mtx,19,128,1,0.792018414,0.792015553,552,407,1104
../data/bcsstk14.mtx,19,128,2,1.322013855,1.322011948,552,407,1104
../data/bcsstk14.mtx,19,128,3,1.321988583,1.321985483,552,407,1104
../data/bcsstk14.mtx,19,128,4,1.327980280,1.327975988,552,407,1104
../data/bcsstk14.mtx,19,128,5,1.055017233,1.055015087,552,407,1104
../data/bcsstk14.mtx,19,128,6,1.059012890,1.059010506,552,407,1104
../data/bcsstk14.mtx,19,128,7,1.053011179,1.053008795,552,407,1104
../data/bcsstk14.mtx,19,128,8,1.055007935,1.055006027,552,407,1104
../data/bcsstk14.mtx,19,128,9,1.056013823,1.056011915,552,407,1104
../data/bcsstk14.mtx,20,128,0,1.312070370,1.312068224,513,405,1026
../data/bcsstk14.mtx,20,128,1,1.323035479,1.323033571,513,405,1026
../data/bcsstk14.mtx,20,128,2,1.323037863,1.323035955,513,405,1026
../data/bcsstk14.mtx,20,128,3,1.572010994,1.572008610,513,405,1026
../data/bcsstk14.mtx,20,128,4,1.317012787,1.317009449,513,405,1026
../data/bcsstk14.mtx,20,128,5,1.327061653,1.327059507,513,405,1026
../data/bcsstk14.mtx,20,128,6,1.323036194,1.323033810,513,405,1026
../data/bcsstk14.mtx,20,128,7,1.338007689,1.338005543,513,405,1026
../data/bcsstk14.mtx,20,128,8,1.203013897,1.203011990,513,405,1026
../data/bcsstk14.mtx,20,128,9,1.320042133,1.320040226,513,405,1026
../data/bcsstk14.mtx,21,128,0,1.051074743,1.051072598,523,412,1046
../data/bcsstk14.mtx,21,128,1,1.322022438,1.322020292,523,412,1046
../data/bcsstk14.mtx,21,128,2,1.311030149,1.311028242,523,412,1046
../data/bcsstk14.mtx,21,128,3,1.322041988,1.322039604,523,412,1046
../data/bcsstk14.mtx,21,128,4,1.328003645,1.328000069,523,412,1046
../data/bcsstk14.mtx,21,128,5,1.327023745,1.327021837,523,412,1046
../data/bcsstk14.mtx,21,128,6,1.059042454,1.059040546,523,412,1046
../data/bcsstk14.mtx,21,128,7,1.327000856,1.326997995,523,412,1046
../data/bcsstk14.mtx,21,128,8,1.329006672,1.329004526,523,412,1046
../data/bcsstk14.mtx,21,128,9,1.320005417,1.320003271,523,412,1046
../data/bcsstk14.mtx,22,128,0,1.312075615,1.312072992,509,432,1018
../data/bcsstk14.mtx,22,128,1,1.323030949,1.323028803,509,432,1018
../data/bcsstk14.mtx,22,128,2,1.323038816,1.323036909,509,432,1018
../data/bcsstk14.mtx,22,128,3,1.572009325,1.572007179,509,432,1018
../data/bcsstk14.mtx,22,128,4,1.317003012,1.316999197,509,432,1018
../data/bcsstk14.mtx,22,128,5,1.316041231,1.316039324,509,432,1018
../data/bcsstk14.mtx,22,128,6,1.059038639,1.059036493,509,432,1018
../data/bcsstk14.mtx,22,128,7,1.059036016,1.059033871,509,432,1018
../data/bcsstk14.mtx,22,128,8,1.055033684,1.055031776,509,432,1018
../data/bcsstk14.mtx,22,128,9,1.056028843,1.056026936,509,432,1018
../data/bcsstk14.mtx,23,128,0,1.323030472,1.323028088,515,438,1030
../data/bcsstk14.mtx,23,128,1,1.319014788,1.319012642,515,438,1030
../data/bcsstk14.mtx,23,128,2,1.322026491,1.322024822,515,438,1030
../data/bcsstk14.mtx,23,128,3,1.517023325,1.517020464,515,438,1030
../data/bcsstk14.mtx,23,128,4,1.053990841,1.053987265,515,438,1030
../data/bcsstk14.mtx,23,128,5,1.066053629,1.066051483,515,438,1030
../data/bcsstk14.mtx,23,128,6,0.795031786,0.795029402,515,438,1030
../data/bcsstk14.mtx,23,128,7,1.053004503,1.053002119,515,438,1030
../data/bcsstk14.mtx,23,128,8,1.062009096,1.062006712,515,438,1030
../data/bcsstk14.mtx,23,128,9,1.056013107,1.056011200,515,438,1030
../data/bcsstk14.mtx,24,128,0,1.597018719,1.597016573,477,380,954
../data/bcsstk14.mtx,24,128,1,1.304749727,1.304747105,477,380,954
../data/bcsstk14.mtx,24,128,2,1.587016582,1.587015152,477,380,954
../data/bcsstk14.mtx,24,128,3,2.068816185,2.068814039,477,380,954
../data/bcsstk14.mtx,24,128,4,1.590062141,1.590060234,477,380,954
../data/bcsstk14.mtx,24,128,5,1.907091141,1.907089472,477,380,954
../data/bcsstk14.mtx,24,128,6,1.583998919,1.583997250,477,380,954
../data/bcsstk14.mtx,24,128,7,1.579079151,1.579077005,477,380,954
../data/bcsstk14.mtx,24,128,8,1.591073990,1.591072083,477,380,954
../data/bcsstk14.mtx,24,128,9,1.587017059,1.587015152,477,380,954
../data/bcsstk14.mtx,25,128,0,1.586022377,1.586020470,430,348,860
../data/bcsstk14.mtx,25,128,1,1.311057806,1.311055899,430,348,860
../data/bcsstk14.mtx,25,128,2,1.587028980,1.587026596,430,348,860
../data/bcsstk14.mtx,25,128,3,1.849039555,1.849037409,430,348,860
../data/bcsstk14.mtx,25,128,4,1.579002619,1.579000950,430,348,860
../data/bcsstk14.mtx,25,128,5,1.851022482,1.851020336,430,348,860
../data/bcsstk14.mtx,25,128,6,1.584032297,1.584030628,430,348,860
../data/bcsstk14.mtx,25,128,7,1.590049028,1.590047121,430,348,860
../data/bcsstk14.mtx,25,128,8,1.572053671,1.572051764,430,348,860
../data/bcsstk14.mtx,25,128,9,1.323040962,1.323039293,430,348,860
../data/bcsstk14.mtx,26,128,0,1.585998058,1.585996151,477,378,954
../data/bcsstk14.mtx,26,128,1,1.322053671,1.322051764,477,378,954
../data/bcsstk14.mtx,26,128,2,1.576035738,1.576034069,477,378,954
../data/bcsstk14.mtx,26,128,3,1.849045992,1.849044085,477,378,954
../data/bcsstk14.mtx,26,128,4,1.578997612,1.578994274,477,378,954
../data/bcsstk14.mtx,26,128,5,1.851024389,1.851022720,477,378,954
../data/bcsstk14.mtx,26,128,6,1.584031105,1.584029436,477,378,954
../data/bcsstk14.mtx,26,128,7,1.590038300,1.590036392,477,378,954
../data/bcsstk14.mtx,26,128,8,1.583042860,1.583041191,477,378,954
../data/bcsstk14.mtx,26,128,9,1.576035500,1.576033831,477,378,954
../data/bcsstk14.mtx,27,128,0,1.323047638,1.323045254,496,395,992
../data/bcsstk14.mtx,27,128,1,1.047053337,1.047051430,496,395,992
../data/bcsstk14.mtx,27,128,2,1.323033333,1.323031664,496,395,992
../data/bcsstk14.mtx,27,128,3,1.849042416,1.849040508,496,395,992
../data/bcsstk14.mtx,27,128,4,1.314722061,1.314720154,496,395,992
../data/bcsstk14.mtx,27,128,5,1.590749264,1.590747356,496,395,992
../data/bcsstk14.mtx,27,128,6,1.587028503,1.587026596,496,395,992
../data/bcsstk14.mtx,27,128,7,1.590041637,1.590039968,496,395,992
../data/bcsstk14.mtx,27,128,8,1.319043636,1.319041967,496,395,992
../data/bcsstk14.mtx,27,128,9,1.323036671,1.323034763,496,395,992
../data/bcsstk14.mtx,28,128,0,1.586030960,1.586029291,469,377,938
../data/bcsstk14.mtx,28,128,1,1.311054707,1.311053038,469,377,938
../data/bcsstk14.mtx,28,128,2,1.587027073,1.587025404,469,377,938
../data/bcsstk14.mtx,28,128,3,1.849041462,1.849039793,469,377,938
../data/bcsstk14.mtx,28,128,4,1.579003811,1.578999758,469,377,938
../data/bcsstk14.mtx,28,128,5,1.851048946,1.851047277,469,377,938
../data/bcsstk14.mtx,28,128,6,1.584039211,1.584037542,469,377,938
../data/bcsstk14.mtx,28,128,7,1.590008736,1.590007067,469,377,938
../data/bcsstk14.mtx,28,128,8,1.572039127,1.572037220,469,377,938
../data/bcsstk14.mtx,28,128,9,1.323037386,1.323035479,469,377,938
../data/bcsstk14.mtx,29,128,0,1.323035717,1.323033810,449,368,898
../data/bcsstk14.mtx,29,128,1,1.047053814,1.047052145,449,368,898
../data/bcsstk14.mtx,29,128,2,1.323034763,1.323032618,449,368,898
../data/bcsstk14.mtx,29,128,3,1.585053205,1.585051060,449,368,898
../data/bcsstk14.mtx,29,128,4,1.139031172,1.139029264,449,368,898
../data/bcsstk14.mtx,29,128,5,1.587052107,1.587050200,449,368,898
../data/bcsstk14.mtx,29,128,6,1.587024450,1.587022781,449,368,898
../data/bcsstk14.mtx,29,128,7,1.590025425,1.590023756,449,368,898
../data/bcsstk14.mtx,29,128,8,1.583044052,1.583042383,449,368,898
../data/bcsstk14.mtx,29,128,9,1.323039770,1.323038101,449,368,898
../data/bcsstk14.mtx,30,128,0,1.312047720,1.312045574,476,385,952
../data/bcsstk14.mtx,30,128,1,1.322034121,1.322032452,476,385,952
../data/bcsstk14.mtx,30,128,2,1.312061071,1.312059402,476,385,952
../data/bcsstk14.mtx,30,128,3,1.849034309,1.849032640,476,385,952
../data/bcsstk14.mtx,30,128,4,1.326004982,1.326001644,476,385,952
../data/bcsstk14.mtx,30,128,5,1.576045275,1.576043606,476,385,952
../data/bcsstk14.mtx,30,128,6,1.323048353,1.323046684,476,385,952
../data/bcsstk14.mtx,30,128,7,1.579021454,1.579019785,476,385,952
../data/bcsstk14.mtx,30,128,8,1.579029560,1.579027891,476,385,952
../data/bcsstk14.mtx,30,128,9,1.323040962,1.323039293,476,385,952
../data/bcsstk14.mtx,31,128,0,1.312038422,1.312035799,457,364,914
../data/bcsstk14.mtx,31,128,1,1.146043062,1.146041155,457,364,914
../data/bcsstk14.mtx,31,128,2,1.323011637,1.323009968,457,364,914
../data/bcsstk14.mtx,31,128,3,1.585043907,1.585041761,457,364,914
../data/bcsstk14.mtx,31,128,4,1.315012932,1.315009832,457,364,914
../data/bcsstk14.mtx,31,128,5,1.587026596,1.587024927,457,364,914
../data/bcsstk14.mtx,31,128,6,1.312032700,1.312030792,457,364,914
../data/bcsstk14.mtx,31,128,7,1.326043129,1.326041460,457,364,914
../data/bcsstk14.mtx,31,128,8,1.319041491,1.319039345,457,364,914
../data/bcsstk14.mtx,31,128,9,1.059042454,1.059040308,457,364,914
../data/bcsstk14.mtx,32,128,0,1.323046207,1.323044300,450,350,900
../data/bcsstk14.mtx,32,128,1,1.322026491,1.322024584,450,350,900
../data/bcsstk14.mtx,32,128,2,1.587035418,1.587033749,450,350,900
../data/bcsstk14.mtx,32,128,3,1.849051476,1.849049330,450,350,900
../data/bcsstk14.mtx,32,128,4,1.590015173,1.590013266,450,350,900
../data/bcsstk14.mtx,32,128,5,1.851032257,1.851030350,450,350,900
../data/bcsstk14.mtx,32,128,6,1.584045649,1.584043980,450,350,900
../data/bcsstk14.mtx,32,128,7,1.579120159,1.579118013,450,350,900
../data/bcsstk14.mtx,32,128,8,1.583050489,1.583048820,450,350,900
../data/bcsstk14.mtx,32,128,9,1.323051453,1.323049307,450,350,900
../data/bcsstk14.mtx,33,128,0,1.312025547,1.312023401,451,362,902
../data/bcsstk14.mtx,33,128,1,1.058035851,1.058033943,451,362,902
../data/bcsstk14.mtx,33,128,2,1.315769196,1.315767288,451,362,902
../data/bcsstk14.mtx,33,128,3,1.849018097,1.849016190,451,362,902
../data/bcsstk14.mtx,33,128,4,1.567998409,1.567996740,451,362,902
../data/bcsstk14.mtx,33,128,5,1.851029158,1.851027012,451,362,902
../data/bcsstk14.mtx,33,128,6,1.587019444,1.587017536,451,362,902
../data/bcsstk14.mtx,33,128,7,1.590047598,1.590045691,451,362,902
../data/bcsstk14.mtx,33,128,8,1.583041191,1.583038807,451,362,902
../data/bcsstk14.mtx,33,128,9,1.323045492,1.323043346,451,362,902
../data/bcsstk14.mtx,34,128,0,1.312029123,1.312027216,457,354,914
../data/bcsstk14.mtx,34,128,1,1.058037996,1.058036089,457,354,914
../data/bcsstk14.mtx,34,128,2,1.400038004,1.400036097,457,354,914
../data/bcsstk14.mtx,34,128,3,1.849013329,1.849011183,457,354,914
../data/bcsstk14.mtx,34,128,4,1.315001965,1.315000057,457,354,914
../data/bcsstk14.mtx,34,128,5,1.587029457,1.587027311,457,354,914
../data/bcsstk14.mtx,34,128,6,1.587018251,1.587016582,457,354,914
../data/bcsstk14.mtx,34,128,7,1.612036467,1.612034798,457,354,914
../data/bcsstk14.mtx,34,128,8,1.579035282,1.579033375,457,354,914
../data/bcsstk14.mtx,34,128,9,1.312027931,1.312026262,457,354,914
../data/bcsstk14.mtx,35,128,0,1.059040308,1.059038639,443,346,886
../data/bcsstk14.mtx,35,128,1,1.051021814,1.051020145,443,346,886
../data/bcsstk14.mtx,35,128,2,1.323034763,1.323032856,443,346,886
../data/bcsstk14.mtx,35,128,3,1.849034548,1.849032879,443,346,886
../data/bcsstk14.mtx,35,128,4,1.326016426,1.326014757,443,346,886
../data/bcsstk14.mtx,35,128,5,1.576040745,1.576038837,443,346,886
../data/bcsstk14.mtx,35,128,6,1.323048353,1.323046684,443,346,886
../data/bcsstk14.mtx,35,128,7,1.414041758,1.414040089,443,346,886
../data/bcsstk14.mtx,35,128,8,1.319047213,1.319045782,443,346,886
../data/bcsstk14.mtx,35,128,9,1.059120178,1.059118509,443,346,886
../data/bcsstk14.mtx,36,128,0,1.323029518,1.323027849,434,366,868
../data/bcsstk14.mtx,36,128,1,1.315042257,1.315040588,434,366,868
../data/bcsstk14.mtx,36,128,2,1.323024750,1.323023081,434,366,868
../data/bcsstk14.mtx,36,128,3,1.849026918,1.849025488,434,366,868
../data/bcsstk14.mtx,36,128,4,1.326007843,1.326006174,434,366,868
../data/bcsstk14.mtx,36,128,5,1.576021194,1.576019526,434,366,868
../data/bcsstk14.mtx,36,128,6,1.323041439,1.323039532,434,366,868
../data/bcsstk14.mtx,36,128,7,1.590024948,1.590023279,434,366,868
../data/bcsstk14.mtx,36,128,8,1.579032421,1.579030514,434,366,868
../data/bcsstk14.mtx,36,128,9,1.323047876,1.323045969,434,366,868
../data/bcsstk14.mtx,37,128,0,1.323028326,1.323026657,412,341,824
../data/bcsstk14.mtx,37,128,1,1.047041655,1.047039747,412,341,824
../data/bcsstk14.mtx,37,128,2,1.323021650,1.323019743,412,341,824
../data/bcsstk14.mtx,37,128,3,1.585045099,1.585043192,412,341,824
../data/bcsstk14.mtx,37,128,4,1.326013565,1.326011896,412,341,824
../data/bcsstk14.mtx,37,128,5,1.587022066,1.587020397,412,341,824
../data/bcsstk14.mtx,37,128,6,1.323031425,1.323029757,412,341,824
../data/bcsstk14.mtx,37,128,7,1.315035820,1.315033913,412,341,824
../data/bcsstk14.mtx,37,128,8,1.319044113,1.319042444,412,341,824
../data/bcsstk14.mtx,37,128,9,1.323005676,1.323004007,412,341,824
../data/bcsstk14.mtx,38,128,0,1.323029041,1.323027134,428,359,856
../data/bcsstk14.mtx,38,128,1,1.047041178,1.047039270,428,359,856
../data/bcsstk14.mtx,38,128,2,1.323023319,1.323021889,428,359,856
../data/bcsstk14.mtx,38,128,3,1.585031509,1.585029840,428,359,856
../data/bcsstk14.mtx,38,128,4,1.059019327,1.059017658,428,359,856
../data/bcsstk14.mtx,38,128,5,1.323038101,1.323036432,428,359,856
../data/bcsstk14.mtx,38,128,6,1.323030233,1.323028803,428,359,856
../data/bcsstk14.mtx,38,128,7,1.326042175,1.326040506,428,359,856
../data/bcsstk14.mtx,38,128,8,1.318999529,1.318997860,428,359,856
../data/bcsstk14.mtx,38,128,9,1.367027760,1.367026091,428,359,856
../data/bcsstk14.mtx,39,128,0,1.048040628,1.048038483,435,366,870
../data/bcsstk14.mtx,39,128,1,1.058034658,1.058032751,435,366,870
../data/bcsstk14.mtx,39,128,2,1.059024811,1.059023142,435,366,870
../data/bcsstk14.mtx,39,128,3,1.376137733,1.376135588,435,366,870
../data/bcsstk14.mtx,39,128,4,1.059039116,1.059037447,435,366,870
../data/bcsstk14.mtx,39,128,5,1.312038660,1.312036991,435,366,870
../data/bcsstk14.mtx,39,128,6,1.059036493,1.059034824,435,366,870
../data/bcsstk14.mtx,39,128,7,1.059030294,1.059028625,435,366,870
../data/bcsstk14.mtx,39,128,8,1.048041105,1.048038721,435,366,870
../data/bcsstk14.mtx,39,128,9,1.059031725,1.059030056,435,366,870
../data/bcsstk14.mtx,40,128,0,1.399034500,1.399032354,433,347,866
../data/bcsstk14.mtx,40,128,1,1.322035789,1.322034121,433,347,866
../data/bcsstk14.mtx,40,128,2,1.312030554,1.312028885,433,347,866
../data/bcsstk14.mtx,40,128,3,1.849031687,1.849030018,433,347,866
../data/bcsstk14.mtx,40,128,4,1.314940453,1.314938784,433,347,866
../data/bcsstk14.mtx,40,128,5,1.587034702,1.587033033,433,347,866
../data/bcsstk14.mtx,40,128,6,1.587026119,1.587023973,433,347,866
../data/bcsstk14.mtx,40,128,7,1.612029314,1.612027645,433,347,866
../data/bcsstk14.mtx,40,128,8,1.583009481,1.583007812,433,347,866
../data/bcsstk14.mtx,40,128,9,1.587028503,1.587026834,433,347,866
../data/bcsstk14.mtx,41,128,0,1.312033415,1.312031746,430,345,860
../data/bcsstk14.mtx,41,128,1,1.058029652,1.058027983,430,345,860
../data/bcsstk14.mtx,41,128,2,1.048026562,1.048025131,430,345,860
../data/bcsstk14.mtx,41,128,3,1.585030556,1.585028648,430,345,860
../data/bcsstk14.mtx,41,128,4,1.059026241,1.059024572,430,345,860
../data/bcsstk14.mtx,41,128,5,1.323035955,1.323034286,430,345,860
../data/bcsstk14.mtx,41,128,6,1.323033810,1.323032141,430,345,860
../data/bcsstk14.mtx,41,128,7,1.579026222,1.579024553,430,345,860
../data/bcsstk14.mtx,41,128,8,1.319035530,1.319033861,430,345,860
../data/bcsstk14.mtx,41,128,9,1.587031364,1.587029696,430,345,860
../data/bcsstk14.mtx,42,128,0,1.323022366,1.323019981,509,432,1018
../data/bcsstk14.mtx,42,128,1,1.058048964,1.058046579,509,432,1018
../data/bcsstk14.mtx,42,128,2,1.048048735,1.048046350,509,432,1018
../data/bcsstk14.mtx,42,128,3,1.585031748,1.585029840,509,432,1018
../data/bcsstk14.mtx,42,128,4,1.150031567,1.150029659,509,432,1018
../data/bcsstk14.mtx,42,128,5,1.587016106,1.587014198,509,432,1018
../data/bcsstk14.mtx,42,128,6,1.323045969,1.323044300,509,432,1018
../data/bcsstk14.mtx,42,128,7,1.568039179,1.568037271,509,432,1018
../data/bcsstk14.mtx,42,128,8,1.319032192,1.319029808,509,432,1018
../data/bcsstk14.mtx,42,128,9,1.576027155,1.576024771,509,432,1018
../data/bcsstk14.mtx,43,128,0,1.059025764,1.059023380,497,421,994
../data/bcsstk14.mtx,43,128,1,0.805161238,0.805158854,497,421,994
../data/bcsstk14.mtx,43,128,2,1.059031725,1.059030056,497,421,994
../data/bcsstk14.mtx,43,128,3,1.576001644,1.575999498,497,421,994
../data/bcsstk14.mtx,43,128,4,1.059021950,1.059020281,497,421,994
../data/bcsstk14.mtx,43,128,5,1.587033987,1.587032318,497,421,994
../data/bcsstk14.mtx,43,128,6,1.312036037,1.312034369,497,421,994
../data/bcsstk14.mtx,43,128,7,1.326051474,1.326049566,497,421,994
../data/bcsstk14.mtx,43,128,8,1.238035440,1.238033772,497,421,994
../data/bcsstk14.mtx,43,128,9,1.587050200,1.587048054,497,421,994
../data/bcsstk14.mtx,44,128,0,1.323032141,1.323030233,508,455,1016
../data/bcsstk14.mtx,44,128,1,1.322029591,1.322027445,508,455,1016
../data/bcsstk14.mtx,44,128,2,1.323033810,1.323032141,508,455,1016
../data/bcsstk14.mtx,44,128,3,1.849030495,1.849028826,508,455,1016
../data/bcsstk14.mtx,44,128,4,1.315018415,1.315016747,508,455,1016
../data/bcsstk14.mtx,44,128,5,1.587030411,1.587028742,508,455,1016
../data/bcsstk14.mtx,44,128,6,1.333685398,1.333683491,508,455,1016
../data/bcsstk14.mtx,44,128,7,1.568032742,1.568031073,508,455,1016
../data/bcsstk14.mtx,44,128,8,1.319037437,1.319035530,508,455,1016
../data/bcsstk14.mtx,44,128,9,1.576028585,1.576026917,508,455,1016
../data/bcsstk14.mtx,45,128,0,1.051761150,1.051758289,499,444,998
../data/bcsstk14.mtx,45,128,1,1.058037996,1.058036089,499,444,998
../data/bcsstk14.mtx,45,128,2,1.048027039,1.048025370,499,444,998
../data/bcsstk14.mtx,45,128,3,1.585037470,1.585035563,499,444,998
../data/bcsstk14.mtx,45,128,4,1.048033476,1.048031330,499,444,998
../data/bcsstk14.mtx,45,128,5,1.323038816,1.323036432,499,444,998
../data/bcsstk14.mtx,45,128,6,1.323041677,1.323039770,499,444,998
../data/bcsstk14.mtx,45,128,7,1.579009295,1.579007387,499,444,998
../data/bcsstk14.mtx,45,128,8,1.326006651,1.326004982,499,444,998
../data/bcsstk14.mtx,45,128,9,1.587009668,1.587007761,499,444,998
../data/bcsstk14.mtx,46,128,0,1.323029995,1.323028088,464,371,928
../data/bcsstk14.mtx,46,128,1,1.315021515,1.315019369,464,371,928
../data/bcsstk14.mtx,46,128,2,1.323030472,1.323028564,464,371,928
../data/bcsstk14.mtx,46,128,3,1.849004507,1.849002600,464,371,928
../data/bcsstk14.mtx,46,128,4,1.325985909,1.325982809,464,371,928
../data/bcsstk14.mtx,46,128,5,1.576032162,1.576030254,464,371,928
../data/bcsstk14.mtx,46,128,6,1.323032618,1.323030949,464,371,928
../data/bcsstk14.mtx,46,128,7,1.579019547,1.579017401,464,371,928
../data/bcsstk14.mtx,46,128,8,1.326010942,1.326009035,464,371,928
../data/bcsstk14.mtx,46,128,9,1.587008476,1.587006807,464,371,928
../data/bcsstk14.mtx,47,128,0,1.323023796,1.323021650,496,402,992
../data/bcsstk14.mtx,47,128,1,1.047173262,1.047171116,496,402,992
../data/bcsstk14.mtx,47,128,2,1.323026657,1.323024511,496,402,992
../data/bcsstk14.mtx,47,128,3,1.585036516,1.585034609,496,402,992
../data/bcsstk14.mtx,47,128,4,1.325952053,1.325950146,496,402,992
../data/bcsstk14.mtx,47,128,5,1.576027632,1.576025724,496,402,992
../data/bcsstk14.mtx,47,128,6,1.323035955,1.323034048,496,402,992
../data/bcsstk14.mtx,47,128,7,1.579013824,1.579012156,496,402,992
../data/bcsstk14.mtx,47,128,8,1.044056177,1.044054270,496,402,992
../data/bcsstk14.mtx,47,128,9,1.587003946,1.587002277,496,402,992
../data/bcsstk14.mtx,48,128,0,1.571021080,1.571018934,467,396,934
../data/bcsstk14.mtx,48,128,1,1.311088324,1.311086178,467,396,934
../data/bcsstk14.mtx,48,128,2,1.513996363,1.513994217,467,396,934
../data/bcsstk14.mtx,48,128,3,1.593011856,1.593009710,467,396,934
../data/bcsstk14.mtx,48,128,4,1.585022926,1.585020781,467,396,934
../data/bcsstk14.mtx,48,128,5,1.580005169,1.580003500,467,396,934
../data/bcsstk14.mtx,48,128,6,1.319020987,1.319019318,467,396,934
../data/bcsstk14.mtx,48,128,7,1.574004889,1.574003220,467,396,934
../data/bcsstk14.mtx,48,128,8,1.583019495,1.583017826,467,396,934
../data/bcsstk14.mtx,48,128,9,1.584020853,1.584018946,467,396,934
../data/bcsstk14.mtx,49,128,0,1.593036413,1.593034506,463,390,926
../data/bcsstk14.mtx,49,128,1,1.322057962,1.322055817,463,390,926
../data/bcsstk14.mtx,49,128,2,1.305047512,1.305045366,463,390,926
../data/bcsstk14.mtx,49,128,3,1.319045305,1.319043398,463,390,926
../data/bcsstk14.mtx,49,128,4,1.321052551,1.321050644,463,390,926
../data/bcsstk14.mtx,49,128,5,1.525025845,1.525023937,463,390,926
../data/bcsstk14.mtx,49,128,6,1.286025763,1.286024332,463,390,926
../data/bcsstk14.mtx,49,128,7,1.585027933,1.585026264,463,390,926
../data/bcsstk14.mtx,49,128,8,1.572027445,1.572025776,463,390,926
../data/bcsstk14.mtx,49,128,9,1.584023952,1.584022284,463,390,926
../data/bcsstk14.mtx,50,128,0,1.582050085,1.582048178,453,407,906
../data/bcsstk14.mtx,50,128,1,1.311121225,1.311119080,453,407,906
../data/bcsstk14.mtx,50,128,2,1.316051483,1.316049576,453,407,906
../data/bcsstk14.mtx,50,128,3,1.319064617,1.319062471,453,407,906
../data/bcsstk14.mtx,50,128,4,1.321035385,1.321031809,453,407,906
../data/bcsstk14.mtx,50,128,5,1.591024399,1.591022253,453,407,906
../data/bcsstk14.mtx,50,128,6,1.319033146,1.319030762,453,407,906
../data/bcsstk14.mtx,50,128,7,1.321054697,1.321052790,453,407,906
../data/bcsstk14.mtx,50,128,8,1.319024801,1.319023132,453,407,906
../data/bcsstk14.mtx,50,128,9,1.320111275,1.320109129,453,407,906
../data/bcsstk14.mtx,51,128,0,1.318045855,1.318043947,427,380,854
../data/bcsstk14.mtx,51,128,1,1.322098732,1.322096586,427,380,854
../data/bcsstk14.mtx,51,128,2,1.316059589,1.316057682,427,380,854
../data/bcsstk14.mtx,51,128,3,1.319047928,1.319046021,427,380,854
../data/bcsstk14.mtx,51,128,4,1.321024895,1.321022987,427,380,854
../data/bcsstk14.mtx,51,128,5,1.327034950,1.327033281,427,380,854
../data/bcsstk14.mtx,51,128,6,1.056467772,1.056465626,427,380,854
../data/bcsstk14.mtx,51,128,7,1.321048260,1.321046591,427,380,854
../data/bcsstk14.mtx,51,128,8,1.330048323,1.330046415,427,380,854
../data/bcsstk14.mtx,51,128,9,1.320054770,1.320052862,427,380,854
../data/bcsstk14.mtx,52,128,0,1.582051277,1.582049370,479,426,958
../data/bcsstk14.mtx,52,128,1,1.573996305,1.573994160,479,426,958
../data/bcsstk14.mtx,52,128,2,1.316106796,1.316104174,479,426,958
../data/bcsstk14.mtx,52,128,3,1.319054127,1.319051743,479,426,958
../data/bcsstk14.mtx,52,128,4,1.322128296,1.322125673,479,426,958
../data/bcsstk14.mtx,52,128,5,1.316122770,1.316120863,479,426,958
../data/bcsstk14.mtx,52,128,6,1.330047846,1.330045700,479,426,958
../data/bcsstk14.mtx,52,128,7,1.585031748,1.585029840,479,426,958
../data/bcsstk14.mtx,52,128,8,1.572026253,1.572024345,479,426,958
../data/bcsstk14.mtx,52,128,9,1.584029675,1.584028006,479,426,958
../data/bcsstk14.mtx,53,128,0,1.318111181,1.318108082,480,427,960
../data/bcsstk14.mtx,53,128,1,1.585007429,1.585005283,480,427,960
../data/bcsstk14.mtx,53,128,2,1.316090822,1.316088438,480,427,960
../data/bcsstk14.mtx,53,128,3,1.319044828,1.319042921,480,427,960
../data/bcsstk14.mtx,53,128,4,1.309952021,1.309950113,480,427,960
../data/bcsstk14.mtx,53,128,5,1.316051722,1.316050053,480,427,960
../data/bcsstk14.mtx,53,128,6,1.319003344,1.319001198,480,427,960
../data/bcsstk14.mtx,53,128,7,1.321051836,1.321049929,480,427,960
../data/bcsstk14.mtx,53,128,8,1.330057144,1.330055475,480,427,960
../data/bcsstk14.mtx,53,128,9,1.320023537,1.320021629,480,427,960
../data/bcsstk14.mtx,54,128,0,1.582055807,1.582053900,511,452,1022
../data/bcsstk14.mtx,54,128,1,1.574008942,1.574007034,511,452,1022
../data/bcsstk14.mtx,54,128,2,1.580001593,1.579999924,511,452,1022
../data/bcsstk14.mtx,54,128,3,1.319068193,1.319066286,511,452,1022
../data/bcsstk14.mtx,54,128,4,1.321025372,1.321023464,511,452,1022
../data/bcsstk14.mtx,54,128,5,1.316053391,1.316051006,511,452,1022
../data/bcsstk14.mtx,54,128,6,1.319031000,1.319028854,511,452,1022
../data/bcsstk14.mtx,54,128,7,1.321048498,1.321046591,511,452,1022
../data/bcsstk14.mtx,54,128,8,1.319046736,1.319044828,511,452,1022
../data/bcsstk14.mtx,54,128,9,1.320113897,1.320111752,511,452,1022
../data/bcsstk14.mtx,55,128,0,1.593005657,1.593003750,501,442,1002
../data/bcsstk14.mtx,55,128,1,1.585014105,1.585011482,501,442,1002
../data/bcsstk14.mtx,55,128,2,1.591008186,1.591005325,501,442,1002
../data/bcsstk14.mtx,55,128,3,1.319054604,1.319052696,501,442,1002
../data/bcsstk14.mtx,55,128,4,1.365012169,1.365010262,501,442,1002
../data/bcsstk14.mtx,55,128,5,1.316040039,1.316038370,501,442,1002
../data/bcsstk14.mtx,55,128,6,1.055044174,1.055042267,501,442,1002
../data/bcsstk14.mtx,55,128,7,1.376034975,1.376033306,501,442,1002
../data/bcsstk14.mtx,55,128,8,1.308035612,1.308033943,501,442,1002
../data/bcsstk14.mtx,55,128,9,1.320040703,1.320038557,501,442,1002
../data/bcsstk14.mtx,56,128,0,1.582036257,1.582034111,512,450,1024
../data/bcsstk14.mtx,56,128,1,1.573999166,1.573997021,512,450,1024
../data/bcsstk14.mtx,56,128,2,1.580007792,1.580005646,512,450,1024
../data/bcsstk14.mtx,56,128,3,1.319078922,1.319076777,512,450,1024
../data/bcsstk14.mtx,56,128,4,1.585011005,1.585008860,512,450,1024
../data/bcsstk14.mtx,56,128,5,1.580025673,1.580023527,512,450,1024
../data/bcsstk14.mtx,56,128,6,1.319047213,1.319045305,512,450,1024
../data/bcsstk14.mtx,56,128,7,1.318999290,1.318997383,512,450,1024
../data/bcsstk14.mtx,56,128,8,1.583035231,1.583033323,512,450,1024
../data/bcsstk14.mtx,56,128,9,1.584040165,1.584038019,512,450,1024
../data/bcsstk14.mtx,57,128,0,1.318051338,1.318048716,500,448,1000
../data/bcsstk14.mtx,57,128,1,1.322038412,1.322036028,500,448,1000
../data/bcsstk14.mtx,57,128,2,1.327121496,1.327119350,500,448,1000
../data/bcsstk14.mtx,57,128,3,1.308033943,1.308031797,500,448,1000
../data/bcsstk14.mtx,57,128,4,1.321011066,1.321009159,500,448,1000
../data/bcsstk14.mtx,57,128,5,1.283039570,1.283037186,500,448,1000
../data/bcsstk14.mtx,57,128,6,1.319008350,1.319006443,500,448,1000
../data/bcsstk14.mtx,57,128,7,1.055045843,1.055043697,500,448,1000
../data/bcsstk14.mtx,57,128,8,1.330044031,1.330041409,500,448,1000
../data/bcsstk14.mtx,57,128,9,1.320043564,1.320041418,500,448,1000
../data/bcsstk14.mtx,58,128,0,1.317033529,1.317031622,507,410,1014
../data/bcsstk14.mtx,58,128,1,1.321037054,1.321035147,507,410,1014
../data/bcsstk14.mtx,58,128,2,1.327042818,1.327040911,507,410,1014
../data/bcsstk14.mtx,58,128,3,1.057833672,1.057831287,507,410,1014
../data/bcsstk14.mtx,58,128,4,1.595990658,1.595988989,507,410,1014
../data/bcsstk14.mtx,58,128,5,1.316141367,1.316139221,507,410,1014
../data/bcsstk14.mtx,58,128,6,1.330055475,1.330053806,507,410,1014
../data/bcsstk14.mtx,58,128,7,1.057837486,1.057835340,507,410,1014
../data/bcsstk14.mtx,58,128,8,1.308056831,1.308054447,507,410,1014
../data/bcsstk14.mtx,58,128,9,1.584037066,1.584035158,507,410,1014
../data/bcsstk14.mtx,59,128,0,1.053170204,1.053168297,514,418,1028
../data/bcsstk14.mtx,59,128,1,1.069154024,1.069151878,514,418,1028
../data/bcsstk14.mtx,59,128,2,1.316013336,1.316011190,514,418,1028
../data/bcsstk14.mtx,59,128,3,1.055063248,1.055061340,514,418,1028
../data/bcsstk14.mtx,59,128,4,1.320958853,1.320956945,514,418,1028
../data/bcsstk14.mtx,59,128,5,1.327034712,1.327032804,514,418,1028
../data/bcsstk14.mtx,59,128,6,1.055109024,1.055106878,514,418,1028
../data/bcsstk14.mtx,59,128,7,1.055029631,1.055027723,514,418,1028
../data/bcsstk14.mtx,59,128,8,1.275039911,1.275038004,514,418,1028
../data/bcsstk14.mtx,59,128,9,1.320052147,1.320050240,514,418,1028
../data/bcsstk14.mtx,60,128,0,1.317045212,1.317042828,513,439,1026
../data/bcsstk14.mtx,60,128,1,1.332014561,1.332012415,513,439,1026
../data/bcsstk14.mtx,60,128,2,1.316011667,1.316009760,513,439,1026
../data/bcsstk14.mtx,60,128,3,1.055163622,1.055161476,513,439,1026
../data/bcsstk14.mtx,60,128,4,1.595971346,1.595969200,513,439,1026
../data/bcsstk14.mtx,60,128,5,1.327143192,1.327141047,513,439,1026
../data/bcsstk14.mtx,60,128,6,1.319045544,1.319043636,513,439,1026
../data/bcsstk14.mtx,60,128,7,1.055016518,1.055014610,513,439,1026
../data/bcsstk14.mtx,60,128,8,1.308048010,1.308046103,513,439,1026
../data/bcsstk14.mtx,60,128,9,1.584029675,1.584027767,513,439,1026
../data/bcsstk14.mtx,61,128,0,1.053056240,1.053054094,495,433,990
../data/bcsstk14.mtx,61,128,1,1.058149815,1.058147430,495,433,990
../data/bcsstk14.mtx,61,128,2,1.063037395,1.063035488,495,433,990
../data/bcsstk14.mtx,61,128,3,1.055057526,1.055055618,495,433,990
../data/bcsstk14.mtx,61,128,4,1.320999146,1.320995569,495,433,990
../data/bcsstk14.mtx,61,128,5,1.316038370,1.316036701,495,433,990
../data/bcsstk14.mtx,61,128,6,1.055052996,1.055051088,495,433,990
../data/bcsstk14.mtx,61,128,7,1.055043459,1.055041552,495,433,990
../data/bcsstk14.mtx,61,128,8,1.319040060,1.319037914,495,433,990
../data/bcsstk14.mtx,61,128,9,1.320046902,1.320045233,495,433,990
../data/bcsstk14.mtx,62,128,0,1.328000546,1.327997923,507,426,1014
../data/bcsstk14.mtx,62,128,1,1.321007252,1.321005106,507,426,1014
../data/bcsstk14.mtx,62,128,2,1.315993786,1.315991640,507,426,1014
../data/bcsstk14.mtx,62,128,3,1.055034161,1.055032253,507,426,1014
../data/bcsstk14.mtx,62,128,4,1.310119152,1.310117245,507,426,1014
../data/bcsstk14.mtx,62,128,5,1.316139221,1.316137314,507,426,1014
../data/bcsstk14.mtx,62,128,6,1.319027901,1.319026232,507,426,1014
../data/bcsstk14.mtx,62,128,7,1.066018820,1.066016912,507,426,1014
../data/bcsstk14.mtx,62,128,8,1.330040693,1.330038786,507,426,1014
../data/bcsstk14.mtx,62,128,9,1.320035696,1.320033789,507,426,1014
../data/bcsstk14.mtx,63,128,0,1.284035921,1.284033537,516,426,1032
../data/bcsstk14.mtx,63,128,1,1.055004358,1.055002213,516,426,1032
../data/bcsstk14.mtx,63,128,2,1.051995516,1.051993370,516,426,1032
../data/bcsstk14.mtx,63,128,3,0.791043520,0.791041613,516,426,1032
../data/bcsstk14.mtx,63,128,4,1.321003675,1.321001768,516,426,1032
../data/bcsstk14.mtx,63,128,5,1.327003241,1.327001095,516,426,1032
../data/bcsstk14.mtx,63,128,6,1.055029869,1.055028200,516,426,1032
../data/bcsstk14.mtx,63,128,7,0.791042089,0.791039944,516,426,1032
../data/bcsstk14.mtx,63,128,8,1.055054426,1.055052519,516,426,1032
../data/bcsstk14.mtx,63,128,9,1.319008589,1.319006443,516,426,1032
../data/bcsstk14.mtx,64,128,0,1.318182707,1.318180561,516,453,1032
../data/bcsstk14.mtx,64,128,1,1.573998928,1.573997021,516,453,1032
../data/bcsstk14.mtx,64,128,2,1.580029726,1.580027819,516,453,1032
../data/bcsstk14.mtx,64,128,3,1.319044113,1.319041967,516,453,1032
../data/bcsstk14.mtx,64,128,4,1.310169935,1.310167789,516,453,1032
../data/bcsstk14.mtx,64,128,5,1.316153765,1.316151619,516,453,1032
../data/bcsstk14.mtx,64,128,6,1.319012165,1.319010496,516,453,1032
../data/bcsstk14.mtx,64,128,7,1.310041666,1.310039759,516,453,1032
../data/bcsstk14.mtx,64,128,8,1.319049120,1.319047213,516,453,1032
../data/bcsstk14.mtx,64,128,9,1.320049286,1.320047617,516,453,1032
../data/bcsstk14.mtx,65,128,0,1.317030668,1.317028761,524,460,1048
../data/bcsstk14.mtx,65,128,1,1.387006760,1.387005091,524,460,1048
../data/bcsstk14.mtx,65,128,2,1.316007853,1.316005945,524,460,1048
../data/bcsstk14.mtx,65,128,3,1.055055141,1.055053234,524,460,1048
../data/bcsstk14.mtx,65,128,4,1.320978403,1.320976257,524,460,1048
../data/bcsstk14.mtx,65,128,5,1.327001333,1.326999426,524,460,1048
../data/bcsstk14.mtx,65,128,6,1.055018425,1.055016756,524,460,1048
../data/bcsstk14.mtx,65,128,7,1.055049658,1.055047750,524,460,1048
../data/bcsstk14.mtx,65,128,8,1.055047035,1.055044889,524,460,1048
../data/bcsstk14.mtx,65,128,9,1.320010185,1.320008278,524,460,1048
../data/bcsstk14.mtx,66,128,0,1.317008972,1.317006588,537,441,1074
../data/bcsstk14.mtx,66,128,1,1.321008205,1.321005821,537,441,1074
../data/bcsstk14.mtx,66,128,2,1.316008806,1.316006660,537,441,1074
../data/bcsstk14.mtx,66,128,3,1.055040359,1.055037975,537,441,1074
../data/bcsstk14.mtx,66,128,4,1.310146093,1.310143709,537,441,1074
../data/bcsstk14.mtx,66,128,5,1.316125631,1.316123247,537,441,1074
../data/bcsstk14.mtx,66,128,6,1.319002151,1.319000006,537,441,1074
../data/bcsstk14.mtx,66,128,7,1.055036068,1.055034161,537,441,1074
../data/bcsstk14.mtx,66,128,8,1.055040598,1.055038452,537,441,1074
../data/bcsstk14.mtx,66,128,9,1.319006443,1.319004536,537,441,1074
../data/bcsstk14.mtx,67,128,0,1.053030014,1.053027868,536,443,1072
../data/bcsstk14.mtx,67,128,1,1.055004597,1.055002689,536,443,1072
../data/bcsstk14.mtx,67,128,2,1.052005768,1.052003622,536,443,1072
../data/bcsstk14.mtx,67,128,3,0.791194201,0.791192055,536,443,1072
../data/bcsstk14.mtx,67,128,4,1.332003593,1.332001686,536,443,1072
../data/bcsstk14.mtx,67,128,5,1.327007294,1.327005148,536,443,1072
../data/bcsstk14.mtx,67,128,6,1.055036783,1.055035114,536,443,1072
../data/bcsstk14.mtx,67,128,7,0.791036844,0.791034937,536,443,1072
../data/bcsstk14.mtx,67,128,8,0.791054010,0.791052103,536,443,1072
../data/bcsstk14.mtx,67,128,9,1.056004286,1.056002378,536,443,1072
../data/bcsstk14.mtx,68,128,0,1.318040848,1.318038702,499,413,998
../data/bcsstk14.mtx,68,128,1,1.322040319,1.322038412,499,413,998
../data/bcsstk14.mtx,68,128,2,1.327013731,1.327011824,499,413,998
../data/bcsstk14.mtx,68,128,3,1.319031954,1.319030046,499,413,998
../data/bcsstk14.mtx,68,128,4,1.321002483,1.321000576,499,413,998
../data/bcsstk14.mtx,68,128,5,1.315992355,1.315990448,499,413,998
../data/bcsstk14.mtx,68,128,6,1.055035353,1.055033684,499,413,998
../data/bcsstk14.mtx,68,128,7,1.319031477,1.319029570,499,413,998
../data/bcsstk14.mtx,68,128,8,1.121031046,1.121028900,499,413,998
../data/bcsstk14.mtx,68,128,9,1.320008516,1.320006371,499,413,998
../data/bcsstk14.mtx,69,128,0,1.318044424,1.318042517,526,440,1052
../data/bcsstk14.mtx,69,128,1,1.321041107,1.321039200,526,440,1052
../data/bcsstk14.mtx,69,128,2,1.327042103,1.327040195,526,440,1052
../data/bcsstk14.mtx,69,128,3,1.319038868,1.319036961,526,440,1052
../data/bcsstk14.mtx,69,128,4,1.321007252,1.321005344,526,440,1052
../data/bcsstk14.mtx,69,128,5,1.316014051,1.316012144,526,440,1052
../data/bcsstk14.mtx,69,128,6,1.066025496,1.066023588,526,440,1052
../data/bcsstk14.mtx,69,128,7,1.319031239,1.319029570,526,440,1052
../data/bcsstk14.mtx,69,128,8,1.307993650,1.307991982,526,440,1052
../data/bcsstk14.mtx,69,128,9,1.056020260,1.056018591,526,440,1052
../data/bcsstk14.mtx,70,128,0,1.053180695,1.053178310,478,426,956
../data/bcsstk14.mtx,70,128,1,1.321008205,1.321006060,478,426,956
../data/bcsstk14.mtx,70,128,2,1.316014051,1.316012383,478,426,956
../data/bcsstk14.mtx,70,128,3,1.055043221,1.055040836,478,426,956
../data/bcsstk14.mtx,70,128,4,1.055179834,1.055177689,478,426,956
../data/bcsstk14.mtx,70,128,5,1.063035965,1.063033581,478,426,956
../data/bcsstk14.mtx,70,128,6,0.791194677,0.791192770,478,426,956
../data/bcsstk14.mtx,70,128,7,1.055036545,1.055034637,478,426,956
../data/bcsstk14.mtx,70,128,8,1.055037737,1.055035830,478,426,956
../data/bcsstk14.mtx,70,128,9,1.056042433,1.056040525,478,426,956
../data/bcsstk14.mtx,71,128,0,1.053034782,1.053032875,469,412,938
../data/bcsstk14.mtx,71,128,1,1.057012558,1.057010651,469,412,938
../data/bcsstk14.mtx,71,128,2,1.062973022,1.062970877,469,412,938
../data/bcsstk14.mtx,71,128,3,1.055034876,1.055033207,469,412,938
../data/bcsstk14.mtx,71,128,4,1.054992914,1.054991007,469,412,938
../data/bcsstk14.mtx,71,128,5,1.052031755,1.052030087,469,412,938
../data/bcsstk14.mtx,71,128,6,0.791047573,0.791045904,469,412,938
../data/bcsstk14.mtx,71,128,7,1.055031538,1.055029631,469,412,938
../data/bcsstk14.mtx,71,128,8,1.055038691,1.055036783,469,412,938
../data/bcsstk14.mtx,71,128,9,1.056024075,1.056022167,469,412,938
../data/bcsstk14.mtx,72,128,0,1.571005583,1.571003914,448,399,896
../data/bcsstk14.mtx,72,128,1,1.391582489,1.391580582,448,399,896
../data/bcsstk14.mtx,72,128,2,1.846834898,1.846833229,448,399,896
../data/bcsstk14.mtx,72,128,3,1.847017765,1.847015858,448,399,896
../data/bcsstk14.mtx,72,128,4,1.587995291,1.587993622,448,399,896
../data/bcsstk14.mtx,72,128,5,1.589022160,1.589020491,448,399,896
../data/bcsstk14.mtx,72,128,6,1.581017256,1.581015587,448,399,896
../data/bcsstk14.mtx,72,128,7,1.848001242,1.847999811,448,399,896
../data/bcsstk14.mtx,72,128,8,1.636001587,1.635999918,448,399,896
../data/bcsstk14.mtx,72,128,9,1.589010715,1.589009047,448,399,896
../data/bcsstk14.mtx,73,128,0,1.327044487,1.327042818,464,416,928
../data/bcsstk14.mtx,73,128,1,1.304046631,1.304044485,464,416,928
../data/bcsstk14.mtx,73,128,2,1.580041885,1.580039740,464,416,928
../data/bcsstk14.mtx,73,128,3,1.634064913,1.634063005,464,416,928
../data/bcsstk14.mtx,73,128,4,1.669998169,1.669995785,464,416,928
../data/bcsstk14.mtx,73,128,5,1.380098343,1.380096197,464,416,928
../data/bcsstk14.mtx,73,128,6,1.369020700,1.369019270,464,416,928
../data/bcsstk14.mtx,73,128,7,1.581036091,1.581034422,464,416,928
../data/bcsstk14.mtx,73,128,8,1.581071377,1.581069708,464,416,928
../data/bcsstk14.mtx,73,128,9,1.382026672,1.382025242,464,416,928
../data/bcsstk14.mtx,74,128,0,1.314068794,1.314066887,496,426,992
../data/bcsstk14.mtx,74,128,1,1.315049648,1.315047741,496,426,992
../data/bcsstk14.mtx,74,128,2,1.668034077,1.668032169,496,426,992
../data/bcsstk14.mtx,74,128,3,1.526054144,1.526051998,496,426,992
../data/bcsstk14.mtx,74,128,4,1.559995413,1.559993505,496,426,992
../data/bcsstk14.mtx,74,128,5,1.580060244,1.580058336,496,426,992
../data/bcsstk14.mtx,74,128,6,1.624034166,1.624032259,496,426,992
../data/bcsstk14.mtx,74,128,7,1.647033691,1.647032022,496,426,992
../data/bcsstk14.mtx,74,128,8,1.582042456,1.582040548,496,426,992
../data/bcsstk14.mtx,74,128,9,1.327054739,1.327052593,496,426,992
../data/bcsstk14.mtx,75,128,0,1.247028351,1.247025967,501,435,1002
../data/bcsstk14.mtx,75,128,1,1.056051970,1.056049824,501,435,1002
../data/bcsstk14.mtx,75,128,2,1.580039024,1.580036879,501,435,1002
../data/bcsstk14.mtx,75,128,3,1.322037935,1.322036028,501,435,1002
../data/bcsstk14.mtx,75,128,4,1.329639196,1.329637289,501,435,1002
../data/bcsstk14.mtx,75,128,5,1.580012321,1.580010653,501,435,1002
../data/bcsstk14.mtx,75,128,6,1.402059317,1.402057409,501,435,1002
../data/bcsstk14.mtx,75,128,7,1.315077543,1.315075636,501,435,1002
../data/bcsstk14.mtx,75,128,8,1.381052732,1.381050825,501,435,1002
../data/bcsstk14.mtx,75,128,9,1.058073997,1.058072090,501,435,1002
../data/bcsstk14.mtx,76,128,0,1.327036619,1.327034712,518,438,1036
../data/bcsstk14.mtx,76,128,1,1.323044062,1.323042154,518,438,1036
../data/bcsstk14.mtx,76,128,2,1.636047125,1.636045218,518,438,1036
../data/bcsstk14.mtx,76,128,3,1.603048325,1.603046417,518,438,1036
../data/bcsstk14.mtx,76,128,4,1.325092793,1.325091124,518,438,1036
../data/bcsstk14.mtx,76,128,5,1.580044508,1.580042839,518,438,1036
../data/bcsstk14.mtx,76,128,6,1.314054012,1.314052343,518,438,1036
../data/bcsstk14.mtx,76,128,7,1.581042528,1.581040621,518,438,1036
../data/bcsstk14.mtx,76,128,8,1.392052174,1.392050505,518,438,1036
../data/bcsstk14.mtx,76,128,9,1.589007616,1.589005709,518,438,1036
../data/bcsstk14.mtx,77,128,0,1.327041626,1.327039480,518,438,1036
../data/bcsstk14.mtx,77,128,1,1.056043148,1.056041241,518,438,1036
../data/bcsstk14.mtx,77,128,2,1.333033085,1.333031416,518,438,1036
../data/bcsstk14.mtx,77,128,3,1.315058947,1.315056562,518,438,1036
../data/bcsstk14.mtx,77,128,4,1.182035446,1.182033539,518,438,1036
../data/bcsstk14.mtx,77,128,5,1.578006029,1.578003645,518,438,1036
../data/bcsstk14.mtx,77,128,6,1.314039469,1.314037561,518,438,1036
../data/bcsstk14.mtx,77,128,7,1.403039932,1.403037786,518,438,1036
../data/bcsstk14.mtx,77,128,8,1.319313049,1.319310904,518,438,1036
../data/bcsstk14.mtx,77,128,9,1.327040434,1.327038527,518,438,1036
../data/bcsstk14.mtx,78,128,0,1.371024847,1.371023178,528,443,1056
../data/bcsstk14.mtx,78,128,1,1.323044777,1.323042870,528,443,1056
../data/bcsstk14.mtx,78,128,2,1.322035074,1.322033167,528,443,1056
../data/bcsstk14.mtx,78,128,3,1.315052271,1.315050125,528,443,1056
../data/bcsstk14.mtx,78,128,4,1.302022219,1.302020311,528,443,1056
../data/bcsstk14.mtx,78,128,5,1.580026865,1.580025434,528,443,1056
../data/bcsstk14.mtx,78,128,6,1.049638033,1.049635887,528,443,1056
../data/bcsstk14.mtx,78,128,7,1.370076656,1.370074987,528,443,1056
../data/bcsstk14.mtx,78,128,8,1.315051556,1.315049648,528,443,1056
../data/bcsstk14.mtx,78,128,9,1.391054153,1.391052246,528,443,1056
../data/bcsstk14.mtx,79,128,0,1.053133249,1.053131104,535,449,1070
../data/bcsstk14.mtx,79,128,1,1.048056126,1.048054218,535,449,1070
../data/bcsstk14.mtx,79,128,2,1.056044340,1.056042910,535,449,1070
../data/bcsstk14.mtx,79,128,3,1.121056318,1.121054649,535,449,1070
../data/bcsstk14.mtx,79,128,4,1.047036171,1.047034264,535,449,1070
../data/bcsstk14.mtx,79,128,5,1.580031157,1.580029011,535,449,1070
../data/bcsstk14.mtx,79,128,6,1.056035995,1.056034327,535,449,1070
../data/bcsstk14.mtx,79,128,7,1.314991474,1.314989805,535,449,1070
../data/bcsstk14.mtx,79,128,8,1.316036224,1.316034317,535,449,1070
../data/bcsstk14.mtx,79,128,9,1.393048286,1.393046379,535,449,1070
../data/bcsstk14.mtx,80,128,0,1.327028513,1.327026367,528,449,1056
../data/bcsstk14.mtx,80,128,1,1.326039314,1.326036692,528,449,1056
../data/bcsstk14.mtx,80,128,2,1.580056190,1.580054283,528,449,1056
../data/bcsstk14.mtx,80,128,3,1.577053785,1.577051878,528,449,1056
../data/bcsstk14.mtx,80,128,4,1.571002007,1.570997953,528,449,1056
../data/bcsstk14.mtx,80,128,5,1.580033302,1.580031395,528,449,1056
../data/bcsstk14.mtx,80,128,6,1.647045612,1.647043228,528,449,1056
../data/bcsstk14.mtx,80,128,7,1.592041731,1.592039585,528,449,1056
../data/bcsstk14.mtx,80,128,8,1.647043705,1.647041798,528,449,1056
../data/bcsstk14.mtx,80,128,9,1.316058636,1.316056728,528,449,1056
../data/bcsstk14.mtx,81,128,0,1.053053856,1.053051710,523,446,1046
../data/bcsstk14.mtx,81,128,1,1.114052773,1.114050865,523,446,1046
../data/bcsstk14.mtx,81,128,2,1.314050436,1.314048767,523,446,1046
../data/bcsstk14.mtx,81,128,3,1.311062813,1.311060905,523,446,1046
../data/bcsstk14.mtx,81,128,4,1.370989561,1.370987892,523,446,1046
../data/bcsstk14.mtx,81,128,5,1.580034971,1.580033302,523,446,1046
../data/bcsstk14.mtx,81,128,6,1.602030993,1.602029085,523,446,1046
../data/bcsstk14.mtx,81,128,7,1.581046820,1.581045151,523,446,1046
../data/bcsstk14.mtx,81,128,8,1.648031235,1.648029327,523,446,1046
../data/bcsstk14.mtx,81,128,9,1.316049099,1.316046953,523,446,1046
../data/bcsstk14.mtx,82,128,0,1.011049509,1.011047840,497,401,994
../data/bcsstk14.mtx,82,128,1,1.381037474,1.381035566,497,401,994
../data/bcsstk14.mtx,82,128,2,1.592029572,1.592027664,497,401,994
../data/bcsstk14.mtx,82,128,3,1.603033066,1.603031397,497,401,994
../data/bcsstk14.mtx,82,128,4,1.593000412,1.592998743,497,401,994
../data/bcsstk14.mtx,82,128,5,1.578001499,1.577999830,497,401,994
../data/bcsstk14.mtx,82,128,6,1.314049959,1.314048290,497,401,994
../data/bcsstk14.mtx,82,128,7,1.570006847,1.570005417,497,401,994
../data/bcsstk14.mtx,82,128,8,1.582039356,1.582037449,497,401,994
../data/bcsstk14.mtx,82,128,9,1.316042662,1.316040993,497,401,994
../data/bcsstk14.mtx,83,128,0,1.123004198,1.123002291,480,384,960
../data/bcsstk14.mtx,83,128,1,1.318037748,1.318035841,480,384,960
../data/bcsstk14.mtx,83,128,2,1.380039215,1.380037546,480,384,960
../data/bcsstk14.mtx,83,128,3,1.581009626,1.581007957,480,384,960
../data/bcsstk14.mtx,83,128,4,1.316009521,1.316007853,480,384,960
../data/bcsstk14.mtx,83,128,5,1.380039215,1.380037546,480,384,960
../data/bcsstk14.mtx,83,128,6,1.323038340,1.323036671,480,384,960
../data/bcsstk14.mtx,83,128,7,1.381035805,1.381034374,480,384,960
../data/bcsstk14.mtx,83,128,8,1.324039936,1.324038267,480,384,960
../data/bcsstk14.mtx,83,128,9,1.049044609,1.049042940,480,384,960
../data/bcsstk14.mtx,84,128,0,1.055038452,1.055036783,405,324,810
../data/bcsstk14.mtx,84,128,1,1.100030184,1.100028515,405,324,810
../data/bcsstk14.mtx,84,128,2,1.322032213,1.322030544,405,324,810
../data/bcsstk14.mtx,84,128,3,1.581047058,1.581045389,405,324,810
../data/bcsstk14.mtx,84,128,4,1.658993959,1.658992290,405,324,810
../data/bcsstk14.mtx,84,128,5,1.314037800,1.314036369,405,324,810
../data/bcsstk14.mtx,84,128,6,1.358039856,1.358038425,405,324,810
../data/bcsstk14.mtx,84,128,7,1.324048996,1.324047565,405,324,810
../data/bcsstk14.mtx,84,128,8,1.381039143,1.381037474,405,324,810
../data/bcsstk14.mtx,84,128,9,1.324027300,1.324025869,405,324,810
../data/bcsstk14.mtx,85,128,0,1.057034016,1.057032347,410,329,820
../data/bcsstk14.mtx,85,128,1,1.051030636,1.051028728,410,329,820
../data/bcsstk14.mtx,85,128,2,1.113023281,1.113021612,410,329,820
../data/bcsstk14.mtx,85,128,3,1.581033707,1.581032038,410,329,820
../data/bcsstk14.mtx,85,128,4,1.382025003,1.382023335,410,329,820
../data/bcsstk14.mtx,85,128,5,1.314034462,1.314032793,410,329,820
../data/bcsstk14.mtx,85,128,6,1.369034290,1.369032621,410,329,820
../data/bcsstk14.mtx,85,128,7,1.326056480,1.326055050,410,329,820
../data/bcsstk14.mtx,85,128,8,1.315009832,1.315008163,410,329,820
../data/bcsstk14.mtx,85,128,9,1.058052540,1.058050871,410,329,820
../data/bcsstk14.mtx,86,128,0,1.057025433,1.057023764,418,371,836
../data/bcsstk14.mtx,86,128,1,1.056033850,1.056032181,418,371,836
../data/bcsstk14.mtx,86,128,2,1.314036608,1.314034939,418,371,836
../data/bcsstk14.mtx,86,128,3,1.570045233,1.570043564,418,371,836
../data/bcsstk14.mtx,86,128,4,1.582011223,1.582009554,418,371,836
../data/bcsstk14.mtx,86,128,5,1.123043060,1.123041391,418,371,836
../data/bcsstk14.mtx,86,128,6,1.048047304,1.048045158,418,371,836
../data/bcsstk14.mtx,86,128,7,1.315039396,1.315037966,418,371,836
../data/bcsstk14.mtx,86,128,8,1.324033260,1.324031591,418,371,836
../data/bcsstk14.mtx,86,128,9,1.047009230,1.047007322,418,371,836
../data/bcsstk14.mtx,87,128,0,0.791050911,0.791049242,444,391,888
../data/bcsstk14.mtx,87,128,1,0.790055037,0.790052652,444,391,888
../data/bcsstk14.mtx,87,128,2,1.047044277,1.047042608,444,391,888
../data/bcsstk14.mtx,87,128,3,1.581036091,1.581033945,444,391,888
../data/bcsstk14.mtx,87,128,4,1.316025972,1.316024065,444,391,888
../data/bcsstk14.mtx,87,128,5,1.114033461,1.114032030,444,391,888
../data/bcsstk14.mtx,87,128,6,1.056037426,1.056035757,444,391,888
../data/bcsstk14.mtx,87,128,7,1.070035458,1.070034027,444,391,888
../data/bcsstk14.mtx,87,128,8,1.057036400,1.057034731,444,391,888
../data/bcsstk14.mtx,87,128,9,0.860049486,0.860047817,444,391,888
../data/bcsstk14.mtx,88,128,0,1.393033981,1.393032312,455,401,910
../data/bcsstk14.mtx,88,128,1,1.323040724,1.323039055,455,401,910
../data/bcsstk14.mtx,88,128,2,1.581034422,1.581032753,455,401,910
../data/bcsstk14.mtx,88,128,3,1.592038155,1.592036009,455,401,910
../data/bcsstk14.mtx,88,128,4,1.590988398,1.590986729,455,401,910
../data/bcsstk14.mtx,88,128,5,1.580003262,1.580001593,455,401,910
../data/bcsstk14.mtx,88,128,6,1.314048767,1.314046860,455,401,910
../data/bcsstk14.mtx,88,128,7,1.390611649,1.390609741,455,401,910
../data/bcsstk14.mtx,88,128,8,1.581035376,1.581033707,455,401,910
../data/bcsstk14.mtx,88,128,9,1.325150013,1.325147867,455,401,910
../data/bcsstk14.mtx,89,128,0,1.042039633,1.042038202,425,374,850
../data/bcsstk14.mtx,89,128,1,1.048046827,1.048045158,425,374,850
../data/bcsstk14.mtx,89,128,2,1.380035639,1.380033970,425,374,850
../data/bcsstk14.mtx,89,128,3,1.568008900,1.568007231,425,374,850
../data/bcsstk14.mtx,89,128,4,1.316033125,1.316030741,425,374,850
../data/bcsstk14.mtx,89,128,5,1.314035177,1.314033747,425,374,850
../data/bcsstk14.mtx,89,128,6,1.323034763,1.323033094,425,374,850
../data/bcsstk14.mtx,89,128,7,1.326045513,1.326044083,425,374,850
../data/bcsstk14.mtx,89,128,8,1.581033230,1.581031799,425,374,850
../data/bcsstk14.mtx,89,128,9,1.325047493,1.325045824,425,374,850
../data/bcsstk14.mtx,90,128,0,1.327028275,1.327026367,505,438,1010
../data/bcsstk14.mtx,90,128,1,1.122036695,1.122035027,505,438,1010
../data/bcsstk14.mtx,90,128,2,1.570027351,1.570025444,505,438,1010
../data/bcsstk14.mtx,90,128,3,1.381038666,1.381036758,505,438,1010
../data/bcsstk14.mtx,90,128,4,1.325165033,1.325161219,505,438,1010
../data/bcsstk14.mtx,90,128,5,1.391039133,1.391037464,505,438,1010
../data/bcsstk14.mtx,90,128,6,1.314025879,1.314024210,505,438,1010
../data/bcsstk14.mtx,90,128,7,1.579024076,1.579022408,505,438,1010
../data/bcsstk14.mtx,90,128,8,1.571000814,1.570998669,505,438,1010
../data/bcsstk14.mtx,90,128,9,1.316046953,1.316045284,505,438,1010
../data/bcsstk14.mtx,91,128,0,1.319028378,1.319026232,509,441,1018
../data/bcsstk14.mtx,91,128,1,0.867163897,0.867161036,509,441,1018
../data/bcsstk14.mtx,91,128,2,1.314038277,1.314036608,509,441,1018
../data/bcsstk14.mtx,91,128,3,1.323030710,1.323029041,509,441,1018
../data/bcsstk14.mtx,91,128,4,1.316025734,1.316023827,509,441,1018
../data/bcsstk14.mtx,91,128,5,1.314036608,1.314034939,509,441,1018
../data/bcsstk14.mtx,91,128,6,1.323039293,1.323037148,509,441,1018
../data/bcsstk14.mtx,91,128,7,1.326034546,1.326032877,509,441,1018
../data/bcsstk14.mtx,91,128,8,1.390032291,1.390030384,509,441,1018
../data/bcsstk14.mtx,91,128,9,1.049043179,1.049041510,509,441,1018
../data/bcsstk14.mtx,92,128,0,1.053031921,1.053030014,519,451,1038
../data/bcsstk14.mtx,92,128,1,1.307012558,1.307010651,519,451,1038
../data/bcsstk14.mtx,92,128,2,1.314214706,1.314211845,519,451,1038
../data/bcsstk14.mtx,92,128,3,1.537037373,1.537035704,519,451,1038
../data/bcsstk14.mtx,92,128,4,1.333029032,1.333027124,519,451,1038
../data/bcsstk14.mtx,92,128,5,1.314012766,1.314010143,519,451,1038
../data/bcsstk14.mtx,92,128,6,1.391042233,1.391040087,519,451,1038
../data/bcsstk14.mtx,92,128,7,1.324034691,1.324033022,519,451,1038
../data/bcsstk14.mtx,92,128,8,1.315036774,1.315035105,519,451,1038
../data/bcsstk14.mtx,92,128,9,1.325044155,1.325042486,519,451,1038
../data/bcsstk14.mtx,93,128,0,0.791033506,0.791031599,522,452,1044
../data/bcsstk14.mtx,93,128,1,1.125033617,1.125031948,522,452,1044
../data/bcsstk14.mtx,93,128,2,1.377046824,1.377044916,522,452,1044
../data/bcsstk14.mtx,93,128,3,1.315046787,1.315044880,522,452,1044
../data/bcsstk14.mtx,93,128,4,1.058199883,1.058197975,522,452,1044
../data/bcsstk14.mtx,93,128,5,1.048052073,1.048050165,522,452,1044
../data/bcsstk14.mtx,93,128,6,1.314032555,1.314030409,522,452,1044
../data/bcsstk14.mtx,93,128,7,1.046038628,1.046036482,522,452,1044
../data/bcsstk14.mtx,93,128,8,1.049043417,1.049041271,522,452,1044
../data/bcsstk14.mtx,93,128,9,1.390001774,1.390000105,522,452,1044
../data/bcsstk14.mtx,94,128,0,1.057032108,1.057030201,523,476,1046
../data/bcsstk14.mtx,94,128,1,1.051030159,1.051028252,523,476,1046
../data/bcsstk14.mtx,94,128,2,1.314039469,1.314037800,523,476,1046
../data/bcsstk14.mtx,94,128,3,1.400551796,1.400549650,523,476,1046
../data/bcsstk14.mtx,94,128,4,1.305030107,1.305027962,523,476,1046
../data/bcsstk14.mtx,94,128,5,1.380013704,1.380011559,523,476,1046
../data/bcsstk14.mtx,94,128,6,1.314038277,1.314036131,523,476,1046
../data/bcsstk14.mtx,94,128,7,1.183040857,1.183039427,523,476,1046
../data/bcsstk14.mtx,94,128,8,1.057038784,1.057036877,523,476,1046
../data/bcsstk14.mtx,94,128,9,1.325037479,1.325035334,523,476,1046
../data/bcsstk14.mtx,95,128,0,0.881035805,0.881034136,538,485,1076
../data/bcsstk14.mtx,95,128,1,0.790033102,0.790031195,538,485,1076
../data/bcsstk14.mtx,95,128,2,1.380047321,1.380045414,538,485,1076
../data/bcsstk14.mtx,95,128,3,1.311038733,1.311036825,538,485,1076
../data/bcsstk14.mtx,95,128,4,1.305012703,1.305011034,538,485,1076
../data/bcsstk14.mtx,95,128,5,1.402009964,1.402008057,538,485,1076
../data/bcsstk14.mtx,95,128,6,1.325028419,1.325026274,538,485,1076
../data/bcsstk14.mtx,95,128,7,1.056024075,1.056021929,538,485,1076
../data/bcsstk14.mtx,95,128,8,1.049029350,1.049026966,538,485,1076
../data/bcsstk14.mtx,95,128,9,1.371054173,1.371052265,538,485,1076
../data/bcsstk14.mtx,96,128,0,1.847995996,1.847994089,513,433,1026
../data/bcsstk14.mtx,96,128,1,1.855000734,1.854998827,513,433,1026
../data/bcsstk14.mtx,96,128,2,1.579994917,1.579993010,513,433,1026
../data/bcsstk14.mtx,96,128,3,1.584010601,1.584008694,513,433,1026
../data/bcsstk14.mtx,96,128,4,1.583949089,1.583947420,513,433,1026
../data/bcsstk14.mtx,96,128,5,1.580002069,1.580000162,513,433,1026
../data/bcsstk14.mtx,96,128,6,1.584002256,1.584000349,513,433,1026
../data/bcsstk14.mtx,96,128,7,1.583999872,1.583997965,513,433,1026
../data/bcsstk14.mtx,96,128,8,1.582008362,1.582006216,513,433,1026
../data/bcsstk14.mtx,96,128,9,1.584020376,1.584017992,513,433,1026
../data/bcsstk14.mtx,97,128,0,1.584033966,1.584032297,512,435,1024
../data/bcsstk14.mtx,97,128,1,1.584041357,1.584039211,512,435,1024
../data/bcsstk14.mtx,97,128,2,1.316035271,1.316033363,512,435,1024
../data/bcsstk14.mtx,97,128,3,1.320044994,1.320043087,512,435,1024
../data/bcsstk14.mtx,97,128,4,1.320024967,1.320023298,512,435,1024
../data/bcsstk14.mtx,97,128,5,1.327040195,1.327038527,512,435,1024
../data/bcsstk14.mtx,97,128,6,1.320034742,1.320033073,512,435,1024
../data/bcsstk14.mtx,97,128,7,1.320047855,1.320045948,512,435,1024
../data/bcsstk14.mtx,97,128,8,1.318047047,1.318045378,512,435,1024
../data/bcsstk14.mtx,97,128,9,1.320060730,1.320058823,512,435,1024
../data/bcsstk14.mtx,98,128,0,1.573057175,1.573055029,502,419,1004
../data/bcsstk14.mtx,98,128,1,1.855022669,1.855020761,502,419,1004
../data/bcsstk14.mtx,98,128,2,1.327066660,1.327064753,502,419,1004
../data/bcsstk14.mtx,98,128,3,1.584031105,1.584029436,502,419,1004
../data/bcsstk14.mtx,98,128,4,1.320092440,1.320090055,502,419,1004
../data/bcsstk14.mtx,98,128,5,1.305104494,1.305102348,502,419,1004
../data/bcsstk14.mtx,98,128,6,1.320065022,1.320063353,502,419,1004
../data/bcsstk14.mtx,98,128,7,1.584034681,1.584033012,502,419,1004
../data/bcsstk14.mtx,98,128,8,1.582027197,1.582025290,502,419,1004
../data/bcsstk14.mtx,98,128,9,1.584038258,1.584036589,502,419,1004
../data/bcsstk14.mtx,99,128,0,1.584045172,1.584043264,501,421,1002
../data/bcsstk14.mtx,99,128,1,1.712037086,1.712035179,501,421,1002
../data/bcsstk14.mtx,99,128,2,1.316032887,1.316030979,501,421,1002
../data/bcsstk14.mtx,99,128,3,1.320043564,1.320041895,501,421,1002
../data/bcsstk14.mtx,99,128,4,1.320029259,1.320027590,501,421,1002
../data/bcsstk14.mtx,99,128,5,1.272039413,1.272037745,501,421,1002
../data/bcsstk14.mtx,99,128,6,1.320037365,1.320035696,501,421,1002
../data/bcsstk14.mtx,99,128,7,1.320044041,1.320042372,501,421,1002
../data/bcsstk14.mtx,99,128,8,1.318054914,1.318053007,501,421,1002
../data/bcsstk14.mtx,99,128,9,1.584027290,1.584025383,501,421,1002
../data/bcsstk14.mtx,100,128,0,1.848016977,1.848014832,451,392,902
../data/bcsstk14.mtx,100,128,1,1.855029583,1.855027914,451,392,902
../data/bcsstk14.mtx,100,128,2,1.580029964,1.580028534,451,392,902
../data/bcsstk14.mtx,100,128,3,1.584038734,1.584037066,451,392,902
../data/bcsstk14.mtx,100,128,4,1.584022999,1.584021330,451,392,902
../data/bcsstk14.mtx,100,128,5,1.580022812,1.580021143,451,392,902
../data/bcsstk14.mtx,100,128,6,1.584021568,1.584019899,451,392,902
../data/bcsstk14.mtx,100,128,7,1.584035873,1.584034204,451,392,902
../data/bcsstk14.mtx,100,128,8,1.582036495,1.582034826,451,392,902
../data/bcsstk14.mtx,100,128,9,1.584052563,1.584050894,451,392,902
../data/bcsstk14.mtx,101,128,0,1.585847378,1.585845709,455,390,910
../data/bcsstk14.mtx,101,128,1,1.855025530,1.855023861,455,390,910
../data/bcsstk14.mtx,101,128,2,1.327094793,1.327093124,455,390,910
../data/bcsstk14.mtx,101,128,3,1.584028959,1.584027529,455,390,910
../data/bcsstk14.mtx,101,128,4,1.583999157,1.583997488,455,390,910
../data/bcsstk14.mtx,101,128,5,1.580011368,1.580009699,455,390,910
../data/bcsstk14.mtx,101,128,6,1.320057154,1.320055485,455,390,910
../data/bcsstk14.mtx,101,128,7,1.584031105,1.584029675,455,390,910
../data/bcsstk14.mtx,101,128,8,1.549029350,1.549027920,455,390,910
../data/bcsstk14.mtx,101,128,9,1.584040642,1.584038973,455,390,910
../data/bcsstk14.mtx,102,128,0,1.584031582,1.584029675,526,464,1052
../data/bcsstk14.mtx,102,128,1,1.584038734,1.584037066,526,464,1052
../data/bcsstk14.mtx,102,128,2,1.316052437,1.316050768,526,464,1052
../data/bcsstk14.mtx,102,128,3,1.320042133,1.320040464,526,464,1052
../data/bcsstk14.mtx,102,128,4,1.320022821,1.320021152,526,464,1052
../data/bcsstk14.mtx,102,128,5,1.327031374,1.327029943,526,464,1052
../data/bcsstk14.mtx,102,128,6,1.320036650,1.320034981,526,464,1052
../data/bcsstk14.mtx,102,128,7,1.320041180,1.320039749,526,464,1052
../data/bcsstk14.mtx,102,128,8,1.318027020,1.318025351,526,464,1052
../data/bcsstk14.mtx,102,128,9,1.320058823,1.320057154,526,464,1052
../data/bcsstk14.mtx,103,128,0,1.320031881,1.320030212,520,456,1040
../data/bcsstk14.mtx,103,128,1,1.320035219,1.320033550,520,456,1040
../data/bcsstk14.mtx,103,128,2,1.052040577,1.052038908,520,456,1040
../data/bcsstk14.mtx,103,128,3,1.056038857,1.056037188,520,456,1040
../data/bcsstk14.mtx,103,128,4,1.056044579,1.056040764,520,456,1040
../data/bcsstk14.mtx,103,128,5,1.052041769,1.052040100,520,456,1040
../data/bcsstk14.mtx,103,128,6,1.056049347,1.056047440,520,456,1040
../data/bcsstk14.mtx,103,128,7,1.056047201,1.056045294,520,456,1040
../data/bcsstk14.mtx,103,128,8,1.054058552,1.054056883,520,456,1040
../data/bcsstk14.mtx,103,128,9,1.320038319,1.320036650,520,456,1040
../data/bcsstk14.mtx,104,128,0,1.584053278,1.584051371,540,459,1080
../data/bcsstk14.mtx,104,128,1,1.593854427,1.593852282,540,459,1080
../data/bcsstk14.mtx,104,128,2,1.338059902,1.338057756,540,459,1080
../data/bcsstk14.mtx,104,128,3,1.584029913,1.584028006,540,459,1080
../data/bcsstk14.mtx,104,128,4,1.320045710,1.320043802,540,459,1080
../data/bcsstk14.mtx,104,128,5,1.316059351,1.316057444,540,459,1080
../data/bcsstk14.mtx,104,128,6,1.320052385,1.320050478,540,459,1080
../data/bcsstk14.mtx,104,128,7,1.584029675,1.584028006,540,459,1080
../data/bcsstk14.mtx,104,128,8,1.582028627,1.582026720,540,459,1080
../data/bcsstk14.mtx,104,128,9,1.584031820,1.584030151,540,459,1080
../data/bcsstk14.mtx,105,128,0,1.584037304,1.584035397,534,461,1068
../data/bcsstk14.mtx,105,128,1,1.584053993,1.584051847,534,461,1068
../data/bcsstk14.mtx,105,128,2,1.448029757,1.448027849,534,461,1068
../data/bcsstk14.mtx,105,128,3,1.320032358,1.320030928,534,461,1068
../data/bcsstk14.mtx,105,128,4,1.320013523,1.320010424,534,461,1068
../data/bcsstk14.mtx,105,128,5,1.316026449,1.316024780,534,461,1068
../data/bcsstk14.mtx,105,128,6,1.320023537,1.320022106,534,461,1068
../data/bcsstk14.mtx,105,128,7,1.320041418,1.320039749,534,461,1068
../data/bcsstk14.mtx,105,128,8,1.318041801,1.318039894,534,461,1068
../data/bcsstk14.mtx,105,128,9,1.320888519,1.320886374,534,461,1068
../data/bcsstk14.mtx,106,128,0,1.584048510,1.584046841,567,455,1134
../data/bcsstk14.mtx,106,128,1,1.584043980,1.584042072,567,455,1134
../data/bcsstk14.mtx,106,128,2,1.327049494,1.327047348,567,455,1134
../data/bcsstk14.mtx,106,128,3,1.320047855,1.320045710,567,455,1134
../data/bcsstk14.mtx,106,128,4,1.320031881,1.320030212,567,455,1134
../data/bcsstk14.mtx,106,128,5,1.316038609,1.316036940,567,455,1134
../data/bcsstk14.mtx,106,128,6,1.320017815,1.320016146,567,455,1134
../data/bcsstk14.mtx,106,128,7,1.320051908,1.320050240,567,455,1134
../data/bcsstk14.mtx,106,128,8,1.318056822,1.318054914,567,455,1134
../data/bcsstk14.mtx,106,128,9,1.584035873,1.584034204,567,455,1134
../data/bcsstk14.mtx,107,128,0,1.584042311,1.584040642,574,456,1148
../data/bcsstk14.mtx,107,128,1,1.584056616,1.584054708,574,456,1148
../data/bcsstk14.mtx,107,128,2,1.327052116,1.327050447,574,456,1148
../data/bcsstk14.mtx,107,128,3,1.320043325,1.320041418,574,456,1148
../data/bcsstk14.mtx,107,128,4,1.320015430,1.320013523,574,456,1148
../data/bcsstk14.mtx,107,128,5,1.316049814,1.316047907,574,456,1148
../data/bcsstk14.mtx,107,128,6,1.320043087,1.320041418,574,456,1148
../data/bcsstk14.mtx,107,128,7,1.320055723,1.320053816,574,456,1148
../data/bcsstk14.mtx,107,128,8,1.318048716,1.318046808,574,456,1148
../data/bcsstk14.mtx,107,128,9,1.584035158,1.584033489,574,456,1148
../data/bcsstk14.mtx,108,128,0,1.584039211,1.584037542,526,425,1052
../data/bcsstk14.mtx,108,128,1,1.584044218,1.584042549,526,425,1052
../data/bcsstk14.mtx,108,128,2,1.316041708,1.316040039,526,425,1052
../data/bcsstk14.mtx,108,128,3,1.320044041,1.320042372,526,425,1052
../data/bcsstk14.mtx,108,128,4,1.320019960,1.320018291,526,425,1052
../data/bcsstk14.mtx,108,128,5,1.316037416,1.316035748,526,425,1052
../data/bcsstk14.mtx,108,128,6,1.320039511,1.320037365,526,425,1052
../data/bcsstk14.mtx,108,128,7,1.320054054,1.320052385,526,425,1052
../data/bcsstk14.mtx,108,128,8,1.318050861,1.318048954,526,425,1052
../data/bcsstk14.mtx,108,128,9,1.584033728,1.584032059,526,425,1052
../data/bcsstk14.mtx,109,128,0,1.584041595,1.584039450,507,411,1014
../data/bcsstk14.mtx,109,128,1,1.584036350,1.584034443,507,411,1014
../data/bcsstk14.mtx,109,128,2,1.316033363,1.316031694,507,411,1014
../data/bcsstk14.mtx,109,128,3,1.320036173,1.320034504,507,411,1014
../data/bcsstk14.mtx,109,128,4,1.320019722,1.320018053,507,411,1014
../data/bcsstk14.mtx,109,128,5,1.316036701,1.316035271,507,411,1014
../data/bcsstk14.mtx,109,128,6,1.320037603,1.320035934,507,411,1014
../data/bcsstk14.mtx,109,128,7,1.320031881,1.320029974,507,411,1014
../data/bcsstk14.mtx,109,128,8,1.318041801,1.318040133,507,411,1014
../data/bcsstk14.mtx,109,128,9,1.320054054,1.320052624,507,411,1014
../data/bcsstk14.mtx,110,128,0,1.320033550,1.320031643,478,384,956
../data/bcsstk14.mtx,110,128,1,1.320033312,1.320031404,478,384,956
../data/bcsstk14.mtx,110,128,2,1.052034855,1.052032948,478,384,956
../data/bcsstk14.mtx,110,128,3,1.056039095,1.056037188,478,384,956
../data/bcsstk14.mtx,110,128,4,1.056020737,1.056017399,478,384,956
../data/bcsstk14.mtx,110,128,5,1.052031040,1.052029371,478,384,956
../data/bcsstk14.mtx,110,128,6,1.056039572,1.056038141,478,384,956
../data/bcsstk14.mtx,110,128,7,1.056031466,1.056029558,478,384,956
../data/bcsstk14.mtx,110,128,8,1.054040670,1.054038763,478,384,956
../data/bcsstk14.mtx,110,128,9,1.320023537,1.320021629,478,384,956
../data/bcsstk14.mtx,111,128,0,1.056033850,1.056032181,488,392,976
../data/bcsstk14.mtx,111,128,1,1.056034088,1.056032419,488,392,976
../data/bcsstk14.mtx,111,128,2,0.799038410,0.799036741,488,392,976
../data/bcsstk14.mtx,111,128,3,0.792045832,0.792044163,488,392,976
../data/bcsstk14.mtx,111,128,4,0.792033434,0.792031765,488,392,976
../data/bcsstk14.mtx,111,128,5,0.788039207,0.788037539,488,392,976
../data/bcsstk14.mtx,111,128,6,0.792036057,0.792034626,488,392,976
../data/bcsstk14.mtx,111,128,7,0.792046309,0.792044401,488,392,976
../data/bcsstk14.mtx,111,128,8,1.065031290,1.065029860,488,392,976
../data/bcsstk14.mtx,111,128,9,1.056037903,1.056036234,488,392,976
../data/bcsstk14.mtx,112,128,0,1.584027290,1.584025621,499,429,998
../data/bcsstk14.mtx,112,128,1,1.584042311,1.584040642,499,429,998
../data/bcsstk14.mtx,112,128,2,1.327038288,1.327036381,499,429,998
../data/bcsstk14.mtx,112,128,3,1.320046425,1.320044756,499,429,998
../data/bcsstk14.mtx,112,128,4,1.320025444,1.320023775,499,429,998
../data/bcsstk14.mtx,112,128,5,1.316042185,1.316040277,499,429,998
../data/bcsstk14.mtx,112,128,6,1.320036173,1.320034266,499,429,998
../data/bcsstk14.mtx,112,128,7,1.320041656,1.320039749,499,429,998
../data/bcsstk14.mtx,112,128,8,1.318048954,1.318047285,499,429,998
../data/bcsstk14.mtx,112,128,9,1.584034920,1.584033012,499,429,998
../data/bcsstk14.mtx,113,128,0,1.584029436,1.584027767,468,404,936
../data/bcsstk14.mtx,113,128,1,1.584031105,1.584029436,468,404,936
../data/bcsstk14.mtx,113,128,2,1.316036224,1.316034555,468,404,936
../data/bcsstk14.mtx,113,128,3,1.320043802,1.320042133,468,404,936
../data/bcsstk14.mtx,113,128,4,1.320020437,1.320018768,468,404,936
../data/bcsstk14.mtx,113,128,5,1.327031136,1.327029705,468,404,936
../data/bcsstk14.mtx,113,128,6,1.320024967,1.320023298,468,404,936
../data/bcsstk14.mtx,113,128,7,1.320031166,1.320029497,468,404,936
../data/bcsstk14.mtx,113,128,8,1.318039894,1.318038225,468,404,936
../data/bcsstk14.mtx,113,128,9,1.320045233,1.320043564,468,404,936
../data/bcsstk14.mtx,114,128,0,1.584023952,1.584022284,460,378,920
../data/bcsstk14.mtx,114,128,1,1.584021568,1.584019899,460,378,920
../data/bcsstk14.mtx,114,128,2,1.327021122,1.327019691,460,378,920
../data/bcsstk14.mtx,114,128,3,1.320029020,1.320027351,460,378,920
../data/bcsstk14.mtx,114,128,4,1.320010424,1.320008755,460,378,920
../data/bcsstk14.mtx,114,128,5,1.316005945,1.316004276,460,378,920
../data/bcsstk14.mtx,114,128,6,1.056155920,1.056154013,460,378,920
../data/bcsstk14.mtx,114,128,7,1.320024490,1.320023060,460,378,920
../data/bcsstk14.mtx,114,128,8,1.329030514,1.329028845,460,378,920
../data/bcsstk14.mtx,114,128,9,1.320036650,1.320034981,460,378,920
../data/bcsstk14.mtx,115,128,0,1.331032515,1.331030607,479,392,958
../data/bcsstk14.mtx,115,128,1,1.320040703,1.320039034,479,392,958
../data/bcsstk14.mtx,115,128,2,1.063045502,1.063043833,479,392,958
../data/bcsstk14.mtx,115,128,3,1.320026398,1.320024967,479,392,958
../data/bcsstk14.mtx,115,128,4,1.319999456,1.319998026,479,392,958
../data/bcsstk14.mtx,115,128,5,1.063041687,1.063040018,479,392,958
../data/bcsstk14.mtx,115,128,6,1.056048155,1.056046486,479,392,958
../data/bcsstk14.mtx,115,128,7,1.056046009,1.056044340,479,392,958
../data/bcsstk14.mtx,115,128,8,1.318025112,1.318023443,479,392,958
../data/bcsstk14.mtx,115,128,9,1.320038557,1.320036888,479,392,958
../data/bcsstk14.mtx,116,128,0,1.320034742,1.320033073,504,401,1008
../data/bcsstk14.mtx,116,128,1,1.320038557,1.320037127,504,401,1008
../data/bcsstk14.mtx,116,128,2,1.063046455,1.063045025,504,401,1008
../data/bcsstk14.mtx,116,128,3,1.056035042,1.056033134,504,401,1008
../data/bcsstk14.mtx,116,128,4,1.056029081,1.056027651,504,401,1008
../data/bcsstk14.mtx,116,128,5,1.052033186,1.052031755,504,401,1008
../data/bcsstk14.mtx,116,128,6,1.056040287,1.056038857,504,401,1008
../data/bcsstk14.mtx,116,128,7,1.056044102,1.056042433,504,401,1008
../data/bcsstk14.mtx,116,128,8,1.063843727,1.063841820,504,401,1008
../data/bcsstk14.mtx,116,128,9,1.320038557,1.320036888,504,401,1008
../data/bcsstk14.mtx,117,128,0,1.320027828,1.320025682,502,395,1004
../data/bcsstk14.mtx,117,128,1,1.320039511,1.320037603,502,395,1004
../data/bcsstk14.mtx,117,128,2,1.063038349,1.063036680,502,395,1004
../data/bcsstk14.mtx,117,128,3,1.056040287,1.056038380,502,395,1004
../data/bcsstk14.mtx,117,128,4,1.056020498,1.056018829,502,395,1004
../data/bcsstk14.mtx,117,128,5,1.052040100,1.052038193,502,395,1004
../data/bcsstk14.mtx,117,128,6,1.056035757,1.056034088,502,395,1004
../data/bcsstk14.mtx,117,128,7,1.056053638,1.056051731,502,395,1004
../data/bcsstk14.mtx,117,128,8,1.054017305,1.054015398,502,395,1004
../data/bcsstk14.mtx,117,128,9,1.320024967,1.320023298,502,395,1004
../data/bcsstk14.mtx,118,128,0,1.320018053,1.320016623,451,392,902
../data/bcsstk14.mtx,118,128,1,1.320034504,1.320032835,451,392,902
../data/bcsstk14.mtx,118,128,2,1.052029133,1.052027225,451,392,902
../data/bcsstk14.mtx,118,128,3,1.056026936,1.056025505,451,392,902
../data/bcsstk14.mtx,118,128,4,1.056010485,1.056008816,451,392,902
../data/bcsstk14.mtx,118,128,5,1.063036442,1.063034773,451,392,902
../data/bcsstk14.mtx,118,128,6,1.056021690,1.056020260,451,392,902
../data/bcsstk14.mtx,118,128,7,1.056038141,1.056036472,451,392,902
../data/bcsstk14.mtx,118,128,8,1.054027319,1.054025888,451,392,902
../data/bcsstk14.mtx,118,128,9,1.320021391,1.320019722,451,392,902
../data/bcsstk14.mtx,119,128,0,1.056038380,1.056036472,463,394,926
../data/bcsstk14.mtx,119,128,1,1.320030928,1.320029259,463,394,926
../data/bcsstk14.mtx,119,128,2,1.062999964,1.062998295,463,394,926
../data/bcsstk14.mtx,119,128,3,1.056029797,1.056028128,463,394,926
../data/bcsstk14.mtx,119,128,4,1.056006908,1.056003809,463,394,926
../data/bcsstk14.mtx,119,128,5,1.052010298,1.052008867,463,394,926
../data/bcsstk14.mtx,119,128,6,0.792167902,0.792166233,463,394,926
../data/bcsstk14.mtx,119,128,7,0.792154789,0.792152643,463,394,926
../data/bcsstk14.mtx,119,128,8,1.065032721,1.065031052,463,394,926
../data/bcsstk14.mtx,119,128,9,1.055999756,1.055997849,463,394,926
../data/bcsstk14.mtx,120,128,0,1.579995871,1.579993963,502,430,1004
../data/bcsstk14.mtx,120,128,1,1.672005177,1.672003269,502,430,1004
../data/bcsstk14.mtx,120,128,2,1.658165455,1.658163548,502,430,1004
../data/bcsstk14.mtx,120,128,3,1.764006376,1.764004469,502,430,1004
../data/bcsstk14.mtx,120,128,4,1.847997904,1.847995996,502,430,1004
../data/bcsstk14.mtx,120,128,5,1.761244774,1.761242390,502,430,1004
../data/bcsstk14.mtx,120,128,6,1.743295670,1.743293524,502,430,1004
../data/bcsstk14.mtx,120,128,7,1.677290678,1.677288294,502,430,1004
../data/bcsstk14.mtx,120,128,8,1.760035992,1.760033131,502,430,1004
../data/bcsstk14.mtx,120,128,9,1.591000795,1.590998888,502,430,1004
../data/bcsstk14.mtx,121,128,0,1.580022335,1.580020189,502,433,1004
../data/bcsstk14.mtx,121,128,1,1.584033966,1.584031820,502,433,1004
../data/bcsstk14.mtx,121,128,2,1.591028929,1.591026783,502,433,1004
../data/bcsstk14.mtx,121,128,3,1.753030539,1.753028631,502,433,1004
../data/bcsstk14.mtx,121,128,4,1.760040522,1.760038376,502,433,1004
../data/bcsstk14.mtx,121,128,5,1.767022371,1.767020226,502,433,1004
../data/bcsstk14.mtx,121,128,6,1.756031275,1.756029367,502,433,1004
../data/bcsstk14.mtx,121,128,7,1.672029734,1.672027826,502,433,1004
../data/bcsstk14.mtx,121,128,8,1.760057449,1.760055304,502,433,1004
../data/bcsstk14.mtx,121,128,9,1.580030441,1.580028296,502,433,1004
../data/bcsstk14.mtx,122,128,0,1.580022335,1.580020666,488,409,976
../data/bcsstk14.mtx,122,128,1,1.584026098,1.584024429,488,409,976
../data/bcsstk14.mtx,122,128,2,1.591028929,1.591027021,488,409,976
../data/bcsstk14.mtx,122,128,3,1.753024817,1.753023386,488,409,976
../data/bcsstk14.mtx,122,128,4,1.760039091,1.760037422,488,409,976
../data/bcsstk14.mtx,122,128,5,1.767032623,1.767030954,488,409,976
../data/bcsstk14.mtx,122,128,6,1.756018400,1.756015778,488,409,976
../data/bcsstk14.mtx,122,128,7,1.672034979,1.672033310,488,409,976
../data/bcsstk14.mtx,122,128,8,1.760024071,1.760022402,488,409,976
../data/bcsstk14.mtx,122,128,9,1.580026627,1.580024958,488,409,976
../data/bcsstk14.mtx,123,128,0,1.481029272,1.481027126,489,409,978
../data/bcsstk14.mtx,123,128,1,1.584029436,1.584027290,489,409,978
../data/bcsstk14.mtx,123,128,2,1.497274876,1.497272730,489,409,978
../data/bcsstk14.mtx,123,128,3,1.685280085,1.685277700,489,409,978
../data/bcsstk14.mtx,123,128,4,1.760036230,1.760034323,489,409,978
../data/bcsstk14.mtx,123,128,5,1.756026745,1.756024837,489,409,978
../data/bcsstk14.mtx,123,128,6,1.679044247,1.679040909,489,409,978
../data/bcsstk14.mtx,123,128,7,1.584029675,1.584027767,489,409,978
../data/bcsstk14.mtx,123,128,8,1.584035158,1.584033251,489,409,978
../data/bcsstk14.mtx,123,128,9,1.470034838,1.470033169,489,409,978
../data/bcsstk14.mtx,124,128,0,1.580019474,1.580017567,503,458,1006
../data/bcsstk14.mtx,124,128,1,1.672028303,1.672026634,503,458,1006
../data/bcsstk14.mtx,124,128,2,1.668031693,1.668030024,503,458,1006
../data/bcsstk14.mtx,124,128,3,1.764025927,1.764024258,503,458,1006
../data/bcsstk14.mtx,124,128,4,1.760035753,1.760034084,503,458,1006
../data/bcsstk14.mtx,124,128,5,1.756026745,1.756025076,503,458,1006
../data/bcsstk14.mtx,124,128,6,1.679043055,1.679040194,503,458,1006
../data/bcsstk14.mtx,124,128,7,1.672028303,1.672026634,503,458,1006
../data/bcsstk14.mtx,124,128,8,1.672026873,1.672025204,503,458,1006
../data/bcsstk14.mtx,124,128,9,1.591022491,1.591020584,503,458,1006
../data/bcsstk14.mtx,125,128,0,1.502888680,1.502886772,487,441,974
../data/bcsstk14.mtx,125,128,1,1.584029675,1.584028244,487,441,974
../data/bcsstk14.mtx,125,128,2,1.591023207,1.591021776,487,441,974
../data/bcsstk14.mtx,125,128,3,1.676025629,1.676024199,487,441,974
../data/bcsstk14.mtx,125,128,4,1.672033548,1.672032118,487,441,974
../data/bcsstk14.mtx,125,128,5,1.672022820,1.672021151,487,441,974
../data/bcsstk14.mtx,125,128,6,1.668026924,1.668025255,487,441,974
../data/bcsstk14.mtx,125,128,7,1.672026634,1.672025204,487,441,974
../data/bcsstk14.mtx,125,128,8,1.584128141,1.584125519,487,441,974
../data/bcsstk14.mtx,125,128,9,1.501911402,1.501909256,487,441,974
../data/bcsstk14.mtx,126,128,0,1.492032051,1.492030144,526,486,1052
../data/bcsstk14.mtx,126,128,1,1.584027529,1.584025860,526,486,1052
../data/bcsstk14.mtx,126,128,2,1.547029734,1.547028065,526,486,1052
../data/bcsstk14.mtx,126,128,3,1.665032387,1.665030718,526,486,1052
../data/bcsstk14.mtx,126,128,4,1.677270889,1.677268982,526,486,1052
../data/bcsstk14.mtx,126,128,5,1.679013014,1.679011345,526,486,1052
../data/bcsstk14.mtx,126,128,6,1.668042421,1.668039560,526,486,1052
../data/bcsstk14.mtx,126,128,7,1.672030687,1.672029257,526,486,1052
../data/bcsstk14.mtx,126,128,8,1.589242697,1.589240789,526,486,1052
../data/bcsstk14.mtx,126,128,9,1.580034971,1.580033064,526,486,1052
../data/bcsstk14.mtx,127,128,0,1.503026724,1.503024578,516,473,1032
../data/bcsstk14.mtx,127,128,1,1.501244783,1.501242399,516,473,1032
../data/bcsstk14.mtx,127,128,2,1.492036819,1.492034912,516,473,1032
../data/bcsstk14.mtx,127,128,3,1.621024132,1.621022463,516,473,1032
../data/bcsstk14.mtx,127,128,4,1.672028780,1.672026873,516,473,1032
../data/bcsstk14.mtx,127,128,5,1.635034561,1.635032415,516,473,1032
../data/bcsstk14.mtx,127,128,6,1.580040693,1.580038786,516,473,1032
../data/bcsstk14.mtx,127,128,7,1.584038496,1.584036589,516,473,1032
../data/bcsstk14.mtx,127,128,8,1.584036350,1.584034443,516,473,1032
../data/bcsstk14.mtx,127,128,9,1.492035627,1.492033958,516,473,1032


=== SUMMARY METRICS TABLE ===
Matrix_Name,Num_Processes,Ghost_Entries_Min,Ghost_Entries_Avg,Ghost_Entries_Max,Load_Imbalance_Ratio,System_P90_Time,Total_GFLOPs
../data/bcsstk14.mtx,128,324,415.28,486,1.1579,2.068816185,0.0001
=============================
