Rank 0: Reading matrix ../data/bcsstk14.mtx...
Matrix type: matrix coordinate real symmetric
  Real: yes
  Complex: no
  Symmetric: yes
  Pattern: no
Matrix size: 1806 x 1806, NNZ (file): 32630
Actual NNZ (after symmetry expansion): 63454

matrix_name,rank,num_procs,run,elapsed_time,comm_time,local_nz,ghost_entries,local_flops
../data/bcsstk14.mtx,0,64,0,0.788020372,0.788017988,1063,835,2126
../data/bcsstk14.mtx,0,64,1,1.047016382,1.047014236,1063,835,2126
../data/bcsstk14.mtx,0,64,2,0.794024944,0.794022799,1063,835,2126
../data/bcsstk14.mtx,0,64,3,0.802024841,0.802022457,1063,835,2126
../data/bcsstk14.mtx,0,64,4,1.320014238,1.320011854,1063,835,2126
../data/bcsstk14.mtx,0,64,5,1.328012705,1.328010559,1063,835,2126
../data/bcsstk14.mtx,0,64,6,1.055032253,1.055029869,1063,835,2126
../data/bcsstk14.mtx,0,64,7,1.066023588,1.066020966,1063,835,2126
../data/bcsstk14.mtx,0,64,8,1.055056334,1.055053473,1063,835,2126
../data/bcsstk14.mtx,0,64,9,1.055010557,1.055008650,1063,835,2126
../data/bcsstk14.mtx,1,64,0,0.538103342,0.538100243,1057,819,2114
../data/bcsstk14.mtx,1,64,1,0.792028427,0.792025805,1057,819,2114
../data/bcsstk14.mtx,1,64,2,0.805031300,0.805029154,1057,819,2114
../data/bcsstk14.mtx,1,64,3,0.802000999,0.801998138,1057,819,2114
../data/bcsstk14.mtx,1,64,4,1.320019484,1.320017099,1057,819,2114
../data/bcsstk14.mtx,1,64,5,1.339021206,1.339018822,1057,819,2114
../data/bcsstk14.mtx,1,64,6,1.055030823,1.055028677,1057,819,2114
../data/bcsstk14.mtx,1,64,7,1.066040754,1.066038132,1057,819,2114
../data/bcsstk14.mtx,1,64,8,1.055098295,1.055095673,1057,819,2114
../data/bcsstk14.mtx,1,64,9,1.055026293,1.055024147,1057,819,2114
../data/bcsstk14.mtx,2,64,0,0.795026779,0.795023203,1076,793,2152
../data/bcsstk14.mtx,2,64,1,0.799579382,0.799576521,1076,793,2152
../data/bcsstk14.mtx,2,64,2,0.794032335,0.794030190,1076,793,2152
../data/bcsstk14.mtx,2,64,3,0.789020777,0.789018393,1076,793,2152
../data/bcsstk14.mtx,2,64,4,1.065042973,1.065040350,1076,793,2152
../data/bcsstk14.mtx,2,64,5,1.152019501,1.152017117,1076,793,2152
../data/bcsstk14.mtx,2,64,6,0.791063070,0.791060686,1076,793,2152
../data/bcsstk14.mtx,2,64,7,0.780081987,0.780079365,1076,793,2152
../data/bcsstk14.mtx,2,64,8,1.056019783,1.056017637,1076,793,2152
../data/bcsstk14.mtx,2,64,9,0.791028738,0.791026592,1076,793,2152
../data/bcsstk14.mtx,3,64,0,0.787011862,0.787009478,1079,790,2158
../data/bcsstk14.mtx,3,64,1,0.792039394,0.792036772,1079,790,2158
../data/bcsstk14.mtx,3,64,2,0.794038773,0.794036388,1079,790,2158
../data/bcsstk14.mtx,3,64,3,0.789008856,0.789006472,1079,790,2158
../data/bcsstk14.mtx,3,64,4,1.054033279,1.054030657,1079,790,2158
../data/bcsstk14.mtx,3,64,5,1.053051710,1.053049088,1079,790,2158
../data/bcsstk14.mtx,3,64,6,0.791007280,0.791004896,1079,790,2158
../data/bcsstk14.mtx,3,64,7,0.791037321,0.791034937,1079,790,2158
../data/bcsstk14.mtx,3,64,8,0.792035580,0.792033434,1079,790,2158
../data/bcsstk14.mtx,3,64,9,0.802018166,0.802016020,1079,790,2158
../data/bcsstk14.mtx,4,64,0,0.787020206,0.787017822,1030,781,2060
../data/bcsstk14.mtx,4,64,1,0.792037964,0.792035341,1030,781,2060
../data/bcsstk14.mtx,4,64,2,0.794018507,0.794016361,1030,781,2060
../data/bcsstk14.mtx,4,64,3,0.789018631,0.789016247,1030,781,2060
../data/bcsstk14.mtx,4,64,4,1.054016113,1.054013729,1030,781,2060
../data/bcsstk14.mtx,4,64,5,1.048020840,1.048018456,1030,781,2060
../data/bcsstk14.mtx,4,64,6,0.798119307,0.798116922,1030,781,2060
../data/bcsstk14.mtx,4,64,7,1.044014692,1.044012070,1030,781,2060
../data/bcsstk14.mtx,4,64,8,1.066021919,1.066019773,1030,781,2060
../data/bcsstk14.mtx,4,64,9,1.066018581,1.066016436,1030,781,2060
../data/bcsstk14.mtx,5,64,0,0.787033081,0.787029982,1047,795,2094
../data/bcsstk14.mtx,5,64,1,0.792026997,0.792024612,1047,795,2094
../data/bcsstk14.mtx,5,64,2,0.791021109,0.791018963,1047,795,2094
../data/bcsstk14.mtx,5,64,3,0.789018631,0.789016485,1047,795,2094
../data/bcsstk14.mtx,5,64,4,1.045029402,1.045027018,1047,795,2094
../data/bcsstk14.mtx,5,64,5,1.059025764,1.059023380,1047,795,2094
../data/bcsstk14.mtx,5,64,6,0.791044950,0.791042566,1047,795,2094
../data/bcsstk14.mtx,5,64,7,0.780111074,0.780108690,1047,795,2094
../data/bcsstk14.mtx,5,64,8,1.056021929,1.056019783,1047,795,2094
../data/bcsstk14.mtx,5,64,9,0.791049957,0.791047573,1047,795,2094
../data/bcsstk14.mtx,6,64,0,0.527032137,0.527029514,998,822,1996
../data/bcsstk14.mtx,6,64,1,0.795020580,0.795018196,998,822,1996
../data/bcsstk14.mtx,6,64,2,0.527048349,0.527046204,998,822,1996
../data/bcsstk14.mtx,6,64,3,0.528037071,0.528034687,998,822,1996
../data/bcsstk14.mtx,6,64,4,1.059018850,1.059016228,998,822,1996
../data/bcsstk14.mtx,6,64,5,1.069996595,1.069994211,998,822,1996
../data/bcsstk14.mtx,6,64,6,0.791048050,0.791045666,998,822,1996
../data/bcsstk14.mtx,6,64,7,0.802043200,0.802040577,998,822,1996
../data/bcsstk14.mtx,6,64,8,0.792112350,0.792109966,998,822,1996
../data/bcsstk14.mtx,6,64,9,0.802026510,0.802024364,998,822,1996
../data/bcsstk14.mtx,7,64,0,0.274055481,0.274043083,973,803,1946
../data/bcsstk14.mtx,7,64,1,0.520021677,0.520019531,973,803,1946
../data/bcsstk14.mtx,7,64,2,0.263046980,0.263044357,973,803,1946
../data/bcsstk14.mtx,7,64,3,0.264047146,0.264044762,973,803,1946
../data/bcsstk14.mtx,7,64,4,0.793024778,0.793022394,973,803,1946
../data/bcsstk14.mtx,7,64,5,0.790021181,0.790019035,973,803,1946
../data/bcsstk14.mtx,7,64,6,0.517029047,0.517026663,973,803,1946
../data/bcsstk14.mtx,7,64,7,0.538104057,0.538101435,973,803,1946
../data/bcsstk14.mtx,7,64,8,0.792005539,0.792003393,973,803,1946
../data/bcsstk14.mtx,7,64,9,0.523024797,0.523022652,973,803,1946
../data/bcsstk14.mtx,8,64,0,0.787017345,0.787015200,984,788,1968
../data/bcsstk14.mtx,8,64,1,0.792020082,0.792017698,984,788,1968
../data/bcsstk14.mtx,8,64,2,0.794035435,0.794033289,984,788,1968
../data/bcsstk14.mtx,8,64,3,0.789025307,0.789023161,984,788,1968
../data/bcsstk14.mtx,8,64,4,1.054025173,1.054022789,984,788,1968
../data/bcsstk14.mtx,8,64,5,1.048016310,1.048013926,984,788,1968
../data/bcsstk14.mtx,8,64,6,1.055008173,1.055006027,984,788,1968
../data/bcsstk14.mtx,8,64,7,1.110011339,1.110009193,984,788,1968
../data/bcsstk14.mtx,8,64,8,1.056019306,1.056017160,984,788,1968
../data/bcsstk14.mtx,8,64,9,0.912022114,0.912019968,984,788,1968
../data/bcsstk14.mtx,9,64,0,0.523053408,0.523051023,974,765,1948
../data/bcsstk14.mtx,9,64,1,0.528108358,0.528105736,974,765,1948
../data/bcsstk14.mtx,9,64,2,0.527047873,0.527045727,974,765,1948
../data/bcsstk14.mtx,9,64,3,0.528047085,0.528044939,974,765,1948
../data/bcsstk14.mtx,9,64,4,0.793002367,0.793000221,974,765,1948
../data/bcsstk14.mtx,9,64,5,1.059017897,1.059015512,974,765,1948
../data/bcsstk14.mtx,9,64,6,0.780034781,0.780032635,974,765,1948
../data/bcsstk14.mtx,9,64,7,1.065987349,1.065984964,974,765,1948
../data/bcsstk14.mtx,9,64,8,1.056005001,1.056002855,974,765,1948
../data/bcsstk14.mtx,9,64,9,0.791019201,0.791017056,974,765,1948
../data/bcsstk14.mtx,10,64,0,0.754008055,0.754005432,1056,771,2112
../data/bcsstk14.mtx,10,64,1,0.792030573,0.792028189,1056,771,2112
../data/bcsstk14.mtx,10,64,2,0.527043819,0.527041435,1056,771,2112
../data/bcsstk14.mtx,10,64,3,0.525022030,0.525019646,1056,771,2112
../data/bcsstk14.mtx,10,64,4,0.988021612,0.988018990,1056,771,2112
../data/bcsstk14.mtx,10,64,5,1.048019648,1.048017025,1056,771,2112
../data/bcsstk14.mtx,10,64,6,0.798128366,0.798125029,1056,771,2112
../data/bcsstk14.mtx,10,64,7,1.044011354,1.044008732,1056,771,2112
../data/bcsstk14.mtx,10,64,8,0.792028904,0.792026520,1056,771,2112
../data/bcsstk14.mtx,10,64,9,0.527036667,0.527034044,1056,771,2112
../data/bcsstk14.mtx,11,64,0,0.523019314,0.523016691,1067,782,2134
../data/bcsstk14.mtx,11,64,1,0.527997732,0.527994394,1067,782,2134
../data/bcsstk14.mtx,11,64,2,0.527018785,0.527016401,1067,782,2134
../data/bcsstk14.mtx,11,64,3,0.528022051,0.528019905,1067,782,2134
../data/bcsstk14.mtx,11,64,4,0.793020487,0.793018341,1067,782,2134
../data/bcsstk14.mtx,11,64,5,1.048021555,1.048019409,1067,782,2134
../data/bcsstk14.mtx,11,64,6,0.792003870,0.792001486,1067,782,2134
../data/bcsstk14.mtx,11,64,7,0.791020632,0.791018486,1067,782,2134
../data/bcsstk14.mtx,11,64,8,0.792044401,0.792042017,1067,782,2134
../data/bcsstk14.mtx,11,64,9,0.527036905,0.527034521,1067,782,2134
../data/bcsstk14.mtx,12,64,0,0.527045012,0.527041912,1060,801,2120
../data/bcsstk14.mtx,12,64,1,0.795004129,0.795001984,1060,801,2120
../data/bcsstk14.mtx,12,64,2,0.505036354,0.505033970,1060,801,2120
../data/bcsstk14.mtx,12,64,3,0.536040068,0.536037683,1060,801,2120
../data/bcsstk14.mtx,12,64,4,0.793023586,0.793021202,1060,801,2120
../data/bcsstk14.mtx,12,64,5,0.790023804,0.790021658,1060,801,2120
../data/bcsstk14.mtx,12,64,6,0.802013397,0.802010536,1060,801,2120
../data/bcsstk14.mtx,12,64,7,0.791023970,0.791021585,1060,801,2120
../data/bcsstk14.mtx,12,64,8,0.792032003,0.792029619,1060,801,2120
../data/bcsstk14.mtx,12,64,9,0.533467531,0.533464909,1060,801,2120
../data/bcsstk14.mtx,13,64,0,0.523001671,0.522999048,1069,807,2138
../data/bcsstk14.mtx,13,64,1,0.528020382,0.528017759,1069,807,2138
../data/bcsstk14.mtx,13,64,2,0.263049364,0.263046980,1069,807,2138
../data/bcsstk14.mtx,13,64,3,0.264047623,0.264045238,1069,807,2138
../data/bcsstk14.mtx,13,64,4,0.527134418,0.527131796,1069,807,2138
../data/bcsstk14.mtx,13,64,5,0.528155565,0.528152943,1069,807,2138
../data/bcsstk14.mtx,13,64,6,0.528036356,0.528033733,1069,807,2138
../data/bcsstk14.mtx,13,64,7,0.791008711,0.791006088,1069,807,2138
../data/bcsstk14.mtx,13,64,8,0.792008638,0.792006493,1069,807,2138
../data/bcsstk14.mtx,13,64,9,0.523020983,0.523018599,1069,807,2138
../data/bcsstk14.mtx,14,64,0,0.523034811,0.523032188,1031,779,2062
../data/bcsstk14.mtx,14,64,1,0.528029919,0.528027534,1031,779,2062
../data/bcsstk14.mtx,14,64,2,0.527025461,0.527023315,1031,779,2062
../data/bcsstk14.mtx,14,64,3,0.528039455,0.528037310,1031,779,2062
../data/bcsstk14.mtx,14,64,4,0.494037151,0.494034767,1031,779,2062
../data/bcsstk14.mtx,14,64,5,0.528032780,0.528030396,1031,779,2062
../data/bcsstk14.mtx,14,64,6,0.528022766,0.528020144,1031,779,2062
../data/bcsstk14.mtx,14,64,7,0.538032532,0.538030386,1031,779,2062
../data/bcsstk14.mtx,14,64,8,0.528037786,0.528035402,1031,779,2062
../data/bcsstk14.mtx,14,64,9,0.534015894,0.534013987,1031,779,2062
../data/bcsstk14.mtx,15,64,0,0.523003340,0.523000956,1056,796,2112
../data/bcsstk14.mtx,15,64,1,0.528006315,0.528003931,1056,796,2112
../data/bcsstk14.mtx,15,64,2,0.527008533,0.527006149,1056,796,2112
../data/bcsstk14.mtx,15,64,3,0.527989149,0.527986765,1056,796,2112
../data/bcsstk14.mtx,15,64,4,0.263040304,0.263037920,1056,796,2112
../data/bcsstk14.mtx,15,64,5,0.264040470,0.264038324,1056,796,2112
../data/bcsstk14.mtx,15,64,6,0.271038771,0.271036386,1056,796,2112
../data/bcsstk14.mtx,15,64,7,0.271022558,0.271019697,1056,796,2112
../data/bcsstk14.mtx,15,64,8,0.264038563,0.264036179,1056,796,2112
../data/bcsstk14.mtx,15,64,9,0.270161152,0.270158768,1056,796,2112
../data/bcsstk14.mtx,16,64,0,0.788029432,0.788026571,1041,778,2082
../data/bcsstk14.mtx,16,64,1,1.058995724,1.058993101,1041,778,2082
../data/bcsstk14.mtx,16,64,2,0.805026531,0.805023909,1041,778,2082
../data/bcsstk14.mtx,16,64,3,0.725039959,0.725037098,1041,778,2082
../data/bcsstk14.mtx,16,64,4,0.793142557,0.793139935,1041,778,2082
../data/bcsstk14.mtx,16,64,5,0.797166348,0.797163725,1041,778,2082
../data/bcsstk14.mtx,16,64,6,0.967007875,0.967005491,1041,778,2082
../data/bcsstk14.mtx,16,64,7,1.044019699,1.044017315,1041,778,2082
../data/bcsstk14.mtx,16,64,8,1.066037178,1.066034794,1041,778,2082
../data/bcsstk14.mtx,16,64,9,0.791037083,0.791034937,1041,778,2082
../data/bcsstk14.mtx,17,64,0,0.787002325,0.786999941,1033,779,2066
../data/bcsstk14.mtx,17,64,1,0.792006731,0.792004347,1033,779,2066
../data/bcsstk14.mtx,17,64,2,0.527035475,0.527032852,1033,779,2066
../data/bcsstk14.mtx,17,64,3,0.525044441,0.525041819,1033,779,2066
../data/bcsstk14.mtx,17,64,4,0.782013178,0.782010794,1033,779,2066
../data/bcsstk14.mtx,17,64,5,0.790005207,0.790002823,1033,779,2066
../data/bcsstk14.mtx,17,64,6,0.528039694,0.528037548,1033,779,2066
../data/bcsstk14.mtx,17,64,7,1.055002928,1.055000782,1033,779,2066
../data/bcsstk14.mtx,17,64,8,1.056018353,1.056016207,1033,779,2066
../data/bcsstk14.mtx,17,64,9,0.780024290,0.780022383,1033,779,2066
../data/bcsstk14.mtx,18,64,0,0.799019575,0.799016476,1040,760,2080
../data/bcsstk14.mtx,18,64,1,0.792008162,0.792005301,1040,760,2080
../data/bcsstk14.mtx,18,64,2,0.791010141,0.791007519,1040,760,2080
../data/bcsstk14.mtx,18,64,3,0.789003611,0.789001703,1040,760,2080
../data/bcsstk14.mtx,18,64,4,0.793009520,0.793007135,1040,760,2080
../data/bcsstk14.mtx,18,64,5,0.790008783,0.790006399,1040,760,2080
../data/bcsstk14.mtx,18,64,6,0.528034210,0.528031826,1040,760,2080
../data/bcsstk14.mtx,18,64,7,1.055006266,1.055003881,1040,760,2080
../data/bcsstk14.mtx,18,64,8,1.056004047,1.056001902,1040,760,2080
../data/bcsstk14.mtx,18,64,9,0.780016661,0.780014515,1040,760,2080
../data/bcsstk14.mtx,19,64,0,0.787029743,0.787026882,1032,746,2064
../data/bcsstk14.mtx,19,64,1,0.792007446,0.792005062,1032,746,2064
../data/bcsstk14.mtx,19,64,2,0.527023554,0.527021170,1032,746,2064
../data/bcsstk14.mtx,19,64,3,0.527998447,0.527996063,1032,746,2064
../data/bcsstk14.mtx,19,64,4,0.527017593,0.527015448,1032,746,2064
../data/bcsstk14.mtx,19,64,5,0.526023626,0.526021004,1032,746,2064
../data/bcsstk14.mtx,19,64,6,0.528015852,0.528013468,1032,746,2064
../data/bcsstk14.mtx,19,64,7,0.791026831,0.791024685,1032,746,2064
../data/bcsstk14.mtx,19,64,8,0.792046785,0.792044401,1032,746,2064
../data/bcsstk14.mtx,19,64,9,0.681006908,0.681004763,1032,746,2064
../data/bcsstk14.mtx,20,64,0,0.799034357,0.799031973,918,684,1836
../data/bcsstk14.mtx,20,64,1,1.059007406,1.059005022,918,684,1836
../data/bcsstk14.mtx,20,64,2,0.794022799,0.794020653,918,684,1836
../data/bcsstk14.mtx,20,64,3,0.791026592,0.791024446,918,684,1836
../data/bcsstk14.mtx,20,64,4,0.804163694,0.804161310,918,684,1836
../data/bcsstk14.mtx,20,64,5,0.797168732,0.797166586,918,684,1836
../data/bcsstk14.mtx,20,64,6,0.791007757,0.791005611,918,684,1836
../data/bcsstk14.mtx,20,64,7,0.967006207,0.967004061,918,684,1836
../data/bcsstk14.mtx,20,64,8,1.055985928,1.055983782,918,684,1836
../data/bcsstk14.mtx,20,64,9,0.780007124,0.780004978,918,684,1836
../data/bcsstk14.mtx,21,64,0,0.538028717,0.538026333,933,700,1866
../data/bcsstk14.mtx,21,64,1,0.784006596,0.784004450,933,700,1866
../data/bcsstk14.mtx,21,64,2,0.527032375,0.527030230,933,700,1866
../data/bcsstk14.mtx,21,64,3,0.536033630,0.536031246,933,700,1866
../data/bcsstk14.mtx,21,64,4,0.793008089,0.793005705,933,700,1866
../data/bcsstk14.mtx,21,64,5,0.790010452,0.790008068,933,700,1866
../data/bcsstk14.mtx,21,64,6,0.517044783,0.517042160,933,700,1866
../data/bcsstk14.mtx,21,64,7,0.802011967,0.802009821,933,700,1866
../data/bcsstk14.mtx,21,64,8,1.056004286,1.056002140,933,700,1866
../data/bcsstk14.mtx,21,64,9,0.780009031,0.780007124,933,700,1866
../data/bcsstk14.mtx,22,64,0,0.799038172,0.799035788,927,730,1854
../data/bcsstk14.mtx,22,64,1,0.784019232,0.784017086,927,730,1854
../data/bcsstk14.mtx,22,64,2,0.527042866,0.527030230,927,730,1854
../data/bcsstk14.mtx,22,64,3,0.536033630,0.536031485,927,730,1854
../data/bcsstk14.mtx,22,64,4,0.793007135,0.793004751,927,730,1854
../data/bcsstk14.mtx,22,64,5,0.790008068,0.790005922,927,730,1854
../data/bcsstk14.mtx,22,64,6,0.758009911,0.758007288,927,730,1854
../data/bcsstk14.mtx,22,64,7,0.791022301,0.791020155,927,730,1854
../data/bcsstk14.mtx,22,64,8,1.055981159,1.055979013,927,730,1854
../data/bcsstk14.mtx,22,64,9,0.791006565,0.791004419,927,730,1854
../data/bcsstk14.mtx,23,64,0,0.787001133,0.786998987,959,751,1918
../data/bcsstk14.mtx,23,64,1,0.528010607,0.528008223,959,751,1918
../data/bcsstk14.mtx,23,64,2,0.526996136,0.526993990,959,751,1918
../data/bcsstk14.mtx,23,64,3,0.528041601,0.528039455,959,751,1918
../data/bcsstk14.mtx,23,64,4,0.538206100,0.538203955,959,751,1918
../data/bcsstk14.mtx,23,64,5,0.528142691,0.528140068,959,751,1918
../data/bcsstk14.mtx,23,64,6,0.528002262,0.527999878,959,751,1918
../data/bcsstk14.mtx,23,64,7,0.791024208,0.791021824,959,751,1918
../data/bcsstk14.mtx,23,64,8,0.792026997,0.792024851,959,751,1918
../data/bcsstk14.mtx,23,64,9,0.527183771,0.527181387,959,751,1918
../data/bcsstk14.mtx,24,64,0,0.992783546,0.992781401,932,726,1864
../data/bcsstk14.mtx,24,64,1,1.058982134,1.058979273,932,726,1864
../data/bcsstk14.mtx,24,64,2,1.053011179,1.053008795,932,726,1864
../data/bcsstk14.mtx,24,64,3,1.055020809,1.055018187,932,726,1864
../data/bcsstk14.mtx,24,64,4,1.271004200,1.271001577,932,726,1864
../data/bcsstk14.mtx,24,64,5,1.278002977,1.278000593,932,726,1864
../data/bcsstk14.mtx,24,64,6,1.322030783,1.322028637,932,726,1864
../data/bcsstk14.mtx,24,64,7,1.066011429,1.066009283,932,726,1864
../data/bcsstk14.mtx,24,64,8,1.311542273,1.311540127,932,726,1864
../data/bcsstk14.mtx,24,64,9,1.054002523,1.054000378,932,726,1864
../data/bcsstk14.mtx,25,64,0,0.782034159,0.782031775,855,670,1710
../data/bcsstk14.mtx,25,64,1,0.795022726,0.795020103,855,670,1710
../data/bcsstk14.mtx,25,64,2,0.789051294,0.789048672,855,670,1710
../data/bcsstk14.mtx,25,64,3,0.802045822,0.802043438,855,670,1710
../data/bcsstk14.mtx,25,64,4,1.059019089,1.059016705,855,670,1710
../data/bcsstk14.mtx,25,64,5,1.059021473,1.059019089,855,670,1710
../data/bcsstk14.mtx,25,64,6,1.059034586,1.059032679,855,670,1710
../data/bcsstk14.mtx,25,64,7,0.802061558,0.802059174,855,670,1710
../data/bcsstk14.mtx,25,64,8,1.058716536,1.058714390,855,670,1710
../data/bcsstk14.mtx,25,64,9,0.790025949,0.790023804,855,670,1710
../data/bcsstk14.mtx,26,64,0,1.059011221,1.059009075,982,772,1964
../data/bcsstk14.mtx,26,64,1,0.787024975,0.787021875,982,772,1964
../data/bcsstk14.mtx,26,64,2,0.976018190,0.976015568,982,772,1964
../data/bcsstk14.mtx,26,64,3,1.055030346,1.055027962,982,772,1964
../data/bcsstk14.mtx,26,64,4,1.054114819,1.054111242,982,772,1964
../data/bcsstk14.mtx,26,64,5,0.784090519,0.784087658,982,772,1964
../data/bcsstk14.mtx,26,64,6,1.125066996,1.125064611,982,772,1964
../data/bcsstk14.mtx,26,64,7,1.055021524,1.055019379,982,772,1964
../data/bcsstk14.mtx,26,64,8,1.319026709,1.319024563,982,772,1964
../data/bcsstk14.mtx,26,64,9,0.790038109,0.790035725,982,772,1964
../data/bcsstk14.mtx,27,64,0,0.859038830,0.859036207,1005,787,2010
../data/bcsstk14.mtx,27,64,1,0.534108400,0.534104109,1005,787,2010
../data/bcsstk14.mtx,27,64,2,0.800004244,0.800001860,1005,787,2010
../data/bcsstk14.mtx,27,64,3,0.791048288,0.791045904,1005,787,2010
../data/bcsstk14.mtx,27,64,4,1.048023701,1.048021555,1005,787,2010
../data/bcsstk14.mtx,27,64,5,0.795024872,0.795022488,1005,787,2010
../data/bcsstk14.mtx,27,64,6,1.059052467,1.059050083,1005,787,2010
../data/bcsstk14.mtx,27,64,7,1.044017553,1.044015408,1005,787,2010
../data/bcsstk14.mtx,27,64,8,1.319024086,1.319022179,1005,787,2010
../data/bcsstk14.mtx,27,64,9,0.790003300,0.790001154,1005,787,2010
../data/bcsstk14.mtx,28,64,0,0.797679424,0.797676563,988,744,1976
../data/bcsstk14.mtx,28,64,1,0.784039497,0.784036160,988,744,1976
../data/bcsstk14.mtx,28,64,2,0.789057493,0.789054871,988,744,1976
../data/bcsstk14.mtx,28,64,3,0.791039705,0.791037560,988,744,1976
../data/bcsstk14.mtx,28,64,4,1.048022747,1.048020363,988,744,1976
../data/bcsstk14.mtx,28,64,5,1.059025049,1.059022665,988,744,1976
../data/bcsstk14.mtx,28,64,6,1.059047222,1.059045076,988,744,1976
../data/bcsstk14.mtx,28,64,7,1.044016123,1.044014215,988,744,1976
../data/bcsstk14.mtx,28,64,8,1.319019556,1.319017649,988,744,1976
../data/bcsstk14.mtx,28,64,9,0.790035963,0.790033579,988,744,1976
../data/bcsstk14.mtx,29,64,0,0.795028448,0.795026302,971,737,1942
../data/bcsstk14.mtx,29,64,1,0.795013428,0.795010328,971,737,1942
../data/bcsstk14.mtx,29,64,2,0.789044619,0.789041758,971,737,1942
../data/bcsstk14.mtx,29,64,3,0.797031641,0.797029018,971,737,1942
../data/bcsstk14.mtx,29,64,4,1.058993578,1.058990955,971,737,1942
../data/bcsstk14.mtx,29,64,5,1.048013210,1.048010826,971,737,1942
../data/bcsstk14.mtx,29,64,6,1.058027744,1.058025122,971,737,1942
../data/bcsstk14.mtx,29,64,7,0.802027702,0.802025795,971,737,1942
../data/bcsstk14.mtx,29,64,8,1.209020615,1.209018707,971,737,1942
../data/bcsstk14.mtx,29,64,9,0.790034294,0.790032148,971,737,1942
../data/bcsstk14.mtx,30,64,0,0.795005798,0.795003414,999,792,1998
../data/bcsstk14.mtx,30,64,1,0.528034210,0.528031826,999,792,1998
../data/bcsstk14.mtx,30,64,2,0.525046110,0.525043249,999,792,1998
../data/bcsstk14.mtx,30,64,3,0.522047997,0.522045135,999,792,1998
../data/bcsstk14.mtx,30,64,4,0.795026302,0.795024157,999,792,1998
../data/bcsstk14.mtx,30,64,5,0.795027018,0.795024633,999,792,1998
../data/bcsstk14.mtx,30,64,6,0.792057037,0.792054892,999,792,1998
../data/bcsstk14.mtx,30,64,7,0.824021101,0.824019194,999,792,1998
../data/bcsstk14.mtx,30,64,8,1.341021299,1.341019154,999,792,1998
../data/bcsstk14.mtx,30,64,9,0.790030956,0.790028811,999,792,1998
../data/bcsstk14.mtx,31,64,0,0.526035309,0.526033163,995,782,1990
../data/bcsstk14.mtx,31,64,1,0.525024176,0.525021553,995,782,1990
../data/bcsstk14.mtx,31,64,2,0.536054373,0.536052227,995,782,1990
../data/bcsstk14.mtx,31,64,3,0.522026300,0.522023916,995,782,1990
../data/bcsstk14.mtx,31,64,4,0.784021854,0.784019470,995,782,1990
../data/bcsstk14.mtx,31,64,5,0.795022726,0.795020580,995,782,1990
../data/bcsstk14.mtx,31,64,6,0.792048216,0.792046070,995,782,1990
../data/bcsstk14.mtx,31,64,7,0.530020714,0.530018806,995,782,1990
../data/bcsstk14.mtx,31,64,8,1.055033684,1.055031776,995,782,1990
../data/bcsstk14.mtx,31,64,9,0.735009193,0.735006809,995,782,1990
../data/bcsstk14.mtx,32,64,0,0.782011986,0.782009125,963,739,1926
../data/bcsstk14.mtx,32,64,1,0.795018911,0.795015812,963,739,1926
../data/bcsstk14.mtx,32,64,2,0.756051540,0.756048918,963,739,1926
../data/bcsstk14.mtx,32,64,3,0.791037798,0.791035414,963,739,1926
../data/bcsstk14.mtx,32,64,4,1.048022747,1.048020363,963,739,1926
../data/bcsstk14.mtx,32,64,5,1.059021950,1.059019566,963,739,1926
../data/bcsstk14.mtx,32,64,6,1.059053898,1.059051275,963,739,1926
../data/bcsstk14.mtx,32,64,7,1.055016041,1.055013895,963,739,1926
../data/bcsstk14.mtx,32,64,8,1.341021299,1.341019154,963,739,1926
../data/bcsstk14.mtx,32,64,9,0.790026188,0.790023327,963,739,1926
../data/bcsstk14.mtx,33,64,0,0.794982910,0.794980526,963,753,1926
../data/bcsstk14.mtx,33,64,1,0.528033495,0.528030396,963,753,1926
../data/bcsstk14.mtx,33,64,2,0.783024311,0.783022165,963,753,1926
../data/bcsstk14.mtx,33,64,3,0.632045269,0.632042885,963,753,1926
../data/bcsstk14.mtx,33,64,4,1.048023939,1.048021793,963,753,1926
../data/bcsstk14.mtx,33,64,5,1.059024572,1.059022427,963,753,1926
../data/bcsstk14.mtx,33,64,6,1.059035778,1.059033394,963,753,1926
../data/bcsstk14.mtx,33,64,7,1.055018902,1.055016756,963,753,1926
../data/bcsstk14.mtx,33,64,8,1.187023401,1.187021494,963,753,1926
../data/bcsstk14.mtx,33,64,9,0.537127018,0.537124395,963,753,1926
../data/bcsstk14.mtx,34,64,0,0.795008421,0.795006275,959,752,1918
../data/bcsstk14.mtx,34,64,1,0.528031826,0.528029203,959,752,1918
../data/bcsstk14.mtx,34,64,2,0.794035673,0.794033527,959,752,1918
../data/bcsstk14.mtx,34,64,3,0.797021866,0.797019720,959,752,1918
../data/bcsstk14.mtx,34,64,4,0.787048817,0.787046671,959,752,1918
../data/bcsstk14.mtx,34,64,5,0.784036636,0.784034491,959,752,1918
../data/bcsstk14.mtx,34,64,6,1.055017471,1.055015326,959,752,1918
../data/bcsstk14.mtx,34,64,7,0.791026115,0.791024208,959,752,1918
../data/bcsstk14.mtx,34,64,8,1.055029631,1.055027723,959,752,1918
../data/bcsstk14.mtx,34,64,9,0.537128210,0.537125826,959,752,1918
../data/bcsstk14.mtx,35,64,0,0.529035091,0.529032946,944,746,1888
../data/bcsstk14.mtx,35,64,1,0.525025129,0.525022745,944,746,1888
../data/bcsstk14.mtx,35,64,2,0.525036573,0.525034428,944,746,1888
../data/bcsstk14.mtx,35,64,3,0.797022104,0.797019720,944,746,1888
../data/bcsstk14.mtx,35,64,4,0.787034750,0.787032604,944,746,1888
../data/bcsstk14.mtx,35,64,5,0.630019188,0.630016804,944,746,1888
../data/bcsstk14.mtx,35,64,6,0.792027712,0.792025566,944,746,1888
../data/bcsstk14.mtx,35,64,7,0.527036905,0.527034760,944,746,1888
../data/bcsstk14.mtx,35,64,8,1.065999269,1.065997124,944,746,1888
../data/bcsstk14.mtx,35,64,9,0.528030157,0.528028250,944,746,1888
../data/bcsstk14.mtx,36,64,0,0.795018673,0.795015812,885,749,1770
../data/bcsstk14.mtx,36,64,1,0.795007706,0.795004845,885,749,1770
../data/bcsstk14.mtx,36,64,2,0.794018745,0.794016838,885,749,1770
../data/bcsstk14.mtx,36,64,3,0.797020912,0.797018766,885,749,1770
../data/bcsstk14.mtx,36,64,4,0.787006140,0.787003994,885,749,1770
../data/bcsstk14.mtx,36,64,5,0.784035683,0.784033537,885,749,1770
../data/bcsstk14.mtx,36,64,6,1.055015802,1.055013657,885,749,1770
../data/bcsstk14.mtx,36,64,7,0.791028500,0.791026592,885,749,1770
../data/bcsstk14.mtx,36,64,8,1.044024229,1.044022083,885,749,1770
../data/bcsstk14.mtx,36,64,9,0.801015139,0.801012993,885,749,1770
../data/bcsstk14.mtx,37,64,0,0.806019783,0.806017637,867,721,1734
../data/bcsstk14.mtx,37,64,1,0.641027212,0.641024590,867,721,1734
../data/bcsstk14.mtx,37,64,2,0.536029339,0.536027193,867,721,1734
../data/bcsstk14.mtx,37,64,3,0.522036076,0.522033930,867,721,1734
../data/bcsstk14.mtx,37,64,4,0.795023441,0.795021296,867,721,1734
../data/bcsstk14.mtx,37,64,5,0.795025826,0.795023441,867,721,1734
../data/bcsstk14.mtx,37,64,6,0.792043924,0.792041779,867,721,1734
../data/bcsstk14.mtx,37,64,7,0.527037144,0.527035236,867,721,1734
../data/bcsstk14.mtx,37,64,8,1.000020504,1.000018597,867,721,1734
../data/bcsstk14.mtx,37,64,9,0.528016090,0.528013945,867,721,1734
../data/bcsstk14.mtx,38,64,0,0.529034376,0.529031515,954,758,1908
../data/bcsstk14.mtx,38,64,1,0.528031349,0.528028727,954,758,1908
../data/bcsstk14.mtx,38,64,2,0.525042057,0.525039196,954,758,1908
../data/bcsstk14.mtx,38,64,3,0.522042274,0.522039413,954,758,1908
../data/bcsstk14.mtx,38,64,4,0.784027100,0.784024715,954,758,1908
../data/bcsstk14.mtx,38,64,5,0.795030355,0.795028210,954,758,1908
../data/bcsstk14.mtx,38,64,6,0.791043043,0.791040659,954,758,1908
../data/bcsstk14.mtx,38,64,7,0.538032532,0.538030386,954,758,1908
../data/bcsstk14.mtx,38,64,8,0.793025970,0.793023825,954,758,1908
../data/bcsstk14.mtx,38,64,9,0.528025389,0.528023243,954,758,1908
../data/bcsstk14.mtx,39,64,0,0.528018713,0.528016567,955,760,1910
../data/bcsstk14.mtx,39,64,1,0.524996042,0.524993658,955,760,1910
../data/bcsstk14.mtx,39,64,2,0.526021481,0.526019096,955,760,1910
../data/bcsstk14.mtx,39,64,3,0.533025980,0.533023596,955,760,1910
../data/bcsstk14.mtx,39,64,4,0.798010349,0.798008204,955,760,1910
../data/bcsstk14.mtx,39,64,5,0.784004927,0.784002781,955,760,1910
../data/bcsstk14.mtx,39,64,6,0.791036606,0.791034460,955,760,1910
../data/bcsstk14.mtx,39,64,7,0.538026094,0.538023710,955,760,1910
../data/bcsstk14.mtx,39,64,8,0.782028198,0.782025814,955,760,1910
../data/bcsstk14.mtx,39,64,9,0.528020144,0.528017998,955,760,1910
../data/bcsstk14.mtx,40,64,0,0.782022238,0.782020092,973,762,1946
../data/bcsstk14.mtx,40,64,1,0.795019627,0.795016766,973,762,1946
../data/bcsstk14.mtx,40,64,2,0.800025225,0.800022840,973,762,1946
../data/bcsstk14.mtx,40,64,3,0.802030802,0.802028656,973,762,1946
../data/bcsstk14.mtx,40,64,4,1.059018135,1.059015989,973,762,1946
../data/bcsstk14.mtx,40,64,5,1.059021711,1.059019566,973,762,1946
../data/bcsstk14.mtx,40,64,6,1.059044600,1.059042454,973,762,1946
../data/bcsstk14.mtx,40,64,7,0.791033030,0.791030645,973,762,1946
../data/bcsstk14.mtx,40,64,8,1.066028118,1.066025734,973,762,1946
../data/bcsstk14.mtx,40,64,9,0.790024757,0.790022612,973,762,1946
../data/bcsstk14.mtx,41,64,0,0.529145479,0.529142857,964,755,1928
../data/bcsstk14.mtx,41,64,1,0.528035879,0.528033257,964,755,1928
../data/bcsstk14.mtx,41,64,2,0.794015884,0.794013739,964,755,1928
../data/bcsstk14.mtx,41,64,3,0.797017336,0.797014952,964,755,1928
../data/bcsstk14.mtx,41,64,4,0.787052155,0.787050009,964,755,1928
../data/bcsstk14.mtx,41,64,5,0.784030437,0.784028053,964,755,1928
../data/bcsstk14.mtx,41,64,6,1.055009365,1.055006981,964,755,1928
../data/bcsstk14.mtx,41,64,7,0.791023254,0.791021109,964,755,1928
../data/bcsstk14.mtx,41,64,8,1.055017948,1.055015802,964,755,1928
../data/bcsstk14.mtx,41,64,9,0.537148237,0.537145138,964,755,1928
../data/bcsstk14.mtx,42,64,0,0.782024860,0.782022476,1076,812,2152
../data/bcsstk14.mtx,42,64,1,0.795018196,0.795015574,1076,812,2152
../data/bcsstk14.mtx,42,64,2,0.789000988,0.788998365,1076,812,2152
../data/bcsstk14.mtx,42,64,3,0.802026272,0.802023649,1076,812,2152
../data/bcsstk14.mtx,42,64,4,1.059016466,1.059013844,1076,812,2152
../data/bcsstk14.mtx,42,64,5,1.059020519,1.059017897,1076,812,2152
../data/bcsstk14.mtx,42,64,6,1.058027029,1.058024645,1076,812,2152
../data/bcsstk14.mtx,42,64,7,0.802029371,0.802026987,1076,812,2152
../data/bcsstk14.mtx,42,64,8,1.054995060,1.054992676,1076,812,2152
../data/bcsstk14.mtx,42,64,9,0.790027380,0.790024996,1076,812,2152
../data/bcsstk14.mtx,43,64,0,0.529192686,0.529184818,1071,810,2142
../data/bcsstk14.mtx,43,64,1,0.525016546,0.525013685,1071,810,2142
../data/bcsstk14.mtx,43,64,2,0.525173426,0.525170326,1071,810,2142
../data/bcsstk14.mtx,43,64,3,0.522147894,0.522144794,1071,810,2142
../data/bcsstk14.mtx,43,64,4,0.762023211,0.762020826,1071,810,2142
../data/bcsstk14.mtx,43,64,5,0.795031071,0.795028925,1071,810,2142
../data/bcsstk14.mtx,43,64,6,0.792032242,0.792029619,1071,810,2142
../data/bcsstk14.mtx,43,64,7,0.791017294,0.791014910,1071,810,2142
../data/bcsstk14.mtx,43,64,8,1.055016994,1.055014849,1071,810,2142
../data/bcsstk14.mtx,43,64,9,0.528019667,0.528017282,1071,810,2142
../data/bcsstk14.mtx,44,64,0,0.784039736,0.784037590,1034,786,2068
../data/bcsstk14.mtx,44,64,1,0.795021296,0.795018435,1034,786,2068
../data/bcsstk14.mtx,44,64,2,0.789045095,0.789042473,1034,786,2068
../data/bcsstk14.mtx,44,64,3,0.933989763,0.933986902,1034,786,2068
../data/bcsstk14.mtx,44,64,4,0.795014858,0.795012474,1034,786,2068
../data/bcsstk14.mtx,44,64,5,0.795028687,0.795026302,1034,786,2068
../data/bcsstk14.mtx,44,64,6,0.792024136,0.792021990,1034,786,2068
../data/bcsstk14.mtx,44,64,7,0.791016102,0.791013956,1034,786,2068
../data/bcsstk14.mtx,44,64,8,1.055017233,1.055015087,1034,786,2068
../data/bcsstk14.mtx,44,64,9,0.528030157,0.528028011,1034,786,2068
../data/bcsstk14.mtx,45,64,0,0.806013823,0.806011200,1006,761,2012
../data/bcsstk14.mtx,45,64,1,0.534038067,0.534035683,1006,761,2012
../data/bcsstk14.mtx,45,64,2,0.794005632,0.794003010,1006,761,2012
../data/bcsstk14.mtx,45,64,3,0.796982527,0.796979666,1006,761,2012
../data/bcsstk14.mtx,45,64,4,0.526034355,0.526031733,1006,761,2012
../data/bcsstk14.mtx,45,64,5,0.520028591,0.520025730,1006,761,2012
../data/bcsstk14.mtx,45,64,6,0.528034925,0.528032303,1006,761,2012
../data/bcsstk14.mtx,45,64,7,0.530003548,0.530001163,1006,761,2012
../data/bcsstk14.mtx,45,64,8,0.782018423,0.782016277,1006,761,2012
../data/bcsstk14.mtx,45,64,9,0.528004885,0.528002501,1006,761,2012
../data/bcsstk14.mtx,46,64,0,0.795001507,0.794999599,942,717,1884
../data/bcsstk14.mtx,46,64,1,0.528029680,0.528027534,942,717,1884
../data/bcsstk14.mtx,46,64,2,0.794003248,0.794001102,942,717,1884
../data/bcsstk14.mtx,46,64,3,0.797003508,0.797001362,942,717,1884
../data/bcsstk14.mtx,46,64,4,0.523043871,0.523041725,942,717,1884
../data/bcsstk14.mtx,46,64,5,0.531029701,0.531027555,942,717,1884
../data/bcsstk14.mtx,46,64,6,0.528059959,0.528057575,942,717,1884
../data/bcsstk14.mtx,46,64,7,0.516027212,0.516025066,942,717,1884
../data/bcsstk14.mtx,46,64,8,0.791026592,0.791024208,942,717,1884
../data/bcsstk14.mtx,46,64,9,0.528020620,0.528018475,942,717,1884
../data/bcsstk14.mtx,47,64,0,0.526021719,0.526019096,984,746,1968
../data/bcsstk14.mtx,47,64,1,0.264037371,0.264034748,984,746,1968
../data/bcsstk14.mtx,47,64,2,0.530993223,0.530990839,984,746,1968
../data/bcsstk14.mtx,47,64,3,0.533004999,0.533002377,984,746,1968
../data/bcsstk14.mtx,47,64,4,0.262032032,0.262029648,984,746,1968
../data/bcsstk14.mtx,47,64,5,0.256030321,0.256027937,984,746,1968
../data/bcsstk14.mtx,47,64,6,0.266034842,0.266032457,984,746,1968
../data/bcsstk14.mtx,47,64,7,0.461023569,0.461021423,984,746,1968
../data/bcsstk14.mtx,47,64,8,0.793011665,0.793009281,984,746,1968
../data/bcsstk14.mtx,47,64,9,0.264034033,0.264031410,984,746,1968
../data/bcsstk14.mtx,48,64,0,0.881330967,0.881327629,966,804,1932
../data/bcsstk14.mtx,48,64,1,1.055006027,1.055002928,966,804,1932
../data/bcsstk14.mtx,48,64,2,1.044001341,1.043998003,966,804,1932
../data/bcsstk14.mtx,48,64,3,1.055015087,1.055011511,966,804,1932
../data/bcsstk14.mtx,48,64,4,1.231034279,1.231030464,966,804,1932
../data/bcsstk14.mtx,48,64,5,1.231048107,1.231045008,966,804,1932
../data/bcsstk14.mtx,48,64,6,1.059747219,1.059742451,966,804,1932
../data/bcsstk14.mtx,48,64,7,1.231024504,1.231019735,966,804,1932
../data/bcsstk14.mtx,48,64,8,1.058069229,1.058066607,966,804,1932
../data/bcsstk14.mtx,48,64,9,1.230001450,1.229999304,966,804,1932
../data/bcsstk14.mtx,49,64,0,0.882023811,0.882019997,931,773,1862
../data/bcsstk14.mtx,49,64,1,0.890066385,0.890063524,931,773,1862
../data/bcsstk14.mtx,49,64,2,0.890047073,0.890044451,931,773,1862
../data/bcsstk14.mtx,49,64,3,0.879045248,0.879042387,931,773,1862
../data/bcsstk14.mtx,49,64,4,1.231040955,1.231037855,931,773,1862
../data/bcsstk14.mtx,49,64,5,1.231051922,1.231049061,931,773,1862
../data/bcsstk14.mtx,49,64,6,1.047034979,1.047032356,931,773,1862
../data/bcsstk14.mtx,49,64,7,1.044038773,1.044034004,931,773,1862
../data/bcsstk14.mtx,49,64,8,1.058100700,1.058098316,931,773,1862
../data/bcsstk14.mtx,49,64,9,1.065037012,1.065034866,931,773,1862
../data/bcsstk14.mtx,50,64,0,0.882044315,0.882041454,913,762,1826
../data/bcsstk14.mtx,50,64,1,0.879050970,0.879047632,913,762,1826
../data/bcsstk14.mtx,50,64,2,0.882039070,0.882035494,913,762,1826
../data/bcsstk14.mtx,50,64,3,0.879037142,0.879033566,913,762,1826
../data/bcsstk14.mtx,50,64,4,1.231052399,1.231048822,913,762,1826
../data/bcsstk14.mtx,50,64,5,1.231080055,1.231076241,913,762,1826
../data/bcsstk14.mtx,50,64,6,1.058051825,1.058048725,913,762,1826
../data/bcsstk14.mtx,50,64,7,1.231041193,1.231036425,913,762,1826
../data/bcsstk14.mtx,50,64,8,1.233008385,1.233005762,913,762,1826
../data/bcsstk14.mtx,50,64,9,1.230024815,1.230022669,913,762,1826
../data/bcsstk14.mtx,51,64,0,0.716796637,0.716791391,906,752,1812
../data/bcsstk14.mtx,51,64,1,0.879069328,0.879066467,906,752,1812
../data/bcsstk14.mtx,51,64,2,0.904039860,0.904036760,906,752,1812
../data/bcsstk14.mtx,51,64,3,0.703061581,0.703058243,906,752,1812
../data/bcsstk14.mtx,51,64,4,1.231048107,1.231045008,906,752,1812
../data/bcsstk14.mtx,51,64,5,1.231069326,1.231065989,906,752,1812
../data/bcsstk14.mtx,51,64,6,1.058044672,1.058041811,906,752,1812
../data/bcsstk14.mtx,51,64,7,1.055162907,1.055158854,906,752,1812
../data/bcsstk14.mtx,51,64,8,1.233008385,1.233006001,906,752,1812
../data/bcsstk14.mtx,51,64,9,1.241021395,1.241019011,906,752,1812
../data/bcsstk14.mtx,52,64,0,0.882047653,0.882045031,983,781,1966
../data/bcsstk14.mtx,52,64,1,0.879051447,0.879049063,983,781,1966
../data/bcsstk14.mtx,52,64,2,0.882034540,0.882031679,983,781,1966
../data/bcsstk14.mtx,52,64,3,0.879033566,0.879030704,983,781,1966
../data/bcsstk14.mtx,52,64,4,1.054718256,1.054714441,983,781,1966
../data/bcsstk14.mtx,52,64,5,1.231032610,1.231029987,983,781,1966
../data/bcsstk14.mtx,52,64,6,1.058019876,1.058017015,983,781,1966
../data/bcsstk14.mtx,52,64,7,1.055037498,1.055034876,983,781,1966
../data/bcsstk14.mtx,52,64,8,1.058107376,1.058104992,983,781,1966
../data/bcsstk14.mtx,52,64,9,1.032033920,1.032031775,983,781,1966
../data/bcsstk14.mtx,53,64,0,0.706014156,0.706010818,982,775,1964
../data/bcsstk14.mtx,53,64,1,0.879047394,0.879044056,982,775,1964
../data/bcsstk14.mtx,53,64,2,0.871018887,0.871015310,982,775,1964
../data/bcsstk14.mtx,53,64,3,0.704788446,0.704784155,982,775,1964
../data/bcsstk14.mtx,53,64,4,1.055056334,1.055053234,982,775,1964
../data/bcsstk14.mtx,53,64,5,1.055072784,1.055069447,982,775,1964
../data/bcsstk14.mtx,53,64,6,0.882042170,0.882039070,982,775,1964
../data/bcsstk14.mtx,53,64,7,1.055033207,1.055029154,982,775,1964
../data/bcsstk14.mtx,53,64,8,1.057005405,1.057002783,982,775,1964
../data/bcsstk14.mtx,53,64,9,1.055018902,1.055016279,982,775,1964
../data/bcsstk14.mtx,54,64,0,0.706054688,0.706051588,962,812,1924
../data/bcsstk14.mtx,54,64,1,0.703012466,0.703009129,962,812,1924
../data/bcsstk14.mtx,54,64,2,0.706029654,0.706026554,962,812,1924
../data/bcsstk14.mtx,54,64,3,0.703037500,0.703034401,962,812,1924
../data/bcsstk14.mtx,54,64,4,1.047034979,1.047031641,962,812,1924
../data/bcsstk14.mtx,54,64,5,1.055045605,1.055042028,962,812,1924
../data/bcsstk14.mtx,54,64,6,0.870995522,0.870992661,962,812,1924
../data/bcsstk14.mtx,54,64,7,0.890051842,0.890047550,962,812,1924
../data/bcsstk14.mtx,54,64,8,1.058001757,1.057999134,962,812,1924
../data/bcsstk14.mtx,54,64,9,1.055028915,1.055026770,962,812,1924
../data/bcsstk14.mtx,55,64,0,0.530061722,0.530058622,964,803,1928
../data/bcsstk14.mtx,55,64,1,0.527054071,0.527050495,964,803,1928
../data/bcsstk14.mtx,55,64,2,0.530040026,0.530036926,964,803,1928
../data/bcsstk14.mtx,55,64,3,0.527047396,0.527043819,964,803,1928
../data/bcsstk14.mtx,55,64,4,0.728060961,0.728057861,964,803,1928
../data/bcsstk14.mtx,55,64,5,0.883648634,0.883643627,964,803,1928
../data/bcsstk14.mtx,55,64,6,0.706038237,0.706034899,964,803,1928
../data/bcsstk14.mtx,55,64,7,0.880035877,0.880031109,964,803,1928
../data/bcsstk14.mtx,55,64,8,1.057009935,1.057007551,964,803,1928
../data/bcsstk14.mtx,55,64,9,1.055025339,1.055022955,964,803,1928
../data/bcsstk14.mtx,56,64,0,0.882061243,0.882057905,1014,807,2028
../data/bcsstk14.mtx,56,64,1,0.879057884,0.879054070,1014,807,2028
../data/bcsstk14.mtx,56,64,2,1.000030279,1.000026464,1014,807,2028
../data/bcsstk14.mtx,56,64,3,0.879054785,0.879051685,1014,807,2028
../data/bcsstk14.mtx,56,64,4,1.242045164,1.242041826,1014,807,2028
../data/bcsstk14.mtx,56,64,5,1.231066942,1.231063604,1014,807,2028
../data/bcsstk14.mtx,56,64,6,1.058036804,1.058033466,1014,807,2028
../data/bcsstk14.mtx,56,64,7,1.055199385,1.055192947,1014,807,2028
../data/bcsstk14.mtx,56,64,8,1.222008944,1.222006083,1014,807,2028
../data/bcsstk14.mtx,56,64,9,1.219020367,1.219017982,1014,807,2028
../data/bcsstk14.mtx,57,64,0,0.882068396,0.882065535,1002,806,2004
../data/bcsstk14.mtx,57,64,1,0.879054546,0.879051447,1002,806,2004
../data/bcsstk14.mtx,57,64,2,0.882028818,0.882024527,1002,806,2004
../data/bcsstk14.mtx,57,64,3,0.879044056,0.879040480,1002,806,2004
../data/bcsstk14.mtx,57,64,4,1.231037140,1.231033564,1002,806,2004
../data/bcsstk14.mtx,57,64,5,1.231039286,1.231036186,1002,806,2004
../data/bcsstk14.mtx,57,64,6,1.047031164,1.047027826,1002,806,2004
../data/bcsstk14.mtx,57,64,7,1.066052914,1.066046953,1002,806,2004
../data/bcsstk14.mtx,57,64,8,1.058004379,1.058001995,1002,806,2004
../data/bcsstk14.mtx,57,64,9,1.055022955,1.055020571,1002,806,2004
../data/bcsstk14.mtx,58,64,0,0.706063986,0.706061363,995,739,1990
../data/bcsstk14.mtx,58,64,1,0.879048347,0.879044771,995,739,1990
../data/bcsstk14.mtx,58,64,2,0.882027149,0.882024527,995,739,1990
../data/bcsstk14.mtx,58,64,3,0.703057289,0.703054428,995,739,1990
../data/bcsstk14.mtx,58,64,4,1.055042505,1.055039644,995,739,1990
../data/bcsstk14.mtx,58,64,5,1.055058718,1.055055618,995,739,1990
../data/bcsstk14.mtx,58,64,6,1.058022261,1.058019161,995,739,1990
../data/bcsstk14.mtx,58,64,7,1.022041559,1.022035360,995,739,1990
../data/bcsstk14.mtx,58,64,8,1.058142662,1.058140039,995,739,1990
../data/bcsstk14.mtx,58,64,9,1.055021763,1.055019379,995,739,1990
../data/bcsstk14.mtx,59,64,0,0.695066690,0.695063114,1003,745,2006
../data/bcsstk14.mtx,59,64,1,0.879052401,0.879049301,1003,745,2006
../data/bcsstk14.mtx,59,64,2,0.882034779,0.882032156,1003,745,2006
../data/bcsstk14.mtx,59,64,3,0.703056574,0.703053236,1003,745,2006
../data/bcsstk14.mtx,59,64,4,1.033044100,1.033041477,1003,745,2006
../data/bcsstk14.mtx,59,64,5,1.055058718,1.055055618,1003,745,2006
../data/bcsstk14.mtx,59,64,6,0.882037878,0.882035255,1003,745,2006
../data/bcsstk14.mtx,59,64,7,1.055033684,1.055028677,1003,745,2006
../data/bcsstk14.mtx,59,64,8,1.079007864,1.079005241,1003,745,2006
../data/bcsstk14.mtx,59,64,9,0.879018068,0.879015923,1003,745,2006
../data/bcsstk14.mtx,60,64,0,0.728072643,0.728069782,1016,796,2032
../data/bcsstk14.mtx,60,64,1,0.704761982,0.704756498,1016,796,2032
../data/bcsstk14.mtx,60,64,2,0.882027149,0.882023811,1016,796,2032
../data/bcsstk14.mtx,60,64,3,0.879014015,0.879010201,1016,796,2032
../data/bcsstk14.mtx,60,64,4,1.231041193,1.231037617,1016,796,2032
../data/bcsstk14.mtx,60,64,5,1.231048584,1.231045723,1016,796,2032
../data/bcsstk14.mtx,60,64,6,1.102019310,1.102015972,1016,796,2032
../data/bcsstk14.mtx,60,64,7,1.066037893,1.066033602,1016,796,2032
../data/bcsstk14.mtx,60,64,8,1.058006525,1.058003902,1016,796,2032
../data/bcsstk14.mtx,60,64,9,1.055016518,1.055014372,1016,796,2032
../data/bcsstk14.mtx,61,64,0,0.706056833,0.706053972,982,766,1964
../data/bcsstk14.mtx,61,64,1,0.714057922,0.714055061,982,766,1964
../data/bcsstk14.mtx,61,64,2,0.706036806,0.706033707,982,766,1964
../data/bcsstk14.mtx,61,64,3,0.703048944,0.703045845,982,766,1964
../data/bcsstk14.mtx,61,64,4,1.058035612,1.058032990,982,766,1964
../data/bcsstk14.mtx,61,64,5,1.055058956,1.055056334,982,766,1964
../data/bcsstk14.mtx,61,64,6,0.882026196,0.882023096,982,766,1964
../data/bcsstk14.mtx,61,64,7,0.879051447,0.879047632,982,766,1964
../data/bcsstk14.mtx,61,64,8,1.055007935,1.055005550,982,766,1964
../data/bcsstk14.mtx,61,64,9,0.879028797,0.879026413,982,766,1964
../data/bcsstk14.mtx,62,64,0,0.695059776,0.695056677,1033,817,2066
../data/bcsstk14.mtx,62,64,1,0.703047752,0.703044415,1033,817,2066
../data/bcsstk14.mtx,62,64,2,0.706027031,0.706023693,1033,817,2066
../data/bcsstk14.mtx,62,64,3,0.703050137,0.703047276,1033,817,2066
../data/bcsstk14.mtx,62,64,4,1.066040993,1.066037178,1033,817,2066
../data/bcsstk14.mtx,62,64,5,1.055057049,1.055053234,1033,817,2066
../data/bcsstk14.mtx,62,64,6,0.882025719,0.882023335,1033,817,2066
../data/bcsstk14.mtx,62,64,7,0.879211187,0.879205704,1033,817,2066
../data/bcsstk14.mtx,62,64,8,1.055006027,1.055003643,1033,817,2066
../data/bcsstk14.mtx,62,64,9,0.879668951,0.879666328,1033,817,2066
../data/bcsstk14.mtx,63,64,0,0.706053972,0.706050634,1032,809,2064
../data/bcsstk14.mtx,63,64,1,0.505069017,0.505064964,1032,809,2064
../data/bcsstk14.mtx,63,64,2,0.540694714,0.540689945,1032,809,2064
../data/bcsstk14.mtx,63,64,3,0.703052759,0.703049421,1032,809,2064
../data/bcsstk14.mtx,63,64,4,1.058037519,1.058033943,1032,809,2064
../data/bcsstk14.mtx,63,64,5,1.055042744,1.055039644,1032,809,2064
../data/bcsstk14.mtx,63,64,6,0.871029854,0.871026278,1032,809,2064
../data/bcsstk14.mtx,63,64,7,0.879045010,0.879038095,1032,809,2064
../data/bcsstk14.mtx,63,64,8,1.055002213,1.054998875,1032,809,2064
../data/bcsstk14.mtx,63,64,9,0.879034519,0.879031658,1032,809,2064


=== SUMMARY METRICS TABLE ===
Matrix_Name,Num_Processes,Ghost_Entries_Min,Ghost_Entries_Avg,Ghost_Entries_Max,Load_Imbalance_Ratio,System_P90_Time,Total_GFLOPs
../data/bcsstk14.mtx,64,670,770.92,835,1.0883,1.341021299,0.0001
=============================
