Rank 0: Reading matrix ../data/bcsstk14.mtx...
Matrix type: matrix coordinate real symmetric
  Real: yes
  Complex: no
  Symmetric: yes
  Pattern: no
Matrix size: 1806 x 1806, NNZ (file): 32630
Actual NNZ (after symmetry expansion): 63454

matrix_name,rank,num_procs,run,elapsed_time,comm_time,local_nz,ghost_entries,local_flops
../data/bcsstk14.mtx,0,1,0,0.000036001,0.000012875,63454,0,126908
../data/bcsstk14.mtx,0,1,1,0.000032187,0.000013113,63454,0,126908
../data/bcsstk14.mtx,0,1,2,0.000027418,0.000012159,63454,0,126908
../data/bcsstk14.mtx,0,1,3,0.000029564,0.000012636,63454,0,126908
../data/bcsstk14.mtx,0,1,4,0.000029564,0.000012875,63454,0,126908
../data/bcsstk14.mtx,0,1,5,0.000026941,0.000011921,63454,0,126908
../data/bcsstk14.mtx,0,1,6,0.000025988,0.000011921,63454,0,126908
../data/bcsstk14.mtx,0,1,7,0.000026941,0.000011921,63454,0,126908
../data/bcsstk14.mtx,0,1,8,0.000026703,0.000013113,63454,0,126908
../data/bcsstk14.mtx,0,1,9,0.000025272,0.000010967,63454,0,126908


=== SUMMARY METRICS TABLE ===
Matrix_Name,Num_Processes,Ghost_Entries_Min,Ghost_Entries_Avg,Ghost_Entries_Max,Load_Imbalance_Ratio,System_P90_Time,Total_GFLOPs
../data/bcsstk14.mtx,1,0,0.00,0,1.0000,0.000036001,3.5251
=============================
