Rank 0: Reading matrix ../data/pdb1HYS.mtx...
Matrix type: matrix coordinate real symmetric
  Real: yes
  Complex: no
  Symmetric: yes
  Pattern: no
Matrix size: 36417 x 36417, NNZ (file): 2190591
Actual NNZ (after symmetry expansion): 4344765

matrix_name,rank,num_procs,run,elapsed_time,comm_time,local_nz,ghost_entries,local_flops
../data/pdb1HYS.mtx,0,64,0,0.003703833,0.003612041,68514,33262,137028
../data/pdb1HYS.mtx,0,64,1,0.003854990,0.003768444,68514,33262,137028
../data/pdb1HYS.mtx,0,64,2,0.003815413,0.003728151,68514,33262,137028
../data/pdb1HYS.mtx,0,64,3,0.003942490,0.003856182,68514,33262,137028
../data/pdb1HYS.mtx,0,64,4,0.003806829,0.003720284,68514,33262,137028
../data/pdb1HYS.mtx,0,64,5,0.003911018,0.003823519,68514,33262,137028
../data/pdb1HYS.mtx,0,64,6,0.003760099,0.003672838,68514,33262,137028
../data/pdb1HYS.mtx,0,64,7,0.003815889,0.003729105,68514,33262,137028
../data/pdb1HYS.mtx,0,64,8,0.003852129,0.003764868,68514,33262,137028
../data/pdb1HYS.mtx,0,64,9,0.003850937,0.003764868,68514,33262,137028
../data/pdb1HYS.mtx,1,64,0,0.003792286,0.003701210,68352,33335,136704
../data/pdb1HYS.mtx,1,64,1,0.003762722,0.003674507,68352,33335,136704
../data/pdb1HYS.mtx,1,64,2,0.003822327,0.003735781,68352,33335,136704
../data/pdb1HYS.mtx,1,64,3,0.003797054,0.003712654,68352,33335,136704
../data/pdb1HYS.mtx,1,64,4,0.003767014,0.003683090,68352,33335,136704
../data/pdb1HYS.mtx,1,64,5,0.003782988,0.003699064,68352,33335,136704
../data/pdb1HYS.mtx,1,64,6,0.003786325,0.003702402,68352,33335,136704
../data/pdb1HYS.mtx,1,64,7,0.003837109,0.003752947,68352,33335,136704
../data/pdb1HYS.mtx,1,64,8,0.003772974,0.003689051,68352,33335,136704
../data/pdb1HYS.mtx,1,64,9,0.003766298,0.003682137,68352,33335,136704
../data/pdb1HYS.mtx,2,64,0,0.003827095,0.003638506,68072,33351,136144
../data/pdb1HYS.mtx,2,64,1,0.003815651,0.003687859,68072,33351,136144
../data/pdb1HYS.mtx,2,64,2,0.003769398,0.003680706,68072,33351,136144
../data/pdb1HYS.mtx,2,64,3,0.003893137,0.003804207,68072,33351,136144
../data/pdb1HYS.mtx,2,64,4,0.003716230,0.003630877,68072,33351,136144
../data/pdb1HYS.mtx,2,64,5,0.003836393,0.003748894,68072,33351,136144
../data/pdb1HYS.mtx,2,64,6,0.003719330,0.003633499,68072,33351,136144
../data/pdb1HYS.mtx,2,64,7,0.003772020,0.003685713,68072,33351,136144
../data/pdb1HYS.mtx,2,64,8,0.003767967,0.003682375,68072,33351,136144
../data/pdb1HYS.mtx,2,64,9,0.003788948,0.003698826,68072,33351,136144
../data/pdb1HYS.mtx,3,64,0,0.003810883,0.003599882,67790,33244,135580
../data/pdb1HYS.mtx,3,64,1,0.003828526,0.003712893,67790,33244,135580
../data/pdb1HYS.mtx,3,64,2,0.003784418,0.003692627,67790,33244,135580
../data/pdb1HYS.mtx,3,64,3,0.003867626,0.003774405,67790,33244,135580
../data/pdb1HYS.mtx,3,64,4,0.003702641,0.003618002,67790,33244,135580
../data/pdb1HYS.mtx,3,64,5,0.003821373,0.003733635,67790,33244,135580
../data/pdb1HYS.mtx,3,64,6,0.003740788,0.003653526,67790,33244,135580
../data/pdb1HYS.mtx,3,64,7,0.003735304,0.003650427,67790,33244,135580
../data/pdb1HYS.mtx,3,64,8,0.003772020,0.003686190,67790,33244,135580
../data/pdb1HYS.mtx,3,64,9,0.003831625,0.003745079,67790,33244,135580
../data/pdb1HYS.mtx,4,64,0,0.003609657,0.003515244,67739,33456,135478
../data/pdb1HYS.mtx,4,64,1,0.003752232,0.003663301,67739,33456,135478
../data/pdb1HYS.mtx,4,64,2,0.003637075,0.003549099,67739,33456,135478
../data/pdb1HYS.mtx,4,64,3,0.003834248,0.003745794,67739,33456,135478
../data/pdb1HYS.mtx,4,64,4,0.003601789,0.003514767,67739,33456,135478
../data/pdb1HYS.mtx,4,64,5,0.003797770,0.003711462,67739,33456,135478
../data/pdb1HYS.mtx,4,64,6,0.003632545,0.003545523,67739,33456,135478
../data/pdb1HYS.mtx,4,64,7,0.003679037,0.003592253,67739,33456,135478
../data/pdb1HYS.mtx,4,64,8,0.003714800,0.003628254,67739,33456,135478
../data/pdb1HYS.mtx,4,64,9,0.003719330,0.003633976,67739,33456,135478
../data/pdb1HYS.mtx,5,64,0,0.003743649,0.003654480,67824,33514,135648
../data/pdb1HYS.mtx,5,64,1,0.003664970,0.003575802,67824,33514,135648
../data/pdb1HYS.mtx,5,64,2,0.003617764,0.003532648,67824,33514,135648
../data/pdb1HYS.mtx,5,64,3,0.003784657,0.003696680,67824,33514,135648
../data/pdb1HYS.mtx,5,64,4,0.003602266,0.003514290,67824,33514,135648
../data/pdb1HYS.mtx,5,64,5,0.003721714,0.003636837,67824,33514,135648
../data/pdb1HYS.mtx,5,64,6,0.003600836,0.003511429,67824,33514,135648
../data/pdb1HYS.mtx,5,64,7,0.003674746,0.003587723,67824,33514,135648
../data/pdb1HYS.mtx,5,64,8,0.003623962,0.003538370,67824,33514,135648
../data/pdb1HYS.mtx,5,64,9,0.003634691,0.003548384,67824,33514,135648
../data/pdb1HYS.mtx,6,64,0,0.003695011,0.003479481,67805,33537,135610
../data/pdb1HYS.mtx,6,64,1,0.003775358,0.003633976,67805,33537,135610
../data/pdb1HYS.mtx,6,64,2,0.003615618,0.003527164,67805,33537,135610
../data/pdb1HYS.mtx,6,64,3,0.003831625,0.003724575,67805,33537,135610
../data/pdb1HYS.mtx,6,64,4,0.003589869,0.003498316,67805,33537,135610
../data/pdb1HYS.mtx,6,64,5,0.003765106,0.003674984,67805,33537,135610
../data/pdb1HYS.mtx,6,64,6,0.003612280,0.003525972,67805,33537,135610
../data/pdb1HYS.mtx,6,64,7,0.003659725,0.003573179,67805,33537,135610
../data/pdb1HYS.mtx,6,64,8,0.003684998,0.003593206,67805,33537,135610
../data/pdb1HYS.mtx,6,64,9,0.003677845,0.003591299,67805,33537,135610
../data/pdb1HYS.mtx,7,64,0,0.003576517,0.003490925,67594,33360,135188
../data/pdb1HYS.mtx,7,64,1,0.003613234,0.003526688,67594,33360,135188
../data/pdb1HYS.mtx,7,64,2,0.003625631,0.003540516,67594,33360,135188
../data/pdb1HYS.mtx,7,64,3,0.003696442,0.003611326,67594,33360,135188
../data/pdb1HYS.mtx,7,64,4,0.003577709,0.003494740,67594,33360,135188
../data/pdb1HYS.mtx,7,64,5,0.003631115,0.003547907,67594,33360,135188
../data/pdb1HYS.mtx,7,64,6,0.003576040,0.003493071,67594,33360,135188
../data/pdb1HYS.mtx,7,64,7,0.003645182,0.003561974,67594,33360,135188
../data/pdb1HYS.mtx,7,64,8,0.003662825,0.003579855,67594,33360,135188
../data/pdb1HYS.mtx,7,64,9,0.003737926,0.003645897,67594,33360,135188
../data/pdb1HYS.mtx,8,64,0,0.003949642,0.003807306,67186,33217,134372
../data/pdb1HYS.mtx,8,64,1,0.003798723,0.003668308,67186,33217,134372
../data/pdb1HYS.mtx,8,64,2,0.003760099,0.003674984,67186,33217,134372
../data/pdb1HYS.mtx,8,64,3,0.003858805,0.003766537,67186,33217,134372
../data/pdb1HYS.mtx,8,64,4,0.003747702,0.003665686,67186,33217,134372
../data/pdb1HYS.mtx,8,64,5,0.003798008,0.003708601,67186,33217,134372
../data/pdb1HYS.mtx,8,64,6,0.003744841,0.003661394,67186,33217,134372
../data/pdb1HYS.mtx,8,64,7,0.003857374,0.003770828,67186,33217,134372
../data/pdb1HYS.mtx,8,64,8,0.003794909,0.003711224,67186,33217,134372
../data/pdb1HYS.mtx,8,64,9,0.003773451,0.003686905,67186,33217,134372
../data/pdb1HYS.mtx,9,64,0,0.003807306,0.003717899,67401,33142,134802
../data/pdb1HYS.mtx,9,64,1,0.003674746,0.003588438,67401,33142,134802
../data/pdb1HYS.mtx,9,64,2,0.003788233,0.003705502,67401,33142,134802
../data/pdb1HYS.mtx,9,64,3,0.003759861,0.003676891,67401,33142,134802
../data/pdb1HYS.mtx,9,64,4,0.003602028,0.003518820,67401,33142,134802
../data/pdb1HYS.mtx,9,64,5,0.003737450,0.003654480,67401,33142,134802
../data/pdb1HYS.mtx,9,64,6,0.003683329,0.003600121,67401,33142,134802
../data/pdb1HYS.mtx,9,64,7,0.003783464,0.003700495,67401,33142,134802
../data/pdb1HYS.mtx,9,64,8,0.003689766,0.003606796,67401,33142,134802
../data/pdb1HYS.mtx,9,64,9,0.003798008,0.003714561,67401,33142,134802
../data/pdb1HYS.mtx,10,64,0,0.003662586,0.003572464,67308,33103,134616
../data/pdb1HYS.mtx,10,64,1,0.003702164,0.003612280,67308,33103,134616
../data/pdb1HYS.mtx,10,64,2,0.003652334,0.003565073,67308,33103,134616
../data/pdb1HYS.mtx,10,64,3,0.003801107,0.003715754,67308,33103,134616
../data/pdb1HYS.mtx,10,64,4,0.003565073,0.003478765,67308,33103,134616
../data/pdb1HYS.mtx,10,64,5,0.003758192,0.003672838,67308,33103,134616
../data/pdb1HYS.mtx,10,64,6,0.003632545,0.003546715,67308,33103,134616
../data/pdb1HYS.mtx,10,64,7,0.003678560,0.003591776,67308,33103,134616
../data/pdb1HYS.mtx,10,64,8,0.003649473,0.003565311,67308,33103,134616
../data/pdb1HYS.mtx,10,64,9,0.003657579,0.003573418,67308,33103,134616
../data/pdb1HYS.mtx,11,64,0,0.003509521,0.003420830,67934,33242,135868
../data/pdb1HYS.mtx,11,64,1,0.003651142,0.003561020,67934,33242,135868
../data/pdb1HYS.mtx,11,64,2,0.003519297,0.003432751,67934,33242,135868
../data/pdb1HYS.mtx,11,64,3,0.003749371,0.003663301,67934,33242,135868
../data/pdb1HYS.mtx,11,64,4,0.003499269,0.003404856,67934,33242,135868
../data/pdb1HYS.mtx,11,64,5,0.003689528,0.003602982,67934,33242,135868
../data/pdb1HYS.mtx,11,64,6,0.003531456,0.003434658,67934,33242,135868
../data/pdb1HYS.mtx,11,64,7,0.003610134,0.003523350,67934,33242,135868
../data/pdb1HYS.mtx,11,64,8,0.003611326,0.003516436,67934,33242,135868
../data/pdb1HYS.mtx,11,64,9,0.003613234,0.003527641,67934,33242,135868
../data/pdb1HYS.mtx,12,64,0,0.003784895,0.003554583,68024,33227,136048
../data/pdb1HYS.mtx,12,64,1,0.003794193,0.003657579,68024,33227,136048
../data/pdb1HYS.mtx,12,64,2,0.003619671,0.003533840,68024,33227,136048
../data/pdb1HYS.mtx,12,64,3,0.003816605,0.003707886,68024,33227,136048
../data/pdb1HYS.mtx,12,64,4,0.003561735,0.003470659,68024,33227,136048
../data/pdb1HYS.mtx,12,64,5,0.003780842,0.003690720,68024,33227,136048
../data/pdb1HYS.mtx,12,64,6,0.003605127,0.003519058,68024,33227,136048
../data/pdb1HYS.mtx,12,64,7,0.003683090,0.003598213,68024,33227,136048
../data/pdb1HYS.mtx,12,64,8,0.003706455,0.003618002,68024,33227,136048
../data/pdb1HYS.mtx,12,64,9,0.003696442,0.003611088,68024,33227,136048
../data/pdb1HYS.mtx,13,64,0,0.003705025,0.003613234,68132,33141,136264
../data/pdb1HYS.mtx,13,64,1,0.003694773,0.003603935,68132,33141,136264
../data/pdb1HYS.mtx,13,64,2,0.003602982,0.003516912,68132,33141,136264
../data/pdb1HYS.mtx,13,64,3,0.003802299,0.003714800,68132,33141,136264
../data/pdb1HYS.mtx,13,64,4,0.003565073,0.003477573,68132,33141,136264
../data/pdb1HYS.mtx,13,64,5,0.003760338,0.003673553,68132,33141,136264
../data/pdb1HYS.mtx,13,64,6,0.003578663,0.003492355,68132,33141,136264
../data/pdb1HYS.mtx,13,64,7,0.003703594,0.003616571,68132,33141,136264
../data/pdb1HYS.mtx,13,64,8,0.003633022,0.003545046,68132,33141,136264
../data/pdb1HYS.mtx,13,64,9,0.003640652,0.003554344,68132,33141,136264
../data/pdb1HYS.mtx,14,64,0,0.003813982,0.003593683,67914,33276,135828
../data/pdb1HYS.mtx,14,64,1,0.003655195,0.003540754,67914,33276,135828
../data/pdb1HYS.mtx,14,64,2,0.003502607,0.003408909,67914,33276,135828
../data/pdb1HYS.mtx,14,64,3,0.003741741,0.003641367,67914,33276,135828
../data/pdb1HYS.mtx,14,64,4,0.003466368,0.003368139,67914,33276,135828
../data/pdb1HYS.mtx,14,64,5,0.003663301,0.003578186,67914,33276,135828
../data/pdb1HYS.mtx,14,64,6,0.003475189,0.003381729,67914,33276,135828
../data/pdb1HYS.mtx,14,64,7,0.003586769,0.003502369,67914,33276,135828
../data/pdb1HYS.mtx,14,64,8,0.003584623,0.003499746,67914,33276,135828
../data/pdb1HYS.mtx,14,64,9,0.003582239,0.003487825,67914,33276,135828
../data/pdb1HYS.mtx,15,64,0,0.003554344,0.003422260,68059,33467,136118
../data/pdb1HYS.mtx,15,64,1,0.003607750,0.003501892,68059,33467,136118
../data/pdb1HYS.mtx,15,64,2,0.003395557,0.003301144,68059,33467,136118
../data/pdb1HYS.mtx,15,64,3,0.003668308,0.003576279,68059,33467,136118
../data/pdb1HYS.mtx,15,64,4,0.003388882,0.003303528,68059,33467,136118
../data/pdb1HYS.mtx,15,64,5,0.003634691,0.003551245,68059,33467,136118
../data/pdb1HYS.mtx,15,64,6,0.003453493,0.003368616,68059,33467,136118
../data/pdb1HYS.mtx,15,64,7,0.003505468,0.003411293,68059,33467,136118
../data/pdb1HYS.mtx,15,64,8,0.003501892,0.003408432,68059,33467,136118
../data/pdb1HYS.mtx,15,64,9,0.003539562,0.003447056,68059,33467,136118
../data/pdb1HYS.mtx,16,64,0,0.003690243,0.003482580,67273,33349,134546
../data/pdb1HYS.mtx,16,64,1,0.003714085,0.003577948,67273,33349,134546
../data/pdb1HYS.mtx,16,64,2,0.003538132,0.003443956,67273,33349,134546
../data/pdb1HYS.mtx,16,64,3,0.003808260,0.003696680,67273,33349,134546
../data/pdb1HYS.mtx,16,64,4,0.003526926,0.003436804,67273,33349,134546
../data/pdb1HYS.mtx,16,64,5,0.003722191,0.003634691,67273,33349,134546
../data/pdb1HYS.mtx,16,64,6,0.003591776,0.003505230,67273,33349,134546
../data/pdb1HYS.mtx,16,64,7,0.003627777,0.003543615,67273,33349,134546
../data/pdb1HYS.mtx,16,64,8,0.003640413,0.003552198,67273,33349,134546
../data/pdb1HYS.mtx,16,64,9,0.003647804,0.003562450,67273,33349,134546
../data/pdb1HYS.mtx,17,64,0,0.003336668,0.003230333,67550,33438,135100
../data/pdb1HYS.mtx,17,64,1,0.003456354,0.003371477,67550,33438,135100
../data/pdb1HYS.mtx,17,64,2,0.003406048,0.003310204,67550,33438,135100
../data/pdb1HYS.mtx,17,64,3,0.003531933,0.003447294,67550,33438,135100
../data/pdb1HYS.mtx,17,64,4,0.003378868,0.003293753,67550,33438,135100
../data/pdb1HYS.mtx,17,64,5,0.003516912,0.003423691,67550,33438,135100
../data/pdb1HYS.mtx,17,64,6,0.003375053,0.003290176,67550,33438,135100
../data/pdb1HYS.mtx,17,64,7,0.003458023,0.003374577,67550,33438,135100
../data/pdb1HYS.mtx,17,64,8,0.003422976,0.003339291,67550,33438,135100
../data/pdb1HYS.mtx,17,64,9,0.003472090,0.003388166,67550,33438,135100
../data/pdb1HYS.mtx,18,64,0,0.003402472,0.003308773,66869,33462,133738
../data/pdb1HYS.mtx,18,64,1,0.003651142,0.003568411,66869,33462,133738
../data/pdb1HYS.mtx,18,64,2,0.003469944,0.003387928,66869,33462,133738
../data/pdb1HYS.mtx,18,64,3,0.003735781,0.003653526,66869,33462,133738
../data/pdb1HYS.mtx,18,64,4,0.003460407,0.003367424,66869,33462,133738
../data/pdb1HYS.mtx,18,64,5,0.003689289,0.003607273,66869,33462,133738
../data/pdb1HYS.mtx,18,64,6,0.003510952,0.003418922,66869,33462,133738
../data/pdb1HYS.mtx,18,64,7,0.003581524,0.003499508,66869,33462,133738
../data/pdb1HYS.mtx,18,64,8,0.003601074,0.003518820,66869,33462,133738
../data/pdb1HYS.mtx,18,64,9,0.003608942,0.003526926,66869,33462,133738
../data/pdb1HYS.mtx,19,64,0,0.003611326,0.003427267,66925,33559,133850
../data/pdb1HYS.mtx,19,64,1,0.003754139,0.003618956,66925,33559,133850
../data/pdb1HYS.mtx,19,64,2,0.003523827,0.003431082,66925,33559,133850
../data/pdb1HYS.mtx,19,64,3,0.003798962,0.003691912,66925,33559,133850
../data/pdb1HYS.mtx,19,64,4,0.003503084,0.003401756,66925,33559,133850
../data/pdb1HYS.mtx,19,64,5,0.003718853,0.003630877,66925,33559,133850
../data/pdb1HYS.mtx,19,64,6,0.003566504,0.003482342,66925,33559,133850
../data/pdb1HYS.mtx,19,64,7,0.003604174,0.003520727,66925,33559,133850
../data/pdb1HYS.mtx,19,64,8,0.003625870,0.003540277,66925,33559,133850
../data/pdb1HYS.mtx,19,64,9,0.003641605,0.003557682,66925,33559,133850
../data/pdb1HYS.mtx,20,64,0,0.003565311,0.003433228,67196,33445,134392
../data/pdb1HYS.mtx,20,64,1,0.003558636,0.003463745,67196,33445,134392
../data/pdb1HYS.mtx,20,64,2,0.003510475,0.003418684,67196,33445,134392
../data/pdb1HYS.mtx,20,64,3,0.003634930,0.003546715,67196,33445,134392
../data/pdb1HYS.mtx,20,64,4,0.003471375,0.003373623,67196,33445,134392
../data/pdb1HYS.mtx,20,64,5,0.003571272,0.003488541,67196,33445,134392
../data/pdb1HYS.mtx,20,64,6,0.003515720,0.003425360,67196,33445,134392
../data/pdb1HYS.mtx,20,64,7,0.003538370,0.003446102,67196,33445,134392
../data/pdb1HYS.mtx,20,64,8,0.003507137,0.003416538,67196,33445,134392
../data/pdb1HYS.mtx,20,64,9,0.003494978,0.003411770,67196,33445,134392
../data/pdb1HYS.mtx,21,64,0,0.003472567,0.003381729,67248,33378,134496
../data/pdb1HYS.mtx,21,64,1,0.003676653,0.003589392,67248,33378,134496
../data/pdb1HYS.mtx,21,64,2,0.003484964,0.003399849,67248,33378,134496
../data/pdb1HYS.mtx,21,64,3,0.003742933,0.003659487,67248,33378,134496
../data/pdb1HYS.mtx,21,64,4,0.003473997,0.003384590,67248,33378,134496
../data/pdb1HYS.mtx,21,64,5,0.003692865,0.003609896,67248,33378,134496
../data/pdb1HYS.mtx,21,64,6,0.003525972,0.003437042,67248,33378,134496
../data/pdb1HYS.mtx,21,64,7,0.003586292,0.003503799,67248,33378,134496
../data/pdb1HYS.mtx,21,64,8,0.003605366,0.003522635,67248,33378,134496
../data/pdb1HYS.mtx,21,64,9,0.003629684,0.003546953,67248,33378,134496
../data/pdb1HYS.mtx,22,64,0,0.003594637,0.003509521,67769,33527,135538
../data/pdb1HYS.mtx,22,64,1,0.003647804,0.003564596,67769,33527,135538
../data/pdb1HYS.mtx,22,64,2,0.003504276,0.003421307,67769,33527,135538
../data/pdb1HYS.mtx,22,64,3,0.003740788,0.003657818,67769,33527,135538
../data/pdb1HYS.mtx,22,64,4,0.003494501,0.003402233,67769,33527,135538
../data/pdb1HYS.mtx,22,64,5,0.003714323,0.003631115,67769,33527,135538
../data/pdb1HYS.mtx,22,64,6,0.003570080,0.003487110,67769,33527,135538
../data/pdb1HYS.mtx,22,64,7,0.003599882,0.003516912,67769,33527,135538
../data/pdb1HYS.mtx,22,64,8,0.003581762,0.003498793,67769,33527,135538
../data/pdb1HYS.mtx,22,64,9,0.003609896,0.003526688,67769,33527,135538
../data/pdb1HYS.mtx,23,64,0,0.003325701,0.003222466,67673,33448,135346
../data/pdb1HYS.mtx,23,64,1,0.003576517,0.003478765,67673,33448,135346
../data/pdb1HYS.mtx,23,64,2,0.003495455,0.003404379,67673,33448,135346
../data/pdb1HYS.mtx,23,64,3,0.003583431,0.003495216,67673,33448,135346
../data/pdb1HYS.mtx,23,64,4,0.003384113,0.003299236,67673,33448,135346
../data/pdb1HYS.mtx,23,64,5,0.003533602,0.003450871,67673,33448,135346
../data/pdb1HYS.mtx,23,64,6,0.003399849,0.003315449,67673,33448,135346
../data/pdb1HYS.mtx,23,64,7,0.003502369,0.003411531,67673,33448,135346
../data/pdb1HYS.mtx,23,64,8,0.003521442,0.003431559,67673,33448,135346
../data/pdb1HYS.mtx,23,64,9,0.003526211,0.003433943,67673,33448,135346
../data/pdb1HYS.mtx,24,64,0,0.003896236,0.003782749,67611,33507,135222
../data/pdb1HYS.mtx,24,64,1,0.003953218,0.003780842,67611,33507,135222
../data/pdb1HYS.mtx,24,64,2,0.003886938,0.003738642,67611,33507,135222
../data/pdb1HYS.mtx,24,64,3,0.003859997,0.003747463,67611,33507,135222
../data/pdb1HYS.mtx,24,64,4,0.003937483,0.003787518,67611,33507,135222
../data/pdb1HYS.mtx,24,64,5,0.003907442,0.003757238,67611,33507,135222
../data/pdb1HYS.mtx,24,64,6,0.003926992,0.003781319,67611,33507,135222
../data/pdb1HYS.mtx,24,64,7,0.003911495,0.003765821,67611,33507,135222
../data/pdb1HYS.mtx,24,64,8,0.003891468,0.003749847,67611,33507,135222
../data/pdb1HYS.mtx,24,64,9,0.003931046,0.003772020,67611,33507,135222
../data/pdb1HYS.mtx,25,64,0,0.003778219,0.003681421,67336,33354,134672
../data/pdb1HYS.mtx,25,64,1,0.003688812,0.003604650,67336,33354,134672
../data/pdb1HYS.mtx,25,64,2,0.003679276,0.003595829,67336,33354,134672
../data/pdb1HYS.mtx,25,64,3,0.003725052,0.003641844,67336,33354,134672
../data/pdb1HYS.mtx,25,64,4,0.003776312,0.003693104,67336,33354,134672
../data/pdb1HYS.mtx,25,64,5,0.003683805,0.003600597,67336,33354,134672
../data/pdb1HYS.mtx,25,64,6,0.003699780,0.003616095,67336,33354,134672
../data/pdb1HYS.mtx,25,64,7,0.003750086,0.003666639,67336,33354,134672
../data/pdb1HYS.mtx,25,64,8,0.003691196,0.003608227,67336,33354,134672
../data/pdb1HYS.mtx,25,64,9,0.003721714,0.003638268,67336,33354,134672
../data/pdb1HYS.mtx,26,64,0,0.003727674,0.003633022,67381,33430,134762
../data/pdb1HYS.mtx,26,64,1,0.003744841,0.003659487,67381,33430,134762
../data/pdb1HYS.mtx,26,64,2,0.003703356,0.003620625,67381,33430,134762
../data/pdb1HYS.mtx,26,64,3,0.003723145,0.003640413,67381,33430,134762
../data/pdb1HYS.mtx,26,64,4,0.003779173,0.003696442,67381,33430,134762
../data/pdb1HYS.mtx,26,64,5,0.003731251,0.003648520,67381,33430,134762
../data/pdb1HYS.mtx,26,64,6,0.003770113,0.003687382,67381,33430,134762
../data/pdb1HYS.mtx,26,64,7,0.003772736,0.003689766,67381,33430,134762
../data/pdb1HYS.mtx,26,64,8,0.003732681,0.003649950,67381,33430,134762
../data/pdb1HYS.mtx,26,64,9,0.003746033,0.003663301,67381,33430,134762
../data/pdb1HYS.mtx,27,64,0,0.003791332,0.003637314,67651,33389,135302
../data/pdb1HYS.mtx,27,64,1,0.003823996,0.003629208,67651,33389,135302
../data/pdb1HYS.mtx,27,64,2,0.003826380,0.003646612,67651,33389,135302
../data/pdb1HYS.mtx,27,64,3,0.003717661,0.003602505,67651,33389,135302
../data/pdb1HYS.mtx,27,64,4,0.003882885,0.003719807,67651,33389,135302
../data/pdb1HYS.mtx,27,64,5,0.003865957,0.003700733,67651,33389,135302
../data/pdb1HYS.mtx,27,64,6,0.003832817,0.003664017,67651,33389,135302
../data/pdb1HYS.mtx,27,64,7,0.003842831,0.003693342,67651,33389,135302
../data/pdb1HYS.mtx,27,64,8,0.003819704,0.003656864,67651,33389,135302
../data/pdb1HYS.mtx,27,64,9,0.003873348,0.003692389,67651,33389,135302
../data/pdb1HYS.mtx,28,64,0,0.003836870,0.003678322,67661,33290,135322
../data/pdb1HYS.mtx,28,64,1,0.003959656,0.003766537,67661,33290,135322
../data/pdb1HYS.mtx,28,64,2,0.003890753,0.003726006,67661,33290,135322
../data/pdb1HYS.mtx,28,64,3,0.003827810,0.003692865,67661,33290,135322
../data/pdb1HYS.mtx,28,64,4,0.003930807,0.003775835,67661,33290,135322
../data/pdb1HYS.mtx,28,64,5,0.003887892,0.003733873,67661,33290,135322
../data/pdb1HYS.mtx,28,64,6,0.003923893,0.003765106,67661,33290,135322
../data/pdb1HYS.mtx,28,64,7,0.003918886,0.003764153,67661,33290,135322
../data/pdb1HYS.mtx,28,64,8,0.003882885,0.003725529,67661,33290,135322
../data/pdb1HYS.mtx,28,64,9,0.003932238,0.003751278,67661,33290,135322
../data/pdb1HYS.mtx,29,64,0,0.003784418,0.003631353,67613,33265,135226
../data/pdb1HYS.mtx,29,64,1,0.003869295,0.003665447,67613,33265,135226
../data/pdb1HYS.mtx,29,64,2,0.003765821,0.003602743,67613,33265,135226
../data/pdb1HYS.mtx,29,64,3,0.003737926,0.003615379,67613,33265,135226
../data/pdb1HYS.mtx,29,64,4,0.003870249,0.003694534,67613,33265,135226
../data/pdb1HYS.mtx,29,64,5,0.003801346,0.003641129,67613,33265,135226
../data/pdb1HYS.mtx,29,64,6,0.003863335,0.003685713,67613,33265,135226
../data/pdb1HYS.mtx,29,64,7,0.003880024,0.003716946,67613,33265,135226
../data/pdb1HYS.mtx,29,64,8,0.003827572,0.003663301,67613,33265,135226
../data/pdb1HYS.mtx,29,64,9,0.003872395,0.003695011,67613,33265,135226
../data/pdb1HYS.mtx,30,64,0,0.003629446,0.003550053,67589,33279,135178
../data/pdb1HYS.mtx,30,64,1,0.003687859,0.003612041,67589,33279,135178
../data/pdb1HYS.mtx,30,64,2,0.003695726,0.003622532,67589,33279,135178
../data/pdb1HYS.mtx,30,64,3,0.003659248,0.003585815,67589,33279,135178
../data/pdb1HYS.mtx,30,64,4,0.003714323,0.003640890,67589,33279,135178
../data/pdb1HYS.mtx,30,64,5,0.003678322,0.003604889,67589,33279,135178
../data/pdb1HYS.mtx,30,64,6,0.003742218,0.003668785,67589,33279,135178
../data/pdb1HYS.mtx,30,64,7,0.003730059,0.003649712,67589,33279,135178
../data/pdb1HYS.mtx,30,64,8,0.003678322,0.003604650,67589,33279,135178
../data/pdb1HYS.mtx,30,64,9,0.003700495,0.003627300,67589,33279,135178
../data/pdb1HYS.mtx,31,64,0,0.003673792,0.003548622,67543,33140,135086
../data/pdb1HYS.mtx,31,64,1,0.003926039,0.003725767,67543,33140,135086
../data/pdb1HYS.mtx,31,64,2,0.003805637,0.003629446,67543,33140,135086
../data/pdb1HYS.mtx,31,64,3,0.003770828,0.003645897,67543,33140,135086
../data/pdb1HYS.mtx,31,64,4,0.003893137,0.003724098,67543,33140,135086
../data/pdb1HYS.mtx,31,64,5,0.003847837,0.003674269,67543,33140,135086
../data/pdb1HYS.mtx,31,64,6,0.003862619,0.003693342,67543,33140,135086
../data/pdb1HYS.mtx,31,64,7,0.003869772,0.003710270,67543,33140,135086
../data/pdb1HYS.mtx,31,64,8,0.003815174,0.003655195,67543,33140,135086
../data/pdb1HYS.mtx,31,64,9,0.003879786,0.003695488,67543,33140,135086
../data/pdb1HYS.mtx,32,64,0,0.003554106,0.003472328,67610,33164,135220
../data/pdb1HYS.mtx,32,64,1,0.003617048,0.003540039,67610,33164,135220
../data/pdb1HYS.mtx,32,64,2,0.003548622,0.003474474,67610,33164,135220
../data/pdb1HYS.mtx,32,64,3,0.003605127,0.003531456,67610,33164,135220
../data/pdb1HYS.mtx,32,64,4,0.003679037,0.003605366,67610,33164,135220
../data/pdb1HYS.mtx,32,64,5,0.003645658,0.003571987,67610,33164,135220
../data/pdb1HYS.mtx,32,64,6,0.003562450,0.003488541,67610,33164,135220
../data/pdb1HYS.mtx,32,64,7,0.003596067,0.003515482,67610,33164,135220
../data/pdb1HYS.mtx,32,64,8,0.003537655,0.003463745,67610,33164,135220
../data/pdb1HYS.mtx,32,64,9,0.003604889,0.003531218,67610,33164,135220
../data/pdb1HYS.mtx,33,64,0,0.003805637,0.003638029,67566,33051,135132
../data/pdb1HYS.mtx,33,64,1,0.003955364,0.003780365,67566,33051,135132
../data/pdb1HYS.mtx,33,64,2,0.003881931,0.003722906,67566,33051,135132
../data/pdb1HYS.mtx,33,64,3,0.003778696,0.003636360,67566,33051,135132
../data/pdb1HYS.mtx,33,64,4,0.003938913,0.003793955,67566,33051,135132
../data/pdb1HYS.mtx,33,64,5,0.003887892,0.003726959,67566,33051,135132
../data/pdb1HYS.mtx,33,64,6,0.003912210,0.003756046,67566,33051,135132
../data/pdb1HYS.mtx,33,64,7,0.003908157,0.003752947,67566,33051,135132
../data/pdb1HYS.mtx,33,64,8,0.003840685,0.003688097,67566,33051,135132
../data/pdb1HYS.mtx,33,64,9,0.003906012,0.003738403,67566,33051,135132
../data/pdb1HYS.mtx,34,64,0,0.003753185,0.003508091,67752,33121,135504
../data/pdb1HYS.mtx,34,64,1,0.003942728,0.003757954,67752,33121,135504
../data/pdb1HYS.mtx,34,64,2,0.003872871,0.003720760,67752,33121,135504
../data/pdb1HYS.mtx,34,64,3,0.003753185,0.003571749,67752,33121,135504
../data/pdb1HYS.mtx,34,64,4,0.003922462,0.003774881,67752,33121,135504
../data/pdb1HYS.mtx,34,64,5,0.003881931,0.003722429,67752,33121,135504
../data/pdb1HYS.mtx,34,64,6,0.003926516,0.003784418,67752,33121,135504
../data/pdb1HYS.mtx,34,64,7,0.003890991,0.003736258,67752,33121,135504
../data/pdb1HYS.mtx,34,64,8,0.003800154,0.003637075,67752,33121,135504
../data/pdb1HYS.mtx,34,64,9,0.003895760,0.003730297,67752,33121,135504
../data/pdb1HYS.mtx,35,64,0,0.003439665,0.003310919,67558,33282,135116
../data/pdb1HYS.mtx,35,64,1,0.003852129,0.003649473,67558,33282,135116
../data/pdb1HYS.mtx,35,64,2,0.003836632,0.003666401,67558,33282,135116
../data/pdb1HYS.mtx,35,64,3,0.003535986,0.003443956,67558,33282,135116
../data/pdb1HYS.mtx,35,64,4,0.003760815,0.003619194,67558,33282,135116
../data/pdb1HYS.mtx,35,64,5,0.003733158,0.003588676,67558,33282,135116
../data/pdb1HYS.mtx,35,64,6,0.003849268,0.003679991,67558,33282,135116
../data/pdb1HYS.mtx,35,64,7,0.003593206,0.003492594,67558,33282,135116
../data/pdb1HYS.mtx,35,64,8,0.003801823,0.003634214,67558,33282,135116
../data/pdb1HYS.mtx,35,64,9,0.003802299,0.003615379,67558,33282,135116
../data/pdb1HYS.mtx,36,64,0,0.003435612,0.003303051,67921,33378,135842
../data/pdb1HYS.mtx,36,64,1,0.003898144,0.003685236,67921,33378,135842
../data/pdb1HYS.mtx,36,64,2,0.003608465,0.003507376,67921,33378,135842
../data/pdb1HYS.mtx,36,64,3,0.003445625,0.003343105,67921,33378,135842
../data/pdb1HYS.mtx,36,64,4,0.003811598,0.003654003,67921,33378,135842
../data/pdb1HYS.mtx,36,64,5,0.003818035,0.003654718,67921,33378,135842
../data/pdb1HYS.mtx,36,64,6,0.003767014,0.003612995,67921,33378,135842
../data/pdb1HYS.mtx,36,64,7,0.003781319,0.003644705,67921,33378,135842
../data/pdb1HYS.mtx,36,64,8,0.003654718,0.003538132,67921,33378,135842
../data/pdb1HYS.mtx,36,64,9,0.003792048,0.003613710,67921,33378,135842
../data/pdb1HYS.mtx,37,64,0,0.003472805,0.003347874,68121,33164,136242
../data/pdb1HYS.mtx,37,64,1,0.003814936,0.003624439,68121,33164,136242
../data/pdb1HYS.mtx,37,64,2,0.003720999,0.003576994,68121,33164,136242
../data/pdb1HYS.mtx,37,64,3,0.003395557,0.003288507,68121,33164,136242
../data/pdb1HYS.mtx,37,64,4,0.003797770,0.003638029,68121,33164,136242
../data/pdb1HYS.mtx,37,64,5,0.003589392,0.003492117,68121,33164,136242
../data/pdb1HYS.mtx,37,64,6,0.003746986,0.003597260,68121,33164,136242
../data/pdb1HYS.mtx,37,64,7,0.003707170,0.003586531,68121,33164,136242
../data/pdb1HYS.mtx,37,64,8,0.003708363,0.003571033,68121,33164,136242
../data/pdb1HYS.mtx,37,64,9,0.003777981,0.003601074,68121,33164,136242
../data/pdb1HYS.mtx,38,64,0,0.003419399,0.003289700,68595,33227,137190
../data/pdb1HYS.mtx,38,64,1,0.003894567,0.003680944,68595,33227,137190
../data/pdb1HYS.mtx,38,64,2,0.003525257,0.003426313,68595,33227,137190
../data/pdb1HYS.mtx,38,64,3,0.003351212,0.003253460,68595,33227,137190
../data/pdb1HYS.mtx,38,64,4,0.003742933,0.003609419,68595,33227,137190
../data/pdb1HYS.mtx,38,64,5,0.003727674,0.003590345,68595,33227,137190
../data/pdb1HYS.mtx,38,64,6,0.003623009,0.003518581,68595,33227,137190
../data/pdb1HYS.mtx,38,64,7,0.003710032,0.003591776,68595,33227,137190
../data/pdb1HYS.mtx,38,64,8,0.003485680,0.003386974,68595,33227,137190
../data/pdb1HYS.mtx,38,64,9,0.003760815,0.003590822,68595,33227,137190
../data/pdb1HYS.mtx,39,64,0,0.003275394,0.003178120,68317,33127,136634
../data/pdb1HYS.mtx,39,64,1,0.003576517,0.003485680,68317,33127,136634
../data/pdb1HYS.mtx,39,64,2,0.003552437,0.003453255,68317,33127,136634
../data/pdb1HYS.mtx,39,64,3,0.003425360,0.003323555,68317,33127,136634
../data/pdb1HYS.mtx,39,64,4,0.003603220,0.003509998,68317,33127,136634
../data/pdb1HYS.mtx,39,64,5,0.003661156,0.003548622,68317,33127,136634
../data/pdb1HYS.mtx,39,64,6,0.003615856,0.003514528,68317,33127,136634
../data/pdb1HYS.mtx,39,64,7,0.003610611,0.003509998,68317,33127,136634
../data/pdb1HYS.mtx,39,64,8,0.003584862,0.003484488,68317,33127,136634
../data/pdb1HYS.mtx,39,64,9,0.003633976,0.003524065,68317,33127,136634
../data/pdb1HYS.mtx,40,64,0,0.003716707,0.003362179,68364,33228,136728
../data/pdb1HYS.mtx,40,64,1,0.003688335,0.003432274,68364,33228,136728
../data/pdb1HYS.mtx,40,64,2,0.003769636,0.003476858,68364,33228,136728
../data/pdb1HYS.mtx,40,64,3,0.003106833,0.002923012,68364,33228,136728
../data/pdb1HYS.mtx,40,64,4,0.003492594,0.003308773,68364,33228,136728
../data/pdb1HYS.mtx,40,64,5,0.003431559,0.003254652,68364,33228,136728
../data/pdb1HYS.mtx,40,64,6,0.003750324,0.003461361,68364,33228,136728
../data/pdb1HYS.mtx,40,64,7,0.003375053,0.003184319,68364,33228,136728
../data/pdb1HYS.mtx,40,64,8,0.003480196,0.003273010,68364,33228,136728
../data/pdb1HYS.mtx,40,64,9,0.003729343,0.003471851,68364,33228,136728
../data/pdb1HYS.mtx,41,64,0,0.003217936,0.003116369,68459,33384,136918
../data/pdb1HYS.mtx,41,64,1,0.003335953,0.003244877,68459,33384,136918
../data/pdb1HYS.mtx,41,64,2,0.003440142,0.003345966,68459,33384,136918
../data/pdb1HYS.mtx,41,64,3,0.003008842,0.002915859,68459,33384,136918
../data/pdb1HYS.mtx,41,64,4,0.003431797,0.003337860,68459,33384,136918
../data/pdb1HYS.mtx,41,64,5,0.003245115,0.003149986,68459,33384,136918
../data/pdb1HYS.mtx,41,64,6,0.003286839,0.003188133,68459,33384,136918
../data/pdb1HYS.mtx,41,64,7,0.003180027,0.003080368,68459,33384,136918
../data/pdb1HYS.mtx,41,64,8,0.003360510,0.003262758,68459,33384,136918
../data/pdb1HYS.mtx,41,64,9,0.003361702,0.003262997,68459,33384,136918
../data/pdb1HYS.mtx,42,64,0,0.003176928,0.003077030,67909,33415,135818
../data/pdb1HYS.mtx,42,64,1,0.003208637,0.003118753,67909,33415,135818
../data/pdb1HYS.mtx,42,64,2,0.003373384,0.003282785,67909,33415,135818
../data/pdb1HYS.mtx,42,64,3,0.003099680,0.003007889,67909,33415,135818
../data/pdb1HYS.mtx,42,64,4,0.003269434,0.003178835,67909,33415,135818
../data/pdb1HYS.mtx,42,64,5,0.003124714,0.003034353,67909,33415,135818
../data/pdb1HYS.mtx,42,64,6,0.003327370,0.003233671,67909,33415,135818
../data/pdb1HYS.mtx,42,64,7,0.003071547,0.002975225,67909,33415,135818
../data/pdb1HYS.mtx,42,64,8,0.003006935,0.002909184,67909,33415,135818
../data/pdb1HYS.mtx,42,64,9,0.003329039,0.003230810,67909,33415,135818
../data/pdb1HYS.mtx,43,64,0,0.003013611,0.002924442,67676,33420,135352
../data/pdb1HYS.mtx,43,64,1,0.003069162,0.002982855,67676,33420,135352
../data/pdb1HYS.mtx,43,64,2,0.003384113,0.003296137,67676,33420,135352
../data/pdb1HYS.mtx,43,64,3,0.002840281,0.002742529,67676,33420,135352
../data/pdb1HYS.mtx,43,64,4,0.003228426,0.003141165,67676,33420,135352
../data/pdb1HYS.mtx,43,64,5,0.003041744,0.002955198,67676,33420,135352
../data/pdb1HYS.mtx,43,64,6,0.003080606,0.002996445,67676,33420,135352
../data/pdb1HYS.mtx,43,64,7,0.003016233,0.002932787,67676,33420,135352
../data/pdb1HYS.mtx,43,64,8,0.003240108,0.003156662,67676,33420,135352
../data/pdb1HYS.mtx,43,64,9,0.003126860,0.003041267,67676,33420,135352
../data/pdb1HYS.mtx,44,64,0,0.003059387,0.002969265,67205,33414,134410
../data/pdb1HYS.mtx,44,64,1,0.003215313,0.003127575,67205,33414,134410
../data/pdb1HYS.mtx,44,64,2,0.003309250,0.003221750,67205,33414,134410
../data/pdb1HYS.mtx,44,64,3,0.002785206,0.002701759,67205,33414,134410
../data/pdb1HYS.mtx,44,64,4,0.003200769,0.003117800,67205,33414,134410
../data/pdb1HYS.mtx,44,64,5,0.003066301,0.002983332,67205,33414,134410
../data/pdb1HYS.mtx,44,64,6,0.003087521,0.003004789,67205,33414,134410
../data/pdb1HYS.mtx,44,64,7,0.002897501,0.002806902,67205,33414,134410
../data/pdb1HYS.mtx,44,64,8,0.003185987,0.003103018,67205,33414,134410
../data/pdb1HYS.mtx,44,64,9,0.003101349,0.003018618,67205,33414,134410
../data/pdb1HYS.mtx,45,64,0,0.003288984,0.003060579,67349,33331,134698
../data/pdb1HYS.mtx,45,64,1,0.003177881,0.003000021,67349,33331,134698
../data/pdb1HYS.mtx,45,64,2,0.003241539,0.003044367,67349,33331,134698
../data/pdb1HYS.mtx,45,64,3,0.002965689,0.002719879,67349,33331,134698
../data/pdb1HYS.mtx,45,64,4,0.003437757,0.003204346,67349,33331,134698
../data/pdb1HYS.mtx,45,64,5,0.003009081,0.002773046,67349,33331,134698
../data/pdb1HYS.mtx,45,64,6,0.003226519,0.002986431,67349,33331,134698
../data/pdb1HYS.mtx,45,64,7,0.003040314,0.002765894,67349,33331,134698
../data/pdb1HYS.mtx,45,64,8,0.003142357,0.002938747,67349,33331,134698
../data/pdb1HYS.mtx,45,64,9,0.003073692,0.002784729,67349,33331,134698
../data/pdb1HYS.mtx,46,64,0,0.003029585,0.002943993,67678,33297,135356
../data/pdb1HYS.mtx,46,64,1,0.002941132,0.002865791,67678,33297,135356
../data/pdb1HYS.mtx,46,64,2,0.002855778,0.002781391,67678,33297,135356
../data/pdb1HYS.mtx,46,64,3,0.002755165,0.002680540,67678,33297,135356
../data/pdb1HYS.mtx,46,64,4,0.002933264,0.002858639,67678,33297,135356
../data/pdb1HYS.mtx,46,64,5,0.002789974,0.002715349,67678,33297,135356
../data/pdb1HYS.mtx,46,64,6,0.002831221,0.002756596,67678,33297,135356
../data/pdb1HYS.mtx,46,64,7,0.002798080,0.002723694,67678,33297,135356
../data/pdb1HYS.mtx,46,64,8,0.002785206,0.002710581,67678,33297,135356
../data/pdb1HYS.mtx,46,64,9,0.002984285,0.002904177,67678,33297,135356
../data/pdb1HYS.mtx,47,64,0,0.003060579,0.002867937,68157,33331,136314
../data/pdb1HYS.mtx,47,64,1,0.002840519,0.002664089,68157,33331,136314
../data/pdb1HYS.mtx,47,64,2,0.002840996,0.002663136,68157,33331,136314
../data/pdb1HYS.mtx,47,64,3,0.002747297,0.002590179,68157,33331,136314
../data/pdb1HYS.mtx,47,64,4,0.002901793,0.002746105,68157,33331,136314
../data/pdb1HYS.mtx,47,64,5,0.002899885,0.002707005,68157,33331,136314
../data/pdb1HYS.mtx,47,64,6,0.002845526,0.002656221,68157,33331,136314
../data/pdb1HYS.mtx,47,64,7,0.003074884,0.002749443,68157,33331,136314
../data/pdb1HYS.mtx,47,64,8,0.002946138,0.002719402,68157,33331,136314
../data/pdb1HYS.mtx,47,64,9,0.003234148,0.002985001,68157,33331,136314
../data/pdb1HYS.mtx,48,64,0,0.003695011,0.003604650,68137,33296,136274
../data/pdb1HYS.mtx,48,64,1,0.003663778,0.003578424,68137,33296,136274
../data/pdb1HYS.mtx,48,64,2,0.003702641,0.003618002,68137,33296,136274
../data/pdb1HYS.mtx,48,64,3,0.003591299,0.003508806,68137,33296,136274
../data/pdb1HYS.mtx,48,64,4,0.003650427,0.003568172,68137,33296,136274
../data/pdb1HYS.mtx,48,64,5,0.003652096,0.003570557,68137,33296,136274
../data/pdb1HYS.mtx,48,64,6,0.003705025,0.003622770,68137,33296,136274
../data/pdb1HYS.mtx,48,64,7,0.003577471,0.003495693,68137,33296,136274
../data/pdb1HYS.mtx,48,64,8,0.003604889,0.003523111,68137,33296,136274
../data/pdb1HYS.mtx,48,64,9,0.003564358,0.003482580,68137,33296,136274
../data/pdb1HYS.mtx,49,64,0,0.003689289,0.003604650,67973,33270,135946
../data/pdb1HYS.mtx,49,64,1,0.003711462,0.003627300,67973,33270,135946
../data/pdb1HYS.mtx,49,64,2,0.003736973,0.003653526,67973,33270,135946
../data/pdb1HYS.mtx,49,64,3,0.003711462,0.003627777,67973,33270,135946
../data/pdb1HYS.mtx,49,64,4,0.003700733,0.003617048,67973,33270,135946
../data/pdb1HYS.mtx,49,64,5,0.003732920,0.003648996,67973,33270,135946
../data/pdb1HYS.mtx,49,64,6,0.003725767,0.003642082,67973,33270,135946
../data/pdb1HYS.mtx,49,64,7,0.003735542,0.003652096,67973,33270,135946
../data/pdb1HYS.mtx,49,64,8,0.003738403,0.003654718,67973,33270,135946
../data/pdb1HYS.mtx,49,64,9,0.003727674,0.003643990,67973,33270,135946
../data/pdb1HYS.mtx,50,64,0,0.003755569,0.003639936,67887,33303,135774
../data/pdb1HYS.mtx,50,64,1,0.003732920,0.003628731,67887,33303,135774
../data/pdb1HYS.mtx,50,64,2,0.003720522,0.003628492,67887,33303,135774
../data/pdb1HYS.mtx,50,64,3,0.003726244,0.003616810,67887,33303,135774
../data/pdb1HYS.mtx,50,64,4,0.003698826,0.003549099,67887,33303,135774
../data/pdb1HYS.mtx,50,64,5,0.003704309,0.003602028,67887,33303,135774
../data/pdb1HYS.mtx,50,64,6,0.003709793,0.003618956,67887,33303,135774
../data/pdb1HYS.mtx,50,64,7,0.003736258,0.003640890,67887,33303,135774
../data/pdb1HYS.mtx,50,64,8,0.003721476,0.003632307,67887,33303,135774
../data/pdb1HYS.mtx,50,64,9,0.003688097,0.003597975,67887,33303,135774
../data/pdb1HYS.mtx,51,64,0,0.003806114,0.003693104,67986,33204,135972
../data/pdb1HYS.mtx,51,64,1,0.003744125,0.003640413,67986,33204,135972
../data/pdb1HYS.mtx,51,64,2,0.003725052,0.003633738,67986,33204,135972
../data/pdb1HYS.mtx,51,64,3,0.003750324,0.003649712,67986,33204,135972
../data/pdb1HYS.mtx,51,64,4,0.003727436,0.003638983,67986,33204,135972
../data/pdb1HYS.mtx,51,64,5,0.003736019,0.003648043,67986,33204,135972
../data/pdb1HYS.mtx,51,64,6,0.003728867,0.003638744,67986,33204,135972
../data/pdb1HYS.mtx,51,64,7,0.003757477,0.003665209,67986,33204,135972
../data/pdb1HYS.mtx,51,64,8,0.003736019,0.003647327,67986,33204,135972
../data/pdb1HYS.mtx,51,64,9,0.003724575,0.003630877,67986,33204,135972
../data/pdb1HYS.mtx,52,64,0,0.003534794,0.003446579,67987,33253,135974
../data/pdb1HYS.mtx,52,64,1,0.003417015,0.003331900,67987,33253,135974
../data/pdb1HYS.mtx,52,64,2,0.003427029,0.003344536,67987,33253,135974
../data/pdb1HYS.mtx,52,64,3,0.003440619,0.003359079,67987,33253,135974
../data/pdb1HYS.mtx,52,64,4,0.003453255,0.003371954,67987,33253,135974
../data/pdb1HYS.mtx,52,64,5,0.003419876,0.003338337,67987,33253,135974
../data/pdb1HYS.mtx,52,64,6,0.003446817,0.003365278,67987,33253,135974
../data/pdb1HYS.mtx,52,64,7,0.003443241,0.003361940,67987,33253,135974
../data/pdb1HYS.mtx,52,64,8,0.003437757,0.003355742,67987,33253,135974
../data/pdb1HYS.mtx,52,64,9,0.003420353,0.003333330,67987,33253,135974
../data/pdb1HYS.mtx,53,64,0,0.003741980,0.003624439,68202,33123,136404
../data/pdb1HYS.mtx,53,64,1,0.003611326,0.003521204,68202,33123,136404
../data/pdb1HYS.mtx,53,64,2,0.003555059,0.003467083,68202,33123,136404
../data/pdb1HYS.mtx,53,64,3,0.003563166,0.003475666,68202,33123,136404
../data/pdb1HYS.mtx,53,64,4,0.003607273,0.003518343,68202,33123,136404
../data/pdb1HYS.mtx,53,64,5,0.003620148,0.003530502,68202,33123,136404
../data/pdb1HYS.mtx,53,64,6,0.003535271,0.003448963,68202,33123,136404
../data/pdb1HYS.mtx,53,64,7,0.003696442,0.003607035,68202,33123,136404
../data/pdb1HYS.mtx,53,64,8,0.003635168,0.003545523,68202,33123,136404
../data/pdb1HYS.mtx,53,64,9,0.003634930,0.003547907,68202,33123,136404
../data/pdb1HYS.mtx,54,64,0,0.003747463,0.003628492,69224,33150,138448
../data/pdb1HYS.mtx,54,64,1,0.003627777,0.003531933,69224,33150,138448
../data/pdb1HYS.mtx,54,64,2,0.003662109,0.003566265,69224,33150,138448
../data/pdb1HYS.mtx,54,64,3,0.003598452,0.003508568,69224,33150,138448
../data/pdb1HYS.mtx,54,64,4,0.003625393,0.003534079,69224,33150,138448
../data/pdb1HYS.mtx,54,64,5,0.003619432,0.003529787,69224,33150,138448
../data/pdb1HYS.mtx,54,64,6,0.003657341,0.003562212,69224,33150,138448
../data/pdb1HYS.mtx,54,64,7,0.003698111,0.003604174,69224,33150,138448
../data/pdb1HYS.mtx,54,64,8,0.003625154,0.003534794,69224,33150,138448
../data/pdb1HYS.mtx,54,64,9,0.003632069,0.003540277,69224,33150,138448
../data/pdb1HYS.mtx,55,64,0,0.003666401,0.003575087,69209,33216,138418
../data/pdb1HYS.mtx,55,64,1,0.003676653,0.003589392,69209,33216,138418
../data/pdb1HYS.mtx,55,64,2,0.003703117,0.003617764,69209,33216,138418
../data/pdb1HYS.mtx,55,64,3,0.003687859,0.003602028,69209,33216,138418
../data/pdb1HYS.mtx,55,64,4,0.003673077,0.003588676,69209,33216,138418
../data/pdb1HYS.mtx,55,64,5,0.003697634,0.003612757,69209,33216,138418
../data/pdb1HYS.mtx,55,64,6,0.003730059,0.003645420,69209,33216,138418
../data/pdb1HYS.mtx,55,64,7,0.003674746,0.003591061,69209,33216,138418
../data/pdb1HYS.mtx,55,64,8,0.003697872,0.003614187,69209,33216,138418
../data/pdb1HYS.mtx,55,64,9,0.003689528,0.003605366,69209,33216,138418
../data/pdb1HYS.mtx,56,64,0,0.003636122,0.003548622,68377,33257,136754
../data/pdb1HYS.mtx,56,64,1,0.003670454,0.003583908,68377,33257,136754
../data/pdb1HYS.mtx,56,64,2,0.003680944,0.003595352,68377,33257,136754
../data/pdb1HYS.mtx,56,64,3,0.003680468,0.003596306,68377,33257,136754
../data/pdb1HYS.mtx,56,64,4,0.003646612,0.003563404,68377,33257,136754
../data/pdb1HYS.mtx,56,64,5,0.003702641,0.003619194,68377,33257,136754
../data/pdb1HYS.mtx,56,64,6,0.003675699,0.003592491,68377,33257,136754
../data/pdb1HYS.mtx,56,64,7,0.003687143,0.003604412,68377,33257,136754
../data/pdb1HYS.mtx,56,64,8,0.003708363,0.003625870,68377,33257,136754
../data/pdb1HYS.mtx,56,64,9,0.003645658,0.003562927,68377,33257,136754
../data/pdb1HYS.mtx,57,64,0,0.003673077,0.003588438,68015,33225,136030
../data/pdb1HYS.mtx,57,64,1,0.003695011,0.003611803,68015,33225,136030
../data/pdb1HYS.mtx,57,64,2,0.003702641,0.003619194,68015,33225,136030
../data/pdb1HYS.mtx,57,64,3,0.003711224,0.003627777,68015,33225,136030
../data/pdb1HYS.mtx,57,64,4,0.003662825,0.003579378,68015,33225,136030
../data/pdb1HYS.mtx,57,64,5,0.003710985,0.003627539,68015,33225,136030
../data/pdb1HYS.mtx,57,64,6,0.003698111,0.003614902,68015,33225,136030
../data/pdb1HYS.mtx,57,64,7,0.003694773,0.003611565,68015,33225,136030
../data/pdb1HYS.mtx,57,64,8,0.003711939,0.003628492,68015,33225,136030
../data/pdb1HYS.mtx,57,64,9,0.003727674,0.003644228,68015,33225,136030
../data/pdb1HYS.mtx,58,64,0,0.003729343,0.003620148,68054,33319,136108
../data/pdb1HYS.mtx,58,64,1,0.003708601,0.003614664,68054,33319,136108
../data/pdb1HYS.mtx,58,64,2,0.003719330,0.003629923,68054,33319,136108
../data/pdb1HYS.mtx,58,64,3,0.003698349,0.003610849,68054,33319,136108
../data/pdb1HYS.mtx,58,64,4,0.003667355,0.003581047,68054,33319,136108
../data/pdb1HYS.mtx,58,64,5,0.003713846,0.003626823,68054,33319,136108
../data/pdb1HYS.mtx,58,64,6,0.003694534,0.003601789,68054,33319,136108
../data/pdb1HYS.mtx,58,64,7,0.003720522,0.003629684,68054,33319,136108
../data/pdb1HYS.mtx,58,64,8,0.003733873,0.003645897,68054,33319,136108
../data/pdb1HYS.mtx,58,64,9,0.003702641,0.003612757,68054,33319,136108
../data/pdb1HYS.mtx,59,64,0,0.003710270,0.003601074,68485,33406,136970
../data/pdb1HYS.mtx,59,64,1,0.003665686,0.003571987,68485,33406,136970
../data/pdb1HYS.mtx,59,64,2,0.003673553,0.003581285,68485,33406,136970
../data/pdb1HYS.mtx,59,64,3,0.003698826,0.003608227,68485,33406,136970
../data/pdb1HYS.mtx,59,64,4,0.003577232,0.003488541,68485,33406,136970
../data/pdb1HYS.mtx,59,64,5,0.003682375,0.003592968,68485,33406,136970
../data/pdb1HYS.mtx,59,64,6,0.003632069,0.003540993,68485,33406,136970
../data/pdb1HYS.mtx,59,64,7,0.003647804,0.003560305,68485,33406,136970
../data/pdb1HYS.mtx,59,64,8,0.003702402,0.003612041,68485,33406,136970
../data/pdb1HYS.mtx,59,64,9,0.003713846,0.003626823,68485,33406,136970
../data/pdb1HYS.mtx,60,64,0,0.003629923,0.003539562,68725,33327,137450
../data/pdb1HYS.mtx,60,64,1,0.003650188,0.003563643,68725,33327,137450
../data/pdb1HYS.mtx,60,64,2,0.003650665,0.003564119,68725,33327,137450
../data/pdb1HYS.mtx,60,64,3,0.003628492,0.003544092,68725,33327,137450
../data/pdb1HYS.mtx,60,64,4,0.003623247,0.003537655,68725,33327,137450
../data/pdb1HYS.mtx,60,64,5,0.003653526,0.003567696,68725,33327,137450
../data/pdb1HYS.mtx,60,64,6,0.003671885,0.003588200,68725,33327,137450
../data/pdb1HYS.mtx,60,64,7,0.003644228,0.003560543,68725,33327,137450
../data/pdb1HYS.mtx,60,64,8,0.003660440,0.003577232,68725,33327,137450
../data/pdb1HYS.mtx,60,64,9,0.003603220,0.003520489,68725,33327,137450
../data/pdb1HYS.mtx,61,64,0,0.003576279,0.003484964,68613,33357,137226
../data/pdb1HYS.mtx,61,64,1,0.003657341,0.003560781,68613,33357,137226
../data/pdb1HYS.mtx,61,64,2,0.003659964,0.003569603,68613,33357,137226
../data/pdb1HYS.mtx,61,64,3,0.003658533,0.003570080,68613,33357,137226
../data/pdb1HYS.mtx,61,64,4,0.003651381,0.003562450,68613,33357,137226
../data/pdb1HYS.mtx,61,64,5,0.003674746,0.003584385,68613,33357,137226
../data/pdb1HYS.mtx,61,64,6,0.003629684,0.003538132,68613,33357,137226
../data/pdb1HYS.mtx,61,64,7,0.003694057,0.003601313,68613,33357,137226
../data/pdb1HYS.mtx,61,64,8,0.003695250,0.003604650,68613,33357,137226
../data/pdb1HYS.mtx,61,64,9,0.003658533,0.003568411,68613,33357,137226
../data/pdb1HYS.mtx,62,64,0,0.003720999,0.003515244,68777,33344,137554
../data/pdb1HYS.mtx,62,64,1,0.003762007,0.003664017,68777,33344,137554
../data/pdb1HYS.mtx,62,64,2,0.003731251,0.003640175,68777,33344,137554
../data/pdb1HYS.mtx,62,64,3,0.003755093,0.003667355,68777,33344,137554
../data/pdb1HYS.mtx,62,64,4,0.003713131,0.003625154,68777,33344,137554
../data/pdb1HYS.mtx,62,64,5,0.003741264,0.003653288,68777,33344,137554
../data/pdb1HYS.mtx,62,64,6,0.003739595,0.003650904,68777,33344,137554
../data/pdb1HYS.mtx,62,64,7,0.003749609,0.003658533,68777,33344,137554
../data/pdb1HYS.mtx,62,64,8,0.003738642,0.003647566,68777,33344,137554
../data/pdb1HYS.mtx,62,64,9,0.003737926,0.003649712,68777,33344,137554
../data/pdb1HYS.mtx,63,64,0,0.003747225,0.003635168,68341,33368,136682
../data/pdb1HYS.mtx,63,64,1,0.003719091,0.003617287,68341,33368,136682
../data/pdb1HYS.mtx,63,64,2,0.003651381,0.003459454,68341,33368,136682
../data/pdb1HYS.mtx,63,64,3,0.003722191,0.003619194,68341,33368,136682
../data/pdb1HYS.mtx,63,64,4,0.003543377,0.003396988,68341,33368,136682
../data/pdb1HYS.mtx,63,64,5,0.003686905,0.003528595,68341,33368,136682
../data/pdb1HYS.mtx,63,64,6,0.003724098,0.003633261,68341,33368,136682
../data/pdb1HYS.mtx,63,64,7,0.003578424,0.003420591,68341,33368,136682
../data/pdb1HYS.mtx,63,64,8,0.003666639,0.003480911,68341,33368,136682
../data/pdb1HYS.mtx,63,64,9,0.003644466,0.003465176,68341,33368,136682


=== SUMMARY METRICS TABLE ===
Matrix_Name,Num_Processes,Ghost_Entries_Min,Ghost_Entries_Avg,Ghost_Entries_Max,Load_Imbalance_Ratio,System_P90_Time,Total_GFLOPs
../data/pdb1HYS.mtx,64,33051,33310.72,33559,1.0197,0.003959656,2.1945
=============================
