Rank 0: Reading matrix ../data/pdb1HYS.mtx...
Matrix type: matrix coordinate real symmetric
  Real: yes
  Complex: no
  Symmetric: yes
  Pattern: no
Matrix size: 36417 x 36417, NNZ (file): 2190591
Actual NNZ (after symmetry expansion): 4344765

matrix_name,rank,num_procs,run,elapsed_time,comm_time,local_nz,ghost_entries,local_flops
../data/pdb1HYS.mtx,0,1,0,0.005118370,0.000002861,4344765,0,8689530
../data/pdb1HYS.mtx,0,1,1,0.005046844,0.000002146,4344765,0,8689530
../data/pdb1HYS.mtx,0,1,2,0.005074501,0.000002146,4344765,0,8689530
../data/pdb1HYS.mtx,0,1,3,0.005054474,0.000001907,4344765,0,8689530
../data/pdb1HYS.mtx,0,1,4,0.005019903,0.000002146,4344765,0,8689530
../data/pdb1HYS.mtx,0,1,5,0.005101204,0.000002384,4344765,0,8689530
../data/pdb1HYS.mtx,0,1,6,0.005071640,0.000001907,4344765,0,8689530
../data/pdb1HYS.mtx,0,1,7,0.005076647,0.000002146,4344765,0,8689530
../data/pdb1HYS.mtx,0,1,8,0.005088091,0.000001907,4344765,0,8689530
../data/pdb1HYS.mtx,0,1,9,0.005091190,0.000001669,4344765,0,8689530


=== SUMMARY METRICS TABLE ===
Matrix_Name,Num_Processes,Ghost_Entries_Min,Ghost_Entries_Avg,Ghost_Entries_Max,Load_Imbalance_Ratio,System_P90_Time,Total_GFLOPs
../data/pdb1HYS.mtx,1,0,0.00,0,1.0000,0.005118370,1.6977
=============================
