Rank 0: Reading matrix ../data/torso1.mtx...
Matrix type: matrix coordinate real general
  Real: yes
  Complex: no
  Symmetric: no
  Pattern: no
Matrix size: 116158 x 116158, NNZ (file): 8516500
Actual NNZ (after symmetry expansion): 8516500

matrix_name,rank,num_procs,run,elapsed_time,comm_time,local_nz,ghost_entries,local_flops
../data/torso1.mtx,0,2,0,0.106561661,0.105016947,4258914,58079,8517828
../data/torso1.mtx,0,2,1,0.103989124,0.102445126,4258914,58079,8517828
../data/torso1.mtx,0,2,2,0.103985310,0.102448702,4258914,58079,8517828
../data/torso1.mtx,0,2,3,0.103990316,0.102449894,4258914,58079,8517828
../data/torso1.mtx,0,2,4,0.103998184,0.102450371,4258914,58079,8517828
../data/torso1.mtx,0,2,5,0.103914261,0.102441788,4258914,58079,8517828
../data/torso1.mtx,0,2,6,0.109030247,0.107523203,4258914,58079,8517828
../data/torso1.mtx,0,2,7,0.104012251,0.102489233,4258914,58079,8517828
../data/torso1.mtx,0,2,8,0.106432676,0.104925632,4258914,58079,8517828
../data/torso1.mtx,0,2,9,0.095551252,0.094033003,4258914,58079,8517828
../data/torso1.mtx,1,2,0,0.079669237,0.078114271,4257586,58079,8515172
../data/torso1.mtx,1,2,1,0.079677343,0.078134537,4257586,58079,8515172
../data/torso1.mtx,1,2,2,0.079678535,0.078136444,4257586,58079,8515172
../data/torso1.mtx,1,2,3,0.079675674,0.078125000,4257586,58079,8515172
../data/torso1.mtx,1,2,4,0.079669714,0.078114510,4257586,58079,8515172
../data/torso1.mtx,1,2,5,0.079615831,0.078091383,4257586,58079,8515172
../data/torso1.mtx,1,2,6,0.084632635,0.083099842,4257586,58079,8515172
../data/torso1.mtx,1,2,7,0.079661131,0.078104496,4257586,58079,8515172
../data/torso1.mtx,1,2,8,0.079657078,0.078134298,4257586,58079,8515172
../data/torso1.mtx,1,2,9,0.079638481,0.078090429,4257586,58079,8515172


=== SUMMARY METRICS TABLE ===
Matrix_Name,Num_Processes,Ghost_Entries_Min,Ghost_Entries_Avg,Ghost_Entries_Max,Load_Imbalance_Ratio,System_P90_Time,Total_GFLOPs
../data/torso1.mtx,2,58079,58079.00,58079,1.0002,0.109030247,0.1562
=============================
