Rank 0: Reading matrix ../data/torso1.mtx...
Matrix type: matrix coordinate real general
  Real: yes
  Complex: no
  Symmetric: no
  Pattern: no
Matrix size: 116158 x 116158, NNZ (file): 8516500
Actual NNZ (after symmetry expansion): 8516500

matrix_name,rank,num_procs,run,elapsed_time,comm_time,local_nz,ghost_entries,local_flops
../data/torso1.mtx,0,1,0,0.003720999,0.000017643,8516500,0,17033000
../data/torso1.mtx,0,1,1,0.003439903,0.000013828,8516500,0,17033000
../data/torso1.mtx,0,1,2,0.003726959,0.000015736,8516500,0,17033000
../data/torso1.mtx,0,1,3,0.003584146,0.000015020,8516500,0,17033000
../data/torso1.mtx,0,1,4,0.003247499,0.000013351,8516500,0,17033000
../data/torso1.mtx,0,1,5,0.003546715,0.000015497,8516500,0,17033000
../data/torso1.mtx,0,1,6,0.003171444,0.000014067,8516500,0,17033000
../data/torso1.mtx,0,1,7,0.003414631,0.000013113,8516500,0,17033000
../data/torso1.mtx,0,1,8,0.003523827,0.000014067,8516500,0,17033000
../data/torso1.mtx,0,1,9,0.003329992,0.000013828,8516500,0,17033000


=== SUMMARY METRICS TABLE ===
Matrix_Name,Num_Processes,Ghost_Entries_Min,Ghost_Entries_Avg,Ghost_Entries_Max,Load_Imbalance_Ratio,System_P90_Time,Total_GFLOPs
../data/torso1.mtx,1,0,0.00,0,1.0000,0.003726959,4.5702
=============================
