Rank 0: Reading matrix ../data/torso1.mtx...
Matrix type: matrix coordinate real general
  Real: yes
  Complex: no
  Symmetric: no
  Pattern: no
Matrix size: 116158 x 116158, NNZ (file): 8516500
Actual NNZ (after symmetry expansion): 8516500

matrix_name,rank,num_procs,run,elapsed_time,comm_time,local_nz,ghost_entries,local_flops
../data/torso1.mtx,0,128,0,1.577466726,1.577024698,83539,13245,167078
../data/torso1.mtx,0,128,1,1.587182999,1.587063074,83539,13245,167078
../data/torso1.mtx,0,128,2,1.576189518,1.576068640,83539,13245,167078
../data/torso1.mtx,0,128,3,1.481181145,1.481057882,83539,13245,167078
../data/torso1.mtx,0,128,4,1.631051064,1.630912304,83539,13245,167078
../data/torso1.mtx,0,128,5,1.588151693,1.588030338,83539,13245,167078
../data/torso1.mtx,0,128,6,1.586211205,1.586099863,83539,13245,167078
../data/torso1.mtx,0,128,7,1.590124369,1.590006113,83539,13245,167078
../data/torso1.mtx,0,128,8,1.577137470,1.577017069,83539,13245,167078
../data/torso1.mtx,0,128,9,1.580174208,1.580060720,83539,13245,167078
../data/torso1.mtx,1,128,0,1.313233376,1.313118935,79323,13238,158646
../data/torso1.mtx,1,128,1,1.323370695,1.323255777,79323,13238,158646
../data/torso1.mtx,1,128,2,1.576282263,1.576165199,79323,13238,158646
../data/torso1.mtx,1,128,3,1.580210447,1.580107927,79323,13238,158646
../data/torso1.mtx,1,128,4,1.587238073,1.587122202,79323,13238,158646
../data/torso1.mtx,1,128,5,1.368286133,1.368166685,79323,13238,158646
../data/torso1.mtx,1,128,6,1.333306074,1.333192348,79323,13238,158646
../data/torso1.mtx,1,128,7,1.311276197,1.311162949,79323,13238,158646
../data/torso1.mtx,1,128,8,1.585238218,1.585126400,79323,13238,158646
../data/torso1.mtx,1,128,9,1.584257364,1.584125757,79323,13238,158646
../data/torso1.mtx,2,128,0,1.326253176,1.326140404,75105,13243,150210
../data/torso1.mtx,2,128,1,1.569254637,1.569145441,75105,13243,150210
../data/torso1.mtx,2,128,2,1.587256193,1.587148190,75105,13243,150210
../data/torso1.mtx,2,128,3,1.576222897,1.576122284,75105,13243,150210
../data/torso1.mtx,2,128,4,1.323265314,1.323156834,75105,13243,150210
../data/torso1.mtx,2,128,5,1.324292421,1.324181795,75105,13243,150210
../data/torso1.mtx,2,128,6,1.399243832,1.399143457,75105,13243,150210
../data/torso1.mtx,2,128,7,1.322139502,1.322029829,75105,13243,150210
../data/torso1.mtx,2,128,8,1.327246666,1.327132702,75105,13243,150210
../data/torso1.mtx,2,128,9,1.328270435,1.328171253,75105,13243,150210
../data/torso1.mtx,3,128,0,1.335224867,1.335122108,68597,13246,137194
../data/torso1.mtx,3,128,1,1.591189384,1.591090918,68597,13246,137194
../data/torso1.mtx,3,128,2,1.323391438,1.323285580,68597,13246,137194
../data/torso1.mtx,3,128,3,1.334414721,1.334312677,68597,13246,137194
../data/torso1.mtx,3,128,4,1.312197447,1.312105179,68597,13246,137194
../data/torso1.mtx,3,128,5,1.324219227,1.324120045,68597,13246,137194
../data/torso1.mtx,3,128,6,1.323247433,1.323156595,68597,13246,137194
../data/torso1.mtx,3,128,7,1.322229385,1.322131157,68597,13246,137194
../data/torso1.mtx,3,128,8,1.322263956,1.322163820,68597,13246,137194
../data/torso1.mtx,3,128,9,1.328242779,1.328150511,68597,13246,137194
../data/torso1.mtx,4,128,0,1.227396250,1.227295637,64380,13257,128760
../data/torso1.mtx,4,128,1,1.569201946,1.569107771,64380,13257,128760
../data/torso1.mtx,4,128,2,1.587244749,1.587148905,64380,13257,128760
../data/torso1.mtx,4,128,3,1.576159000,1.576073170,64380,13257,128760
../data/torso1.mtx,4,128,4,1.323205471,1.323109865,64380,13257,128760
../data/torso1.mtx,4,128,5,1.324202538,1.324100018,64380,13257,128760
../data/torso1.mtx,4,128,6,1.311236858,1.311143398,64380,13257,128760
../data/torso1.mtx,4,128,7,1.322176695,1.322081804,64380,13257,128760
../data/torso1.mtx,4,128,8,1.586194038,1.586100340,64380,13257,128760
../data/torso1.mtx,4,128,9,1.328096867,1.328010798,64380,13257,128760
../data/torso1.mtx,5,128,0,1.305118799,1.305030823,61126,13256,122252
../data/torso1.mtx,5,128,1,1.323213577,1.323131800,61126,13256,122252
../data/torso1.mtx,5,128,2,1.312275410,1.312184572,61126,13256,122252
../data/torso1.mtx,5,128,3,1.317222834,1.317134142,61126,13256,122252
../data/torso1.mtx,5,128,4,1.324185133,1.324096918,61126,13256,122252
../data/torso1.mtx,5,128,5,1.310189962,1.310102463,61126,13256,122252
../data/torso1.mtx,5,128,6,1.323217869,1.323136330,61126,13256,122252
../data/torso1.mtx,5,128,7,1.312196016,1.312105894,61126,13256,122252
../data/torso1.mtx,5,128,8,1.586212635,1.586125612,61126,13256,122252
../data/torso1.mtx,5,128,9,1.315208673,1.315125465,61126,13256,122252
../data/torso1.mtx,6,128,0,1.313162088,1.313090801,50991,13258,101982
../data/torso1.mtx,6,128,1,1.334433556,1.334165812,50991,13258,101982
../data/torso1.mtx,6,128,2,1.312336683,1.312260866,50991,13258,101982
../data/torso1.mtx,6,128,3,1.334178925,1.334106684,50991,13258,101982
../data/torso1.mtx,6,128,4,1.324212313,1.324138880,50991,13258,101982
../data/torso1.mtx,6,128,5,1.321183443,1.321110725,50991,13258,101982
../data/torso1.mtx,6,128,6,1.323193550,1.323127031,50991,13258,101982
../data/torso1.mtx,6,128,7,1.315190554,1.315115213,50991,13258,101982
../data/torso1.mtx,6,128,8,1.322207451,1.322134256,50991,13258,101982
../data/torso1.mtx,6,128,9,1.317198753,1.317125082,50991,13258,101982
../data/torso1.mtx,7,128,0,1.305041790,1.304969072,50991,13258,101982
../data/torso1.mtx,7,128,1,1.323227882,1.323154688,50991,13258,101982
../data/torso1.mtx,7,128,2,1.312220335,1.312144995,50991,13258,101982
../data/torso1.mtx,7,128,3,1.317195654,1.317122936,50991,13258,101982
../data/torso1.mtx,7,128,4,1.324172974,1.324099541,50991,13258,101982
../data/torso1.mtx,7,128,5,1.310179234,1.310106754,50991,13258,101982
../data/torso1.mtx,7,128,6,1.323193312,1.323124647,50991,13258,101982
../data/torso1.mtx,7,128,7,1.124216795,1.124143124,50991,13258,101982
../data/torso1.mtx,7,128,8,1.321187019,1.321118593,50991,13258,101982
../data/torso1.mtx,7,128,9,1.315196991,1.315123081,50991,13258,101982
../data/torso1.mtx,8,128,0,1.565079689,1.565005541,50991,13264,101982
../data/torso1.mtx,8,128,1,1.690165281,1.690094471,50991,13264,101982
../data/torso1.mtx,8,128,2,1.587288618,1.587215662,50991,13264,101982
../data/torso1.mtx,8,128,3,1.587061644,1.586989880,50991,13264,101982
../data/torso1.mtx,8,128,4,1.576188326,1.576114416,50991,13264,101982
../data/torso1.mtx,8,128,5,1.324195862,1.324127674,50991,13264,101982
../data/torso1.mtx,8,128,6,1.312234402,1.312164307,50991,13264,101982
../data/torso1.mtx,8,128,7,1.322196722,1.322122335,50991,13264,101982
../data/torso1.mtx,8,128,8,1.585213184,1.585139990,50991,13264,101982
../data/torso1.mtx,8,128,9,1.335211039,1.335133553,50991,13264,101982
../data/torso1.mtx,9,128,0,1.324205399,1.324115753,50991,13269,101982
../data/torso1.mtx,9,128,1,1.323441744,1.323174715,50991,13269,101982
../data/torso1.mtx,9,128,2,1.312367439,1.312291861,50991,13269,101982
../data/torso1.mtx,9,128,3,1.510093689,1.510020256,50991,13269,101982
../data/torso1.mtx,9,128,4,1.576179266,1.576111317,50991,13269,101982
../data/torso1.mtx,9,128,5,1.324179888,1.324112415,50991,13269,101982
../data/torso1.mtx,9,128,6,1.323188782,1.323120832,50991,13269,101982
../data/torso1.mtx,9,128,7,1.315186739,1.315110683,50991,13269,101982
../data/torso1.mtx,9,128,8,1.322170973,1.322097778,50991,13269,101982
../data/torso1.mtx,9,128,9,1.317181587,1.317113400,50991,13269,101982
../data/torso1.mtx,10,128,0,1.313232660,1.313160419,50991,13275,101982
../data/torso1.mtx,10,128,1,1.312239170,1.312163591,50991,13275,101982
../data/torso1.mtx,10,128,2,1.568116903,1.568042994,50991,13275,101982
../data/torso1.mtx,10,128,3,1.334201336,1.334127665,50991,13275,101982
../data/torso1.mtx,10,128,4,1.587183714,1.587108850,50991,13275,101982
../data/torso1.mtx,10,128,5,1.324199438,1.324125290,50991,13275,101982
../data/torso1.mtx,10,128,6,1.048221827,1.048137903,50991,13275,101982
../data/torso1.mtx,10,128,7,1.055182457,1.055109739,50991,13275,101982
../data/torso1.mtx,10,128,8,1.321183443,1.321110487,50991,13275,101982
../data/torso1.mtx,10,128,9,1.315073490,1.315001965,50991,13275,101982
../data/torso1.mtx,11,128,0,1.066368341,1.066292763,50991,13278,101982
../data/torso1.mtx,11,128,1,1.257189274,1.257115602,50991,13278,101982
../data/torso1.mtx,11,128,2,1.312196970,1.312123775,50991,13278,101982
../data/torso1.mtx,11,128,3,1.317166805,1.317099333,50991,13278,101982
../data/torso1.mtx,11,128,4,1.587176561,1.587102890,50991,13278,101982
../data/torso1.mtx,11,128,5,1.060199022,1.060126305,50991,13278,101982
../data/torso1.mtx,11,128,6,0.784084082,0.784014463,50991,13278,101982
../data/torso1.mtx,11,128,7,0.791192293,0.791117668,50991,13278,101982
../data/torso1.mtx,11,128,8,1.310206413,1.310138226,50991,13278,101982
../data/torso1.mtx,11,128,9,1.315171719,1.315099001,50991,13278,101982
../data/torso1.mtx,12,128,0,1.576115608,1.576040506,50991,13278,101982
../data/torso1.mtx,12,128,1,1.580200195,1.580126286,50991,13278,101982
../data/torso1.mtx,12,128,2,1.323210001,1.323136091,50991,13278,101982
../data/torso1.mtx,12,128,3,1.317168713,1.317101240,50991,13278,101982
../data/torso1.mtx,12,128,4,1.333074808,1.332996607,50991,13278,101982
../data/torso1.mtx,12,128,5,1.049198627,1.049124718,50991,13278,101982
../data/torso1.mtx,12,128,6,1.059186459,1.059112310,50991,13278,101982
../data/torso1.mtx,12,128,7,1.315183401,1.315109015,50991,13278,101982
../data/torso1.mtx,12,128,8,1.322218418,1.322144985,50991,13278,101982
../data/torso1.mtx,12,128,9,1.306203127,1.306133747,50991,13278,101982
../data/torso1.mtx,13,128,0,1.477026224,1.476952791,50991,13278,101982
../data/torso1.mtx,13,128,1,1.323170424,1.323097706,50991,13278,101982
../data/torso1.mtx,13,128,2,1.246261120,1.246189594,50991,13278,101982
../data/torso1.mtx,13,128,3,1.053164482,1.053097486,50991,13278,101982
../data/torso1.mtx,13,128,4,1.329137802,1.329063654,50991,13278,101982
../data/torso1.mtx,13,128,5,1.055159092,1.055090427,50991,13278,101982
../data/torso1.mtx,13,128,6,1.059208393,1.059139967,50991,13278,101982
../data/torso1.mtx,13,128,7,1.066194773,1.066120625,50991,13278,101982
../data/torso1.mtx,13,128,8,1.322193623,1.322119951,50991,13278,101982
../data/torso1.mtx,13,128,9,1.315190554,1.315116882,50991,13278,101982
../data/torso1.mtx,14,128,0,1.313164949,1.313093424,50991,13278,101982
../data/torso1.mtx,14,128,1,1.323423147,1.323155642,50991,13278,101982
../data/torso1.mtx,14,128,2,1.246297836,1.246226311,50991,13278,101982
../data/torso1.mtx,14,128,3,1.317157984,1.317089558,50991,13278,101982
../data/torso1.mtx,14,128,4,1.482172966,1.482100487,50991,13278,101982
../data/torso1.mtx,14,128,5,1.046166420,1.046093225,50991,13278,101982
../data/torso1.mtx,14,128,6,1.059080601,1.059013605,50991,13278,101982
../data/torso1.mtx,14,128,7,1.315179825,1.315104723,50991,13278,101982
../data/torso1.mtx,14,128,8,1.322173595,1.322100163,50991,13278,101982
../data/torso1.mtx,14,128,9,1.315153837,1.315079927,50991,13278,101982
../data/torso1.mtx,15,128,0,1.066418171,1.066342831,50991,13278,101982
../data/torso1.mtx,15,128,1,1.316391945,1.316124201,50991,13278,101982
../data/torso1.mtx,15,128,2,1.059197903,1.059123516,50991,13278,101982
../data/torso1.mtx,15,128,3,1.053186893,1.053118229,50991,13278,101982
../data/torso1.mtx,15,128,4,1.060488701,1.060410500,50991,13278,101982
../data/torso1.mtx,15,128,5,0.794189930,0.794116020,50991,13278,101982
../data/torso1.mtx,15,128,6,0.784241199,0.784168243,50991,13278,101982
../data/torso1.mtx,15,128,7,1.055203676,1.055127382,50991,13278,101982
../data/torso1.mtx,15,128,8,1.343186855,1.343113661,50991,13278,101982
../data/torso1.mtx,15,128,9,1.326187372,1.326113939,50991,13278,101982
../data/torso1.mtx,16,128,0,1.445230961,1.445153952,50991,13278,101982
../data/torso1.mtx,16,128,1,1.591158152,1.591091633,50991,13278,101982
../data/torso1.mtx,16,128,2,1.587127447,1.587051868,50991,13278,101982
../data/torso1.mtx,16,128,3,1.334186792,1.334113121,50991,13278,101982
../data/torso1.mtx,16,128,4,1.587196589,1.587122202,50991,13278,101982
../data/torso1.mtx,16,128,5,1.618160725,1.618094444,50991,13278,101982
../data/torso1.mtx,16,128,6,1.586190462,1.586118221,50991,13278,101982
../data/torso1.mtx,16,128,7,1.568170309,1.568095922,50991,13278,101982
../data/torso1.mtx,16,128,8,1.586186171,1.586114407,50991,13278,101982
../data/torso1.mtx,16,128,9,1.584176779,1.584106684,50991,13278,101982
../data/torso1.mtx,17,128,0,1.313184023,1.313109636,50991,13278,101982
../data/torso1.mtx,17,128,1,1.591274500,1.591022015,50991,13278,101982
../data/torso1.mtx,17,128,2,1.579112530,1.579036713,50991,13278,101982
../data/torso1.mtx,17,128,3,1.064203024,1.064127922,50991,13278,101982
../data/torso1.mtx,17,128,4,1.324147701,1.324073315,50991,13278,101982
../data/torso1.mtx,17,128,5,1.324186802,1.324112415,50991,13278,101982
../data/torso1.mtx,17,128,6,1.323203087,1.323133707,50991,13278,101982
../data/torso1.mtx,17,128,7,1.300177574,1.300102711,50991,13278,101982
../data/torso1.mtx,17,128,8,1.322208166,1.322134256,50991,13278,101982
../data/torso1.mtx,17,128,9,1.524062157,1.523990393,50991,13278,101982
../data/torso1.mtx,18,128,0,1.587087154,1.587011814,50991,13278,101982
../data/torso1.mtx,18,128,1,1.316184759,1.316115379,50991,13278,101982
../data/torso1.mtx,18,128,2,1.323267937,1.323194027,50991,13278,101982
../data/torso1.mtx,18,128,3,1.317178011,1.317108631,50991,13278,101982
../data/torso1.mtx,18,128,4,1.422123909,1.422050953,50991,13278,101982
../data/torso1.mtx,18,128,5,1.324215889,1.324144125,50991,13278,101982
../data/torso1.mtx,18,128,6,1.311226606,1.311153889,50991,13278,101982
../data/torso1.mtx,18,128,7,1.311382294,1.311306715,50991,13278,101982
../data/torso1.mtx,18,128,8,1.585206270,1.585132122,50991,13278,101982
../data/torso1.mtx,18,128,9,1.584204435,1.584131002,50991,13278,101982
../data/torso1.mtx,19,128,0,1.315979719,1.315904856,50991,13278,101982
../data/torso1.mtx,19,128,1,1.052188396,1.052116156,50991,13278,101982
../data/torso1.mtx,19,128,2,1.059184074,1.059108496,50991,13278,101982
../data/torso1.mtx,19,128,3,1.053169012,1.053100109,50991,13278,101982
../data/torso1.mtx,19,128,4,1.329105616,1.329031229,50991,13278,101982
../data/torso1.mtx,19,128,5,1.051147223,1.051070213,50991,13278,101982
../data/torso1.mtx,19,128,6,1.061081409,1.061005831,50991,13278,101982
../data/torso1.mtx,19,128,7,1.323109865,1.323034763,50991,13278,101982
../data/torso1.mtx,19,128,8,1.322184086,1.322111845,50991,13278,101982
../data/torso1.mtx,19,128,9,1.315168142,1.315097809,50991,13278,101982
../data/torso1.mtx,20,128,0,1.565092325,1.565018177,50991,13278,101982
../data/torso1.mtx,20,128,1,1.312184811,1.312112570,50991,13278,101982
../data/torso1.mtx,20,128,2,1.312242031,1.312168121,50991,13278,101982
../data/torso1.mtx,20,128,3,1.317100763,1.317033052,50991,13278,101982
../data/torso1.mtx,20,128,4,1.323450089,1.323374987,50991,13278,101982
../data/torso1.mtx,20,128,5,1.324239016,1.324166536,50991,13278,101982
../data/torso1.mtx,20,128,6,1.311235666,1.311163664,50991,13278,101982
../data/torso1.mtx,20,128,7,1.322185040,1.322110891,50991,13278,101982
../data/torso1.mtx,20,128,8,1.574185610,1.574117422,50991,13278,101982
../data/torso1.mtx,20,128,9,1.584181309,1.584107399,50991,13278,101982
../data/torso1.mtx,21,128,0,1.335093498,1.335015297,50991,13278,101982
../data/torso1.mtx,21,128,1,1.327092648,1.327019930,50991,13278,101982
../data/torso1.mtx,21,128,2,1.315129995,1.315054417,50991,13278,101982
../data/torso1.mtx,21,128,3,1.064396143,1.064321041,50991,13278,101982
../data/torso1.mtx,21,128,4,1.268146276,1.268071890,50991,13278,101982
../data/torso1.mtx,21,128,5,1.324221373,1.324146986,50991,13278,101982
../data/torso1.mtx,21,128,6,1.312192202,1.312119961,50991,13278,101982
../data/torso1.mtx,21,128,7,1.322176218,1.322101116,50991,13278,101982
../data/torso1.mtx,21,128,8,1.585169315,1.585094452,50991,13278,101982
../data/torso1.mtx,21,128,9,1.430173874,1.430105686,50991,13278,101982
../data/torso1.mtx,22,128,0,1.312127113,1.312053919,50991,13278,101982
../data/torso1.mtx,22,128,1,1.059209108,1.059133768,50991,13278,101982
../data/torso1.mtx,22,128,2,1.048211575,1.048133612,50991,13278,101982
../data/torso1.mtx,22,128,3,1.053221703,1.053147316,50991,13278,101982
../data/torso1.mtx,22,128,4,1.329090118,1.329016685,50991,13278,101982
../data/torso1.mtx,22,128,5,1.049409151,1.049334764,50991,13278,101982
../data/torso1.mtx,22,128,6,1.059453249,1.059380054,50991,13278,101982
../data/torso1.mtx,22,128,7,1.323100805,1.323025703,50991,13278,101982
../data/torso1.mtx,22,128,8,1.321234703,1.321160555,50991,13278,101982
../data/torso1.mtx,22,128,9,1.315196991,1.315126657,50991,13278,101982
../data/torso1.mtx,23,128,0,1.048086405,1.048013210,50991,13278,101982
../data/torso1.mtx,23,128,1,0.798231125,0.798161983,50991,13278,101982
../data/torso1.mtx,23,128,2,1.051123142,1.051048279,50991,13278,101982
../data/torso1.mtx,23,128,3,0.800122261,0.800047636,50991,13278,101982
../data/torso1.mtx,23,128,4,1.057004452,1.056926250,50991,13278,101982
../data/torso1.mtx,23,128,5,1.060099125,1.060023785,50991,13278,101982
../data/torso1.mtx,23,128,6,1.059099197,1.059031487,50991,13278,101982
../data/torso1.mtx,23,128,7,1.048126698,1.048048735,50991,13278,101982
../data/torso1.mtx,23,128,8,1.058196545,1.058122873,50991,13278,101982
../data/torso1.mtx,23,128,9,1.064178467,1.064109087,50991,13278,101982
../data/torso1.mtx,24,128,0,1.582078695,1.582013607,50991,13278,101982
../data/torso1.mtx,24,128,1,1.844983101,1.844916105,50991,13278,101982
../data/torso1.mtx,24,128,2,1.584116697,1.584051132,50991,13278,101982
../data/torso1.mtx,24,128,3,1.591092348,1.591024637,50991,13278,101982
../data/torso1.mtx,24,128,4,1.325279474,1.325213432,50991,13278,101982
../data/torso1.mtx,24,128,5,1.333132267,1.333066940,50991,13278,101982
../data/torso1.mtx,24,128,6,1.323122740,1.323055506,50991,13278,101982
../data/torso1.mtx,24,128,7,1.285132885,1.285066605,50991,13278,101982
../data/torso1.mtx,24,128,8,1.312154770,1.312088251,50991,13278,101982
../data/torso1.mtx,24,128,9,1.590119839,1.590058327,50991,13278,101982
../data/torso1.mtx,25,128,0,1.549116135,1.549049139,50991,13278,101982
../data/torso1.mtx,25,128,1,1.582123518,1.582060337,50991,13278,101982
../data/torso1.mtx,25,128,2,1.320141077,1.320074797,50991,13278,101982
../data/torso1.mtx,25,128,3,1.316134691,1.316067219,50991,13278,101982
../data/torso1.mtx,25,128,4,1.232321501,1.232074261,50991,13278,101982
../data/torso1.mtx,25,128,5,1.311132193,1.311068058,50991,13278,101982
../data/torso1.mtx,25,128,6,1.323134184,1.323070526,50991,13278,101982
../data/torso1.mtx,25,128,7,1.304129124,1.304066658,50991,13278,101982
../data/torso1.mtx,25,128,8,1.323144674,1.323077679,50991,13278,101982
../data/torso1.mtx,25,128,9,1.587113619,1.587041140,50991,13278,101982
../data/torso1.mtx,26,128,0,1.318127394,1.318062067,50991,13278,101982
../data/torso1.mtx,26,128,1,1.582149267,1.582080603,50991,13278,101982
../data/torso1.mtx,26,128,2,1.584115028,1.584047794,50991,13278,101982
../data/torso1.mtx,26,128,3,1.316129684,1.316061735,50991,13278,101982
../data/torso1.mtx,26,128,4,1.408125162,1.408059120,50991,13278,101982
../data/torso1.mtx,26,128,5,1.069134951,1.069070578,50991,13278,101982
../data/torso1.mtx,26,128,6,1.323114157,1.323046923,50991,13278,101982
../data/torso1.mtx,26,128,7,1.392135859,1.392067909,50991,13278,101982
../data/torso1.mtx,26,128,8,1.323116541,1.323050022,50991,13278,101982
../data/torso1.mtx,26,128,9,1.587108612,1.587044477,50991,13278,101982
../data/torso1.mtx,27,128,0,1.044098139,1.044029474,50991,13278,101982
../data/torso1.mtx,27,128,1,1.585114717,1.585047245,50991,13278,101982
../data/torso1.mtx,27,128,2,1.320116520,1.320052147,50991,13278,101982
../data/torso1.mtx,27,128,3,1.318120241,1.318055391,50991,13278,101982
../data/torso1.mtx,27,128,4,1.054334879,1.054101944,50991,13278,101982
../data/torso1.mtx,27,128,5,1.047127247,1.047065258,50991,13278,101982
../data/torso1.mtx,27,128,6,1.323130369,1.323064804,50991,13278,101982
../data/torso1.mtx,27,128,7,1.304121971,1.304058552,50991,13278,101982
../data/torso1.mtx,27,128,8,1.059142113,1.059075594,50991,13278,101982
../data/torso1.mtx,27,128,9,1.323066235,1.323003531,50991,13278,101982
../data/torso1.mtx,28,128,0,1.307137489,1.307071447,50991,13278,101982
../data/torso1.mtx,28,128,1,1.593152761,1.593086481,50991,13278,101982
../data/torso1.mtx,28,128,2,1.584132195,1.584066391,50991,13278,101982
../data/torso1.mtx,28,128,3,1.320249319,1.320182562,50991,13278,101982
../data/torso1.mtx,28,128,4,1.331131220,1.331067562,50991,13278,101982
../data/torso1.mtx,28,128,5,1.311130285,1.311062813,50991,13278,101982
../data/torso1.mtx,28,128,6,1.433123112,1.433056831,50991,13278,101982
../data/torso1.mtx,28,128,7,1.069220781,1.069154739,50991,13278,101982
../data/torso1.mtx,28,128,8,1.312151670,1.312086344,50991,13278,101982
../data/torso1.mtx,28,128,9,1.579147577,1.579082251,50991,13278,101982
../data/torso1.mtx,29,128,0,1.044127941,1.044060469,50991,13278,101982
../data/torso1.mtx,29,128,1,1.582124472,1.582056761,50991,13278,101982
../data/torso1.mtx,29,128,2,1.320123672,1.320056915,50991,13278,101982
../data/torso1.mtx,29,128,3,1.329130173,1.329062223,50991,13278,101982
../data/torso1.mtx,29,128,4,1.054134607,1.054067850,50991,13278,101982
../data/torso1.mtx,29,128,5,1.146108150,1.146046162,50991,13278,101982
../data/torso1.mtx,29,128,6,1.323129892,1.323063374,50991,13278,101982
../data/torso1.mtx,29,128,7,1.059099436,1.059023142,50991,13278,101982
../data/torso1.mtx,29,128,8,1.323126316,1.323059559,50991,13278,101982
../data/torso1.mtx,29,128,9,1.587113857,1.587051392,50991,13278,101982
../data/torso1.mtx,30,128,0,1.307085514,1.307019949,50991,13276,101982
../data/torso1.mtx,30,128,1,1.582128525,1.582063675,50991,13276,101982
../data/torso1.mtx,30,128,2,1.320133924,1.320067644,50991,13276,101982
../data/torso1.mtx,30,128,3,1.338118076,1.338053703,50991,13276,101982
../data/torso1.mtx,30,128,4,1.054151297,1.054085255,50991,13276,101982
../data/torso1.mtx,30,128,5,0.981177330,0.981108665,50991,13276,101982
../data/torso1.mtx,30,128,6,1.059139967,1.059073448,50991,13276,101982
../data/torso1.mtx,30,128,7,1.065145969,1.065081120,50991,13276,101982
../data/torso1.mtx,30,128,8,1.312123299,1.312057734,50991,13276,101982
../data/torso1.mtx,30,128,9,1.499121904,1.499060869,50991,13276,101982
../data/torso1.mtx,31,128,0,1.055127382,1.055061579,50991,13278,101982
../data/torso1.mtx,31,128,1,1.318124771,1.318057775,50991,13278,101982
../data/torso1.mtx,31,128,2,1.056137800,1.056069374,50991,13278,101982
../data/torso1.mtx,31,128,3,1.054125309,1.054056644,50991,13278,101982
../data/torso1.mtx,31,128,4,1.043134928,1.043069601,50991,13278,101982
../data/torso1.mtx,31,128,5,1.058043480,1.057980776,50991,13278,101982
../data/torso1.mtx,31,128,6,0.789223433,0.789156675,50991,13278,101982
../data/torso1.mtx,31,128,7,0.792236328,0.792169571,50991,13278,101982
../data/torso1.mtx,31,128,8,1.070138931,1.070071459,50991,13278,101982
../data/torso1.mtx,31,128,9,1.323083639,1.323020697,50991,13278,101982
../data/torso1.mtx,32,128,0,1.318109989,1.318044662,50991,13276,101982
../data/torso1.mtx,32,128,1,1.582135677,1.582070827,50991,13276,101982
../data/torso1.mtx,32,128,2,1.320126534,1.320061207,50991,13276,101982
../data/torso1.mtx,32,128,3,1.327123642,1.327058792,50991,13276,101982
../data/torso1.mtx,32,128,4,1.307323933,1.307081699,50991,13276,101982
../data/torso1.mtx,32,128,5,1.322106361,1.322039366,50991,13276,101982
../data/torso1.mtx,32,128,6,1.323093414,1.323028088,50991,13276,101982
../data/torso1.mtx,32,128,7,1.337093115,1.337023020,50991,13276,101982
../data/torso1.mtx,32,128,8,1.048154593,1.048089266,50991,13276,101982
../data/torso1.mtx,32,128,9,1.323143244,1.323071718,50991,13276,101982
../data/torso1.mtx,33,128,0,0.934111595,0.934045553,50991,13264,101982
../data/torso1.mtx,33,128,1,1.527121305,1.527053833,50991,13264,101982
../data/torso1.mtx,33,128,2,1.320135117,1.320069075,50991,13264,101982
../data/torso1.mtx,33,128,3,1.263122559,1.263056040,50991,13264,101982
../data/torso1.mtx,33,128,4,1.307319880,1.307084560,50991,13264,101982
../data/torso1.mtx,33,128,5,1.322088718,1.322023392,50991,13264,101982
../data/torso1.mtx,33,128,6,1.059144020,1.059078217,50991,13264,101982
../data/torso1.mtx,33,128,7,1.054120064,1.054054737,50991,13264,101982
../data/torso1.mtx,33,128,8,1.048147678,1.048084497,50991,13264,101982
../data/torso1.mtx,33,128,9,1.323132515,1.323069572,50991,13264,101982
../data/torso1.mtx,34,128,0,1.033134699,1.033068895,50991,13256,101982
../data/torso1.mtx,34,128,1,1.318139791,1.318073034,50991,13256,101982
../data/torso1.mtx,34,128,2,1.057135344,1.057067871,50991,13256,101982
../data/torso1.mtx,34,128,3,1.329121351,1.329055309,50991,13256,101982
../data/torso1.mtx,34,128,4,1.054149151,1.054082870,50991,13256,101982
../data/torso1.mtx,34,128,5,1.069144487,1.069078684,50991,13256,101982
../data/torso1.mtx,34,128,6,1.059133768,1.059067726,50991,13256,101982
../data/torso1.mtx,34,128,7,1.052121878,1.052054882,50991,13256,101982
../data/torso1.mtx,34,128,8,1.048135757,1.048068762,50991,13256,101982
../data/torso1.mtx,34,128,9,1.312125444,1.312063456,50991,13256,101982
../data/torso1.mtx,35,128,0,0.956115007,0.956048965,50991,13259,101982
../data/torso1.mtx,35,128,1,1.318111897,1.318045378,50991,13259,101982
../data/torso1.mtx,35,128,2,1.056135178,1.056070089,50991,13259,101982
../data/torso1.mtx,35,128,3,1.054128170,1.054061651,50991,13259,101982
../data/torso1.mtx,35,128,4,1.043308735,1.043073177,50991,13259,101982
../data/torso1.mtx,35,128,5,1.058084488,1.058011770,50991,13259,101982
../data/torso1.mtx,35,128,6,1.053113461,1.053047657,50991,13259,101982
../data/torso1.mtx,35,128,7,1.070094585,1.070026875,50991,13259,101982
../data/torso1.mtx,35,128,8,0.784255743,0.784191132,50991,13259,101982
../data/torso1.mtx,35,128,9,1.063123941,1.063061237,50991,13259,101982
../data/torso1.mtx,36,128,0,1.044138432,1.044071913,50991,13273,101982
../data/torso1.mtx,36,128,1,1.593106747,1.593040943,50991,13273,101982
../data/torso1.mtx,36,128,2,1.056272984,1.056199551,50991,13273,101982
../data/torso1.mtx,36,128,3,1.054143429,1.054074526,50991,13273,101982
../data/torso1.mtx,36,128,4,1.065155268,1.065087318,50991,13273,101982
../data/torso1.mtx,36,128,5,1.047122717,1.047059536,50991,13273,101982
../data/torso1.mtx,36,128,6,1.064127445,1.064061165,50991,13273,101982
../data/torso1.mtx,36,128,7,1.059140682,1.059074402,50991,13273,101982
../data/torso1.mtx,36,128,8,1.070143938,1.070077658,50991,13273,101982
../data/torso1.mtx,36,128,9,1.312116623,1.312053680,50991,13273,101982
../data/torso1.mtx,37,128,0,1.044136763,1.044069767,50991,13276,101982
../data/torso1.mtx,37,128,1,1.585133076,1.585066319,50991,13276,101982
../data/torso1.mtx,37,128,2,1.056128979,1.056061983,50991,13276,101982
../data/torso1.mtx,37,128,3,1.054109812,1.054045200,50991,13276,101982
../data/torso1.mtx,37,128,4,0.790330410,0.790097475,50991,13276,101982
../data/torso1.mtx,37,128,5,1.058138132,1.058073044,50991,13276,101982
../data/torso1.mtx,37,128,6,0.998105526,0.998039484,50991,13276,101982
../data/torso1.mtx,37,128,7,1.059118032,1.059053898,50991,13276,101982
../data/torso1.mtx,37,128,8,0.927130222,0.927063942,50991,13276,101982
../data/torso1.mtx,37,128,9,1.052123070,1.052060366,50991,13276,101982
../data/torso1.mtx,38,128,0,1.055124998,1.055058479,50991,13274,101982
../data/torso1.mtx,38,128,1,1.318134546,1.318067074,50991,13274,101982
../data/torso1.mtx,38,128,2,1.056116343,1.056048632,50991,13274,101982
../data/torso1.mtx,38,128,3,0.790231943,0.790165663,50991,13274,101982
../data/torso1.mtx,38,128,4,1.065137863,1.065061569,50991,13274,101982
../data/torso1.mtx,38,128,5,1.047131062,1.047067642,50991,13274,101982
../data/torso1.mtx,38,128,6,1.064121008,1.064054251,50991,13274,101982
../data/torso1.mtx,38,128,7,1.059129477,1.059064150,50991,13274,101982
../data/torso1.mtx,38,128,8,1.015135288,1.015067577,50991,13274,101982
../data/torso1.mtx,38,128,9,1.312108994,1.312046528,50991,13274,101982
../data/torso1.mtx,39,128,0,1.055066109,1.055000782,50991,13274,101982
../data/torso1.mtx,39,128,1,1.318123102,1.318056583,50991,13274,101982
../data/torso1.mtx,39,128,2,0.792140007,0.792074442,50991,13274,101982
../data/torso1.mtx,39,128,3,0.790143251,0.790078640,50991,13274,101982
../data/torso1.mtx,39,128,4,1.065121889,1.065057993,50991,13274,101982
../data/torso1.mtx,39,128,5,1.058132887,1.058067799,50991,13274,101982
../data/torso1.mtx,39,128,6,1.064119339,1.064053059,50991,13274,101982
../data/torso1.mtx,39,128,7,1.059109926,1.059045553,50991,13274,101982
../data/torso1.mtx,39,128,8,1.059128523,1.059062958,50991,13274,101982
../data/torso1.mtx,39,128,9,1.059139252,1.059063435,50991,13274,101982
../data/torso1.mtx,40,128,0,1.318132639,1.318064928,50991,13278,101982
../data/torso1.mtx,40,128,1,1.582127571,1.582063675,50991,13278,101982
../data/torso1.mtx,40,128,2,1.320135832,1.320069790,50991,13278,101982
../data/torso1.mtx,40,128,3,1.316126823,1.316061258,50991,13278,101982
../data/torso1.mtx,40,128,4,1.309309959,1.309076548,50991,13278,101982
../data/torso1.mtx,40,128,5,1.322116852,1.322054148,50991,13278,101982
../data/torso1.mtx,40,128,6,1.312122107,1.312056303,50991,13278,101982
../data/torso1.mtx,40,128,7,1.337108850,1.337041855,50991,13278,101982
../data/torso1.mtx,40,128,8,1.312120438,1.312054873,50991,13278,101982
../data/torso1.mtx,40,128,9,1.323116302,1.323055029,50991,13278,101982
../data/torso1.mtx,41,128,0,1.340127945,1.340061665,50991,13278,101982
../data/torso1.mtx,41,128,1,1.582133055,1.582067013,50991,13278,101982
../data/torso1.mtx,41,128,2,1.320137501,1.320071459,50991,13278,101982
../data/torso1.mtx,41,128,3,1.316123724,1.316056013,50991,13278,101982
../data/torso1.mtx,41,128,4,1.309120893,1.309054136,50991,13278,101982
../data/torso1.mtx,41,128,5,1.322112799,1.322050810,50991,13278,101982
../data/torso1.mtx,41,128,6,1.312131882,1.312067270,50991,13278,101982
../data/torso1.mtx,41,128,7,1.337122202,1.337060928,50991,13278,101982
../data/torso1.mtx,41,128,8,1.312082767,1.312017441,50991,13278,101982
../data/torso1.mtx,41,128,9,1.323130846,1.323069096,50991,13278,101982
../data/torso1.mtx,42,128,0,1.340116024,1.340049267,50991,13278,101982
../data/torso1.mtx,42,128,1,1.582124472,1.582057476,50991,13278,101982
../data/torso1.mtx,42,128,2,1.320143223,1.320074081,50991,13278,101982
../data/torso1.mtx,42,128,3,1.316125154,1.316058159,50991,13278,101982
../data/torso1.mtx,42,128,4,1.309317589,1.309077740,50991,13278,101982
../data/torso1.mtx,42,128,5,1.322065830,1.322003841,50991,13278,101982
../data/torso1.mtx,42,128,6,1.312114239,1.312049150,50991,13278,101982
../data/torso1.mtx,42,128,7,1.337115049,1.337050676,50991,13278,101982
../data/torso1.mtx,42,128,8,1.312113047,1.312046289,50991,13278,101982
../data/torso1.mtx,42,128,9,1.323123217,1.323060274,50991,13278,101982
../data/torso1.mtx,43,128,0,1.058200121,1.058134556,50991,13278,101982
../data/torso1.mtx,43,128,1,1.582128763,1.582061529,50991,13278,101982
../data/torso1.mtx,43,128,2,1.309082747,1.309015512,50991,13278,101982
../data/torso1.mtx,43,128,3,1.054129601,1.054064989,50991,13278,101982
../data/torso1.mtx,43,128,4,1.065145254,1.065068722,50991,13278,101982
../data/torso1.mtx,43,128,5,1.069202900,1.069124222,50991,13278,101982
../data/torso1.mtx,43,128,6,1.059129238,1.059061766,50991,13278,101982
../data/torso1.mtx,43,128,7,1.052129507,1.052062273,50991,13278,101982
../data/torso1.mtx,43,128,8,1.059126377,1.059060335,50991,13278,101982
../data/torso1.mtx,43,128,9,1.312107801,1.312044144,50991,13278,101982
../data/torso1.mtx,44,128,0,1.340128899,1.340064287,50991,13278,101982
../data/torso1.mtx,44,128,1,1.329131365,1.329063177,50991,13278,101982
../data/torso1.mtx,44,128,2,1.320122480,1.320054293,50991,13278,101982
../data/torso1.mtx,44,128,3,1.338128090,1.338061094,50991,13278,101982
../data/torso1.mtx,44,128,4,1.318120718,1.318054914,50991,13278,101982
../data/torso1.mtx,44,128,5,1.069115162,1.069055796,50991,13278,101982
../data/torso1.mtx,44,128,6,1.059129715,1.059064865,50991,13278,101982
../data/torso1.mtx,44,128,7,1.062124491,1.062058449,50991,13278,101982
../data/torso1.mtx,44,128,8,1.037121296,1.037056208,50991,13278,101982
../data/torso1.mtx,44,128,9,1.213126898,1.213065386,50991,13278,101982
../data/torso1.mtx,45,128,0,1.055121899,1.055055618,50991,13278,101982
../data/torso1.mtx,45,128,1,1.318144560,1.318077803,50991,13278,101982
../data/torso1.mtx,45,128,2,1.320088387,1.320022583,50991,13278,101982
../data/torso1.mtx,45,128,3,1.054129124,1.054064989,50991,13278,101982
../data/torso1.mtx,45,128,4,1.065148592,1.065079451,50991,13278,101982
../data/torso1.mtx,45,128,5,1.047116995,1.047051668,50991,13278,101982
../data/torso1.mtx,45,128,6,1.053117275,1.053052187,50991,13278,101982
../data/torso1.mtx,45,128,7,1.048130512,1.048065662,50991,13278,101982
../data/torso1.mtx,45,128,8,1.070122480,1.070057392,50991,13278,101982
../data/torso1.mtx,45,128,9,1.059139729,1.059072971,50991,13278,101982
../data/torso1.mtx,46,128,0,1.055115938,1.055048466,50991,13278,101982
../data/torso1.mtx,46,128,1,1.318131208,1.318063736,50991,13278,101982
../data/torso1.mtx,46,128,2,1.056126595,1.056061268,50991,13278,101982
../data/torso1.mtx,46,128,3,1.054125309,1.054057598,50991,13278,101982
../data/torso1.mtx,46,128,4,1.065137386,1.065071106,50991,13278,101982
../data/torso1.mtx,46,128,5,1.047142029,1.047077656,50991,13278,101982
../data/torso1.mtx,46,128,6,1.064123869,1.064057350,50991,13278,101982
../data/torso1.mtx,46,128,7,1.059147120,1.059080124,50991,13278,101982
../data/torso1.mtx,46,128,8,1.070125580,1.070059299,50991,13278,101982
../data/torso1.mtx,46,128,9,1.059133291,1.059066772,50991,13278,101982
../data/torso1.mtx,47,128,0,1.066124678,1.066058636,50991,13278,101982
../data/torso1.mtx,47,128,1,1.318124533,1.318059683,50991,13278,101982
../data/torso1.mtx,47,128,2,1.056122303,1.056057692,50991,13278,101982
../data/torso1.mtx,47,128,3,1.054122210,1.054057360,50991,13278,101982
../data/torso1.mtx,47,128,4,1.054329157,1.054090500,50991,13278,101982
../data/torso1.mtx,47,128,5,0.794117689,0.794053316,50991,13278,101982
../data/torso1.mtx,47,128,6,0.789129972,0.789066076,50991,13278,101982
../data/torso1.mtx,47,128,7,0.784147263,0.784080505,50991,13278,101982
../data/torso1.mtx,47,128,8,0.795124531,0.795058250,50991,13278,101982
../data/torso1.mtx,47,128,9,1.063104153,1.063041449,50991,13278,101982
../data/torso1.mtx,48,128,0,1.322120428,1.322054148,50991,13278,101982
../data/torso1.mtx,48,128,1,1.580129623,1.580066204,50991,13278,101982
../data/torso1.mtx,48,128,2,1.846071959,1.846009970,50991,13278,101982
../data/torso1.mtx,48,128,3,1.585113287,1.585051775,50991,13278,101982
../data/torso1.mtx,48,128,4,1.582152367,1.582087278,50991,13278,101982
../data/torso1.mtx,48,128,5,1.583106995,1.583041668,50991,13278,101982
../data/torso1.mtx,48,128,6,1.585120916,1.585054159,50991,13278,101982
../data/torso1.mtx,48,128,7,1.580120325,1.580053568,50991,13278,101982
../data/torso1.mtx,48,128,8,1.582988024,1.582921743,50991,13278,101982
../data/torso1.mtx,48,128,9,1.321129322,1.321062803,50991,13278,101982
../data/torso1.mtx,49,128,0,1.310121775,1.310056210,50991,13278,101982
../data/torso1.mtx,49,128,1,1.580151558,1.580086231,50991,13278,101982
../data/torso1.mtx,49,128,2,1.583139896,1.583077669,50991,13278,101982
../data/torso1.mtx,49,128,3,1.486149311,1.486083508,50991,13278,101982
../data/torso1.mtx,49,128,4,1.582338810,1.582092047,50991,13278,101982
../data/torso1.mtx,49,128,5,1.583127022,1.583060265,50991,13278,101982
../data/torso1.mtx,49,128,6,1.574127913,1.574060440,50991,13278,101982
../data/torso1.mtx,49,128,7,1.580139637,1.580071926,50991,13278,101982
../data/torso1.mtx,49,128,8,1.583131075,1.583064079,50991,13278,101982
../data/torso1.mtx,49,128,9,1.055155277,1.055086613,50991,13278,101982
../data/torso1.mtx,50,128,0,1.058141708,1.058074474,50991,13278,101982
../data/torso1.mtx,50,128,1,1.316150665,1.316086054,50991,13278,101982
../data/torso1.mtx,50,128,2,1.583117247,1.583053827,50991,13278,101982
../data/torso1.mtx,50,128,3,1.321143627,1.321079493,50991,13278,101982
../data/torso1.mtx,50,128,4,1.318146706,1.318079233,50991,13278,101982
../data/torso1.mtx,50,128,5,1.319144011,1.319078207,50991,13278,101982
../data/torso1.mtx,50,128,6,1.321143866,1.321077347,50991,13278,101982
../data/torso1.mtx,50,128,7,1.272146702,1.272080183,50991,13278,101982
../data/torso1.mtx,50,128,8,1.319147348,1.319079876,50991,13278,101982
../data/torso1.mtx,50,128,9,1.319120407,1.319054365,50991,13278,101982
../data/torso1.mtx,51,128,0,0.792137623,0.792071104,50991,13278,101982
../data/torso1.mtx,51,128,1,1.052141666,1.052080154,50991,13278,101982
../data/torso1.mtx,51,128,2,1.319121361,1.319057703,50991,13278,101982
../data/torso1.mtx,51,128,3,1.316107988,1.316046238,50991,13278,101982
../data/torso1.mtx,51,128,4,1.052348852,1.052103758,50991,13278,101982
../data/torso1.mtx,51,128,5,1.055151224,1.055084705,50991,13278,101982
../data/torso1.mtx,51,128,6,1.055161476,1.055093050,50991,13278,101982
../data/torso1.mtx,51,128,7,1.052167177,1.052098513,50991,13278,101982
../data/torso1.mtx,51,128,8,1.055148125,1.055081844,50991,13278,101982
../data/torso1.mtx,51,128,9,1.055135250,1.055068493,50991,13278,101982
../data/torso1.mtx,52,128,0,1.310128689,1.310060501,50991,13278,101982
../data/torso1.mtx,52,128,1,1.580136061,1.580070019,50991,13278,101982
../data/torso1.mtx,52,128,2,1.583133459,1.583066225,50991,13278,101982
../data/torso1.mtx,52,128,3,1.585110903,1.585046768,50991,13278,101982
../data/torso1.mtx,52,128,4,1.316146612,1.316079617,50991,13278,101982
../data/torso1.mtx,52,128,5,1.319146156,1.319080830,50991,13278,101982
../data/torso1.mtx,52,128,6,1.332143068,1.332075357,50991,13278,101982
../data/torso1.mtx,52,128,7,1.327155590,1.327087402,50991,13278,101982
../data/torso1.mtx,52,128,8,1.319148302,1.319080114,50991,13278,101982
../data/torso1.mtx,52,128,9,1.319123983,1.319056749,50991,13278,101982
../data/torso1.mtx,53,128,0,1.058130980,1.058064699,50991,13278,101982
../data/torso1.mtx,53,128,1,1.316096067,1.316034555,50991,13278,101982
../data/torso1.mtx,53,128,2,1.572111130,1.572048187,50991,13278,101982
../data/torso1.mtx,53,128,3,1.321135759,1.321073055,50991,13278,101982
../data/torso1.mtx,53,128,4,1.274138212,1.274077892,50991,13278,101982
../data/torso1.mtx,53,128,5,1.319136381,1.319071293,50991,13278,101982
../data/torso1.mtx,53,128,6,1.321139336,1.321073294,50991,13278,101982
../data/torso1.mtx,53,128,7,1.327146769,1.327080250,50991,13278,101982
../data/torso1.mtx,53,128,8,1.319140673,1.319076538,50991,13278,101982
../data/torso1.mtx,53,128,9,1.330123186,1.330057144,50991,13278,101982
../data/torso1.mtx,54,128,0,1.058148384,1.058081388,50991,13278,101982
../data/torso1.mtx,54,128,1,1.558112621,1.558050632,50991,13278,101982
../data/torso1.mtx,54,128,2,1.319130182,1.319067717,50991,13278,101982
../data/torso1.mtx,54,128,3,1.316119671,1.316054821,50991,13278,101982
../data/torso1.mtx,54,128,4,1.070421934,1.070353270,50991,13278,101982
../data/torso1.mtx,54,128,5,1.055154800,1.055076599,50991,13278,101982
../data/torso1.mtx,54,128,6,1.055153131,1.055085897,50991,13278,101982
../data/torso1.mtx,54,128,7,1.052145958,1.052079439,50991,13278,101982
../data/torso1.mtx,54,128,8,1.055145741,1.055079937,50991,13278,101982
../data/torso1.mtx,54,128,9,1.055131674,1.055065393,50991,13278,101982
../data/torso1.mtx,55,128,0,1.055103302,1.055037260,50991,13278,101982
../data/torso1.mtx,55,128,1,1.316113472,1.316048384,50991,13278,101982
../data/torso1.mtx,55,128,2,1.055133343,1.055071115,50991,13278,101982
../data/torso1.mtx,55,128,3,1.052126169,1.052063465,50991,13278,101982
../data/torso1.mtx,55,128,4,1.066310883,1.066061497,50991,13278,101982
../data/torso1.mtx,55,128,5,1.055140734,1.055075645,50991,13278,101982
../data/torso1.mtx,55,128,6,1.055140018,1.055073977,50991,13278,101982
../data/torso1.mtx,55,128,7,1.052144289,1.052076578,50991,13278,101982
../data/torso1.mtx,55,128,8,1.066134691,1.066070318,50991,13278,101982
../data/torso1.mtx,55,128,9,1.055122614,1.055054903,50991,13278,101982
../data/torso1.mtx,56,128,0,1.321099043,1.321033478,50991,13278,101982
../data/torso1.mtx,56,128,1,1.591131687,1.591068745,50991,13278,101982
../data/torso1.mtx,56,128,2,1.560128927,1.560067892,50991,13278,101982
../data/torso1.mtx,56,128,3,1.585120916,1.585058928,50991,13278,101982
../data/torso1.mtx,56,128,4,1.582321167,1.582086086,50991,13278,101982
../data/torso1.mtx,56,128,5,1.583132505,1.583065510,50991,13278,101982
../data/torso1.mtx,56,128,6,1.574128389,1.574060917,50991,13278,101982
../data/torso1.mtx,56,128,7,1.580133915,1.580066442,50991,13278,101982
../data/torso1.mtx,56,128,8,1.583136797,1.583069563,50991,13278,101982
../data/torso1.mtx,56,128,9,1.332234144,1.332161188,50991,13278,101982
../data/torso1.mtx,57,128,0,1.058124542,1.058057785,50991,13278,101982
../data/torso1.mtx,57,128,1,1.327131033,1.327067375,50991,13278,101982
../data/torso1.mtx,57,128,2,1.319141388,1.319077492,50991,13278,101982
../data/torso1.mtx,57,128,3,1.327151299,1.327085733,50991,13278,101982
../data/torso1.mtx,57,128,4,1.318329334,1.318081617,50991,13278,101982
../data/torso1.mtx,57,128,5,1.319130421,1.319065094,50991,13278,101982
../data/torso1.mtx,57,128,6,1.574119806,1.574051857,50991,13278,101982
../data/torso1.mtx,57,128,7,1.580132484,1.580066681,50991,13278,101982
../data/torso1.mtx,57,128,8,1.583101988,1.583034515,50991,13278,101982
../data/torso1.mtx,57,128,9,1.321254492,1.321188450,50991,13278,101982
../data/torso1.mtx,58,128,0,1.310118437,1.310050964,50991,13278,101982
../data/torso1.mtx,58,128,1,1.580104351,1.580042601,50991,13278,101982
../data/torso1.mtx,58,128,2,1.583123446,1.583060265,50991,13278,101982
../data/torso1.mtx,58,128,3,1.585119724,1.585057020,50991,13278,101982
../data/torso1.mtx,58,128,4,1.593108177,1.593042612,50991,13278,101982
../data/torso1.mtx,58,128,5,1.328419447,1.328348875,50991,13278,101982
../data/torso1.mtx,58,128,6,1.321142435,1.321077347,50991,13278,101982
../data/torso1.mtx,58,128,7,1.316150188,1.316083193,50991,13278,101982
../data/torso1.mtx,58,128,8,1.319146395,1.319080591,50991,13278,101982
../data/torso1.mtx,58,128,9,1.319134951,1.319068193,50991,13278,101982
../data/torso1.mtx,59,128,0,1.310117960,1.310051680,50991,13280,101982
../data/torso1.mtx,59,128,1,1.580127001,1.580061197,50991,13280,101982
../data/torso1.mtx,59,128,2,1.583137751,1.583075047,50991,13280,101982
../data/torso1.mtx,59,128,3,1.327129602,1.327067375,50991,13280,101982
../data/torso1.mtx,59,128,4,1.318117857,1.318054438,50991,13280,101982
../data/torso1.mtx,59,128,5,1.319157600,1.319089413,50991,13280,101982
../data/torso1.mtx,59,128,6,1.319058895,1.318989992,50991,13280,101982
../data/torso1.mtx,59,128,7,1.316127062,1.316060066,50991,13280,101982
../data/torso1.mtx,59,128,8,1.061464071,1.061389685,50991,13280,101982
../data/torso1.mtx,59,128,9,1.319146395,1.319079638,50991,13280,101982
../data/torso1.mtx,60,128,0,1.057124615,1.057058811,50991,13282,101982
../data/torso1.mtx,60,128,1,1.327145815,1.327080250,50991,13282,101982
../data/torso1.mtx,60,128,2,1.319130182,1.319067955,50991,13282,101982
../data/torso1.mtx,60,128,3,1.585119724,1.585057974,50991,13282,101982
../data/torso1.mtx,60,128,4,1.582126617,1.582060099,50991,13282,101982
../data/torso1.mtx,60,128,5,1.583122969,1.583055019,50991,13282,101982
../data/torso1.mtx,60,128,6,1.585122824,1.585055113,50991,13282,101982
../data/torso1.mtx,60,128,7,1.582113504,1.582046032,50991,13282,101982
../data/torso1.mtx,60,128,8,1.583131790,1.583063602,50991,13282,101982
../data/torso1.mtx,60,128,9,1.321246624,1.321177483,50991,13282,101982
../data/torso1.mtx,61,128,0,1.057115555,1.057047606,50991,13286,101982
../data/torso1.mtx,61,128,1,1.316128731,1.316061974,50991,13286,101982
../data/torso1.mtx,61,128,2,1.319130898,1.319069147,50991,13286,101982
../data/torso1.mtx,61,128,3,1.585112810,1.585049391,50991,13286,101982
../data/torso1.mtx,61,128,4,1.593107939,1.593044758,50991,13286,101982
../data/torso1.mtx,61,128,5,1.572114229,1.572047710,50991,13286,101982
../data/torso1.mtx,61,128,6,1.585119963,1.585053921,50991,13286,101982
../data/torso1.mtx,61,128,7,1.549131155,1.549062729,50991,13286,101982
../data/torso1.mtx,61,128,8,1.319123507,1.319055557,50991,13286,101982
../data/torso1.mtx,61,128,9,1.319085121,1.319018364,50991,13286,101982
../data/torso1.mtx,62,128,0,0.792136431,0.792077780,45433,13285,90866
../data/torso1.mtx,62,128,1,1.055455685,1.055395365,45433,13285,90866
../data/torso1.mtx,62,128,2,1.319104671,1.319047928,45433,13285,90866
../data/torso1.mtx,62,128,3,1.585093737,1.585038662,45433,13285,90866
../data/torso1.mtx,62,128,4,1.316298008,1.316079378,45433,13285,90866
../data/torso1.mtx,62,128,5,1.319130421,1.319071054,45433,13285,90866
../data/torso1.mtx,62,128,6,1.321132183,1.321072817,45433,13285,90866
../data/torso1.mtx,62,128,7,1.327128172,1.327068090,45433,13285,90866
../data/torso1.mtx,62,128,8,1.319121599,1.319061756,45433,13285,90866
../data/torso1.mtx,62,128,9,1.308081388,1.308018446,45433,13285,90866
../data/torso1.mtx,63,128,0,0.792052507,0.791992188,45437,13273,90874
../data/torso1.mtx,63,128,1,1.052122831,1.052065849,45437,13273,90874
../data/torso1.mtx,63,128,2,1.319123268,1.319063902,45437,13273,90874
../data/torso1.mtx,63,128,3,1.330443621,1.330382109,45437,13273,90874
../data/torso1.mtx,63,128,4,1.316127062,1.316068172,45437,13273,90874
../data/torso1.mtx,63,128,5,1.319130659,1.319070578,45437,13273,90874
../data/torso1.mtx,63,128,6,1.376114130,1.376052141,45437,13273,90874
../data/torso1.mtx,63,128,7,1.307121754,1.307060957,45437,13273,90874
../data/torso1.mtx,63,128,8,1.319115877,1.319054365,45437,13273,90874
../data/torso1.mtx,63,128,9,1.319079876,1.319018364,45437,13273,90874
../data/torso1.mtx,64,128,0,1.124426603,1.124360085,49654,13273,99308
../data/torso1.mtx,64,128,1,1.591136932,1.591072083,49654,13273,99308
../data/torso1.mtx,64,128,2,1.583122253,1.583060026,49654,13273,99308
../data/torso1.mtx,64,128,3,1.585119247,1.585056305,49654,13273,99308
../data/torso1.mtx,64,128,4,1.516112804,1.516049147,49654,13273,99308
../data/torso1.mtx,64,128,5,1.594108820,1.594041586,49654,13273,99308
../data/torso1.mtx,64,128,6,1.329406500,1.329338551,49654,13273,99308
../data/torso1.mtx,64,128,7,1.571119070,1.571052074,49654,13273,99308
../data/torso1.mtx,64,128,8,1.583122730,1.583057642,49654,13273,99308
../data/torso1.mtx,64,128,9,1.387127876,1.387062311,49654,13273,99308
../data/torso1.mtx,65,128,0,1.058133125,1.058062077,53871,13262,107742
../data/torso1.mtx,65,128,1,1.316133738,1.316063881,53871,13262,107742
../data/torso1.mtx,65,128,2,1.330524206,1.330454111,53871,13262,107742
../data/torso1.mtx,65,128,3,1.431121111,1.431051254,53871,13262,107742
../data/torso1.mtx,65,128,4,1.329097986,1.329027653,53871,13262,107742
../data/torso1.mtx,65,128,5,1.319308281,1.319236755,53871,13262,107742
../data/torso1.mtx,65,128,6,1.321136713,1.321066856,53871,13262,107742
../data/torso1.mtx,65,128,7,1.316144466,1.316071510,53871,13262,107742
../data/torso1.mtx,65,128,8,1.319295168,1.319223642,53871,13262,107742
../data/torso1.mtx,65,128,9,1.319287777,1.319217443,53871,13262,107742
../data/torso1.mtx,66,128,0,1.058151960,1.058070421,60379,13239,120758
../data/torso1.mtx,66,128,1,1.316161156,1.316083431,60379,13239,120758
../data/torso1.mtx,66,128,2,1.583120584,1.583045244,60379,13239,120758
../data/torso1.mtx,66,128,3,1.321129084,1.321056843,60379,13239,120758
../data/torso1.mtx,66,128,4,1.318144798,1.318070889,60379,13239,120758
../data/torso1.mtx,66,128,5,1.319159508,1.319082737,60379,13239,120758
../data/torso1.mtx,66,128,6,1.321140528,1.321062565,60379,13239,120758
../data/torso1.mtx,66,128,7,1.327142954,1.327062130,60379,13239,120758
../data/torso1.mtx,66,128,8,1.319140673,1.319061756,60379,13239,120758
../data/torso1.mtx,66,128,9,1.319118261,1.319038630,60379,13239,120758
../data/torso1.mtx,67,128,0,1.057132483,1.057051659,62305,13255,124610
../data/torso1.mtx,67,128,1,1.327132225,1.327052355,62305,13255,124610
../data/torso1.mtx,67,128,2,1.319131374,1.319055557,62305,13255,124610
../data/torso1.mtx,67,128,3,1.327133417,1.327057838,62305,13255,124610
../data/torso1.mtx,67,128,4,1.318134069,1.318054438,62305,13255,124610
../data/torso1.mtx,67,128,5,1.319149733,1.319069624,62305,13255,124610
../data/torso1.mtx,67,128,6,1.319128275,1.319048882,62305,13255,124610
../data/torso1.mtx,67,128,7,1.318146706,1.318065166,62305,13255,124610
../data/torso1.mtx,67,128,8,1.319133997,1.319049358,62305,13255,124610
../data/torso1.mtx,67,128,9,1.319106817,1.319025517,62305,13255,124610
../data/torso1.mtx,68,128,0,1.310129642,1.310044527,66523,13256,133046
../data/torso1.mtx,68,128,1,1.316148758,1.316063166,66523,13256,133046
../data/torso1.mtx,68,128,2,1.319129229,1.319049835,66523,13256,133046
../data/torso1.mtx,68,128,3,1.327141285,1.327059507,66523,13256,133046
../data/torso1.mtx,68,128,4,1.329374790,1.329073191,66523,13256,133046
../data/torso1.mtx,68,128,5,1.583109140,1.583022833,66523,13256,133046
../data/torso1.mtx,68,128,6,1.321148872,1.321060181,66523,13256,133046
../data/torso1.mtx,68,128,7,1.316145658,1.316059828,66523,13256,133046
../data/torso1.mtx,68,128,8,1.319298267,1.319213152,66523,13256,133046
../data/torso1.mtx,68,128,9,1.319302797,1.319215536,66523,13256,133046
../data/torso1.mtx,69,128,0,1.058151484,1.058057308,73026,13255,146052
../data/torso1.mtx,69,128,1,1.316154718,1.316061497,73026,13255,146052
../data/torso1.mtx,69,128,2,1.319130659,1.319041491,73026,13255,146052
../data/torso1.mtx,69,128,3,1.316118956,1.316020012,73026,13255,146052
../data/torso1.mtx,69,128,4,1.052179337,1.052082539,73026,13255,146052
../data/torso1.mtx,69,128,5,1.319178343,1.319082260,73026,13255,146052
../data/torso1.mtx,69,128,6,1.299157143,1.299059153,73026,13255,146052
../data/torso1.mtx,69,128,7,1.316154480,1.316058636,73026,13255,146052
../data/torso1.mtx,69,128,8,1.330166101,1.330070496,73026,13255,146052
../data/torso1.mtx,69,128,9,1.319321156,1.319225073,73026,13255,146052
../data/torso1.mtx,70,128,0,1.058168650,1.058056116,86792,13245,173584
../data/torso1.mtx,70,128,1,1.063164234,1.063058376,86792,13245,173584
../data/torso1.mtx,70,128,2,1.319164991,1.319059372,86792,13245,173584
../data/torso1.mtx,70,128,3,1.316124201,1.316018105,86792,13245,173584
../data/torso1.mtx,70,128,4,1.052173853,1.052061558,86792,13245,173584
../data/torso1.mtx,70,128,5,1.319167376,1.319060326,86792,13245,173584
../data/torso1.mtx,70,128,6,1.332178593,1.332067013,86792,13245,173584
../data/torso1.mtx,70,128,7,1.316175699,1.316065788,86792,13245,173584
../data/torso1.mtx,70,128,8,1.297333717,1.297222137,86792,13245,173584
../data/torso1.mtx,70,128,9,1.583132982,1.583021879,86792,13245,173584
../data/torso1.mtx,71,128,0,1.057146788,1.057037354,84497,13241,168994
../data/torso1.mtx,71,128,1,1.008147955,1.008041382,84497,13241,168994
../data/torso1.mtx,71,128,2,1.055155993,1.055052996,84497,13241,168994
../data/torso1.mtx,71,128,3,1.052116156,1.052014351,84497,13241,168994
../data/torso1.mtx,71,128,4,1.055393934,1.055013657,84497,13241,168994
../data/torso1.mtx,71,128,5,1.319163322,1.319055080,84497,13241,168994
../data/torso1.mtx,71,128,6,1.319165707,1.319054842,84497,13241,168994
../data/torso1.mtx,71,128,7,1.316157579,1.316049337,84497,13241,168994
../data/torso1.mtx,71,128,8,1.319171429,1.319063663,84497,13241,168994
../data/torso1.mtx,71,128,9,1.308128357,1.308021069,84497,13241,168994
../data/torso1.mtx,72,128,0,1.643088102,1.642972231,82202,13242,164404
../data/torso1.mtx,72,128,1,1.450190783,1.450092554,82202,13242,164404
../data/torso1.mtx,72,128,2,1.637166739,1.637049675,82202,13242,164404
../data/torso1.mtx,72,128,3,1.611172676,1.611041546,82202,13242,164404
../data/torso1.mtx,72,128,4,1.526133537,1.526021719,82202,13242,164404
../data/torso1.mtx,72,128,5,1.447233915,1.447127104,82202,13242,164404
../data/torso1.mtx,72,128,6,1.509145737,1.509041548,82202,13242,164404
../data/torso1.mtx,72,128,7,1.364146471,1.364038467,82202,13242,164404
../data/torso1.mtx,72,128,8,1.505154848,1.505048275,82202,13242,164404
../data/torso1.mtx,72,128,9,1.883146048,1.883038044,82202,13242,164404
../data/torso1.mtx,73,128,0,1.498204947,1.498077154,82202,13250,164404
../data/torso1.mtx,73,128,1,1.380174875,1.380070448,82202,13250,164404
../data/torso1.mtx,73,128,2,1.679160595,1.679049730,82202,13250,164404
../data/torso1.mtx,73,128,3,1.430178642,1.430070400,82202,13250,164404
../data/torso1.mtx,73,128,4,1.515144587,1.515031338,82202,13250,164404
../data/torso1.mtx,73,128,5,1.424335003,1.423945904,82202,13250,164404
../data/torso1.mtx,73,128,6,1.424185514,1.424077749,82202,13250,164404
../data/torso1.mtx,73,128,7,1.362206459,1.362101316,82202,13250,164404
../data/torso1.mtx,73,128,8,1.335222006,1.335112333,82202,13250,164404
../data/torso1.mtx,73,128,9,1.672213793,1.672106266,82202,13250,164404
../data/torso1.mtx,74,128,0,1.699163437,1.699056864,82202,13255,164404
../data/torso1.mtx,74,128,1,1.373150587,1.373041391,82202,13255,164404
../data/torso1.mtx,74,128,2,1.495159626,1.495052576,82202,13255,164404
../data/torso1.mtx,74,128,3,1.583199501,1.583093405,82202,13255,164404
../data/torso1.mtx,74,128,4,1.529154539,1.529044867,82202,13255,164404
../data/torso1.mtx,74,128,5,1.368489742,1.368109226,82202,13255,164404
../data/torso1.mtx,74,128,6,1.502192736,1.502087593,82202,13255,164404
../data/torso1.mtx,74,128,7,1.422263145,1.422157288,82202,13255,164404
../data/torso1.mtx,74,128,8,1.557209730,1.557096720,82202,13255,164404
../data/torso1.mtx,74,128,9,1.796151876,1.796038389,82202,13255,164404
../data/torso1.mtx,75,128,0,1.703078032,1.702980042,82202,13255,164404
../data/torso1.mtx,75,128,1,1.194159031,1.194048405,82202,13255,164404
../data/torso1.mtx,75,128,2,1.516206026,1.516097784,82202,13255,164404
../data/torso1.mtx,75,128,3,1.548214197,1.548113108,82202,13255,164404
../data/torso1.mtx,75,128,4,1.442186594,1.442073584,82202,13255,164404
../data/torso1.mtx,75,128,5,1.271208286,1.271089077,82202,13255,164404
../data/torso1.mtx,75,128,6,1.354174614,1.354067326,82202,13255,164404
../data/torso1.mtx,75,128,7,1.225048304,1.224921703,82202,13255,164404
../data/torso1.mtx,75,128,8,1.328161955,1.328054905,82202,13255,164404
../data/torso1.mtx,75,128,9,1.455226898,1.455121756,82202,13255,164404
../data/torso1.mtx,76,128,0,1.491128683,1.491024733,82202,13255,164404
../data/torso1.mtx,76,128,1,1.317207098,1.317100048,82202,13255,164404
../data/torso1.mtx,76,128,2,1.609211922,1.609104156,82202,13255,164404
../data/torso1.mtx,76,128,3,1.632178545,1.632073402,82202,13255,164404
../data/torso1.mtx,76,128,4,1.445226669,1.445120096,82202,13255,164404
../data/torso1.mtx,76,128,5,1.370132685,1.370021820,82202,13255,164404
../data/torso1.mtx,76,128,6,1.358013868,1.357896566,82202,13255,164404
../data/torso1.mtx,76,128,7,1.290160656,1.290052414,82202,13255,164404
../data/torso1.mtx,76,128,8,1.475129128,1.475023270,82202,13255,164404
../data/torso1.mtx,76,128,9,1.883193016,1.883080721,82202,13255,164404
../data/torso1.mtx,77,128,0,1.627096415,1.626997948,82202,13255,164404
../data/torso1.mtx,77,128,1,1.229243279,1.229136705,82202,13255,164404
../data/torso1.mtx,77,128,2,1.493169546,1.493062735,82202,13255,164404
../data/torso1.mtx,77,128,3,1.569181442,1.569077730,82202,13255,164404
../data/torso1.mtx,77,128,4,1.403236151,1.403121233,82202,13255,164404
../data/torso1.mtx,77,128,5,1.178199530,1.178083181,82202,13255,164404
../data/torso1.mtx,77,128,6,1.348133326,1.348021507,82202,13255,164404
../data/torso1.mtx,77,128,7,1.023200989,1.023094416,82202,13255,164404
../data/torso1.mtx,77,128,8,1.335155249,1.335049391,82202,13255,164404
../data/torso1.mtx,77,128,9,1.802191496,1.802081347,82202,13255,164404
../data/torso1.mtx,78,128,0,1.564184904,1.564077139,82202,13255,164404
../data/torso1.mtx,78,128,1,1.262030840,1.261895895,82202,13255,164404
../data/torso1.mtx,78,128,2,1.510005236,1.509885311,82202,13255,164404
../data/torso1.mtx,78,128,3,1.500170946,1.500060558,82202,13255,164404
../data/torso1.mtx,78,128,4,1.452234507,1.452131033,82202,13255,164404
../data/torso1.mtx,78,128,5,1.227212906,1.227106094,82202,13255,164404
../data/torso1.mtx,78,128,6,1.343112469,1.343006372,82202,13255,164404
../data/torso1.mtx,78,128,7,1.129167318,1.129058838,82202,13255,164404
../data/torso1.mtx,78,128,8,1.415147781,1.415041685,82202,13255,164404
../data/torso1.mtx,78,128,9,1.800145864,1.800040007,82202,13255,164404
../data/torso1.mtx,79,128,0,1.419132948,1.419034481,82202,13255,164404
../data/torso1.mtx,79,128,1,1.289112329,1.289005280,82202,13255,164404
../data/torso1.mtx,79,128,2,1.518157005,1.518049479,82202,13255,164404
../data/torso1.mtx,79,128,3,1.375015497,1.374898672,82202,13255,164404
../data/torso1.mtx,79,128,4,1.368240118,1.368132830,82202,13255,164404
../data/torso1.mtx,79,128,5,1.176468611,1.176097870,82202,13255,164404
../data/torso1.mtx,79,128,6,1.210237265,1.210133314,82202,13255,164404
../data/torso1.mtx,79,128,7,0.939170361,0.939062834,82202,13255,164404
../data/torso1.mtx,79,128,8,1.471199989,1.471074820,82202,13255,164404
../data/torso1.mtx,79,128,9,1.658131361,1.658023119,82202,13255,164404
../data/torso1.mtx,80,128,0,1.498173952,1.498065948,82202,13255,164404
../data/torso1.mtx,80,128,1,1.373187542,1.373081446,82202,13255,164404
../data/torso1.mtx,80,128,2,1.616180897,1.616062164,82202,13255,164404
../data/torso1.mtx,80,128,3,1.514196396,1.514082909,82202,13255,164404
../data/torso1.mtx,80,128,4,1.417242289,1.417132378,82202,13255,164404
../data/torso1.mtx,80,128,5,1.435187578,1.435075521,82202,13255,164404
../data/torso1.mtx,80,128,6,1.485126495,1.485011101,82202,13255,164404
../data/torso1.mtx,80,128,7,1.423168421,1.423062801,82202,13255,164404
../data/torso1.mtx,80,128,8,1.536097765,1.535990238,82202,13255,164404
../data/torso1.mtx,80,128,9,1.840167046,1.840057373,82202,13255,164404
../data/torso1.mtx,81,128,0,1.564137697,1.564037085,82202,13255,164404
../data/torso1.mtx,81,128,1,1.366190195,1.366086006,82202,13255,164404
../data/torso1.mtx,81,128,2,1.549158812,1.549052238,82202,13255,164404
../data/torso1.mtx,81,128,3,1.603180885,1.603072405,82202,13255,164404
../data/torso1.mtx,81,128,4,1.368122816,1.368016720,82202,13255,164404
../data/torso1.mtx,81,128,5,1.290261269,1.290160418,82202,13255,164404
../data/torso1.mtx,81,128,6,1.348191023,1.348077536,82202,13255,164404
../data/torso1.mtx,81,128,7,1.247183561,1.247077703,82202,13255,164404
../data/torso1.mtx,81,128,8,1.328174114,1.328067303,82202,13255,164404
../data/torso1.mtx,81,128,9,1.711181164,1.711074829,82202,13255,164404
../data/torso1.mtx,82,128,0,1.564167738,1.564064503,82202,13255,164404
../data/torso1.mtx,82,128,1,1.148215055,1.148109436,82202,13255,164404
../data/torso1.mtx,82,128,2,1.549159288,1.549052000,82202,13255,164404
../data/torso1.mtx,82,128,3,1.451212883,1.451097965,82202,13255,164404
../data/torso1.mtx,82,128,4,1.294142246,1.294031143,82202,13255,164404
../data/torso1.mtx,82,128,5,1.353481531,1.353108883,82202,13255,164404
../data/torso1.mtx,82,128,6,1.294176817,1.294069290,82202,13255,164404
../data/torso1.mtx,82,128,7,1.138190746,1.138083935,82202,13255,164404
../data/torso1.mtx,82,128,8,1.342145443,1.342037678,82202,13255,164404
../data/torso1.mtx,82,128,9,1.788164139,1.788056612,82202,13255,164404
../data/torso1.mtx,83,128,0,1.342157841,1.342050314,82202,13255,164404
../data/torso1.mtx,83,128,1,0.987188578,0.987078667,82202,13255,164404
../data/torso1.mtx,83,128,2,1.482226372,1.482118607,82202,13255,164404
../data/torso1.mtx,83,128,3,1.332218885,1.332083941,82202,13255,164404
../data/torso1.mtx,83,128,4,1.294198751,1.294091702,82202,13255,164404
../data/torso1.mtx,83,128,5,1.291499376,1.291114807,82202,13255,164404
../data/torso1.mtx,83,128,6,1.291218042,1.291110039,82202,13255,164404
../data/torso1.mtx,83,128,7,1.205160618,1.205053568,82202,13255,164404
../data/torso1.mtx,83,128,8,1.358161688,1.358054399,82202,13255,164404
../data/torso1.mtx,83,128,9,1.504167795,1.504062653,82202,13255,164404
../data/torso1.mtx,84,128,0,1.632220745,1.632071257,82202,13255,164404
../data/torso1.mtx,84,128,1,1.254192829,1.254085064,82202,13255,164404
../data/torso1.mtx,84,128,2,1.521139860,1.521034956,82202,13255,164404
../data/torso1.mtx,84,128,3,1.465220928,1.465108871,82202,13255,164404
../data/torso1.mtx,84,128,4,1.382136106,1.382030010,82202,13255,164404
../data/torso1.mtx,84,128,5,1.277188778,1.277081966,82202,13255,164404
../data/torso1.mtx,84,128,6,1.354212046,1.354105473,82202,13255,164404
../data/torso1.mtx,84,128,7,1.368171692,1.368052483,82202,13255,164404
../data/torso1.mtx,84,128,8,1.342214584,1.342106342,82202,13255,164404
../data/torso1.mtx,84,128,9,1.640948296,1.640835047,82202,13255,164404
../data/torso1.mtx,85,128,0,1.333213329,1.333108902,82202,13255,164404
../data/torso1.mtx,85,128,1,1.268178225,1.268071651,82202,13255,164404
../data/torso1.mtx,85,128,2,1.465212822,1.465104342,82202,13255,164404
../data/torso1.mtx,85,128,3,1.360226631,1.360097647,82202,13255,164404
../data/torso1.mtx,85,128,4,1.287163496,1.287057161,82202,13255,164404
../data/torso1.mtx,85,128,5,1.143484831,1.143086433,82202,13255,164404
../data/torso1.mtx,85,128,6,1.457175732,1.457071781,82202,13255,164404
../data/torso1.mtx,85,128,7,1.170136452,1.170028448,82202,13255,164404
../data/torso1.mtx,85,128,8,1.387190819,1.387069702,82202,13255,164404
../data/torso1.mtx,85,128,9,1.518187284,1.518072844,82202,13255,164404
../data/torso1.mtx,86,128,0,1.541086912,1.540987492,82202,13255,164404
../data/torso1.mtx,86,128,1,1.187208176,1.187101126,82202,13255,164404
../data/torso1.mtx,86,128,2,1.324196339,1.324089289,82202,13255,164404
../data/torso1.mtx,86,128,3,1.273223400,1.273119211,82202,13255,164404
../data/torso1.mtx,86,128,4,1.277170181,1.277065516,82202,13255,164404
../data/torso1.mtx,86,128,5,1.274181366,1.274058104,82202,13255,164404
../data/torso1.mtx,86,128,6,1.265228987,1.265114546,82202,13255,164404
../data/torso1.mtx,86,128,7,1.266147614,1.266032934,82202,13255,164404
../data/torso1.mtx,86,128,8,1.168168545,1.168063879,82202,13255,164404
../data/torso1.mtx,86,128,9,1.690120220,1.690007925,82202,13255,164404
../data/torso1.mtx,87,128,0,1.565016031,1.355848312,82202,13255,164404
../data/torso1.mtx,87,128,1,1.040154934,1.040047169,82202,13255,164404
../data/torso1.mtx,87,128,2,1.282168627,1.282064915,82202,13255,164404
../data/torso1.mtx,87,128,3,1.196214437,1.196088552,82202,13255,164404
../data/torso1.mtx,87,128,4,1.175982714,1.175857544,82202,13255,164404
../data/torso1.mtx,87,128,5,1.030186653,1.030084133,82202,13255,164404
../data/torso1.mtx,87,128,6,1.336151361,1.336046696,82202,13255,164404
../data/torso1.mtx,87,128,7,1.130203485,1.130096197,82202,13255,164404
../data/torso1.mtx,87,128,8,1.220052242,1.029870272,82202,13255,164404
../data/torso1.mtx,87,128,9,1.616216421,1.616111517,82202,13255,164404
../data/torso1.mtx,88,128,0,1.526126146,1.526026487,82202,13255,164404
../data/torso1.mtx,88,128,1,1.322229624,1.322124720,82202,13255,164404
../data/torso1.mtx,88,128,2,1.546155930,1.546046734,82202,13255,164404
../data/torso1.mtx,88,128,3,1.437205553,1.437097549,82202,13255,164404
../data/torso1.mtx,88,128,4,1.368139982,1.368033886,82202,13255,164404
../data/torso1.mtx,88,128,5,1.446223974,1.446119308,82202,13255,164404
../data/torso1.mtx,88,128,6,1.513137817,1.513033390,82202,13255,164404
../data/torso1.mtx,88,128,7,1.386198044,1.386083841,82202,13255,164404
../data/torso1.mtx,88,128,8,1.344191313,1.344085455,82202,13255,164404
../data/torso1.mtx,88,128,9,1.915185452,1.915069342,82202,13255,164404
../data/torso1.mtx,89,128,0,1.326210260,1.326101542,82202,13255,164404
../data/torso1.mtx,89,128,1,1.373179197,1.373062372,82202,13255,164404
../data/torso1.mtx,89,128,2,1.428195477,1.428079605,82202,13255,164404
../data/torso1.mtx,89,128,3,1.290127993,1.290026903,82202,13255,164404
../data/torso1.mtx,89,128,4,1.361171722,1.361067533,82202,13255,164404
../data/torso1.mtx,89,128,5,1.404151917,1.404032469,82202,13255,164404
../data/torso1.mtx,89,128,6,1.343140364,1.343037128,82202,13255,164404
../data/torso1.mtx,89,128,7,1.204138994,1.204025745,82202,13255,164404
../data/torso1.mtx,89,128,8,1.367130280,1.367025137,82202,13255,164404
../data/torso1.mtx,89,128,9,1.831135750,1.831029892,82202,13255,164404
../data/torso1.mtx,90,128,0,1.545127630,1.545028210,82202,13255,164404
../data/torso1.mtx,90,128,1,1.387164116,1.387056589,82202,13255,164404
../data/torso1.mtx,90,128,2,1.458175898,1.458066225,82202,13255,164404
../data/torso1.mtx,90,128,3,1.297147751,1.297038317,82202,13255,164404
../data/torso1.mtx,90,128,4,1.347147465,1.347044706,82202,13255,164404
../data/torso1.mtx,90,128,5,1.273494482,1.273121119,82202,13255,164404
../data/torso1.mtx,90,128,6,1.343145370,1.343039989,82202,13255,164404
../data/torso1.mtx,90,128,7,1.219150305,1.219040632,82202,13255,164404
../data/torso1.mtx,90,128,8,1.191206217,1.191099644,82202,13255,164404
../data/torso1.mtx,90,128,9,1.644172192,1.644065857,82202,13255,164404
../data/torso1.mtx,91,128,0,1.397170782,1.397063255,82202,13255,164404
../data/torso1.mtx,91,128,1,1.155217171,1.155108929,82202,13255,164404
../data/torso1.mtx,91,128,2,1.245193720,1.245082617,82202,13255,164404
../data/torso1.mtx,91,128,3,1.206169128,1.206042767,82202,13255,164404
../data/torso1.mtx,91,128,4,1.189147234,1.189029694,82202,13255,164404
../data/torso1.mtx,91,128,5,1.284205914,1.284088373,82202,13255,164404
../data/torso1.mtx,91,128,6,1.175173998,1.175064802,82202,13255,164404
../data/torso1.mtx,91,128,7,1.086173534,1.086064816,82202,13255,164404
../data/torso1.mtx,91,128,8,1.158119440,1.158013821,82202,13255,164404
../data/torso1.mtx,91,128,9,1.676179171,1.676071167,82202,13255,164404
../data/torso1.mtx,92,128,0,1.455132484,1.455025434,82202,13255,164404
../data/torso1.mtx,92,128,1,1.299186468,1.299078703,82202,13255,164404
../data/torso1.mtx,92,128,2,1.497222900,1.497123957,82202,13255,164404
../data/torso1.mtx,92,128,3,1.451161623,1.451048374,82202,13255,164404
../data/torso1.mtx,92,128,4,1.329209566,1.329103470,82202,13255,164404
../data/torso1.mtx,92,128,5,1.281160116,1.281033993,82202,13255,164404
../data/torso1.mtx,92,128,6,1.446216106,1.446110249,82202,13255,164404
../data/torso1.mtx,92,128,7,1.188162804,1.188048601,82202,13255,164404
../data/torso1.mtx,92,128,8,1.413132668,1.413019419,82202,13255,164404
../data/torso1.mtx,92,128,9,1.746220112,1.746112585,82202,13255,164404
../data/torso1.mtx,93,128,0,1.292163134,1.292048693,82202,13255,164404
../data/torso1.mtx,93,128,1,1.208143473,1.208028793,82202,13255,164404
../data/torso1.mtx,93,128,2,1.382177591,1.382061005,82202,13255,164404
../data/torso1.mtx,93,128,3,1.322188854,1.322061062,82202,13255,164404
../data/torso1.mtx,93,128,4,1.182199717,1.182089806,82202,13255,164404
../data/torso1.mtx,93,128,5,1.011471033,1.011096001,82202,13255,164404
../data/torso1.mtx,93,128,6,1.336158037,1.336050510,82202,13255,164404
../data/torso1.mtx,93,128,7,1.037168264,1.037059784,82202,13255,164404
../data/torso1.mtx,93,128,8,1.182183743,1.182075262,82202,13255,164404
../data/torso1.mtx,93,128,9,1.735188961,1.735083103,82202,13255,164404
../data/torso1.mtx,94,128,0,1.341150522,1.341041088,82202,13255,164404
../data/torso1.mtx,94,128,1,1.268191576,1.268085957,82202,13255,164404
../data/torso1.mtx,94,128,2,1.331151247,1.331041813,82202,13255,164404
../data/torso1.mtx,94,128,3,1.234169483,1.234063387,82202,13255,164404
../data/torso1.mtx,94,128,4,1.280193806,1.280076742,82202,13255,164404
../data/torso1.mtx,94,128,5,1.051202774,1.051095009,82202,13255,164404
../data/torso1.mtx,94,128,6,1.182174921,1.182067633,82202,13255,164404
../data/torso1.mtx,94,128,7,1.002202272,1.002093792,82202,13255,164404
../data/torso1.mtx,94,128,8,1.256186008,1.256078959,82202,13255,164404
../data/torso1.mtx,94,128,9,1.557142258,1.557035685,82202,13255,164404
../data/torso1.mtx,95,128,0,1.175177336,1.175071239,82202,13249,164404
../data/torso1.mtx,95,128,1,1.032917976,1.032784700,82202,13249,164404
../data/torso1.mtx,95,128,2,1.219156265,1.219050407,82202,13249,164404
../data/torso1.mtx,95,128,3,1.130213022,1.130082369,82202,13249,164404
../data/torso1.mtx,95,128,4,1.189162016,1.189050674,82202,13249,164404
../data/torso1.mtx,95,128,5,0.982158899,0.982050896,82202,13249,164404
../data/torso1.mtx,95,128,6,1.175160646,1.175054550,82202,13249,164404
../data/torso1.mtx,95,128,7,1.023212433,1.023102999,82202,13249,164404
../data/torso1.mtx,95,128,8,1.190190077,1.190083027,82202,13249,164404
../data/torso1.mtx,95,128,9,1.350164890,1.350056410,82202,13249,164404
../data/torso1.mtx,96,128,0,1.583189964,1.583032370,82202,13254,164404
../data/torso1.mtx,96,128,1,1.849913359,1.849754810,82202,13254,164404
../data/torso1.mtx,96,128,2,1.840956450,1.840800047,82202,13254,164404
../data/torso1.mtx,96,128,3,1.838966131,1.838803530,82202,13254,164404
../data/torso1.mtx,96,128,4,1.593192816,1.593042612,82202,13254,164404
../data/torso1.mtx,96,128,5,1.846179008,1.846021891,82202,13254,164404
../data/torso1.mtx,96,128,6,1.584185839,1.584026575,82202,13254,164404
../data/torso1.mtx,96,128,7,1.560194254,1.560039043,82202,13254,164404
../data/torso1.mtx,96,128,8,1.582077265,1.581918240,82202,13254,164404
../data/torso1.mtx,96,128,9,1.583222628,1.583067417,82202,13254,164404
../data/torso1.mtx,97,128,0,1.320230722,1.320072174,82202,13246,164404
../data/torso1.mtx,97,128,1,1.581221342,1.581062078,82202,13246,164404
../data/torso1.mtx,97,128,2,1.583212614,1.583063126,82202,13246,164404
../data/torso1.mtx,97,128,3,1.583229303,1.583070755,82202,13246,164404
../data/torso1.mtx,97,128,4,1.318218708,1.318066120,82202,13246,164404
../data/torso1.mtx,97,128,5,1.583227158,1.583070278,82202,13246,164404
../data/torso1.mtx,97,128,6,1.320231676,1.320073605,82202,13246,164404
../data/torso1.mtx,97,128,7,1.318235874,1.318079472,82202,13246,164404
../data/torso1.mtx,97,128,8,1.320376158,1.320212126,82202,13246,164404
../data/torso1.mtx,97,128,9,1.583221197,1.583060741,82202,13246,164404
../data/torso1.mtx,98,128,0,1.320250988,1.320092678,82202,13225,164404
../data/torso1.mtx,98,128,1,1.537222385,1.537065268,82202,13225,164404
../data/torso1.mtx,98,128,2,1.583233833,1.583077192,82202,13225,164404
../data/torso1.mtx,98,128,3,1.583235025,1.583076954,82202,13225,164404
../data/torso1.mtx,98,128,4,1.329228640,1.329070091,82202,13225,164404
../data/torso1.mtx,98,128,5,1.593239307,1.593080759,82202,13225,164404
../data/torso1.mtx,98,128,6,1.320217609,1.320062160,82202,13225,164404
../data/torso1.mtx,98,128,7,1.318233252,1.318073750,82202,13225,164404
../data/torso1.mtx,98,128,8,1.319382429,1.319208860,82202,13225,164404
../data/torso1.mtx,98,128,9,1.330379963,1.330215931,82202,13225,164404
../data/torso1.mtx,99,128,0,1.056257010,1.056103468,82202,13241,164404
../data/torso1.mtx,99,128,1,1.328217745,1.328058004,82202,13241,164404
../data/torso1.mtx,99,128,2,1.583234787,1.583079815,82202,13241,164404
../data/torso1.mtx,99,128,3,1.583232880,1.583075285,82202,13241,164404
../data/torso1.mtx,99,128,4,1.296221495,1.296063900,82202,13241,164404
../data/torso1.mtx,99,128,5,1.319231033,1.319076061,82202,13241,164404
../data/torso1.mtx,99,128,6,1.056229830,1.056074381,82202,13241,164404
../data/torso1.mtx,99,128,7,1.054227114,1.054070950,82202,13241,164404
../data/torso1.mtx,99,128,8,1.319244385,1.319083691,82202,13241,164404
../data/torso1.mtx,99,128,9,1.308249235,1.308099270,82202,13241,164404
../data/torso1.mtx,100,128,0,1.322428226,1.322293997,82202,13251,164404
../data/torso1.mtx,100,128,1,1.582205057,1.582077980,82202,13251,164404
../data/torso1.mtx,100,128,2,1.594221830,1.594095230,82202,13251,164404
../data/torso1.mtx,100,128,3,1.583335638,1.583205223,82202,13251,164404
../data/torso1.mtx,100,128,4,1.318201542,1.318076611,82202,13251,164404
../data/torso1.mtx,100,128,5,1.584414959,1.584281683,82202,13251,164404
../data/torso1.mtx,100,128,6,1.320308924,1.320170879,82202,13251,164404
../data/torso1.mtx,100,128,7,1.318212748,1.318086624,82202,13251,164404
../data/torso1.mtx,100,128,8,1.583198309,1.583072662,82202,13251,164404
../data/torso1.mtx,100,128,9,1.583193779,1.583064318,82202,13251,164404
../data/torso1.mtx,101,128,0,1.320189714,1.320060968,82202,13249,164404
../data/torso1.mtx,101,128,1,1.318320513,1.318187475,82202,13249,164404
../data/torso1.mtx,101,128,2,1.319330454,1.319195509,82202,13249,164404
../data/torso1.mtx,101,128,3,1.583158255,1.583031416,82202,13249,164404
../data/torso1.mtx,101,128,4,1.054214001,1.054087162,82202,13249,164404
../data/torso1.mtx,101,128,5,1.319329262,1.319201231,82202,13249,164404
../data/torso1.mtx,101,128,6,1.320164919,1.320034981,82202,13249,164404
../data/torso1.mtx,101,128,7,1.054322720,1.054197788,82202,13249,164404
../data/torso1.mtx,101,128,8,1.319202423,1.319078922,82202,13249,164404
../data/torso1.mtx,101,128,9,1.319215298,1.319091320,82202,13249,164404
../data/torso1.mtx,102,128,0,1.056210041,1.056080818,82202,13249,164404
../data/torso1.mtx,102,128,1,1.318347931,1.318219185,82202,13249,164404
../data/torso1.mtx,102,128,2,1.319325447,1.319191217,82202,13249,164404
../data/torso1.mtx,102,128,3,1.583156347,1.583028793,82202,13249,164404
../data/torso1.mtx,102,128,4,1.054205179,1.054078341,82202,13249,164404
../data/torso1.mtx,102,128,5,1.319332123,1.319203377,82202,13249,164404
../data/torso1.mtx,102,128,6,1.320154905,1.320022821,82202,13249,164404
../data/torso1.mtx,102,128,7,1.054333210,1.054205894,82202,13249,164404
../data/torso1.mtx,102,128,8,1.319200516,1.319071054,82202,13249,164404
../data/torso1.mtx,102,128,9,1.319191933,1.319061279,82202,13249,164404
../data/torso1.mtx,103,128,0,0.798776865,0.798640490,82202,13253,164404
../data/torso1.mtx,103,128,1,1.317177057,1.317033291,82202,13253,164404
../data/torso1.mtx,103,128,2,1.320156336,1.320029736,82202,13253,164404
../data/torso1.mtx,103,128,3,1.319148302,1.319021940,82202,13253,164404
../data/torso1.mtx,103,128,4,0.791206598,0.791080952,82202,13253,164404
../data/torso1.mtx,103,128,5,1.319158077,1.319028378,82202,13253,164404
../data/torso1.mtx,103,128,6,1.056188822,1.056056023,82202,13253,164404
../data/torso1.mtx,103,128,7,1.054154873,1.054029226,82202,13253,164404
../data/torso1.mtx,103,128,8,1.055202007,1.055071115,82202,13253,164404
../data/torso1.mtx,103,128,9,1.066232681,1.066094637,82202,13253,164404
../data/torso1.mtx,104,128,0,1.320262909,1.320105076,82202,13255,164404
../data/torso1.mtx,104,128,1,1.581357002,1.581197739,82202,13255,164404
../data/torso1.mtx,104,128,2,1.583383560,1.583220959,82202,13255,164404
../data/torso1.mtx,104,128,3,1.583367109,1.583203554,82202,13255,164404
../data/torso1.mtx,104,128,4,1.329186916,1.329028130,82202,13255,164404
../data/torso1.mtx,104,128,5,1.582231760,1.582070351,82202,13255,164404
../data/torso1.mtx,104,128,6,1.320221663,1.320064783,82202,13255,164404
../data/torso1.mtx,104,128,7,1.318197012,1.318042040,82202,13255,164404
../data/torso1.mtx,104,128,8,1.583182096,1.583024263,82202,13255,164404
../data/torso1.mtx,104,128,9,1.583196402,1.583031178,82202,13255,164404
../data/torso1.mtx,105,128,0,1.320210934,1.320079327,82202,13255,164404
../data/torso1.mtx,105,128,1,1.592202902,1.592073202,82202,13255,164404
../data/torso1.mtx,105,128,2,1.583209515,1.583082199,82202,13255,164404
../data/torso1.mtx,105,128,3,1.583140850,1.583012104,82202,13255,164404
../data/torso1.mtx,105,128,4,1.318157434,1.318024874,82202,13255,164404
../data/torso1.mtx,105,128,5,1.583182096,1.583051920,82202,13255,164404
../data/torso1.mtx,105,128,6,1.320190907,1.320060730,82202,13255,164404
../data/torso1.mtx,105,128,7,1.318192959,1.318063259,82202,13255,164404
../data/torso1.mtx,105,128,8,1.330229044,1.330095530,82202,13255,164404
../data/torso1.mtx,105,128,9,1.319210529,1.319085121,82202,13255,164404
../data/torso1.mtx,106,128,0,1.320219517,1.320060968,82202,13255,164404
../data/torso1.mtx,106,128,1,1.581215620,1.581053257,82202,13255,164404
../data/torso1.mtx,106,128,2,1.583214283,1.583057165,82202,13255,164404
../data/torso1.mtx,106,128,3,1.583193302,1.583030224,82202,13255,164404
../data/torso1.mtx,106,128,4,1.054358482,1.054200411,82202,13255,164404
../data/torso1.mtx,106,128,5,1.583189487,1.583027363,82202,13255,164404
../data/torso1.mtx,106,128,6,1.320191145,1.320028543,82202,13255,164404
../data/torso1.mtx,106,128,7,1.318187952,1.318030834,82202,13255,164404
../data/torso1.mtx,106,128,8,1.319244862,1.319083214,82202,13255,164404
../data/torso1.mtx,106,128,9,1.319245338,1.319087982,82202,13255,164404
../data/torso1.mtx,107,128,0,1.320211172,1.320055246,82202,13255,164404
../data/torso1.mtx,107,128,1,1.581176519,1.581021786,82202,13255,164404
../data/torso1.mtx,107,128,2,1.583199739,1.583047152,82202,13255,164404
../data/torso1.mtx,107,128,3,1.583184481,1.583028793,82202,13255,164404
../data/torso1.mtx,107,128,4,1.065237999,1.065082312,82202,13255,164404
../data/torso1.mtx,107,128,5,1.583169222,1.583013773,82202,13255,164404
../data/torso1.mtx,107,128,6,1.320181847,1.320017815,82202,13255,164404
../data/torso1.mtx,107,128,7,1.318173647,1.318016291,82202,13255,164404
../data/torso1.mtx,107,128,8,1.319229364,1.319075823,82202,13255,164404
../data/torso1.mtx,107,128,9,1.319216013,1.319063187,82202,13255,164404
../data/torso1.mtx,108,128,0,1.320187807,1.320061445,82202,13255,164404
../data/torso1.mtx,108,128,1,1.581159353,1.581027031,82202,13255,164404
../data/torso1.mtx,108,128,2,1.583156347,1.583029747,82202,13255,164404
../data/torso1.mtx,108,128,3,1.583155394,1.583026886,82202,13255,164404
../data/torso1.mtx,108,128,4,1.043218374,1.043089151,82202,13255,164404
../data/torso1.mtx,108,128,5,1.583153963,1.583022118,82202,13255,164404
../data/torso1.mtx,108,128,6,1.320167065,1.320030928,82202,13255,164404
../data/torso1.mtx,108,128,7,1.318160772,1.318030596,82202,13255,164404
../data/torso1.mtx,108,128,8,1.319157124,1.319025517,82202,13255,164404
../data/torso1.mtx,108,128,9,1.319168806,1.319026947,82202,13255,164404
../data/torso1.mtx,109,128,0,1.056224823,1.056095123,82202,13255,164404
../data/torso1.mtx,109,128,1,1.581156731,1.581024885,82202,13255,164404
../data/torso1.mtx,109,128,2,1.572152376,1.572026014,82202,13255,164404
../data/torso1.mtx,109,128,3,1.583163261,1.583035231,82202,13255,164404
../data/torso1.mtx,109,128,4,1.054204702,1.054081440,82202,13255,164404
../data/torso1.mtx,109,128,5,1.583157778,1.583031893,82202,13255,164404
../data/torso1.mtx,109,128,6,1.320157766,1.320024490,82202,13255,164404
../data/torso1.mtx,109,128,7,1.318155289,1.318027735,82202,13255,164404
../data/torso1.mtx,109,128,8,1.055203438,1.055077076,82202,13255,164404
../data/torso1.mtx,109,128,9,1.055200577,1.055066586,82202,13255,164404
../data/torso1.mtx,110,128,0,1.056238890,1.056079388,82202,13255,164404
../data/torso1.mtx,110,128,1,1.581188440,1.581028938,82202,13255,164404
../data/torso1.mtx,110,128,2,1.584185362,1.584028006,82202,13255,164404
../data/torso1.mtx,110,128,3,1.594191790,1.594028234,82202,13255,164404
../data/torso1.mtx,110,128,4,1.054184437,1.054030418,82202,13255,164404
../data/torso1.mtx,110,128,5,1.297233343,1.297077179,82202,13255,164404
../data/torso1.mtx,110,128,6,1.056232214,1.056078911,82202,13255,164404
../data/torso1.mtx,110,128,7,1.065236092,1.065074682,82202,13255,164404
../data/torso1.mtx,110,128,8,1.055195093,1.055025578,82202,13255,164404
../data/torso1.mtx,110,128,9,1.055180788,1.055027962,82202,13255,164404
../data/torso1.mtx,111,128,0,1.056226969,1.056072235,82202,13255,164404
../data/torso1.mtx,111,128,1,1.317188263,1.317030907,82202,13255,164404
../data/torso1.mtx,111,128,2,1.320217133,1.320060730,82202,13255,164404
../data/torso1.mtx,111,128,3,1.319191694,1.319037199,82202,13255,164404
../data/torso1.mtx,111,128,4,0.790386438,0.790230036,82202,13255,164404
../data/torso1.mtx,111,128,5,1.319190502,1.319031000,82202,13255,164404
../data/torso1.mtx,111,128,6,1.056190252,1.056032896,82202,13255,164404
../data/torso1.mtx,111,128,7,1.065153122,1.064994812,82202,13255,164404
../data/torso1.mtx,111,128,8,0.791241169,0.791085005,82202,13255,164404
../data/torso1.mtx,111,128,9,0.791239977,0.791085958,82202,13255,164404
../data/torso1.mtx,112,128,0,1.583203316,1.583070993,82202,13255,164404
../data/torso1.mtx,112,128,1,1.834161043,1.834028244,82202,13255,164404
../data/torso1.mtx,112,128,2,1.583160877,1.583026886,82202,13255,164404
../data/torso1.mtx,112,128,3,1.847177982,1.847039461,82202,13255,164404
../data/torso1.mtx,112,128,4,1.307232857,1.307090998,82202,13255,164404
../data/torso1.mtx,112,128,5,1.846194267,1.846064806,82202,13255,164404
../data/torso1.mtx,112,128,6,1.584164619,1.584032059,82202,13255,164404
../data/torso1.mtx,112,128,7,1.582169771,1.582038641,82202,13255,164404
../data/torso1.mtx,112,128,8,1.587206125,1.587074518,82202,13255,164404
../data/torso1.mtx,112,128,9,1.583200455,1.583070040,82202,13255,164404
../data/torso1.mtx,113,128,0,1.320240259,1.320083618,82202,13255,164404
../data/torso1.mtx,113,128,1,1.845167637,1.845009089,82202,13255,164404
../data/torso1.mtx,113,128,2,1.584180832,1.584025145,82202,13255,164404
../data/torso1.mtx,113,128,3,1.847192049,1.847034216,82202,13255,164404
../data/torso1.mtx,113,128,4,1.318378687,1.318228006,82202,13255,164404
../data/torso1.mtx,113,128,5,1.593232155,1.593077421,82202,13255,164404
../data/torso1.mtx,113,128,6,1.320223093,1.320067167,82202,13255,164404
../data/torso1.mtx,113,128,7,1.307230949,1.307078123,82202,13255,164404
../data/torso1.mtx,113,128,8,1.583233118,1.583071709,82202,13255,164404
../data/torso1.mtx,113,128,9,1.583196640,1.583033800,82202,13255,164404
../data/torso1.mtx,114,128,0,1.320236206,1.320081234,82202,13255,164404
../data/torso1.mtx,114,128,1,1.845185041,1.845028639,82202,13255,164404
../data/torso1.mtx,114,128,2,1.584186316,1.584029436,82202,13255,164404
../data/torso1.mtx,114,128,3,1.825191736,1.825035810,82202,13255,164404
../data/torso1.mtx,114,128,4,1.318237543,1.318073511,82202,13255,164404
../data/torso1.mtx,114,128,5,1.593231678,1.593074560,82202,13255,164404
../data/torso1.mtx,114,128,6,1.320223093,1.320067644,82202,13255,164404
../data/torso1.mtx,114,128,7,1.318241835,1.318086386,82202,13255,164404
../data/torso1.mtx,114,128,8,1.583194971,1.583029032,82202,13255,164404
../data/torso1.mtx,114,128,9,1.583200455,1.583034277,82202,13255,164404
../data/torso1.mtx,115,128,0,1.320243597,1.320083618,82202,13255,164404
../data/torso1.mtx,115,128,1,1.592410326,1.592249632,82202,13255,164404
../data/torso1.mtx,115,128,2,1.320228577,1.320073843,82202,13255,164404
../data/torso1.mtx,115,128,3,1.583196878,1.583040476,82202,13255,164404
../data/torso1.mtx,115,128,4,1.318191767,1.318034649,82202,13255,164404
../data/torso1.mtx,115,128,5,1.583232880,1.583078146,82202,13255,164404
../data/torso1.mtx,115,128,6,1.320226192,1.320070267,82202,13255,164404
../data/torso1.mtx,115,128,7,1.318220377,1.318061829,82202,13255,164404
../data/torso1.mtx,115,128,8,1.308451414,1.308293104,82202,13255,164404
../data/torso1.mtx,115,128,9,1.319442749,1.319287300,82202,13255,164404
../data/torso1.mtx,116,128,0,1.320208073,1.320077181,82202,13255,164404
../data/torso1.mtx,116,128,1,1.581160545,1.581031084,82202,13255,164404
../data/torso1.mtx,116,128,2,1.320196390,1.320069313,82202,13255,164404
../data/torso1.mtx,116,128,3,1.583161354,1.583033800,82202,13255,164404
../data/torso1.mtx,116,128,4,1.318149328,1.318020582,82202,13255,164404
../data/torso1.mtx,116,128,5,1.583163500,1.583034992,82202,13255,164404
../data/torso1.mtx,116,128,6,1.320176125,1.320035219,82202,13255,164404
../data/torso1.mtx,116,128,7,1.329165936,1.329032421,82202,13255,164404
../data/torso1.mtx,116,128,8,1.319211483,1.319081545,82202,13255,164404
../data/torso1.mtx,116,128,9,1.319203854,1.319076777,82202,13255,164404
../data/torso1.mtx,117,128,0,1.056224823,1.056071281,82202,13255,164404
../data/torso1.mtx,117,128,1,1.581182718,1.581029415,82202,13255,164404
../data/torso1.mtx,117,128,2,1.320181131,1.320027828,82202,13255,164404
../data/torso1.mtx,117,128,3,1.594182491,1.594028234,82202,13255,164404
../data/torso1.mtx,117,128,4,1.054194212,1.054020882,82202,13255,164404
../data/torso1.mtx,117,128,5,1.319222212,1.319067001,82202,13255,164404
../data/torso1.mtx,117,128,6,1.056221008,1.056068420,82202,13255,164404
../data/torso1.mtx,117,128,7,1.054226637,1.054071188,82202,13255,164404
../data/torso1.mtx,117,128,8,1.319185972,1.319023609,82202,13255,164404
../data/torso1.mtx,117,128,9,1.319183111,1.319026947,82202,13255,164404
../data/torso1.mtx,118,128,0,1.056234121,1.056072474,82202,13255,164404
../data/torso1.mtx,118,128,1,1.559210539,1.559036016,82202,13255,164404
../data/torso1.mtx,118,128,2,1.320194006,1.320032597,82202,13255,164404
../data/torso1.mtx,118,128,3,1.583192825,1.583034039,82202,13255,164404
../data/torso1.mtx,118,128,4,1.318184853,1.318028688,82202,13255,164404
../data/torso1.mtx,118,128,5,1.583192348,1.583034992,82202,13255,164404
../data/torso1.mtx,118,128,6,1.320195436,1.320034027,82202,13255,164404
../data/torso1.mtx,118,128,7,1.318215370,1.318048477,82202,13255,164404
../data/torso1.mtx,118,128,8,1.319222927,1.319064617,82202,13255,164404
../data/torso1.mtx,118,128,9,1.319227457,1.319064856,82202,13255,164404
../data/torso1.mtx,119,128,0,1.056219101,1.056060553,82202,13255,164404
../data/torso1.mtx,119,128,1,1.592181206,1.592021465,82202,13255,164404
../data/torso1.mtx,119,128,2,1.056402683,1.056252718,82202,13255,164404
../data/torso1.mtx,119,128,3,1.319195747,1.319038868,82202,13255,164404
../data/torso1.mtx,119,128,4,1.054186583,1.054029703,82202,13255,164404
../data/torso1.mtx,119,128,5,1.319228888,1.319078922,82202,13255,164404
../data/torso1.mtx,119,128,6,1.056222439,1.056067467,82202,13255,164404
../data/torso1.mtx,119,128,7,1.054224730,1.054069042,82202,13255,164404
../data/torso1.mtx,119,128,8,1.319182158,1.319018841,82202,13255,164404
../data/torso1.mtx,119,128,9,1.308180809,1.308025599,82202,13255,164404
../data/torso1.mtx,120,128,0,1.505122185,1.505023241,82202,13255,164404
../data/torso1.mtx,120,128,1,1.663140535,1.663043499,82202,13255,164404
../data/torso1.mtx,120,128,2,1.664674759,1.664321661,82202,13255,164404
../data/torso1.mtx,120,128,3,1.659376144,1.659277201,82202,13255,164404
../data/torso1.mtx,120,128,4,1.492118359,1.492022753,82202,13255,164404
../data/torso1.mtx,120,128,5,1.497127771,1.497027874,82202,13255,164404
../data/torso1.mtx,120,128,6,1.535099983,1.535001278,82202,13255,164404
../data/torso1.mtx,120,128,7,1.501713753,1.501606464,82202,13255,164404
../data/torso1.mtx,120,128,8,1.694147587,1.694044113,82202,13255,164404
../data/torso1.mtx,120,128,9,1.934121370,1.934026003,82202,13255,164404
../data/torso1.mtx,121,128,0,1.494126558,1.494029760,82202,13255,164404
../data/torso1.mtx,121,128,1,1.619473934,1.619120121,82202,13255,164404
../data/torso1.mtx,121,128,2,1.673149347,1.673050165,82202,13255,164404
../data/torso1.mtx,121,128,3,1.587145329,1.587047577,82202,13255,164404
../data/torso1.mtx,121,128,4,1.492179871,1.492069483,82202,13255,164404
../data/torso1.mtx,121,128,5,1.416712046,1.416589022,82202,13255,164404
../data/torso1.mtx,121,128,6,1.491148233,1.491050720,82202,13255,164404
../data/torso1.mtx,121,128,7,1.496140957,1.496042967,82202,13255,164404
../data/torso1.mtx,121,128,8,1.584176540,1.584074974,82202,13255,164404
../data/torso1.mtx,121,128,9,1.846152067,1.846051216,82202,13255,164404
../data/torso1.mtx,122,128,0,1.494133711,1.494036436,82202,13255,164404
../data/torso1.mtx,122,128,1,1.591794491,1.591685534,82202,13255,164404
../data/torso1.mtx,122,128,2,1.585408211,1.585052013,82202,13255,164404
../data/torso1.mtx,122,128,3,1.576143503,1.576046467,82202,13255,164404
../data/torso1.mtx,122,128,4,1.492160559,1.492050886,82202,13255,164404
../data/torso1.mtx,122,128,5,1.497140884,1.497043371,82202,13255,164404
../data/torso1.mtx,122,128,6,1.491142273,1.491045713,82202,13255,164404
../data/torso1.mtx,122,128,7,1.504158020,1.504050016,82202,13255,164404
../data/torso1.mtx,122,128,8,1.592800617,1.592698097,82202,13255,164404
../data/torso1.mtx,122,128,9,1.854774952,1.854670525,82202,13255,164404
../data/torso1.mtx,123,128,0,1.494137764,1.494039774,82202,13257,164404
../data/torso1.mtx,123,128,1,1.564574003,1.564226151,82202,13257,164404
../data/torso1.mtx,123,128,2,1.508155823,1.508058310,82202,13257,164404
../data/torso1.mtx,123,128,3,1.499146461,1.499047518,82202,13257,164404
../data/torso1.mtx,123,128,4,1.415140152,1.415041685,82202,13257,164404
../data/torso1.mtx,123,128,5,1.409138918,1.409043550,82202,13257,164404
../data/torso1.mtx,123,128,6,1.414139748,1.414042473,82202,13257,164404
../data/torso1.mtx,123,128,7,1.496157169,1.496044397,82202,13257,164404
../data/torso1.mtx,123,128,8,1.584162951,1.584054470,82202,13257,164404
../data/torso1.mtx,123,128,9,1.846138954,1.846043110,82202,13257,164404
../data/torso1.mtx,124,128,0,1.494147539,1.494044304,82202,13261,164404
../data/torso1.mtx,124,128,1,1.674133778,1.674039125,82202,13261,164404
../data/torso1.mtx,124,128,2,1.585412502,1.585058451,82202,13261,164404
../data/torso1.mtx,124,128,3,1.532142162,1.532044411,82202,13261,164404
../data/torso1.mtx,124,128,4,1.492133379,1.492035151,82202,13261,164404
../data/torso1.mtx,124,128,5,1.497140646,1.497041464,82202,13261,164404
../data/torso1.mtx,124,128,6,1.491167068,1.491065741,82202,13261,164404
../data/torso1.mtx,124,128,7,1.496152401,1.496043682,82202,13261,164404
../data/torso1.mtx,124,128,8,1.584148884,1.584051609,82202,13261,164404
../data/torso1.mtx,124,128,9,1.846138239,1.846041679,82202,13261,164404
../data/torso1.mtx,125,128,0,1.406154633,1.406055689,82202,13262,164404
../data/torso1.mtx,125,128,1,1.586149216,1.586050510,82202,13262,164404
../data/torso1.mtx,125,128,2,1.495054245,1.494671106,82202,13262,164404
../data/torso1.mtx,125,128,3,1.499147415,1.499050140,82202,13262,164404
../data/torso1.mtx,125,128,4,1.413762093,1.413655281,82202,13262,164404
../data/torso1.mtx,125,128,5,1.409139872,1.409042597,82202,13262,164404
../data/torso1.mtx,125,128,6,1.414165974,1.414064884,82202,13262,164404
../data/torso1.mtx,125,128,7,1.408164740,1.408067465,82202,13262,164404
../data/torso1.mtx,125,128,8,1.562160492,1.562057257,82202,13262,164404
../data/torso1.mtx,125,128,9,1.846147537,1.846051693,82202,13262,164404
../data/torso1.mtx,126,128,0,1.395143509,1.395047426,79907,13261,159814
../data/torso1.mtx,126,128,1,1.575139046,1.575044394,79907,13261,159814
../data/torso1.mtx,126,128,2,1.585149288,1.585048199,79907,13261,159814
../data/torso1.mtx,126,128,3,1.499154091,1.499047518,79907,13261,159814
../data/torso1.mtx,126,128,4,1.492135763,1.492041588,79907,13261,159814
../data/torso1.mtx,126,128,5,1.409394741,1.409053564,79907,13261,159814
../data/torso1.mtx,126,128,6,1.416626692,1.416514397,79907,13261,159814
../data/torso1.mtx,126,128,7,1.408149958,1.408052921,79907,13261,159814
../data/torso1.mtx,126,128,8,1.584163427,1.584059238,79907,13261,159814
../data/torso1.mtx,126,128,9,1.846145391,1.846049547,79907,13261,159814
../data/torso1.mtx,127,128,0,1.318141460,1.318031311,82202,13252,164404
../data/torso1.mtx,127,128,1,1.509160519,1.509057760,82202,13252,164404
../data/torso1.mtx,127,128,2,1.497141361,1.497044086,82202,13252,164404
../data/torso1.mtx,127,128,3,1.407682657,1.407569170,82202,13252,164404
../data/torso1.mtx,127,128,4,1.393133879,1.393033743,82202,13252,164404
../data/torso1.mtx,127,128,5,1.409396648,1.409044981,82202,13252,164404
../data/torso1.mtx,127,128,6,1.414140940,1.414044142,82202,13252,164404
../data/torso1.mtx,127,128,7,1.408165216,1.408062220,82202,13252,164404
../data/torso1.mtx,127,128,8,1.496151686,1.496052742,82202,13252,164404
../data/torso1.mtx,127,128,9,1.758166075,1.758065224,82202,13252,164404


=== SUMMARY METRICS TABLE ===
Matrix_Name,Num_Processes,Ghost_Entries_Min,Ghost_Entries_Avg,Ghost_Entries_Max,Load_Imbalance_Ratio,System_P90_Time,Total_GFLOPs
../data/torso1.mtx,128,13225,13263.38,13286,1.3045,1.934121370,0.0088
=============================
