Rank 0: Reading matrix ../data/pdb1HYS.mtx...
Matrix type: matrix coordinate real symmetric
  Real: yes
  Complex: no
  Symmetric: yes
  Pattern: no
Matrix size: 36417 x 36417, NNZ (file): 2190591
Actual NNZ (after symmetry expansion): 4344765

matrix_name,rank,num_procs,run,elapsed_time,comm_time,local_nz,ghost_entries,local_flops
../data/pdb1HYS.mtx,0,2,0,0.002734661,0.000090837,2172113,18208,4344226
../data/pdb1HYS.mtx,0,2,1,0.002775192,0.000084639,2172113,18208,4344226
../data/pdb1HYS.mtx,0,2,2,0.002945423,0.000083923,2172113,18208,4344226
../data/pdb1HYS.mtx,0,2,3,0.002913952,0.000084639,2172113,18208,4344226
../data/pdb1HYS.mtx,0,2,4,0.002836704,0.000082970,2172113,18208,4344226
../data/pdb1HYS.mtx,0,2,5,0.002887964,0.000090361,2172113,18208,4344226
../data/pdb1HYS.mtx,0,2,6,0.003178120,0.000090122,2172113,18208,4344226
../data/pdb1HYS.mtx,0,2,7,0.002801418,0.000094891,2172113,18208,4344226
../data/pdb1HYS.mtx,0,2,8,0.002738476,0.000083447,2172113,18208,4344226
../data/pdb1HYS.mtx,0,2,9,0.002697706,0.000082970,2172113,18208,4344226
../data/pdb1HYS.mtx,1,2,0,0.002749681,0.000079870,2172652,18209,4345304
../data/pdb1HYS.mtx,1,2,1,0.002795696,0.000087976,2172652,18209,4345304
../data/pdb1HYS.mtx,1,2,2,0.002973080,0.000088692,2172652,18209,4345304
../data/pdb1HYS.mtx,1,2,3,0.002945662,0.000089884,2172652,18209,4345304
../data/pdb1HYS.mtx,1,2,4,0.002851725,0.000086784,2172652,18209,4345304
../data/pdb1HYS.mtx,1,2,5,0.002917051,0.000092030,2172652,18209,4345304
../data/pdb1HYS.mtx,1,2,6,0.003169060,0.000083923,2172652,18209,4345304
../data/pdb1HYS.mtx,1,2,7,0.002801657,0.000082731,2172652,18209,4345304
../data/pdb1HYS.mtx,1,2,8,0.002755642,0.000087976,2172652,18209,4345304
../data/pdb1HYS.mtx,1,2,9,0.002718449,0.000087738,2172652,18209,4345304


=== SUMMARY METRICS TABLE ===
Matrix_Name,Num_Processes,Ghost_Entries_Min,Ghost_Entries_Avg,Ghost_Entries_Max,Load_Imbalance_Ratio,System_P90_Time,Total_GFLOPs
../data/pdb1HYS.mtx,2,18208,18208.50,18209,1.0001,0.003178120,2.7342
=============================
