--- Generated Synthetic Matrix (Block Distribution) ---
Global Rows: 20000, Global Cols: 20000, Total NNZ: 1000809
Weak Scaling Mode: 10000 rows/proc, 50 nnz/row (avg)
-----------------------------------------------------
matrix_name,rank,num_procs,run,elapsed_time,comm_time,local_nz,ghost_entries,local_flops
synthetic_np2,0,2,0,0.053066969,0.053004503,499882,10000,999764
synthetic_np2,0,2,1,0.051993608,0.051934242,499882,10000,999764
synthetic_np2,0,2,2,0.051999092,0.051939249,499882,10000,999764
synthetic_np2,0,2,3,0.051997185,0.051938534,499882,10000,999764
synthetic_np2,0,2,4,0.051997185,0.051938295,499882,10000,999764
synthetic_np2,0,2,5,0.052001476,0.051940680,499882,10000,999764
synthetic_np2,0,2,6,0.052001238,0.051940441,499882,10000,999764
synthetic_np2,0,2,7,0.051994324,0.051934481,499882,10000,999764
synthetic_np2,0,2,8,0.052935839,0.052869320,499882,10000,999764
synthetic_np2,0,2,9,0.051545620,0.051487207,499882,10000,999764
synthetic_np2,1,2,0,0.026167631,0.026095867,500927,10000,1001854
synthetic_np2,1,2,1,0.026166677,0.026091814,500927,10000,1001854
synthetic_np2,1,2,2,0.026164532,0.026091814,500927,10000,1001854
synthetic_np2,1,2,3,0.026163101,0.026091337,500927,10000,1001854
synthetic_np2,1,2,4,0.026170015,0.026097536,500927,10000,1001854
synthetic_np2,1,2,5,0.026169777,0.026095867,500927,10000,1001854
synthetic_np2,1,2,6,0.026170492,0.026096344,500927,10000,1001854
synthetic_np2,1,2,7,0.026170254,0.026095867,500927,10000,1001854
synthetic_np2,1,2,8,0.026170015,0.026093006,500927,10000,1001854
synthetic_np2,1,2,9,0.026172161,0.026098251,500927,10000,1001854


=== SUMMARY METRICS TABLE ===
Matrix_Name,Num_Processes,Ghost_Entries_Min,Ghost_Entries_Avg,Ghost_Entries_Max,Load_Imbalance_Ratio,System_P90_Time,Total_GFLOPs
synthetic_np2,2,10000,10000.00,10000,1.0010,0.053066969,0.0377
=============================
