--- Generated Synthetic Matrix (Block Distribution) ---
Global Rows: 1280000, Global Cols: 1280000, Total NNZ: 64013097
Weak Scaling Mode: 10000 rows/proc, 50 nnz/row (avg)
-----------------------------------------------------
matrix_name,rank,num_procs,run,elapsed_time,comm_time,local_nz,ghost_entries,local_flops
synthetic_np128,0,128,0,0.072928667,0.070742846,499793,410605,999586
synthetic_np128,0,128,1,0.266055107,0.263680696,499793,410605,999586
synthetic_np128,0,128,2,0.065774441,0.063415527,499793,410605,999586
synthetic_np128,0,128,3,0.064625263,0.062264442,499793,410605,999586
synthetic_np128,0,128,4,0.086450100,0.083924055,499793,410605,999586
synthetic_np128,0,128,5,0.070127964,0.067540884,499793,410605,999586
synthetic_np128,0,128,6,0.259067297,0.255301476,499793,410605,999586
synthetic_np128,0,128,7,0.287632942,0.283461809,499793,410605,999586
synthetic_np128,0,128,8,0.087458849,0.082056522,499793,410605,999586
synthetic_np128,0,128,9,0.076908827,0.071326256,499793,410605,999586
synthetic_np128,1,128,0,0.249545336,0.246045113,500540,411444,1001080
synthetic_np128,1,128,1,0.267647743,0.263905525,500540,411444,1001080
synthetic_np128,1,128,2,0.065945148,0.063434362,500540,411444,1001080
synthetic_np128,1,128,3,0.250357628,0.247777939,500540,411444,1001080
synthetic_np128,1,128,4,0.089059114,0.085147381,500540,411444,1001080
synthetic_np128,1,128,5,0.071148396,0.067277670,500540,411444,1001080
synthetic_np128,1,128,6,0.274070501,0.264625072,500540,411444,1001080
synthetic_np128,1,128,7,0.289645910,0.284435272,500540,411444,1001080
synthetic_np128,1,128,8,0.088905573,0.083390951,500540,411444,1001080
synthetic_np128,1,128,9,0.076108694,0.070586681,500540,411444,1001080
synthetic_np128,2,128,0,0.249515057,0.246158838,500397,410904,1000794
synthetic_np128,2,128,1,0.267852783,0.263912916,500397,410904,1000794
synthetic_np128,2,128,2,0.281368971,0.278119326,500397,410904,1000794
synthetic_np128,2,128,3,0.250707150,0.247838259,500397,410904,1000794
synthetic_np128,2,128,4,0.089007616,0.085276365,500397,410904,1000794
synthetic_np128,2,128,5,0.074951410,0.067403316,500397,410904,1000794
synthetic_np128,2,128,6,0.272976160,0.260313749,500397,410904,1000794
synthetic_np128,2,128,7,0.293745279,0.284847021,500397,410904,1000794
synthetic_np128,2,128,8,0.090003490,0.082427263,500397,410904,1000794
synthetic_np128,2,128,9,0.080672979,0.072304964,500397,410904,1000794
synthetic_np128,3,128,0,0.247351408,0.245007753,499351,410141,998702
synthetic_np128,3,128,1,0.272268057,0.268812418,499351,410141,998702
synthetic_np128,3,128,2,0.290160418,0.283030510,499351,410141,998702
synthetic_np128,3,128,3,0.255716801,0.253397465,499351,410141,998702
synthetic_np128,3,128,4,0.092875004,0.087344646,499351,410141,998702
synthetic_np128,3,128,5,0.079287767,0.067894459,499351,410141,998702
synthetic_np128,3,128,6,0.259502411,0.255784512,499351,410141,998702
synthetic_np128,3,128,7,0.294307947,0.285939693,499351,410141,998702
synthetic_np128,3,128,8,0.089601040,0.084121704,499351,410141,998702
synthetic_np128,3,128,9,0.081461668,0.073338270,499351,410141,998702
synthetic_np128,4,128,0,0.249489546,0.246111155,500751,411091,1001502
synthetic_np128,4,128,1,0.270394087,0.267313957,500751,411091,1001502
synthetic_np128,4,128,2,0.281387091,0.278094292,500751,411091,1001502
synthetic_np128,4,128,3,0.264430523,0.261336565,500751,411091,1001502
synthetic_np128,4,128,4,0.088991165,0.085301399,500751,411091,1001502
synthetic_np128,4,128,5,0.071248055,0.067394972,500751,411091,1001502
synthetic_np128,4,128,6,0.274958611,0.264229536,500751,411091,1001502
synthetic_np128,4,128,7,0.290431738,0.284542084,500751,411091,1001502
synthetic_np128,4,128,8,0.089587450,0.083247185,500751,411091,1001502
synthetic_np128,4,128,9,0.077023745,0.070685148,500751,411091,1001502
synthetic_np128,5,128,0,0.247342348,0.244894743,499432,409909,998864
synthetic_np128,5,128,1,0.269016027,0.266479254,499432,409909,998864
synthetic_np128,5,128,2,0.280150175,0.277400017,499432,409909,998864
synthetic_np128,5,128,3,0.263470650,0.260726452,499432,409909,998864
synthetic_np128,5,128,4,0.086945295,0.084272385,499432,409909,998864
synthetic_np128,5,128,5,0.070208788,0.067458391,499432,409909,998864
synthetic_np128,5,128,6,0.260046005,0.256103992,499432,409909,998864
synthetic_np128,5,128,7,0.289056301,0.284584284,499432,409909,998864
synthetic_np128,5,128,8,0.088462591,0.083382130,499432,409909,998864
synthetic_np128,5,128,9,0.075674057,0.071121216,499432,409909,998864
synthetic_np128,6,128,0,0.249482632,0.246018648,500270,410942,1000540
synthetic_np128,6,128,1,0.270417690,0.267257452,500270,410942,1000540
synthetic_np128,6,128,2,0.281484365,0.278037548,500270,410942,1000540
synthetic_np128,6,128,3,0.264419317,0.261284351,500270,410942,1000540
synthetic_np128,6,128,4,0.089063644,0.085226059,500270,410942,1000540
synthetic_np128,6,128,5,0.071094275,0.067142248,500270,410942,1000540
synthetic_np128,6,128,6,0.272489071,0.262654305,500270,410942,1000540
synthetic_np128,6,128,7,0.289700985,0.284329176,500270,410942,1000540
synthetic_np128,6,128,8,0.088994265,0.083374739,500270,410942,1000540
synthetic_np128,6,128,9,0.076314688,0.070960522,500270,410942,1000540
synthetic_np128,7,128,0,0.247314215,0.244893074,500536,411042,1001072
synthetic_np128,7,128,1,0.268916368,0.266430140,500536,411042,1001072
synthetic_np128,7,128,2,0.280126572,0.277381659,500536,411042,1001072
synthetic_np128,7,128,3,0.263365984,0.260699987,500536,411042,1001072
synthetic_np128,7,128,4,0.086848259,0.084200382,500536,411042,1001072
synthetic_np128,7,128,5,0.068328381,0.065788031,500536,411042,1001072
synthetic_np128,7,128,6,0.259918928,0.255986452,500536,411042,1001072
synthetic_np128,7,128,7,0.288915634,0.284163237,500536,411042,1001072
synthetic_np128,7,128,8,0.088479519,0.083477974,500536,411042,1001072
synthetic_np128,7,128,9,0.075650215,0.071079254,500536,411042,1001072
synthetic_np128,8,128,0,0.249420404,0.245945454,500238,411041,1000476
synthetic_np128,8,128,1,0.270349741,0.267238855,500238,411041,1000476
synthetic_np128,8,128,2,0.281376123,0.277949810,500238,411041,1000476
synthetic_np128,8,128,3,0.264340878,0.261272430,500238,411041,1000476
synthetic_np128,8,128,4,0.088804483,0.084450245,500238,411041,1000476
synthetic_np128,8,128,5,0.071079493,0.067072868,500238,411041,1000476
synthetic_np128,8,128,6,0.274500608,0.263471842,500238,411041,1000476
synthetic_np128,8,128,7,0.290398359,0.284355879,500238,411041,1000476
synthetic_np128,8,128,8,0.089554310,0.083343029,500238,411041,1000476
synthetic_np128,8,128,9,0.077055216,0.070975542,500238,411041,1000476
synthetic_np128,9,128,0,0.249496937,0.245976925,499568,410446,999136
synthetic_np128,9,128,1,0.270366430,0.267140150,499568,410446,999136
synthetic_np128,9,128,2,0.281454563,0.277991533,499568,410446,999136
synthetic_np128,9,128,3,0.264397621,0.261279106,499568,410446,999136
synthetic_np128,9,128,4,0.089041948,0.085250854,499568,410446,999136
synthetic_np128,9,128,5,0.071096420,0.067117691,499568,410446,999136
synthetic_np128,9,128,6,0.272329569,0.262337208,499568,410446,999136
synthetic_np128,9,128,7,0.289845705,0.284573555,499568,410446,999136
synthetic_np128,9,128,8,0.089075565,0.083332300,499568,410446,999136
synthetic_np128,9,128,9,0.076440811,0.071000338,499568,410446,999136
synthetic_np128,10,128,0,0.268055201,0.265625000,499441,410506,998882
synthetic_np128,10,128,1,0.270331383,0.267035723,499441,410506,998882
synthetic_np128,10,128,2,0.281380653,0.277984381,499441,410506,998882
synthetic_np128,10,128,3,0.264367104,0.261249781,499441,410506,998882
synthetic_np128,10,128,4,0.088983297,0.085294008,499441,410506,998882
synthetic_np128,10,128,5,0.072212696,0.067956924,499441,410506,998882
synthetic_np128,10,128,6,0.076279879,0.071346521,499441,410506,998882
synthetic_np128,10,128,7,0.297289610,0.286250830,499441,410506,998882
synthetic_np128,10,128,8,0.089599609,0.083229542,499441,410506,998882
synthetic_np128,10,128,9,0.076787949,0.069833517,499441,410506,998882
synthetic_np128,11,128,0,0.277881622,0.268731833,500185,410992,1000370
synthetic_np128,11,128,1,0.272279263,0.268688679,500185,410992,1000370
synthetic_np128,11,128,2,0.289997578,0.282958746,500185,410992,1000370
synthetic_np128,11,128,3,0.272248745,0.263638735,500185,410992,1000370
synthetic_np128,11,128,4,0.092868328,0.087437391,500185,410992,1000370
synthetic_np128,11,128,5,0.078048229,0.066570997,500185,410992,1000370
synthetic_np128,11,128,6,0.066444397,0.063668013,500185,410992,1000370
synthetic_np128,11,128,7,0.295835495,0.287615061,500185,410992,1000370
synthetic_np128,11,128,8,0.089556932,0.084228754,500185,410992,1000370
synthetic_np128,11,128,9,0.081253290,0.073395729,500185,410992,1000370
synthetic_np128,12,128,0,0.278025866,0.268803358,499333,410116,998666
synthetic_np128,12,128,1,0.273459673,0.268833876,499333,410116,998666
synthetic_np128,12,128,2,0.290788651,0.281690359,499333,410116,998666
synthetic_np128,12,128,3,0.273636818,0.263930321,499333,410116,998666
synthetic_np128,12,128,4,0.094375372,0.087610245,499333,410116,998666
synthetic_np128,12,128,5,0.079532385,0.066749334,499333,410116,998666
synthetic_np128,12,128,6,0.069178104,0.063132286,499333,410116,998666
synthetic_np128,12,128,7,0.301057100,0.291500092,499333,410116,998666
synthetic_np128,12,128,8,0.087824345,0.081607580,499333,410116,998666
synthetic_np128,12,128,9,0.077329874,0.069723129,499333,410116,998666
synthetic_np128,13,128,0,0.278115034,0.268706560,500979,411414,1001958
synthetic_np128,13,128,1,0.272300959,0.268705130,500979,411414,1001958
synthetic_np128,13,128,2,0.290105104,0.282943249,500979,411414,1001958
synthetic_np128,13,128,3,0.272346497,0.263653755,500979,411414,1001958
synthetic_np128,13,128,4,0.092440605,0.083690882,500979,411414,1001958
synthetic_np128,13,128,5,0.080569267,0.074113131,500979,411414,1001958
synthetic_np128,13,128,6,0.073569059,0.068194628,500979,411414,1001958
synthetic_np128,13,128,7,0.295852184,0.287584066,500979,411414,1001958
synthetic_np128,13,128,8,0.089642048,0.084294558,500979,411414,1001958
synthetic_np128,13,128,9,0.081273794,0.073417664,500979,411414,1001958
synthetic_np128,14,128,0,0.277662277,0.269034147,499295,410461,998590
synthetic_np128,14,128,1,0.274249554,0.268892288,499295,410461,998590
synthetic_np128,14,128,2,0.289527655,0.281695604,499295,410461,998590
synthetic_np128,14,128,3,0.272726536,0.263924360,499295,410461,998590
synthetic_np128,14,128,4,0.092153788,0.081813812,499295,410461,998590
synthetic_np128,14,128,5,0.080769300,0.073656559,499295,410461,998590
synthetic_np128,14,128,6,0.074518442,0.068095922,499295,410461,998590
synthetic_np128,14,128,7,0.301592827,0.292307854,499295,410461,998590
synthetic_np128,14,128,8,0.088527203,0.083271503,499295,410461,998590
synthetic_np128,14,128,9,0.076269865,0.071003914,499295,410461,998590
synthetic_np128,15,128,0,0.268152237,0.265630007,499978,410648,999956
synthetic_np128,15,128,1,0.295567989,0.292968273,499978,410648,999956
synthetic_np128,15,128,2,0.280118227,0.277279377,499978,410648,999956
synthetic_np128,15,128,3,0.263427496,0.260629177,499978,410648,999956
synthetic_np128,15,128,4,0.086896896,0.084169626,499978,410648,999956
synthetic_np128,15,128,5,0.072153330,0.069461584,499978,410648,999956
synthetic_np128,15,128,6,0.067858696,0.065273762,499978,410648,999956
synthetic_np128,15,128,7,0.290888309,0.285458088,499978,410648,999956
synthetic_np128,15,128,8,0.088510990,0.083337545,499978,410648,999956
synthetic_np128,15,128,9,0.074732780,0.068613768,499978,410648,999956
synthetic_np128,16,128,0,0.278014898,0.268743992,500804,411166,1001608
synthetic_np128,16,128,1,0.299511909,0.295539141,500804,411166,1001608
synthetic_np128,16,128,2,0.290184021,0.282956123,500804,411166,1001608
synthetic_np128,16,128,3,0.272238493,0.263440609,500804,411166,1001608
synthetic_np128,16,128,4,0.092085123,0.082563639,500804,411166,1001608
synthetic_np128,16,128,5,0.080628872,0.074108601,500804,411166,1001608
synthetic_np128,16,128,6,0.076948643,0.072879553,500804,411166,1001608
synthetic_np128,16,128,7,0.295726299,0.287137508,500804,411166,1001608
synthetic_np128,16,128,8,0.088666201,0.080543995,500804,411166,1001608
synthetic_np128,16,128,9,0.081288576,0.072165251,500804,411166,1001608
synthetic_np128,17,128,0,0.278293848,0.269023895,499115,409982,998230
synthetic_np128,17,128,1,0.301523447,0.295671225,499115,409982,998230
synthetic_np128,17,128,2,0.290808916,0.281696558,499115,409982,998230
synthetic_np128,17,128,3,0.274128914,0.266983747,499115,409982,998230
synthetic_np128,17,128,4,0.094343662,0.087535858,499115,409982,998230
synthetic_np128,17,128,5,0.081608772,0.073572397,499115,409982,998230
synthetic_np128,17,128,6,0.079067230,0.073175430,499115,409982,998230
synthetic_np128,17,128,7,0.301524639,0.292083979,499115,409982,998230
synthetic_np128,17,128,8,0.088122129,0.081848860,499115,409982,998230
synthetic_np128,17,128,9,0.077509165,0.069629908,499115,409982,998230
synthetic_np128,18,128,0,0.267931223,0.265566587,499281,410175,998562
synthetic_np128,18,128,1,0.295320988,0.292830706,499281,410175,998562
synthetic_np128,18,128,2,0.279238462,0.276770115,499281,410175,998562
synthetic_np128,18,128,3,0.265796185,0.263258934,499281,410175,998562
synthetic_np128,18,128,4,0.086541653,0.083970547,499281,410175,998562
synthetic_np128,18,128,5,0.073556662,0.069455624,499281,410175,998562
synthetic_np128,18,128,6,0.071238756,0.066191912,499281,410175,998562
synthetic_np128,18,128,7,0.298582554,0.289056063,499281,410175,998562
synthetic_np128,18,128,8,0.088376045,0.081418276,499281,410175,998562
synthetic_np128,18,128,9,0.076075077,0.071038485,499281,410175,998562
synthetic_np128,19,128,0,0.278839588,0.272817612,500576,410969,1001152
synthetic_np128,19,128,1,0.299454212,0.295509338,500576,410969,1001152
synthetic_np128,19,128,2,0.290066242,0.282820940,500576,410969,1001152
synthetic_np128,19,128,3,0.272690535,0.266912937,500576,410969,1001152
synthetic_np128,19,128,4,0.092754364,0.085780144,500576,410969,1001152
synthetic_np128,19,128,5,0.080486536,0.073991537,500576,410969,1001152
synthetic_np128,19,128,6,0.076880217,0.072757006,500576,410969,1001152
synthetic_np128,19,128,7,0.295767307,0.287447929,500576,410969,1001152
synthetic_np128,19,128,8,0.089630842,0.083935738,500576,410969,1001152
synthetic_np128,19,128,9,0.081326008,0.073315859,500576,410969,1001152
synthetic_np128,20,128,0,0.272897959,0.270411015,498706,409848,997412
synthetic_np128,20,128,1,0.295498133,0.292941332,498706,409848,997412
synthetic_np128,20,128,2,0.279992580,0.277173996,498706,409848,997412
synthetic_np128,20,128,3,0.265681267,0.263230562,498706,409848,997412
synthetic_np128,20,128,4,0.085072756,0.082163334,498706,409848,997412
synthetic_np128,20,128,5,0.071947336,0.069292307,498706,409848,997412
synthetic_np128,20,128,6,0.066359997,0.063798189,498706,409848,997412
synthetic_np128,20,128,7,0.289977789,0.283215761,498706,409848,997412
synthetic_np128,20,128,8,0.086724520,0.080335140,498706,409848,997412
synthetic_np128,20,128,9,0.074312210,0.068350077,498706,409848,997412
synthetic_np128,21,128,0,0.279500484,0.272871494,500389,410350,1000778
synthetic_np128,21,128,1,0.300945282,0.295625687,500389,410350,1000778
synthetic_np128,21,128,2,0.290511608,0.282931566,500389,410350,1000778
synthetic_np128,21,128,3,0.273642778,0.267100334,500389,410350,1000778
synthetic_np128,21,128,4,0.093883514,0.087602139,500389,410350,1000778
synthetic_np128,21,128,5,0.081282377,0.074164152,500389,410350,1000778
synthetic_np128,21,128,6,0.078569889,0.073354959,500389,410350,1000778
synthetic_np128,21,128,7,0.300318956,0.287085533,500389,410350,1000778
synthetic_np128,21,128,8,0.089958429,0.084342241,500389,410350,1000778
synthetic_np128,21,128,9,0.081084490,0.071581364,500389,410350,1000778
synthetic_np128,22,128,0,0.278713226,0.272742987,499077,409849,998154
synthetic_np128,22,128,1,0.299464941,0.295347929,499077,409849,998154
synthetic_np128,22,128,2,0.290165424,0.282781839,499077,409849,998154
synthetic_np128,22,128,3,0.272699594,0.266974211,499077,409849,998154
synthetic_np128,22,128,4,0.092209339,0.082807302,499077,409849,998154
synthetic_np128,22,128,5,0.080595970,0.073913813,499077,409849,998154
synthetic_np128,22,128,6,0.076951027,0.072952509,499077,409849,998154
synthetic_np128,22,128,7,0.293062687,0.281770945,499077,409849,998154
synthetic_np128,22,128,8,0.076458931,0.073990822,499077,409849,998154
synthetic_np128,22,128,9,0.081244946,0.071410894,499077,409849,998154
synthetic_np128,23,128,0,0.278873920,0.272866964,500087,410601,1000174
synthetic_np128,23,128,1,0.299481392,0.295360088,500087,410601,1000174
synthetic_np128,23,128,2,0.290100098,0.282634497,500087,410601,1000174
synthetic_np128,23,128,3,0.272751331,0.266940355,500087,410601,1000174
synthetic_np128,23,128,4,0.079167843,0.076733351,500087,410601,1000174
synthetic_np128,23,128,5,0.080518484,0.073817015,500087,410601,1000174
synthetic_np128,23,128,6,0.065904140,0.062072992,500087,410601,1000174
synthetic_np128,23,128,7,0.295621872,0.286391497,500087,410601,1000174
synthetic_np128,23,128,8,0.084814548,0.078551054,500087,410601,1000174
synthetic_np128,23,128,9,0.080998421,0.071137905,500087,410601,1000174
synthetic_np128,24,128,0,0.275496244,0.271970510,499516,410399,999032
synthetic_np128,24,128,1,0.297714949,0.294031143,499516,410399,999032
synthetic_np128,24,128,2,0.281241179,0.277763844,499516,410399,999032
synthetic_np128,24,128,3,0.267405033,0.263856888,499516,410399,999032
synthetic_np128,24,128,4,0.077620506,0.074513674,499516,410399,999032
synthetic_np128,24,128,5,0.078141689,0.074441195,499516,410399,999032
synthetic_np128,24,128,6,0.073163509,0.070663452,499516,410399,999032
synthetic_np128,24,128,7,0.279746294,0.275785685,499516,410399,999032
synthetic_np128,24,128,8,0.075082064,0.072095633,499516,410399,999032
synthetic_np128,24,128,9,0.072418213,0.069395065,499516,410399,999032
synthetic_np128,25,128,0,0.275646210,0.272136450,499274,410098,998548
synthetic_np128,25,128,1,0.297837496,0.294288158,499274,410098,998548
synthetic_np128,25,128,2,0.280600786,0.277415037,499274,410098,998548
synthetic_np128,25,128,3,0.267609358,0.264115810,499274,410098,998548
synthetic_np128,25,128,4,0.077266216,0.074439049,499274,410098,998548
synthetic_np128,25,128,5,0.077982664,0.074453354,499274,410098,998548
synthetic_np128,25,128,6,0.250704765,0.246947050,499274,410098,998548
synthetic_np128,25,128,7,0.278197765,0.275290728,499274,410098,998548
synthetic_np128,25,128,8,0.074078560,0.071508408,499274,410098,998548
synthetic_np128,25,128,9,0.071099758,0.068512678,499274,410098,998548
synthetic_np128,26,128,0,0.275690794,0.272087812,500457,410622,1000914
synthetic_np128,26,128,1,0.297963858,0.294321060,500457,410622,1000914
synthetic_np128,26,128,2,0.280614853,0.277429104,500457,410622,1000914
synthetic_np128,26,128,3,0.267630816,0.264067650,500457,410622,1000914
synthetic_np128,26,128,4,0.077182055,0.074214697,500457,410622,1000914
synthetic_np128,26,128,5,0.078009129,0.074331045,500457,410622,1000914
synthetic_np128,26,128,6,0.250687122,0.246894836,500457,410622,1000914
synthetic_np128,26,128,7,0.278033018,0.274701357,500457,410622,1000914
synthetic_np128,26,128,8,0.074044943,0.071480989,500457,410622,1000914
synthetic_np128,26,128,9,0.071046829,0.068482876,500457,410622,1000914
synthetic_np128,27,128,0,0.275485516,0.271917105,499779,410575,999558
synthetic_np128,27,128,1,0.297762632,0.294013977,499779,410575,999558
synthetic_np128,27,128,2,0.281270742,0.277796030,499779,410575,999558
synthetic_np128,27,128,3,0.267396450,0.263753414,499779,410575,999558
synthetic_np128,27,128,4,0.077595472,0.074493647,499779,410575,999558
synthetic_np128,27,128,5,0.078102112,0.074111938,499779,410575,999558
synthetic_np128,27,128,6,0.250725031,0.247002840,499779,410575,999558
synthetic_np128,27,128,7,0.278603077,0.275825024,499779,410575,999558
synthetic_np128,27,128,8,0.075105667,0.072186708,499779,410575,999558
synthetic_np128,27,128,9,0.072377205,0.069376945,499779,410575,999558
synthetic_np128,28,128,0,0.275376797,0.271998405,500628,411234,1001256
synthetic_np128,28,128,1,0.297923326,0.294232368,500628,411234,1001256
synthetic_np128,28,128,2,0.281090975,0.277837753,500628,411234,1001256
synthetic_np128,28,128,3,0.268382549,0.264331579,500628,411234,1001256
synthetic_np128,28,128,4,0.077385902,0.074365616,500628,411234,1001256
synthetic_np128,28,128,5,0.077461958,0.073557854,500628,411234,1001256
synthetic_np128,28,128,6,0.250919819,0.247250319,500628,411234,1001256
synthetic_np128,28,128,7,0.278202295,0.275492668,500628,411234,1001256
synthetic_np128,28,128,8,0.074533463,0.071791172,500628,411234,1001256
synthetic_np128,28,128,9,0.071396828,0.068742514,500628,411234,1001256
synthetic_np128,29,128,0,0.275427103,0.271681786,499767,410288,999534
synthetic_np128,29,128,1,0.297718287,0.294049740,499767,410288,999534
synthetic_np128,29,128,2,0.281227350,0.277747631,499767,410288,999534
synthetic_np128,29,128,3,0.267300606,0.263631344,499767,410288,999534
synthetic_np128,29,128,4,0.077508688,0.074299335,499767,410288,999534
synthetic_np128,29,128,5,0.077995062,0.074015617,499767,410288,999534
synthetic_np128,29,128,6,0.250803947,0.247020721,499767,410288,999534
synthetic_np128,29,128,7,0.278572321,0.275568485,499767,410288,999534
synthetic_np128,29,128,8,0.075000525,0.071898699,499767,410288,999534
synthetic_np128,29,128,9,0.072358608,0.069191694,499767,410288,999534
synthetic_np128,30,128,0,0.275386095,0.272019863,499508,410386,999016
synthetic_np128,30,128,1,0.297927856,0.294162273,499508,410386,999016
synthetic_np128,30,128,2,0.281052828,0.277789116,499508,410386,999016
synthetic_np128,30,128,3,0.268338442,0.264279127,499508,410386,999016
synthetic_np128,30,128,4,0.077370405,0.074498177,499508,410386,999016
synthetic_np128,30,128,5,0.077650070,0.074283361,499508,410386,999016
synthetic_np128,30,128,6,0.257210255,0.252741098,499508,410386,999016
synthetic_np128,30,128,7,0.278058290,0.275355816,499508,410386,999016
synthetic_np128,30,128,8,0.074465036,0.071732044,499508,410386,999016
synthetic_np128,30,128,9,0.071351767,0.068717718,499508,410386,999016
synthetic_np128,31,128,0,0.275509834,0.271908522,500733,410991,1001466
synthetic_np128,31,128,1,0.297777414,0.293815136,500733,410991,1001466
synthetic_np128,31,128,2,0.281295776,0.277702808,500733,410991,1001466
synthetic_np128,31,128,3,0.267326117,0.263341904,500733,410991,1001466
synthetic_np128,31,128,4,0.077679396,0.074573994,500733,410991,1001466
synthetic_np128,31,128,5,0.078199387,0.074307680,500733,410991,1001466
synthetic_np128,31,128,6,0.256404161,0.252664089,500733,410991,1001466
synthetic_np128,31,128,7,0.278067112,0.274502754,500733,410991,1001466
synthetic_np128,31,128,8,0.074984789,0.071805000,500733,410991,1001466
synthetic_np128,31,128,9,0.072342634,0.069103241,500733,410991,1001466
synthetic_np128,32,128,0,0.275303364,0.271780491,499696,410901,999392
synthetic_np128,32,128,1,0.297877073,0.294168949,499696,410901,999392
synthetic_np128,32,128,2,0.281029224,0.277705193,499696,410901,999392
synthetic_np128,32,128,3,0.268311262,0.264209747,499696,410901,999392
synthetic_np128,32,128,4,0.077402830,0.074490786,499696,410901,999392
synthetic_np128,32,128,5,0.077322006,0.072989941,499696,410901,999392
synthetic_np128,32,128,6,0.257080793,0.253162622,499696,410901,999392
synthetic_np128,32,128,7,0.278080702,0.275323629,499696,410901,999392
synthetic_np128,32,128,8,0.074475765,0.071682215,499696,410901,999392
synthetic_np128,32,128,9,0.071306705,0.068582058,499696,410901,999392
synthetic_np128,33,128,0,0.275270224,0.271664619,499825,410612,999650
synthetic_np128,33,128,1,0.297833681,0.294062614,499825,410612,999650
synthetic_np128,33,128,2,0.281010389,0.277595282,499825,410612,999650
synthetic_np128,33,128,3,0.270805120,0.264302492,499825,410612,999650
synthetic_np128,33,128,4,0.080344915,0.074397564,499825,410612,999650
synthetic_np128,33,128,5,0.081035137,0.073652029,499825,410612,999650
synthetic_np128,33,128,6,0.264948606,0.257112265,499825,410612,999650
synthetic_np128,33,128,7,0.280061007,0.276070833,499825,410612,999650
synthetic_np128,33,128,8,0.076486588,0.070511341,499825,410612,999650
synthetic_np128,33,128,9,0.074653149,0.069319963,499825,410612,999650
synthetic_np128,34,128,0,0.275451660,0.272062778,500805,411277,1001610
synthetic_np128,34,128,1,0.297918558,0.294069767,500805,411277,1001610
synthetic_np128,34,128,2,0.281087637,0.277755499,500805,411277,1001610
synthetic_np128,34,128,3,0.268326759,0.263886213,500805,411277,1001610
synthetic_np128,34,128,4,0.077261209,0.073773623,500805,411277,1001610
synthetic_np128,34,128,5,0.077658892,0.074219704,500805,411277,1001610
synthetic_np128,34,128,6,0.257058859,0.253087044,500805,411277,1001610
synthetic_np128,34,128,7,0.277897596,0.274663925,500805,411277,1001610
synthetic_np128,34,128,8,0.070101738,0.067520380,500805,411277,1001610
synthetic_np128,34,128,9,0.066091299,0.063380241,500805,411277,1001610
synthetic_np128,35,128,0,0.275775433,0.272028446,500395,410808,1000790
synthetic_np128,35,128,1,0.297968388,0.294072390,500395,410808,1000790
synthetic_np128,35,128,2,0.280018568,0.275911808,500395,410808,1000790
synthetic_np128,35,128,3,0.267679453,0.263771296,500395,410808,1000790
synthetic_np128,35,128,4,0.076992989,0.073769808,500395,410808,1000790
synthetic_np128,35,128,5,0.078166723,0.074453115,500395,410808,1000790
synthetic_np128,35,128,6,0.256738424,0.252827883,500395,410808,1000790
synthetic_np128,35,128,7,0.278288603,0.275382519,500395,410808,1000790
synthetic_np128,35,128,8,0.070503950,0.067826033,500395,410808,1000790
synthetic_np128,35,128,9,0.067189932,0.064013243,500395,410808,1000790
synthetic_np128,36,128,0,0.275664806,0.271387815,500001,410668,1000002
synthetic_np128,36,128,1,0.297981739,0.294132233,500001,410668,1000002
synthetic_np128,36,128,2,0.280004501,0.275846720,500001,410668,1000002
synthetic_np128,36,128,3,0.267611980,0.263580322,500001,410668,1000002
synthetic_np128,36,128,4,0.077014446,0.073716879,500001,410668,1000002
synthetic_np128,36,128,5,0.078068495,0.074013948,500001,410668,1000002
synthetic_np128,36,128,6,0.256757736,0.252744913,500001,410668,1000002
synthetic_np128,36,128,7,0.278181553,0.275017977,500001,410668,1000002
synthetic_np128,36,128,8,0.070338249,0.067461491,500001,410668,1000002
synthetic_np128,36,128,9,0.067213774,0.064060688,500001,410668,1000002
synthetic_np128,37,128,0,0.275658131,0.272037268,499617,410819,999234
synthetic_np128,37,128,1,0.297870636,0.294170141,499617,410819,999234
synthetic_np128,37,128,2,0.279934883,0.275986671,499617,410819,999234
synthetic_np128,37,128,3,0.267508745,0.263657808,499617,410819,999234
synthetic_np128,37,128,4,0.075927019,0.072258711,499617,410819,999234
synthetic_np128,37,128,5,0.078166962,0.074590921,499617,410819,999234
synthetic_np128,37,128,6,0.257133961,0.253203630,499617,410819,999234
synthetic_np128,37,128,7,0.277600765,0.273958921,499617,410819,999234
synthetic_np128,37,128,8,0.070229530,0.067402601,499617,410819,999234
synthetic_np128,37,128,9,0.066951752,0.063339710,499617,410819,999234
synthetic_np128,38,128,0,0.273982286,0.271191359,499753,410683,999506
synthetic_np128,38,128,1,0.300422668,0.294217587,499753,410683,999506
synthetic_np128,38,128,2,0.282938957,0.276048422,499753,410683,999506
synthetic_np128,38,128,3,0.270444632,0.263356924,499753,410683,999506
synthetic_np128,38,128,4,0.078943968,0.073163748,499753,410683,999506
synthetic_np128,38,128,5,0.080772877,0.073539495,499753,410683,999506
synthetic_np128,38,128,6,0.264317513,0.256312609,499753,410683,999506
synthetic_np128,38,128,7,0.275178194,0.270934343,499753,410683,999506
synthetic_np128,38,128,8,0.073116302,0.067182064,499753,410683,999506
synthetic_np128,38,128,9,0.070857763,0.064408779,499753,410683,999506
synthetic_np128,39,128,0,0.275740385,0.271746874,500247,411085,1000494
synthetic_np128,39,128,1,0.298035860,0.294182777,500247,411085,1000494
synthetic_np128,39,128,2,0.280049324,0.275940180,500247,411085,1000494
synthetic_np128,39,128,3,0.267582178,0.263453007,500247,411085,1000494
synthetic_np128,39,128,4,0.074774265,0.071168423,500247,411085,1000494
synthetic_np128,39,128,5,0.078042269,0.073799610,500247,411085,1000494
synthetic_np128,39,128,6,0.259366989,0.255537510,500247,411085,1000494
synthetic_np128,39,128,7,0.070979357,0.068394184,500247,411085,1000494
synthetic_np128,39,128,8,0.064456701,0.061892748,500247,411085,1000494
synthetic_np128,39,128,9,0.067106009,0.063716173,500247,411085,1000494
synthetic_np128,40,128,0,0.273920298,0.271154165,500774,411486,1001548
synthetic_np128,40,128,1,0.300446749,0.294224739,500774,411486,1001548
synthetic_np128,40,128,2,0.282970428,0.276107311,500774,411486,1001548
synthetic_np128,40,128,3,0.270421743,0.263329268,500774,411486,1001548
synthetic_np128,40,128,4,0.069836617,0.064715862,500774,411486,1001548
synthetic_np128,40,128,5,0.080444336,0.072844505,500774,411486,1001548
synthetic_np128,40,128,6,0.268437862,0.260704279,500774,411486,1001548
synthetic_np128,40,128,7,0.071405411,0.068705559,500774,411486,1001548
synthetic_np128,40,128,8,0.066482544,0.062611341,500774,411486,1001548
synthetic_np128,40,128,9,0.070523024,0.063477039,500774,411486,1001548
synthetic_np128,41,128,0,0.275149822,0.270913601,500669,410881,1001338
synthetic_np128,41,128,1,0.297810078,0.293546438,500669,410881,1001338
synthetic_np128,41,128,2,0.279010057,0.275195837,500669,410881,1001338
synthetic_np128,41,128,3,0.268094063,0.263013601,500669,410881,1001338
synthetic_np128,41,128,4,0.066477299,0.063821554,500669,410881,1001338
synthetic_np128,41,128,5,0.077743769,0.074372768,500669,410881,1001338
synthetic_np128,41,128,6,0.262681723,0.258780003,500669,410881,1001338
synthetic_np128,41,128,7,0.070720434,0.068089724,500669,410881,1001338
synthetic_np128,41,128,8,0.064541817,0.061891079,500669,410881,1001338
synthetic_np128,41,128,9,0.065995932,0.063270569,500669,410881,1001338
synthetic_np128,42,128,0,0.275205135,0.271001577,500315,410579,1000630
synthetic_np128,42,128,1,0.297903299,0.293797493,500315,410579,1000630
synthetic_np128,42,128,2,0.278811693,0.275029898,500315,410579,1000630
synthetic_np128,42,128,3,0.267977476,0.262850761,500315,410579,1000630
synthetic_np128,42,128,4,0.066664219,0.064146042,500315,410579,1000630
synthetic_np128,42,128,5,0.076349020,0.071897507,500315,410579,1000630
synthetic_np128,42,128,6,0.262536287,0.258757114,500315,410579,1000630
synthetic_np128,42,128,7,0.070738077,0.068187237,500315,410579,1000630
synthetic_np128,42,128,8,0.066106081,0.061959982,500315,410579,1000630
synthetic_np128,42,128,9,0.069521904,0.063898325,500315,410579,1000630
synthetic_np128,43,128,0,0.273749113,0.270765066,500939,411400,1001878
synthetic_np128,43,128,1,0.297147036,0.293609142,500939,411400,1001878
synthetic_np128,43,128,2,0.278435469,0.275539637,500939,411400,1001878
synthetic_np128,43,128,3,0.265599966,0.262539387,500939,411400,1001878
synthetic_np128,43,128,4,0.066781521,0.063849449,500939,411400,1001878
synthetic_np128,43,128,5,0.076216698,0.073250771,500939,411400,1001878
synthetic_np128,43,128,6,0.262857676,0.259220600,500939,411400,1001878
synthetic_np128,43,128,7,0.072113037,0.068175077,500939,411400,1001878
synthetic_np128,43,128,8,0.065622330,0.061738253,500939,411400,1001878
synthetic_np128,43,128,9,0.065324306,0.062920094,500939,411400,1001878
synthetic_np128,44,128,0,0.275385141,0.270413876,500173,411036,1000346
synthetic_np128,44,128,1,0.297913551,0.293487072,500173,411036,1000346
synthetic_np128,44,128,2,0.279931545,0.275640965,500173,411036,1000346
synthetic_np128,44,128,3,0.267415285,0.262548685,500173,411036,1000346
synthetic_np128,44,128,4,0.066449881,0.063983679,500173,411036,1000346
synthetic_np128,44,128,5,0.077451944,0.072540760,500173,411036,1000346
synthetic_np128,44,128,6,0.262911081,0.259259939,500173,411036,1000346
synthetic_np128,44,128,7,0.070991755,0.068455696,500173,411036,1000346
synthetic_np128,44,128,8,0.063686132,0.061047554,500173,411036,1000346
synthetic_np128,44,128,9,0.067063093,0.063594103,500173,411036,1000346
synthetic_np128,45,128,0,0.273875952,0.270932436,499807,410634,999614
synthetic_np128,45,128,1,0.300407410,0.294133663,499807,410634,999614
synthetic_np128,45,128,2,0.282852173,0.275950909,499807,410634,999614
synthetic_np128,45,128,3,0.270182610,0.262865067,499807,410634,999614
synthetic_np128,45,128,4,0.069837332,0.064746141,499807,410634,999614
synthetic_np128,45,128,5,0.080958128,0.073904514,499807,410634,999614
synthetic_np128,45,128,6,0.268660545,0.261233330,499807,410634,999614
synthetic_np128,45,128,7,0.071135521,0.068187714,499807,410634,999614
synthetic_np128,45,128,8,0.065257072,0.062454462,499807,410634,999614
synthetic_np128,45,128,9,0.067305088,0.064318180,499807,410634,999614
synthetic_np128,46,128,0,0.275093317,0.270508766,500799,411404,1001598
synthetic_np128,46,128,1,0.297693968,0.293441534,500799,411404,1001598
synthetic_np128,46,128,2,0.279406548,0.275228262,500799,411404,1001598
synthetic_np128,46,128,3,0.266922712,0.262349606,500799,411404,1001598
synthetic_np128,46,128,4,0.064590216,0.062215328,500799,411404,1001598
synthetic_np128,46,128,5,0.077989340,0.073477268,500799,411404,1001598
synthetic_np128,46,128,6,0.263334513,0.259215832,500799,411404,1001598
synthetic_np128,46,128,7,0.071115494,0.068380356,500799,411404,1001598
synthetic_np128,46,128,8,0.064965010,0.061879873,500799,411404,1001598
synthetic_np128,46,128,9,0.067075968,0.063894272,500799,411404,1001598
synthetic_np128,47,128,0,0.275137424,0.270691156,500086,410762,1000172
synthetic_np128,47,128,1,0.297625065,0.293463469,500086,410762,1000172
synthetic_np128,47,128,2,0.279485941,0.275288343,500086,410762,1000172
synthetic_np128,47,128,3,0.266803265,0.262327194,500086,410762,1000172
synthetic_np128,47,128,4,0.062119722,0.059590816,500086,410762,1000172
synthetic_np128,47,128,5,0.075060368,0.071048975,500086,410762,1000172
synthetic_np128,47,128,6,0.262880802,0.258772850,500086,410762,1000172
synthetic_np128,47,128,7,0.070820332,0.067691803,500086,410762,1000172
synthetic_np128,47,128,8,0.064753056,0.061378956,500086,410762,1000172
synthetic_np128,47,128,9,0.067152023,0.064119101,500086,410762,1000172
synthetic_np128,48,128,0,0.277418852,0.272820711,499749,410559,999498
synthetic_np128,48,128,1,0.268344164,0.265335560,499749,410559,999498
synthetic_np128,48,128,2,0.277669907,0.275157928,499749,410559,999498
synthetic_np128,48,128,3,0.279650211,0.270338774,499749,410559,999498
synthetic_np128,48,128,4,0.078389168,0.070928335,499749,410559,999498
synthetic_np128,48,128,5,0.086308718,0.075074673,499749,410559,999498
synthetic_np128,48,128,6,0.273002386,0.262814760,499749,410559,999498
synthetic_np128,48,128,7,0.268589497,0.265456200,499749,410559,999498
synthetic_np128,48,128,8,0.083000660,0.070882082,499749,410559,999498
synthetic_np128,48,128,9,0.079656363,0.067843437,499749,410559,999498
synthetic_np128,49,128,0,0.277329922,0.272725344,499721,410376,999442
synthetic_np128,49,128,1,0.268384933,0.265357971,499721,410376,999442
synthetic_np128,49,128,2,0.277698517,0.275151014,499721,410376,999442
synthetic_np128,49,128,3,0.279235840,0.269515514,499721,410376,999442
synthetic_np128,49,128,4,0.077746391,0.069456339,499721,410376,999442
synthetic_np128,49,128,5,0.083190680,0.071398258,499721,410376,999442
synthetic_np128,49,128,6,0.272480488,0.262239695,499721,410376,999442
synthetic_np128,49,128,7,0.269013405,0.266073465,499721,410376,999442
synthetic_np128,49,128,8,0.083016396,0.071735859,499721,410376,999442
synthetic_np128,49,128,9,0.079224825,0.067739725,499721,410376,999442
synthetic_np128,50,128,0,0.277359247,0.272647619,499621,410196,999242
synthetic_np128,50,128,1,0.268350840,0.265116930,499621,410196,999242
synthetic_np128,50,128,2,0.267882109,0.265294552,499621,410196,999242
synthetic_np128,50,128,3,0.279317856,0.269942284,499621,410196,999242
synthetic_np128,50,128,4,0.078619957,0.070979595,499621,410196,999242
synthetic_np128,50,128,5,0.085594893,0.073569298,499621,410196,999242
synthetic_np128,50,128,6,0.272869349,0.262727022,499621,410196,999242
synthetic_np128,50,128,7,0.297592402,0.289170980,499621,410196,999242
synthetic_np128,50,128,8,0.083524942,0.072846651,499621,410196,999242
synthetic_np128,50,128,9,0.080389738,0.070259571,499621,410196,999242
synthetic_np128,51,128,0,0.277408123,0.272529840,499796,410685,999592
synthetic_np128,51,128,1,0.268498898,0.265382767,499796,410685,999592
synthetic_np128,51,128,2,0.267799377,0.265093088,499796,410685,999592
synthetic_np128,51,128,3,0.279565096,0.270272970,499796,410685,999592
synthetic_np128,51,128,4,0.078915596,0.072321653,499796,410685,999592
synthetic_np128,51,128,5,0.085976601,0.073744297,499796,410685,999592
synthetic_np128,51,128,6,0.272904873,0.262651205,499796,410685,999592
synthetic_np128,51,128,7,0.297860622,0.289167166,499796,410685,999592
synthetic_np128,51,128,8,0.083455563,0.069884777,499796,410685,999592
synthetic_np128,51,128,9,0.080647945,0.069951773,499796,410685,999592
synthetic_np128,52,128,0,0.273874521,0.271205425,500389,410813,1000778
synthetic_np128,52,128,1,0.267157316,0.264545918,500389,410813,1000778
synthetic_np128,52,128,2,0.267785549,0.265135765,500389,410813,1000778
synthetic_np128,52,128,3,0.270476818,0.267432213,500389,410813,1000778
synthetic_np128,52,128,4,0.070818663,0.067816496,500389,410813,1000778
synthetic_np128,52,128,5,0.077362299,0.073808670,500389,410813,1000778
synthetic_np128,52,128,6,0.266546249,0.260743141,500389,410813,1000778
synthetic_np128,52,128,7,0.290380239,0.286948204,500389,410813,1000778
synthetic_np128,52,128,8,0.073920012,0.070158720,500389,410813,1000778
synthetic_np128,52,128,9,0.069246292,0.065755129,500389,410813,1000778
synthetic_np128,53,128,0,0.278871775,0.272668600,499792,410209,999584
synthetic_np128,53,128,1,0.270407438,0.265060425,499792,410209,999584
synthetic_np128,53,128,2,0.269994497,0.265108347,499792,410209,999584
synthetic_np128,53,128,3,0.279361248,0.269801140,499792,410209,999584
synthetic_np128,53,128,4,0.076815367,0.067313433,499792,410209,999584
synthetic_np128,53,128,5,0.085082769,0.073209047,499792,410209,999584
synthetic_np128,53,128,6,0.278189421,0.262641668,499792,410209,999584
synthetic_np128,53,128,7,0.297589302,0.289152622,499792,410209,999584
synthetic_np128,53,128,8,0.083129406,0.071987391,499792,410209,999584
synthetic_np128,53,128,9,0.079572916,0.068544626,499792,410209,999584
synthetic_np128,54,128,0,0.277552128,0.271036625,499555,410147,999110
synthetic_np128,54,128,1,0.268857718,0.263375998,499555,410147,999110
synthetic_np128,54,128,2,0.269952297,0.265210152,499555,410147,999110
synthetic_np128,54,128,3,0.276802301,0.266911030,499555,410147,999110
synthetic_np128,54,128,4,0.077046156,0.069299459,499555,410147,999110
synthetic_np128,54,128,5,0.083269835,0.073147535,499555,410147,999110
synthetic_np128,54,128,6,0.272890806,0.260674715,499555,410147,999110
synthetic_np128,54,128,7,0.293256283,0.286900520,499555,410147,999110
synthetic_np128,54,128,8,0.077477932,0.070013762,499555,410147,999110
synthetic_np128,54,128,9,0.073430538,0.065609694,499555,410147,999110
synthetic_np128,55,128,0,0.277204990,0.272320271,500611,410927,1001222
synthetic_np128,55,128,1,0.267067432,0.263317585,500611,410927,1001222
synthetic_np128,55,128,2,0.254156590,0.251699924,500611,410927,1001222
synthetic_np128,55,128,3,0.279442310,0.269549131,500611,410927,1001222
synthetic_np128,55,128,4,0.078182220,0.066689014,500611,410927,1001222
synthetic_np128,55,128,5,0.084303617,0.071487665,500611,410927,1001222
synthetic_np128,55,128,6,0.272743225,0.262619972,500611,410927,1001222
synthetic_np128,55,128,7,0.297909737,0.289160967,500611,410927,1001222
synthetic_np128,55,128,8,0.083807230,0.073596001,500611,410927,1001222
synthetic_np128,55,128,9,0.080638170,0.070363760,500611,410927,1001222
synthetic_np128,56,128,0,0.273309946,0.265039921,500817,411058,1001634
synthetic_np128,56,128,1,0.076929331,0.070739508,500817,411058,1001634
synthetic_np128,56,128,2,0.101641417,0.095601559,500817,411058,1001634
synthetic_np128,56,128,3,0.279083014,0.268696070,500817,411058,1001634
synthetic_np128,56,128,4,0.076598883,0.067147493,500817,411058,1001634
synthetic_np128,56,128,5,0.086047173,0.075326443,500817,411058,1001634
synthetic_np128,56,128,6,0.272569418,0.262554884,500817,411058,1001634
synthetic_np128,56,128,7,0.297637701,0.289151430,500817,411058,1001634
synthetic_np128,56,128,8,0.083004236,0.071844816,500817,411058,1001634
synthetic_np128,56,128,9,0.079384327,0.068244219,500817,411058,1001634
synthetic_np128,57,128,0,0.275470495,0.266396999,499495,410405,998990
synthetic_np128,57,128,1,0.077286959,0.071298599,499495,410405,998990
synthetic_np128,57,128,2,0.101941586,0.095845461,499495,410405,998990
synthetic_np128,57,128,3,0.279628992,0.270337343,499495,410405,998990
synthetic_np128,57,128,4,0.078692675,0.070933819,499495,410405,998990
synthetic_np128,57,128,5,0.086511850,0.076563120,499495,410405,998990
synthetic_np128,57,128,6,0.272900105,0.262454748,499495,410405,998990
synthetic_np128,57,128,7,0.297952890,0.289070845,499495,410405,998990
synthetic_np128,57,128,8,0.083740234,0.072917938,499495,410405,998990
synthetic_np128,57,128,9,0.080649376,0.070484161,499495,410405,998990
synthetic_np128,58,128,0,0.272207260,0.263565302,500001,410463,1000002
synthetic_np128,58,128,1,0.076920271,0.069537163,500001,410463,1000002
synthetic_np128,58,128,2,0.101370811,0.093708038,500001,410463,1000002
synthetic_np128,58,128,3,0.276799202,0.266831875,500001,410463,1000002
synthetic_np128,58,128,4,0.074766397,0.065615654,500001,410463,1000002
synthetic_np128,58,128,5,0.083868742,0.073672533,500001,410463,1000002
synthetic_np128,58,128,6,0.272708654,0.260338068,500001,410463,1000002
synthetic_np128,58,128,7,0.293278217,0.286734343,500001,410463,1000002
synthetic_np128,58,128,8,0.077429056,0.069405794,500001,410463,1000002
synthetic_np128,58,128,9,0.073552132,0.065839767,500001,410463,1000002
synthetic_np128,59,128,0,0.273720980,0.265030622,499993,410889,999986
synthetic_np128,59,128,1,0.077090263,0.070431709,499993,410889,999986
synthetic_np128,59,128,2,0.101839781,0.095636368,499993,410889,999986
synthetic_np128,59,128,3,0.278119564,0.265491724,499993,410889,999986
synthetic_np128,59,128,4,0.078471899,0.071512222,499993,410889,999986
synthetic_np128,59,128,5,0.086310625,0.075368166,499993,410889,999986
synthetic_np128,59,128,6,0.273218393,0.262236834,499993,410889,999986
synthetic_np128,59,128,7,0.297878981,0.289036751,499993,410889,999986
synthetic_np128,59,128,8,0.083159685,0.071612120,499993,410889,999986
synthetic_np128,59,128,9,0.079630136,0.068051100,499993,410889,999986
synthetic_np128,60,128,0,0.274625063,0.265071392,499444,410404,998888
synthetic_np128,60,128,1,0.078192711,0.071347475,499444,410404,998888
synthetic_np128,60,128,2,0.102818489,0.095708609,499444,410404,998888
synthetic_np128,60,128,3,0.278812647,0.267335415,499444,410404,998888
synthetic_np128,60,128,4,0.078360081,0.069176435,499444,410404,998888
synthetic_np128,60,128,5,0.086932182,0.077297211,499444,410404,998888
synthetic_np128,60,128,6,0.278156996,0.262216806,499444,410404,998888
synthetic_np128,60,128,7,0.297918081,0.289013147,499444,410404,998888
synthetic_np128,60,128,8,0.083330154,0.071927071,499444,410404,998888
synthetic_np128,60,128,9,0.079994202,0.068981409,499444,410404,998888
synthetic_np128,61,128,0,0.266457558,0.263502836,499935,410162,999870
synthetic_np128,61,128,1,0.072265863,0.069453716,499935,410162,999870
synthetic_np128,61,128,2,0.096676588,0.093647957,499935,410162,999870
synthetic_np128,61,128,3,0.270322323,0.267044783,499935,410162,999870
synthetic_np128,61,128,4,0.072702885,0.070030212,499935,410162,999870
synthetic_np128,61,128,5,0.078099966,0.074578762,499935,410162,999870
synthetic_np128,61,128,6,0.265307665,0.260172367,499935,410162,999870
synthetic_np128,61,128,7,0.290251970,0.286638260,499935,410162,999870
synthetic_np128,61,128,8,0.073676825,0.069762707,499935,410162,999870
synthetic_np128,61,128,9,0.069223642,0.065781593,499935,410162,999870
synthetic_np128,62,128,0,0.273386478,0.264956951,500512,410610,1001024
synthetic_np128,62,128,1,0.077155828,0.071262836,500512,410610,1001024
synthetic_np128,62,128,2,0.101705313,0.095497847,500512,410610,1001024
synthetic_np128,62,128,3,0.279447079,0.269418478,500512,410610,1001024
synthetic_np128,62,128,4,0.075731754,0.065484285,500512,410610,1001024
synthetic_np128,62,128,5,0.086696148,0.077231407,500512,410610,1001024
synthetic_np128,62,128,6,0.272372723,0.261223316,500512,410610,1001024
synthetic_np128,62,128,7,0.297735929,0.288834810,500512,410610,1001024
synthetic_np128,62,128,8,0.081779480,0.068532944,500512,410610,1001024
synthetic_np128,62,128,9,0.079908133,0.068702459,500512,410610,1001024
synthetic_np128,63,128,0,0.273645401,0.265000820,500439,411079,1000878
synthetic_np128,63,128,1,0.077135563,0.070925474,500439,411079,1000878
synthetic_np128,63,128,2,0.101803541,0.095540047,500439,411079,1000878
synthetic_np128,63,128,3,0.279543638,0.269808769,500439,411079,1000878
synthetic_np128,63,128,4,0.076786280,0.066906691,500439,411079,1000878
synthetic_np128,63,128,5,0.086682796,0.077213049,500439,411079,1000878
synthetic_np128,63,128,6,0.272705317,0.262168407,500439,411079,1000878
synthetic_np128,63,128,7,0.297849178,0.288844824,500439,411079,1000878
synthetic_np128,63,128,8,0.083374739,0.072045326,500439,411079,1000878
synthetic_np128,63,128,9,0.079840422,0.068473816,500439,411079,1000878
synthetic_np128,64,128,0,0.275487661,0.266050100,500212,410631,1000424
synthetic_np128,64,128,1,0.077238560,0.070713758,500212,410631,1000424
synthetic_np128,64,128,2,0.102008104,0.095589876,500212,410631,1000424
synthetic_np128,64,128,3,0.277384043,0.264497042,500212,410631,1000424
synthetic_np128,64,128,4,0.076761484,0.063960791,500212,410631,1000424
synthetic_np128,64,128,5,0.086816549,0.077500343,500212,410631,1000424
synthetic_np128,64,128,6,0.272832394,0.262174129,500212,410631,1000424
synthetic_np128,64,128,7,0.297904730,0.288809299,500212,410631,1000424
synthetic_np128,64,128,8,0.084174871,0.075058222,500212,410631,1000424
synthetic_np128,64,128,9,0.080796480,0.071025848,500212,410631,1000424
synthetic_np128,65,128,0,0.273552656,0.264775515,500515,411157,1001030
synthetic_np128,65,128,1,0.077225924,0.071038961,500515,411157,1001030
synthetic_np128,65,128,2,0.101947069,0.095820189,500515,411157,1001030
synthetic_np128,65,128,3,0.279345512,0.268832445,500515,411157,1001030
synthetic_np128,65,128,4,0.073202372,0.063940763,500515,411157,1001030
synthetic_np128,65,128,5,0.086841106,0.078024149,500515,411157,1001030
synthetic_np128,65,128,6,0.272679329,0.261756659,500515,411157,1001030
synthetic_np128,65,128,7,0.297897100,0.288773298,500515,411157,1001030
synthetic_np128,65,128,8,0.083956242,0.074735641,500515,411157,1001030
synthetic_np128,65,128,9,0.080250978,0.069837093,500515,411157,1001030
synthetic_np128,66,128,0,0.266428947,0.263394117,499926,410763,999852
synthetic_np128,66,128,1,0.072168350,0.069214821,499926,410763,999852
synthetic_np128,66,128,2,0.096782684,0.093856812,499926,410763,999852
synthetic_np128,66,128,3,0.270416498,0.267331123,499926,410763,999852
synthetic_np128,66,128,4,0.067073584,0.064429760,499926,410763,999852
synthetic_np128,66,128,5,0.078723669,0.075646639,499926,410763,999852
synthetic_np128,66,128,6,0.265408754,0.259377718,499926,410763,999852
synthetic_np128,66,128,7,0.290276051,0.286581516,499926,410763,999852
synthetic_np128,66,128,8,0.076109409,0.072975397,499926,410763,999852
synthetic_np128,66,128,9,0.071101904,0.067855358,499926,410763,999852
synthetic_np128,67,128,0,0.275410175,0.266294003,500811,410841,1001622
synthetic_np128,67,128,1,0.076218843,0.068001509,500811,410841,1001622
synthetic_np128,67,128,2,0.101924896,0.095895529,500811,410841,1001622
synthetic_np128,67,128,3,0.277798414,0.264793158,500811,410841,1001622
synthetic_np128,67,128,4,0.077667475,0.064412832,500811,410841,1001622
synthetic_np128,67,128,5,0.086970091,0.078049183,500811,410841,1001622
synthetic_np128,67,128,6,0.272204638,0.260408163,500811,410841,1001622
synthetic_np128,67,128,7,0.297920465,0.288894176,500811,410841,1001622
synthetic_np128,67,128,8,0.084086418,0.075086355,500811,410841,1001622
synthetic_np128,67,128,9,0.080934525,0.072236776,500811,410841,1001622
synthetic_np128,68,128,0,0.275335073,0.266097069,500274,410759,1000548
synthetic_np128,68,128,1,0.077309370,0.071364164,500274,410759,1000548
synthetic_np128,68,128,2,0.101994753,0.095915556,500274,410759,1000548
synthetic_np128,68,128,3,0.279615641,0.269670010,500274,410759,1000548
synthetic_np128,68,128,4,0.077864170,0.065794706,500274,410759,1000548
synthetic_np128,68,128,5,0.086938381,0.078011036,500274,410759,1000548
synthetic_np128,68,128,6,0.272730350,0.261527538,500274,410759,1000548
synthetic_np128,68,128,7,0.297955036,0.288801908,500274,410759,1000548
synthetic_np128,68,128,8,0.084100723,0.075116634,500274,410759,1000548
synthetic_np128,68,128,9,0.080967426,0.072132349,500274,410759,1000548
synthetic_np128,69,128,0,0.275526524,0.266346455,500023,410748,1000046
synthetic_np128,69,128,1,0.077234983,0.071322441,500023,410748,1000046
synthetic_np128,69,128,2,0.101957083,0.095870972,500023,410748,1000046
synthetic_np128,69,128,3,0.279410601,0.269207716,500023,410748,1000046
synthetic_np128,69,128,4,0.074570894,0.062520266,500023,410748,1000046
synthetic_np128,69,128,5,0.086790323,0.078033686,500023,410748,1000046
synthetic_np128,69,128,6,0.272495508,0.261487007,500023,410748,1000046
synthetic_np128,69,128,7,0.297781229,0.288631439,500023,410748,1000046
synthetic_np128,69,128,8,0.084118843,0.075311661,500023,410748,1000046
synthetic_np128,69,128,9,0.080913067,0.072276354,500023,410748,1000046
synthetic_np128,70,128,0,0.272166491,0.263081074,500290,410997,1000580
synthetic_np128,70,128,1,0.076872349,0.068835258,500290,410997,1000580
synthetic_np128,70,128,2,0.101427555,0.093427420,500290,410997,1000580
synthetic_np128,70,128,3,0.275990725,0.265306711,500290,410997,1000580
synthetic_np128,70,128,4,0.071169138,0.062568188,500290,410997,1000580
synthetic_np128,70,128,5,0.084872484,0.075447559,500290,410997,1000580
synthetic_np128,70,128,6,0.274607897,0.263374329,500290,410997,1000580
synthetic_np128,70,128,7,0.293166637,0.286498308,500290,410997,1000580
synthetic_np128,70,128,8,0.079032183,0.073272467,500290,410997,1000580
synthetic_np128,70,128,9,0.075467587,0.069813967,500290,410997,1000580
synthetic_np128,71,128,0,0.266370535,0.263421774,500643,411015,1001286
synthetic_np128,71,128,1,0.072044373,0.069038153,500643,411015,1001286
synthetic_np128,71,128,2,0.096695423,0.093765497,500643,411015,1001286
synthetic_np128,71,128,3,0.270387411,0.267359734,500643,411015,1001286
synthetic_np128,71,128,4,0.070372820,0.067376375,500643,411015,1001286
synthetic_np128,71,128,5,0.078541517,0.075446844,500643,411015,1001286
synthetic_np128,71,128,6,0.265726566,0.259823799,500643,411015,1001286
synthetic_np128,71,128,7,0.290143251,0.286484003,500643,411015,1001286
synthetic_np128,71,128,8,0.076128960,0.073230743,500643,411015,1001286
synthetic_np128,71,128,9,0.072525263,0.069786072,500643,411015,1001286
synthetic_np128,72,128,0,0.278492212,0.272081375,500514,410875,1001028
synthetic_np128,72,128,1,0.076836348,0.069380045,500514,410875,1001028
synthetic_np128,72,128,2,0.101511717,0.095444441,500514,410875,1001028
synthetic_np128,72,128,3,0.276319742,0.270299673,500514,410875,1001028
synthetic_np128,72,128,4,0.081444502,0.074527979,500514,410875,1001028
synthetic_np128,72,128,5,0.082961798,0.077040434,500514,410875,1001028
synthetic_np128,72,128,6,0.272139311,0.263183594,500514,410875,1001028
synthetic_np128,72,128,7,0.289789677,0.286620855,500514,410875,1001028
synthetic_np128,72,128,8,0.081070423,0.076357126,500514,410875,1001028
synthetic_np128,72,128,9,0.079125643,0.074851513,500514,410875,1001028
synthetic_np128,73,128,0,0.275809526,0.271851778,500768,411273,1001536
synthetic_np128,73,128,1,0.075929880,0.070400238,500768,411273,1001536
synthetic_np128,73,128,2,0.099325657,0.095187426,500768,411273,1001536
synthetic_np128,73,128,3,0.273929834,0.269829512,500768,411273,1001536
synthetic_np128,73,128,4,0.079727411,0.074615479,500768,411273,1001536
synthetic_np128,73,128,5,0.081557751,0.077116966,500768,411273,1001536
synthetic_np128,73,128,6,0.260716200,0.253994942,500768,411273,1001536
synthetic_np128,73,128,7,0.288366556,0.285771370,500768,411273,1001536
synthetic_np128,73,128,8,0.081888676,0.077363491,500768,411273,1001536
synthetic_np128,73,128,9,0.079020977,0.074893475,500768,411273,1001536
synthetic_np128,74,128,0,0.279144526,0.273116589,501327,411905,1002654
synthetic_np128,74,128,1,0.079969168,0.073513508,501327,411905,1002654
synthetic_np128,74,128,2,0.103801012,0.097444296,501327,411905,1002654
synthetic_np128,74,128,3,0.278616190,0.271967888,501327,411905,1002654
synthetic_np128,74,128,4,0.083835840,0.075847387,501327,411905,1002654
synthetic_np128,74,128,5,0.084383726,0.078410149,501327,411905,1002654
synthetic_np128,74,128,6,0.263942003,0.255586863,501327,411905,1002654
synthetic_np128,74,128,7,0.288476229,0.285943508,501327,411905,1002654
synthetic_np128,74,128,8,0.084494829,0.079026937,501327,411905,1002654
synthetic_np128,74,128,9,0.081343174,0.075960398,501327,411905,1002654
synthetic_np128,75,128,0,0.279090405,0.272921562,499705,410651,999410
synthetic_np128,75,128,1,0.079937935,0.073515177,499705,410651,999410
synthetic_np128,75,128,2,0.103731394,0.097406149,499705,410651,999410
synthetic_np128,75,128,3,0.278585196,0.271985769,499705,410651,999410
synthetic_np128,75,128,4,0.083811283,0.075778723,499705,410651,999410
synthetic_np128,75,128,5,0.084295750,0.078334093,499705,410651,999410
synthetic_np128,75,128,6,0.263897657,0.255514145,499705,410651,999410
synthetic_np128,75,128,7,0.288403749,0.285870790,499705,410651,999410
synthetic_np128,75,128,8,0.084457397,0.078935862,499705,410651,999410
synthetic_np128,75,128,9,0.081312895,0.075893402,499705,410651,999410
synthetic_np128,76,128,0,0.275881529,0.271927118,499444,410074,998888
synthetic_np128,76,128,1,0.076232195,0.071584225,499444,410074,998888
synthetic_np128,76,128,2,0.099266291,0.095120668,499444,410074,998888
synthetic_np128,76,128,3,0.273905993,0.269821644,499444,410074,998888
synthetic_np128,76,128,4,0.079646587,0.074654579,499444,410074,998888
synthetic_np128,76,128,5,0.081556559,0.077086449,499444,410074,998888
synthetic_np128,76,128,6,0.263093948,0.256715298,499444,410074,998888
synthetic_np128,76,128,7,0.288277626,0.285664320,499444,410074,998888
synthetic_np128,76,128,8,0.081833124,0.077356577,499444,410074,998888
synthetic_np128,76,128,9,0.079002619,0.074967146,499444,410074,998888
synthetic_np128,77,128,0,0.275258780,0.271159649,499855,410785,999710
synthetic_np128,77,128,1,0.074687719,0.071040869,499855,410785,999710
synthetic_np128,77,128,2,0.098593950,0.094822645,499855,410785,999710
synthetic_np128,77,128,3,0.273290873,0.269452095,499855,410785,999710
synthetic_np128,77,128,4,0.078643084,0.074092150,499855,410785,999710
synthetic_np128,77,128,5,0.080406427,0.076428652,499855,410785,999710
synthetic_np128,77,128,6,0.261355877,0.256045341,499855,410785,999710
synthetic_np128,77,128,7,0.289690256,0.286459208,499855,410785,999710
synthetic_np128,77,128,8,0.081220865,0.077375174,499855,410785,999710
synthetic_np128,77,128,9,0.079092741,0.074937582,499855,410785,999710
synthetic_np128,78,128,0,0.275430918,0.271906853,499404,410109,998808
synthetic_np128,78,128,1,0.074661255,0.071015358,499404,410109,998808
synthetic_np128,78,128,2,0.098519564,0.094699144,499404,410109,998808
synthetic_np128,78,128,3,0.273309231,0.269633055,499404,410109,998808
synthetic_np128,78,128,4,0.078617096,0.074101686,499404,410109,998808
synthetic_np128,78,128,5,0.080330610,0.076233864,499404,410109,998808
synthetic_np128,78,128,6,0.261271715,0.255967140,499404,410109,998808
synthetic_np128,78,128,7,0.289666653,0.286381245,499404,410109,998808
synthetic_np128,78,128,8,0.081227303,0.077402353,499404,410109,998808
synthetic_np128,78,128,9,0.079087973,0.074985504,499404,410109,998808
synthetic_np128,79,128,0,0.275414467,0.271795988,499409,410419,998818
synthetic_np128,79,128,1,0.074673891,0.070942640,499409,410419,998818
synthetic_np128,79,128,2,0.098531961,0.094699860,499409,410419,998818
synthetic_np128,79,128,3,0.273339987,0.269618034,499409,410419,998818
synthetic_np128,79,128,4,0.078630209,0.074095964,499409,410419,998818
synthetic_np128,79,128,5,0.080471992,0.076610565,499409,410419,998818
synthetic_np128,79,128,6,0.261336803,0.255957603,499409,410419,998818
synthetic_np128,79,128,7,0.289689302,0.286420345,499409,410419,998818
synthetic_np128,79,128,8,0.081259727,0.077445745,499409,410419,998818
synthetic_np128,79,128,9,0.079111099,0.074933767,499409,410419,998818
synthetic_np128,80,128,0,0.275897741,0.271870136,501299,411694,1002598
synthetic_np128,80,128,1,0.075127602,0.070935011,501299,411694,1002598
synthetic_np128,80,128,2,0.099390030,0.095110416,501299,411694,1002598
synthetic_np128,80,128,3,0.273828506,0.269479036,501299,411694,1002598
synthetic_np128,80,128,4,0.079305649,0.074067354,501299,411694,1002598
synthetic_np128,80,128,5,0.081620693,0.077105045,501299,411694,1002598
synthetic_np128,80,128,6,0.261718988,0.256040096,501299,411694,1002598
synthetic_np128,80,128,7,0.288299799,0.285668135,501299,411694,1002598
synthetic_np128,80,128,8,0.081258774,0.077306509,501299,411694,1002598
synthetic_np128,80,128,9,0.079060555,0.074976206,501299,411694,1002598
synthetic_np128,81,128,0,0.275470018,0.271881580,501109,411316,1002218
synthetic_np128,81,128,1,0.074652433,0.070898533,501109,411316,1002218
synthetic_np128,81,128,2,0.098601103,0.094843388,501109,411316,1002218
synthetic_np128,81,128,3,0.273321152,0.269548178,501109,411316,1002218
synthetic_np128,81,128,4,0.078683853,0.074140549,501109,411316,1002218
synthetic_np128,81,128,5,0.080520153,0.076686859,501109,411316,1002218
synthetic_np128,81,128,6,0.261372089,0.256004095,501109,411316,1002218
synthetic_np128,81,128,7,0.289753675,0.286561728,501109,411316,1002218
synthetic_np128,81,128,8,0.081279516,0.077430487,501109,411316,1002218
synthetic_np128,81,128,9,0.079077959,0.074762344,501109,411316,1002218
synthetic_np128,82,128,0,0.279085398,0.272238255,500055,411192,1000110
synthetic_np128,82,128,1,0.079931974,0.073315859,500055,411192,1000110
synthetic_np128,82,128,2,0.103811264,0.097277641,500055,411192,1000110
synthetic_np128,82,128,3,0.278619766,0.271829605,500055,411192,1000110
synthetic_np128,82,128,4,0.083761454,0.075290203,500055,411192,1000110
synthetic_np128,82,128,5,0.084348679,0.078287363,500055,411192,1000110
synthetic_np128,82,128,6,0.272437334,0.263671398,500055,411192,1000110
synthetic_np128,82,128,7,0.290878534,0.286617994,500055,411192,1000110
synthetic_np128,82,128,8,0.083553314,0.076812983,500055,411192,1000110
synthetic_np128,82,128,9,0.081972122,0.075223923,500055,411192,1000110
synthetic_np128,83,128,0,0.275514364,0.270500660,501165,411541,1002330
synthetic_np128,83,128,1,0.076158762,0.071482658,501165,411541,1002330
synthetic_np128,83,128,2,0.099281788,0.095038176,501165,411541,1002330
synthetic_np128,83,128,3,0.273894548,0.269756079,501165,411541,1002330
synthetic_np128,83,128,4,0.079770803,0.074621201,501165,411541,1002330
synthetic_np128,83,128,5,0.081519127,0.077034712,501165,411541,1002330
synthetic_np128,83,128,6,0.263983488,0.258434534,501165,411541,1002330
synthetic_np128,83,128,7,0.277155876,0.273418427,501165,411541,1002330
synthetic_np128,83,128,8,0.081726551,0.077367306,501165,411541,1002330
synthetic_np128,83,128,9,0.078867197,0.074342728,501165,411541,1002330
synthetic_np128,84,128,0,0.275829315,0.271466017,500745,411161,1001490
synthetic_np128,84,128,1,0.076389790,0.071553230,500745,411161,1001490
synthetic_np128,84,128,2,0.099341869,0.095126867,500745,411161,1001490
synthetic_np128,84,128,3,0.274007559,0.269705772,500745,411161,1001490
synthetic_np128,84,128,4,0.080119371,0.075613737,500745,411161,1001490
synthetic_np128,84,128,5,0.081548929,0.076819658,500745,411161,1001490
synthetic_np128,84,128,6,0.264095068,0.258430243,500745,411161,1001490
synthetic_np128,84,128,7,0.277025938,0.273268938,500745,411161,1001490
synthetic_np128,84,128,8,0.081776619,0.076580048,500745,411161,1001490
synthetic_np128,84,128,9,0.079063416,0.074896097,500745,411161,1001490
synthetic_np128,85,128,0,0.275270700,0.271168947,499713,410548,999426
synthetic_np128,85,128,1,0.074572802,0.070618629,499713,410548,999426
synthetic_np128,85,128,2,0.098435640,0.094214201,499713,410548,999426
synthetic_np128,85,128,3,0.273339033,0.269634962,499713,410548,999426
synthetic_np128,85,128,4,0.079035044,0.075325012,499713,410548,999426
synthetic_np128,85,128,5,0.080391645,0.076324224,499713,410548,999426
synthetic_np128,85,128,6,0.262800694,0.257772207,499713,410548,999426
synthetic_np128,85,128,7,0.275685072,0.272940636,499713,410548,999426
synthetic_np128,85,128,8,0.081262827,0.077404976,499713,410548,999426
synthetic_np128,85,128,9,0.078127623,0.072603941,499713,410548,999426
synthetic_np128,86,128,0,0.275436401,0.271752596,499939,410760,999878
synthetic_np128,86,128,1,0.074577332,0.070537329,499939,410760,999878
synthetic_np128,86,128,2,0.098604202,0.094791412,499939,410760,999878
synthetic_np128,86,128,3,0.273297787,0.269359112,499939,410760,999878
synthetic_np128,86,128,4,0.079060078,0.075298786,499939,410760,999878
synthetic_np128,86,128,5,0.080497742,0.076634407,499939,410760,999878
synthetic_np128,86,128,6,0.262594461,0.257582188,499939,410760,999878
synthetic_np128,86,128,7,0.276136637,0.273625374,499939,410760,999878
synthetic_np128,86,128,8,0.078755140,0.074204922,499939,410760,999878
synthetic_np128,86,128,9,0.079128981,0.074965715,499939,410760,999878
synthetic_np128,87,128,0,0.274689198,0.269867897,499928,410283,999856
synthetic_np128,87,128,1,0.074583292,0.070385456,499928,410283,999856
synthetic_np128,87,128,2,0.098622799,0.094708443,499928,410283,999856
synthetic_np128,87,128,3,0.273218870,0.268878698,499928,410283,999856
synthetic_np128,87,128,4,0.079108715,0.075279713,499928,410283,999856
synthetic_np128,87,128,5,0.080571413,0.076688051,499928,410283,999856
synthetic_np128,87,128,6,0.262626410,0.257509708,499928,410283,999856
synthetic_np128,87,128,7,0.276228905,0.273627281,499928,410283,999856
synthetic_np128,87,128,8,0.080694437,0.075469494,499928,410283,999856
synthetic_np128,87,128,9,0.079069853,0.074447393,499928,410283,999856
synthetic_np128,88,128,0,0.279208660,0.273078680,500468,411040,1000936
synthetic_np128,88,128,1,0.079888821,0.073110104,500468,411040,1000936
synthetic_np128,88,128,2,0.103815794,0.097293854,500468,411040,1000936
synthetic_np128,88,128,3,0.278649330,0.271893263,500468,411040,1000936
synthetic_np128,88,128,4,0.084081650,0.077299595,500468,411040,1000936
synthetic_np128,88,128,5,0.084293604,0.078231573,500468,411040,1000936
synthetic_np128,88,128,6,0.265134811,0.258763075,500468,411040,1000936
synthetic_np128,88,128,7,0.279481173,0.274392128,500468,411040,1000936
synthetic_np128,88,128,8,0.084511280,0.079032183,500468,411040,1000936
synthetic_np128,88,128,9,0.081377029,0.076013803,500468,411040,1000936
synthetic_np128,89,128,0,0.279054403,0.272899151,500287,410809,1000574
synthetic_np128,89,128,1,0.079883337,0.073171139,500287,410809,1000574
synthetic_np128,89,128,2,0.104275942,0.096939087,500287,410809,1000574
synthetic_np128,89,128,3,0.279345751,0.272027731,500287,410809,1000574
synthetic_np128,89,128,4,0.084166765,0.078155041,500287,410809,1000574
synthetic_np128,89,128,5,0.084302425,0.078300476,500287,410809,1000574
synthetic_np128,89,128,6,0.265057802,0.258694649,500287,410809,1000574
synthetic_np128,89,128,7,0.279757738,0.276063681,500287,410809,1000574
synthetic_np128,89,128,8,0.084174871,0.077196121,500287,410809,1000574
synthetic_np128,89,128,9,0.081330538,0.076041698,500287,410809,1000574
synthetic_np128,90,128,0,0.274999380,0.269514561,501234,411285,1002468
synthetic_np128,90,128,1,0.075057745,0.070564508,501234,411285,1002468
synthetic_np128,90,128,2,0.099203587,0.094737768,501234,411285,1002468
synthetic_np128,90,128,3,0.273550272,0.268077612,501234,411285,1002468
synthetic_np128,90,128,4,0.080058575,0.076179981,501234,411285,1002468
synthetic_np128,90,128,5,0.081423521,0.076390743,501234,411285,1002468
synthetic_np128,90,128,6,0.262766361,0.257456303,501234,411285,1002468
synthetic_np128,90,128,7,0.277687311,0.274803400,501234,411285,1002468
synthetic_np128,90,128,8,0.080814362,0.075696230,501234,411285,1002468
synthetic_np128,90,128,9,0.078940392,0.074533463,501234,411285,1002468
synthetic_np128,91,128,0,0.275624514,0.270711899,500606,410932,1001212
synthetic_np128,91,128,1,0.075065851,0.070541143,500606,410932,1001212
synthetic_np128,91,128,2,0.099144697,0.094606400,500606,410932,1001212
synthetic_np128,91,128,3,0.273722649,0.268764973,500606,410932,1001212
synthetic_np128,91,128,4,0.080034494,0.076142788,500606,410932,1001212
synthetic_np128,91,128,5,0.081500053,0.076960564,500606,410932,1001212
synthetic_np128,91,128,6,0.262747526,0.257444143,500606,410932,1001212
synthetic_np128,91,128,7,0.277672529,0.274770975,500606,410932,1001212
synthetic_np128,91,128,8,0.080804586,0.075702667,500606,410932,1001212
synthetic_np128,91,128,9,0.078930616,0.074584961,500606,410932,1001212
synthetic_np128,92,128,0,0.278556824,0.269879818,499998,410613,999996
synthetic_np128,92,128,1,0.079871893,0.072890520,499998,410613,999996
synthetic_np128,92,128,2,0.103769541,0.096898079,499998,410613,999996
synthetic_np128,92,128,3,0.278483868,0.270889759,499998,410613,999996
synthetic_np128,92,128,4,0.084195375,0.078078032,499998,410613,999996
synthetic_np128,92,128,5,0.083998919,0.076386213,499998,410613,999996
synthetic_np128,92,128,6,0.265029907,0.258532763,499998,410613,999996
synthetic_np128,92,128,7,0.279811382,0.276015282,499998,410613,999996
synthetic_np128,92,128,8,0.084526062,0.079050541,499998,410613,999996
synthetic_np128,92,128,9,0.081256866,0.075222731,499998,410613,999996
synthetic_np128,93,128,0,0.278743029,0.270721674,500022,410579,1000044
synthetic_np128,93,128,1,0.079853773,0.073048592,500022,410579,1000044
synthetic_np128,93,128,2,0.103743076,0.097031832,500022,410579,1000044
synthetic_np128,93,128,3,0.278594017,0.271871567,500022,410579,1000044
synthetic_np128,93,128,4,0.084196806,0.078262806,500022,410579,1000044
synthetic_np128,93,128,5,0.084272861,0.078001499,500022,410579,1000044
synthetic_np128,93,128,6,0.264976740,0.258497953,500022,410579,1000044
synthetic_np128,93,128,7,0.279737949,0.275999069,500022,410579,1000044
synthetic_np128,93,128,8,0.084438562,0.078814983,500022,410579,1000044
synthetic_np128,93,128,9,0.080889702,0.073698521,500022,410579,1000044
synthetic_np128,94,128,0,0.275888443,0.271818161,499851,410519,999702
synthetic_np128,94,128,1,0.075175047,0.070856571,499851,410519,999702
synthetic_np128,94,128,2,0.099226236,0.094731808,499851,410519,999702
synthetic_np128,94,128,3,0.273907661,0.269576550,499851,410519,999702
synthetic_np128,94,128,4,0.080135345,0.076272964,499851,410519,999702
synthetic_np128,94,128,5,0.081325054,0.075851679,499851,410519,999702
synthetic_np128,94,128,6,0.262625933,0.257285595,499851,410519,999702
synthetic_np128,94,128,7,0.277655125,0.274726152,499851,410519,999702
synthetic_np128,94,128,8,0.080996752,0.076269388,499851,410519,999702
synthetic_np128,94,128,9,0.079076529,0.074988365,499851,410519,999702
synthetic_np128,95,128,0,0.277957439,0.269058228,499612,410377,999224
synthetic_np128,95,128,1,0.079860926,0.073269129,499612,410377,999224
synthetic_np128,95,128,2,0.103684664,0.096960068,499612,410377,999224
synthetic_np128,95,128,3,0.278322220,0.270424128,499612,410377,999224
synthetic_np128,95,128,4,0.084153891,0.078219652,499612,410377,999224
synthetic_np128,95,128,5,0.083698273,0.075690985,499612,410377,999224
synthetic_np128,95,128,6,0.265052557,0.258638859,499612,410377,999224
synthetic_np128,95,128,7,0.279737234,0.275963545,499612,410377,999224
synthetic_np128,95,128,8,0.084329367,0.077949762,499612,410377,999224
synthetic_np128,95,128,9,0.081146240,0.074970722,499612,410377,999224
synthetic_np128,96,128,0,0.273070335,0.270627022,499807,410526,999614
synthetic_np128,96,128,1,0.080542088,0.076683283,499807,410526,999614
synthetic_np128,96,128,2,0.095450878,0.093091488,499807,410526,999614
synthetic_np128,96,128,3,0.270448446,0.267961502,499807,410526,999614
synthetic_np128,96,128,4,0.086539984,0.082752228,499807,410526,999614
synthetic_np128,96,128,5,0.077241421,0.074794292,499807,410526,999614
synthetic_np128,96,128,6,0.268327713,0.263671160,499807,410526,999614
synthetic_np128,96,128,7,0.286322594,0.281758070,499807,410526,999614
synthetic_np128,96,128,8,0.086803436,0.082917690,499807,410526,999614
synthetic_np128,96,128,9,0.076397657,0.073550463,499807,410526,999614
synthetic_np128,97,128,0,0.277634382,0.269812822,500229,410681,1000458
synthetic_np128,97,128,1,0.091328382,0.081145287,500229,410681,1000458
synthetic_np128,97,128,2,0.098154545,0.093320608,500229,410681,1000458
synthetic_np128,97,128,3,0.274253368,0.269169092,500229,410681,1000458
synthetic_np128,97,128,4,0.097932339,0.088348150,500229,410681,1000458
synthetic_np128,97,128,5,0.081477165,0.075811148,500229,410681,1000458
synthetic_np128,97,128,6,0.286289215,0.272294998,500229,410681,1000458
synthetic_np128,97,128,7,0.295624971,0.286178112,500229,410681,1000458
synthetic_np128,97,128,8,0.093821764,0.084561586,500229,410681,1000458
synthetic_np128,97,128,9,0.083004713,0.075314999,500229,410681,1000458
synthetic_np128,98,128,0,0.275851488,0.271403551,500412,410757,1000824
synthetic_np128,98,128,1,0.089016914,0.082734108,500412,410757,1000824
synthetic_np128,98,128,2,0.081150055,0.075373888,500412,410757,1000824
synthetic_np128,98,128,3,0.271613359,0.268645525,500412,410757,1000824
synthetic_np128,98,128,4,0.095833540,0.089861155,500412,410757,1000824
synthetic_np128,98,128,5,0.078445911,0.074990511,500412,410757,1000824
synthetic_np128,98,128,6,0.271007538,0.264447927,500412,410757,1000824
synthetic_np128,98,128,7,0.293645144,0.287785292,500412,410757,1000824
synthetic_np128,98,128,8,0.091677904,0.085889101,500412,410757,1000824
synthetic_np128,98,128,9,0.080446959,0.075225353,500412,410757,1000824
synthetic_np128,99,128,0,0.278222799,0.271656275,498978,409783,997956
synthetic_np128,99,128,1,0.091160536,0.080978394,498978,409783,997956
synthetic_np128,99,128,2,0.082824945,0.073970795,498978,409783,997956
synthetic_np128,99,128,3,0.274209261,0.269073009,498978,409783,997956
synthetic_np128,99,128,4,0.097662926,0.087553024,498978,409783,997956
synthetic_np128,99,128,5,0.081186771,0.075200081,498978,409783,997956
synthetic_np128,99,128,6,0.286069870,0.271980762,498978,409783,997956
synthetic_np128,99,128,7,0.295219898,0.285087347,498978,409783,997956
synthetic_np128,99,128,8,0.093688250,0.084479570,498978,409783,997956
synthetic_np128,99,128,9,0.082867622,0.075224400,498978,409783,997956
synthetic_np128,100,128,0,0.273025990,0.270590305,500061,411041,1000122
synthetic_np128,100,128,1,0.080850601,0.077693701,500061,411041,1000122
synthetic_np128,100,128,2,0.074224472,0.071278334,500061,411041,1000122
synthetic_np128,100,128,3,0.270425558,0.267952204,500061,411041,1000122
synthetic_np128,100,128,4,0.087357283,0.084389687,500061,411041,1000122
synthetic_np128,100,128,5,0.076474190,0.073890686,500061,411041,1000122
synthetic_np128,100,128,6,0.268344402,0.263705730,500061,411041,1000122
synthetic_np128,100,128,7,0.287692547,0.283909559,500061,411041,1000122
synthetic_np128,100,128,8,0.086777925,0.082895279,500061,411041,1000122
synthetic_np128,100,128,9,0.076395750,0.073593140,500061,411041,1000122
synthetic_np128,101,128,0,0.277153730,0.268265009,499928,410839,999856
synthetic_np128,101,128,1,0.091312647,0.081018925,499928,410839,999856
synthetic_np128,101,128,2,0.083043575,0.074159145,499928,410839,999856
synthetic_np128,101,128,3,0.273971319,0.268486023,499928,410839,999856
synthetic_np128,101,128,4,0.097973108,0.088402748,499928,410839,999856
synthetic_np128,101,128,5,0.081175804,0.074937344,499928,410839,999856
synthetic_np128,101,128,6,0.286287069,0.272233486,499928,410839,999856
synthetic_np128,101,128,7,0.295718431,0.286420822,499928,410839,999856
synthetic_np128,101,128,8,0.093847275,0.084720373,499928,410839,999856
synthetic_np128,101,128,9,0.082997561,0.075300932,499928,410839,999856
synthetic_np128,102,128,0,0.275079250,0.268618822,500014,410653,1000028
synthetic_np128,102,128,1,0.088982821,0.082671404,500014,410653,1000028
synthetic_np128,102,128,2,0.081146479,0.075378895,500014,410653,1000028
synthetic_np128,102,128,3,0.271706581,0.269032240,500014,410653,1000028
synthetic_np128,102,128,4,0.095842838,0.089880228,500014,410653,1000028
synthetic_np128,102,128,5,0.078448534,0.075131893,500014,410653,1000028
synthetic_np128,102,128,6,0.270941496,0.264382124,500014,410653,1000028
synthetic_np128,102,128,7,0.293604851,0.287770987,500014,410653,1000028
synthetic_np128,102,128,8,0.091642380,0.085792780,500014,410653,1000028
synthetic_np128,102,128,9,0.080424070,0.075021505,500014,410653,1000028
synthetic_np128,103,128,0,0.268166542,0.265611649,500404,410496,1000808
synthetic_np128,103,128,1,0.080965519,0.077770710,500404,410496,1000808
synthetic_np128,103,128,2,0.074003458,0.070538282,500404,410496,1000808
synthetic_np128,103,128,3,0.269904613,0.267136812,500404,410496,1000808
synthetic_np128,103,128,4,0.087148428,0.083752155,500404,410496,1000808
synthetic_np128,103,128,5,0.076562166,0.073916435,500404,410496,1000808
synthetic_np128,103,128,6,0.268524647,0.263820648,500404,410496,1000808
synthetic_np128,103,128,7,0.287759304,0.284002066,500404,410496,1000808
synthetic_np128,103,128,8,0.086800575,0.082817078,500404,410496,1000808
synthetic_np128,103,128,9,0.075523615,0.072078466,500404,410496,1000808
synthetic_np128,104,128,0,0.276389837,0.268230677,499431,410949,998862
synthetic_np128,104,128,1,0.089607000,0.079960108,499431,410949,998862
synthetic_np128,104,128,2,0.082153320,0.073742628,499431,410949,998862
synthetic_np128,104,128,3,0.268690825,0.262418747,499431,410949,998862
synthetic_np128,104,128,4,0.096645355,0.087673664,499431,410949,998862
synthetic_np128,104,128,5,0.078498840,0.071225166,499431,410949,998862
synthetic_np128,104,128,6,0.292071581,0.280408382,499431,410949,998862
synthetic_np128,104,128,7,0.288232327,0.284292698,499431,410949,998862
synthetic_np128,104,128,8,0.087167740,0.082825422,499431,410949,998862
synthetic_np128,104,128,9,0.074611425,0.070685148,499431,410949,998862
synthetic_np128,105,128,0,0.275098324,0.268677235,499781,410517,999562
synthetic_np128,105,128,1,0.089021206,0.082643509,499781,410517,999562
synthetic_np128,105,128,2,0.081179142,0.075326681,499781,410517,999562
synthetic_np128,105,128,3,0.266052008,0.262409925,499781,410517,999562
synthetic_np128,105,128,4,0.093837500,0.082696915,499781,410517,999562
synthetic_np128,105,128,5,0.075733900,0.069746971,499781,410517,999562
synthetic_np128,105,128,6,0.270984888,0.264353275,499781,410517,999562
synthetic_np128,105,128,7,0.293634653,0.287660360,499781,410517,999562
synthetic_np128,105,128,8,0.090468645,0.080727339,499781,410517,999562
synthetic_np128,105,128,9,0.079881191,0.072442770,499781,410517,999562
synthetic_np128,106,128,0,0.267862082,0.265222311,500212,410642,1000424
synthetic_np128,106,128,1,0.080862522,0.077748299,500212,410642,1000424
synthetic_np128,106,128,2,0.074213028,0.071342707,500212,410642,1000424
synthetic_np128,106,128,3,0.262625933,0.260179281,500212,410642,1000424
synthetic_np128,106,128,4,0.086637497,0.082869530,500212,410642,1000424
synthetic_np128,106,128,5,0.070810795,0.068478823,500212,410642,1000424
synthetic_np128,106,128,6,0.268394947,0.263767719,500212,410642,1000424
synthetic_np128,106,128,7,0.287085533,0.282338381,500212,410642,1000424
synthetic_np128,106,128,8,0.086752653,0.082855225,500212,410642,1000424
synthetic_np128,106,128,9,0.074305534,0.070626020,500212,410642,1000424
synthetic_np128,107,128,0,0.277090549,0.268063545,499774,410647,999548
synthetic_np128,107,128,1,0.091357708,0.080838919,499774,410647,999548
synthetic_np128,107,128,2,0.082938910,0.073834419,499774,410647,999548
synthetic_np128,107,128,3,0.269031286,0.262246609,499774,410647,999548
synthetic_np128,107,128,4,0.097894192,0.087675571,499774,410647,999548
synthetic_np128,107,128,5,0.078430176,0.070023775,499774,410647,999548
synthetic_np128,107,128,6,0.285861969,0.271463871,499774,410647,999548
synthetic_np128,107,128,7,0.295542479,0.285203218,499774,410647,999548
synthetic_np128,107,128,8,0.093930006,0.084659100,499774,410647,999548
synthetic_np128,107,128,9,0.082251549,0.072463751,499774,410647,999548
synthetic_np128,108,128,0,0.277138948,0.268076897,499963,410792,999926
synthetic_np128,108,128,1,0.091376305,0.081175089,499963,410792,999926
synthetic_np128,108,128,2,0.082980156,0.073878765,499963,410792,999926
synthetic_np128,108,128,3,0.268974066,0.262415648,499963,410792,999926
synthetic_np128,108,128,4,0.098063469,0.088332891,499963,410792,999926
synthetic_np128,108,128,5,0.077786446,0.068840504,499963,410792,999926
synthetic_np128,108,128,6,0.286699533,0.272796154,499963,410792,999926
synthetic_np128,108,128,7,0.295752287,0.286189795,499963,410792,999926
synthetic_np128,108,128,8,0.093917847,0.084433079,499963,410792,999926
synthetic_np128,108,128,9,0.082083464,0.072230101,499963,410792,999926
synthetic_np128,109,128,0,0.268172026,0.265609503,500381,411042,1000762
synthetic_np128,109,128,1,0.080864191,0.077555418,500381,411042,1000762
synthetic_np128,109,128,2,0.074328423,0.071440220,500381,411042,1000762
synthetic_np128,109,128,3,0.262742281,0.260264635,500381,411042,1000762
synthetic_np128,109,128,4,0.087247610,0.084095478,500381,411042,1000762
synthetic_np128,109,128,5,0.068967342,0.066472530,500381,411042,1000762
synthetic_np128,109,128,6,0.268464327,0.263779640,500381,411042,1000762
synthetic_np128,109,128,7,0.287665844,0.283658743,500381,411042,1000762
synthetic_np128,109,128,8,0.086786747,0.082690716,500381,411042,1000762
synthetic_np128,109,128,9,0.074324131,0.070605755,500381,411042,1000762
synthetic_np128,110,128,0,0.275115490,0.268616915,499352,409960,998704
synthetic_np128,110,128,1,0.088989973,0.082452536,499352,409960,998704
synthetic_np128,110,128,2,0.081054449,0.074762821,499352,409960,998704
synthetic_np128,110,128,3,0.266035557,0.262252569,499352,409960,998704
synthetic_np128,110,128,4,0.095799923,0.089313269,499352,409960,998704
synthetic_np128,110,128,5,0.075079203,0.068506241,499352,409960,998704
synthetic_np128,110,128,6,0.271112680,0.264526129,499352,409960,998704
synthetic_np128,110,128,7,0.293677092,0.287758589,499352,409960,998704
synthetic_np128,110,128,8,0.091677666,0.085824013,499352,409960,998704
synthetic_np128,110,128,9,0.079878092,0.072447062,499352,409960,998704
synthetic_np128,111,128,0,0.273708820,0.264388084,499239,409727,998478
synthetic_np128,111,128,1,0.088381290,0.079884529,499239,409727,998478
synthetic_np128,111,128,2,0.080717325,0.073611975,499239,409727,998478
synthetic_np128,111,128,3,0.265989304,0.262354851,499239,409727,998478
synthetic_np128,111,128,4,0.095789433,0.089773417,499239,409727,998478
synthetic_np128,111,128,5,0.074502468,0.068054914,499239,409727,998478
synthetic_np128,111,128,6,0.270019293,0.262945890,499239,409727,998478
synthetic_np128,111,128,7,0.293472767,0.287364006,499239,409727,998478
synthetic_np128,111,128,8,0.091600418,0.085794926,499239,409727,998478
synthetic_np128,111,128,9,0.079596996,0.071648598,499239,409727,998478
synthetic_np128,112,128,0,0.274960041,0.267978668,500366,410524,1000732
synthetic_np128,112,128,1,0.088739157,0.081633329,500366,410524,1000732
synthetic_np128,112,128,2,0.081088066,0.075229645,500366,410524,1000732
synthetic_np128,112,128,3,0.265791655,0.261136055,500366,410524,1000732
synthetic_np128,112,128,4,0.095866203,0.089922190,500366,410524,1000732
synthetic_np128,112,128,5,0.075113297,0.068740606,500366,410524,1000732
synthetic_np128,112,128,6,0.271000147,0.264447927,500366,410524,1000732
synthetic_np128,112,128,7,0.293597221,0.287786484,500366,410524,1000732
synthetic_np128,112,128,8,0.091639757,0.085859776,500366,410524,1000732
synthetic_np128,112,128,9,0.079890490,0.072511196,500366,410524,1000732
synthetic_np128,113,128,0,0.275923967,0.268635035,500987,411327,1001974
synthetic_np128,113,128,1,0.088963032,0.082744122,500987,411327,1001974
synthetic_np128,113,128,2,0.081054688,0.075112343,500987,411327,1001974
synthetic_np128,113,128,3,0.265499830,0.259661674,500987,411327,1001974
synthetic_np128,113,128,4,0.095731735,0.089514971,500987,411327,1001974
synthetic_np128,113,128,5,0.074618578,0.068406343,500987,411327,1001974
synthetic_np128,113,128,6,0.271137476,0.264661551,500987,411327,1001974
synthetic_np128,113,128,7,0.293563843,0.287732363,500987,411327,1001974
synthetic_np128,113,128,8,0.091610670,0.085843086,500987,411327,1001974
synthetic_np128,113,128,9,0.079841137,0.072508574,500987,411327,1001974
synthetic_np128,114,128,0,0.277078390,0.267761230,499528,410546,999056
synthetic_np128,114,128,1,0.091363430,0.080473900,499528,410546,999056
synthetic_np128,114,128,2,0.082313776,0.074273586,499528,410546,999056
synthetic_np128,114,128,3,0.268631458,0.261975050,499528,410546,999056
synthetic_np128,114,128,4,0.096690178,0.087729692,499528,410546,999056
synthetic_np128,114,128,5,0.077255249,0.067897558,499528,410546,999056
synthetic_np128,114,128,6,0.292309761,0.281226158,499528,410546,999056
synthetic_np128,114,128,7,0.288685322,0.284283638,499528,410546,999056
synthetic_np128,114,128,8,0.087489128,0.082426071,499528,410546,999056
synthetic_np128,114,128,9,0.074938059,0.070660353,499528,410546,999056
synthetic_np128,115,128,0,0.276689768,0.267416477,500262,411169,1000524
synthetic_np128,115,128,1,0.090753317,0.079958916,500262,411169,1000524
synthetic_np128,115,128,2,0.082543135,0.073429823,500262,411169,1000524
synthetic_np128,115,128,3,0.268642187,0.262020826,500262,411169,1000524
synthetic_np128,115,128,4,0.097383499,0.087028980,500262,411169,1000524
synthetic_np128,115,128,5,0.077105045,0.067125082,500262,411169,1000524
synthetic_np128,115,128,6,0.284470797,0.270009756,500262,411169,1000524
synthetic_np128,115,128,7,0.295320988,0.286018372,500262,411169,1000524
synthetic_np128,115,128,8,0.093415976,0.084041119,500262,411169,1000524
synthetic_np128,115,128,9,0.081733942,0.071931362,500262,411169,1000524
synthetic_np128,116,128,0,0.274933100,0.267911434,499187,410187,998374
synthetic_np128,116,128,1,0.089025021,0.082725763,499187,410187,998374
synthetic_np128,116,128,2,0.080839396,0.073971033,499187,410187,998374
synthetic_np128,116,128,3,0.254225492,0.251816273,499187,410187,998374
synthetic_np128,116,128,4,0.095829248,0.089864969,499187,410187,998374
synthetic_np128,116,128,5,0.074898005,0.068520784,499187,410187,998374
synthetic_np128,116,128,6,0.271040678,0.264517069,499187,410187,998374
synthetic_np128,116,128,7,0.293582916,0.287702322,499187,410187,998374
synthetic_np128,116,128,8,0.091658831,0.085919619,499187,410187,998374
synthetic_np128,116,128,9,0.079846621,0.072455883,499187,410187,998374
synthetic_np128,117,128,0,0.073853970,0.068868876,501462,411552,1002924
synthetic_np128,117,128,1,0.091403961,0.080947399,501462,411552,1002924
synthetic_np128,117,128,2,0.082746506,0.072765589,501462,411552,1002924
synthetic_np128,117,128,3,0.257312298,0.252100229,501462,411552,1002924
synthetic_np128,117,128,4,0.097876549,0.087711573,501462,411552,1002924
synthetic_np128,117,128,5,0.078029633,0.068968296,501462,411552,1002924
synthetic_np128,117,128,6,0.285185337,0.270806551,501462,411552,1002924
synthetic_np128,117,128,7,0.295784235,0.286480904,501462,411552,1002924
synthetic_np128,117,128,8,0.093986750,0.084753275,501462,411552,1002924
synthetic_np128,117,128,9,0.082230091,0.072334528,501462,411552,1002924
synthetic_np128,118,128,0,0.073576212,0.068665504,498845,410111,997690
synthetic_np128,118,128,1,0.091146469,0.080840111,498845,410111,997690
synthetic_np128,118,128,2,0.082021952,0.070469856,498845,410111,997690
synthetic_np128,118,128,3,0.068240166,0.063399315,498845,410111,997690
synthetic_np128,118,128,4,0.097769499,0.088011742,498845,410111,997690
synthetic_np128,118,128,5,0.077192783,0.067418814,498845,410111,997690
synthetic_np128,118,128,6,0.282805443,0.267751932,498845,410111,997690
synthetic_np128,118,128,7,0.295524597,0.285735607,498845,410111,997690
synthetic_np128,118,128,8,0.093499899,0.083471060,498845,410111,997690
synthetic_np128,118,128,9,0.081757784,0.071597576,498845,410111,997690
synthetic_np128,119,128,0,0.070400715,0.068142891,498806,409749,997612
synthetic_np128,119,128,1,0.080836535,0.077689648,498806,409749,997612
synthetic_np128,119,128,2,0.074194670,0.071307182,498806,409749,997612
synthetic_np128,119,128,3,0.065338850,0.063075542,498806,409749,997612
synthetic_np128,119,128,4,0.087097406,0.083873034,498806,409749,997612
synthetic_np128,119,128,5,0.068708420,0.066257477,498806,409749,997612
synthetic_np128,119,128,6,0.268304825,0.263683558,498806,409749,997612
synthetic_np128,119,128,7,0.287683725,0.284019947,498806,409749,997612
synthetic_np128,119,128,8,0.086630344,0.082359076,498806,409749,997612
synthetic_np128,119,128,9,0.074223995,0.070490837,498806,409749,997612
synthetic_np128,120,128,0,0.073294640,0.070839167,501903,411642,1003806
synthetic_np128,120,128,1,0.077827930,0.075224161,501903,411642,1003806
synthetic_np128,120,128,2,0.070162058,0.067631960,501903,411642,1003806
synthetic_np128,120,128,3,0.064731836,0.062221766,501903,411642,1003806
synthetic_np128,120,128,4,0.086547852,0.084075689,501903,411642,1003806
synthetic_np128,120,128,5,0.066907883,0.064354181,501903,411642,1003806
synthetic_np128,120,128,6,0.263206959,0.259082556,501903,411642,1003806
synthetic_np128,120,128,7,0.285888672,0.283367872,501903,411642,1003806
synthetic_np128,120,128,8,0.083932638,0.081449270,501903,411642,1003806
synthetic_np128,120,128,9,0.072171926,0.069684505,501903,411642,1003806
synthetic_np128,121,128,0,0.073262215,0.070909023,499347,410022,998694
synthetic_np128,121,128,1,0.078879118,0.076538324,499347,410022,998694
synthetic_np128,121,128,2,0.071531057,0.069181204,499347,410022,998694
synthetic_np128,121,128,3,0.064385653,0.062036753,499347,410022,998694
synthetic_np128,121,128,4,0.086413622,0.084077835,499347,410022,998694
synthetic_np128,121,128,5,0.066212893,0.063856840,499347,410022,998694
synthetic_np128,121,128,6,0.264401197,0.260345459,499347,410022,998694
synthetic_np128,121,128,7,0.285739183,0.283368826,499347,410022,998694
synthetic_np128,121,128,8,0.083802700,0.081467867,499347,410022,998694
synthetic_np128,121,128,9,0.071894646,0.069547653,499347,410022,998694
synthetic_np128,122,128,0,0.072888613,0.070310593,500720,411338,1001440
synthetic_np128,122,128,1,0.079307795,0.076799154,500720,411338,1001440
synthetic_np128,122,128,2,0.071665287,0.069190025,500720,411338,1001440
synthetic_np128,122,128,3,0.064618111,0.062089682,500720,411338,1001440
synthetic_np128,122,128,4,0.086429358,0.083902597,500720,411338,1001440
synthetic_np128,122,128,5,0.066978455,0.064413786,500720,411338,1001440
synthetic_np128,122,128,6,0.263231277,0.259080648,500720,411338,1001440
synthetic_np128,122,128,7,0.285896778,0.283342361,500720,411338,1001440
synthetic_np128,122,128,8,0.084048510,0.081543922,500720,411338,1001440
synthetic_np128,122,128,9,0.072170734,0.069669008,500720,411338,1001440
synthetic_np128,123,128,0,0.073069334,0.070596218,500053,410571,1000106
synthetic_np128,123,128,1,0.079213381,0.076750755,500053,410571,1000106
synthetic_np128,123,128,2,0.071672440,0.069255352,500053,410571,1000106
synthetic_np128,123,128,3,0.064516783,0.062019110,500053,410571,1000106
synthetic_np128,123,128,4,0.086423635,0.083956003,500053,410571,1000106
synthetic_np128,123,128,5,0.067157269,0.064682007,500053,410571,1000106
synthetic_np128,123,128,6,0.264511347,0.260393143,500053,410571,1000106
synthetic_np128,123,128,7,0.285572290,0.283003330,500053,410571,1000106
synthetic_np128,123,128,8,0.083550453,0.080968857,500053,410571,1000106
synthetic_np128,123,128,9,0.071994543,0.069512129,500053,410571,1000106
synthetic_np128,124,128,0,0.072990894,0.070768833,500737,410842,1001474
synthetic_np128,124,128,1,0.077588797,0.075363874,500737,410842,1001474
synthetic_np128,124,128,2,0.071281433,0.069056273,500737,410842,1001474
synthetic_np128,124,128,3,0.064066648,0.061856270,500737,410842,1001474
synthetic_np128,124,128,4,0.085885763,0.083678722,500737,410842,1001474
synthetic_np128,124,128,5,0.066724777,0.064514875,500737,410842,1001474
synthetic_np128,124,128,6,0.264920235,0.260928154,500737,410842,1001474
synthetic_np128,124,128,7,0.285224915,0.282980204,500737,410842,1001474
synthetic_np128,124,128,8,0.083484888,0.081245661,500737,410842,1001474
synthetic_np128,124,128,9,0.071694136,0.069488764,500737,410842,1001474
synthetic_np128,125,128,0,0.073037863,0.070587397,500670,411160,1001340
synthetic_np128,125,128,1,0.079062462,0.076620579,500670,411160,1001340
synthetic_np128,125,128,2,0.071306467,0.068846226,500670,411160,1001340
synthetic_np128,125,128,3,0.064534187,0.062086821,500670,411160,1001340
synthetic_np128,125,128,4,0.086152315,0.083694458,500670,411160,1001340
synthetic_np128,125,128,5,0.066908360,0.064446926,500670,411160,1001340
synthetic_np128,125,128,6,0.262005806,0.257946491,500670,411160,1001340
synthetic_np128,125,128,7,0.285804272,0.283328533,500670,411160,1001340
synthetic_np128,125,128,8,0.083787203,0.081354380,500670,411160,1001340
synthetic_np128,125,128,9,0.072014809,0.069584131,500670,411160,1001340
synthetic_np128,126,128,0,0.072761297,0.070400000,500655,410753,1001310
synthetic_np128,126,128,1,0.077958345,0.075627804,500655,410753,1001310
synthetic_np128,126,128,2,0.071420908,0.069050550,500655,410753,1001310
synthetic_np128,126,128,3,0.063920498,0.061538458,500655,410753,1001310
synthetic_np128,126,128,4,0.086154222,0.083796740,500655,410753,1001310
synthetic_np128,126,128,5,0.066414356,0.064040899,500655,410753,1001310
synthetic_np128,126,128,6,0.264580727,0.260542393,500655,410753,1001310
synthetic_np128,126,128,7,0.285709620,0.283338547,500655,410753,1001310
synthetic_np128,126,128,8,0.083823681,0.081491232,500655,410753,1001310
synthetic_np128,126,128,9,0.071509361,0.069089174,500655,410753,1001310
synthetic_np128,127,128,0,0.072495222,0.070332527,500897,411355,1001794
synthetic_np128,127,128,1,0.076941729,0.074760437,500897,411355,1001794
synthetic_np128,127,128,2,0.071099997,0.068934917,500897,411355,1001794
synthetic_np128,127,128,3,0.063393831,0.061230898,500897,411355,1001794
synthetic_np128,127,128,4,0.085685253,0.083507299,500897,411355,1001794
synthetic_np128,127,128,5,0.066658974,0.064478397,500897,411355,1001794
synthetic_np128,127,128,6,0.263745070,0.259893894,500897,411355,1001794
synthetic_np128,127,128,7,0.285353899,0.283131838,500897,411355,1001794
synthetic_np128,127,128,8,0.083453178,0.081254482,500897,411355,1001794
synthetic_np128,127,128,9,0.071394682,0.069232464,500897,411355,1001794


=== SUMMARY METRICS TABLE ===
Matrix_Name,Num_Processes,Ghost_Entries_Min,Ghost_Entries_Avg,Ghost_Entries_Max,Load_Imbalance_Ratio,System_P90_Time,Total_GFLOPs
synthetic_np128,128,409727,410725.02,411905,1.0036,0.301592827,0.4245
=============================
