--- Generated Synthetic Matrix (Block Distribution) ---
Global Rows: 640000, Global Cols: 640000, Total NNZ: 32001849
Weak Scaling Mode: 10000 rows/proc, 50 nnz/row (avg)
-----------------------------------------------------
matrix_name,rank,num_procs,run,elapsed_time,comm_time,local_nz,ghost_entries,local_flops
synthetic_np64,0,64,0,0.047548056,0.040278435,499697,341421,999394
synthetic_np64,0,64,1,0.048761606,0.040763140,499697,341421,999394
synthetic_np64,0,64,2,0.049949169,0.042086363,499697,341421,999394
synthetic_np64,0,64,3,0.050509691,0.042261839,499697,341421,999394
synthetic_np64,0,64,4,0.050713062,0.039372206,499697,341421,999394
synthetic_np64,0,64,5,0.050052881,0.040652990,499697,341421,999394
synthetic_np64,0,64,6,0.049657822,0.040908337,499697,341421,999394
synthetic_np64,0,64,7,0.050353289,0.040322304,499697,341421,999394
synthetic_np64,0,64,8,0.050487280,0.040181398,499697,341421,999394
synthetic_np64,0,64,9,0.050031662,0.038503885,499697,341421,999394
synthetic_np64,1,64,0,0.040002108,0.037517071,500589,341942,1001178
synthetic_np64,1,64,1,0.039810896,0.037310839,500589,341942,1001178
synthetic_np64,1,64,2,0.041705847,0.039201260,500589,341942,1001178
synthetic_np64,1,64,3,0.041680813,0.039271116,500589,341942,1001178
synthetic_np64,1,64,4,0.040416479,0.037875652,500589,341942,1001178
synthetic_np64,1,64,5,0.041992188,0.039598703,500589,341942,1001178
synthetic_np64,1,64,6,0.042266607,0.039854288,500589,341942,1001178
synthetic_np64,1,64,7,0.042286873,0.039907217,500589,341942,1001178
synthetic_np64,1,64,8,0.043033838,0.040687799,500589,341942,1001178
synthetic_np64,1,64,9,0.041354656,0.038858652,500589,341942,1001178
synthetic_np64,2,64,0,0.039995670,0.037520170,500392,341509,1000784
synthetic_np64,2,64,1,0.039578915,0.037058830,500392,341509,1000784
synthetic_np64,2,64,2,0.042126417,0.039762497,500392,341509,1000784
synthetic_np64,2,64,3,0.041139364,0.038682938,500392,341509,1000784
synthetic_np64,2,64,4,0.041375399,0.038979769,500392,341509,1000784
synthetic_np64,2,64,5,0.039869308,0.037304163,500392,341509,1000784
synthetic_np64,2,64,6,0.040280104,0.037839651,500392,341509,1000784
synthetic_np64,2,64,7,0.039516211,0.037019968,500392,341509,1000784
synthetic_np64,2,64,8,0.039300680,0.036840439,500392,341509,1000784
synthetic_np64,2,64,9,0.039496422,0.036973238,500392,341509,1000784
synthetic_np64,3,64,0,0.039443970,0.037168026,499137,340822,998274
synthetic_np64,3,64,1,0.039433241,0.037151814,499137,340822,998274
synthetic_np64,3,64,2,0.040338278,0.037977219,499137,340822,998274
synthetic_np64,3,64,3,0.039189100,0.036896706,499137,340822,998274
synthetic_np64,3,64,4,0.039226294,0.036965370,499137,340822,998274
synthetic_np64,3,64,5,0.039499044,0.037234068,499137,340822,998274
synthetic_np64,3,64,6,0.039300680,0.037015438,499137,340822,998274
synthetic_np64,3,64,7,0.039158583,0.036887169,499137,340822,998274
synthetic_np64,3,64,8,0.039262295,0.036983967,499137,340822,998274
synthetic_np64,3,64,9,0.039320707,0.036927700,499137,340822,998274
synthetic_np64,4,64,0,0.041104794,0.037833452,500260,341274,1000520
synthetic_np64,4,64,1,0.041044474,0.037825823,500260,341274,1000520
synthetic_np64,4,64,2,0.040107489,0.036754370,500260,341274,1000520
synthetic_np64,4,64,3,0.041250706,0.037637949,500260,341274,1000520
synthetic_np64,4,64,4,0.041304588,0.037754774,500260,341274,1000520
synthetic_np64,4,64,5,0.041118383,0.037535906,500260,341274,1000520
synthetic_np64,4,64,6,0.040584326,0.037310600,500260,341274,1000520
synthetic_np64,4,64,7,0.040766239,0.037323713,500260,341274,1000520
synthetic_np64,4,64,8,0.040894508,0.037265301,500260,341274,1000520
synthetic_np64,4,64,9,0.040747643,0.037214756,500260,341274,1000520
synthetic_np64,5,64,0,0.040847063,0.037193537,499413,341266,998826
synthetic_np64,5,64,1,0.040725708,0.037211895,499413,341266,998826
synthetic_np64,5,64,2,0.040957212,0.037762403,499413,341266,998826
synthetic_np64,5,64,3,0.041128635,0.037621737,499413,341266,998826
synthetic_np64,5,64,4,0.041182756,0.037570477,499413,341266,998826
synthetic_np64,5,64,5,0.041295290,0.038253069,499413,341266,998826
synthetic_np64,5,64,6,0.041443825,0.038348675,499413,341266,998826
synthetic_np64,5,64,7,0.040754318,0.037426949,499413,341266,998826
synthetic_np64,5,64,8,0.041429996,0.038554430,499413,341266,998826
synthetic_np64,5,64,9,0.040671349,0.037191868,499413,341266,998826
synthetic_np64,6,64,0,0.040934563,0.037856579,500448,341747,1000896
synthetic_np64,6,64,1,0.040799141,0.037602901,500448,341747,1000896
synthetic_np64,6,64,2,0.041166067,0.038266897,500448,341747,1000896
synthetic_np64,6,64,3,0.040960550,0.037230730,500448,341747,1000896
synthetic_np64,6,64,4,0.041078329,0.037378311,500448,341747,1000896
synthetic_np64,6,64,5,0.040840864,0.037047148,500448,341747,1000896
synthetic_np64,6,64,6,0.041860580,0.039103746,500448,341747,1000896
synthetic_np64,6,64,7,0.041923523,0.039261103,500448,341747,1000896
synthetic_np64,6,64,8,0.040781260,0.037226200,500448,341747,1000896
synthetic_np64,6,64,9,0.040422440,0.036893368,500448,341747,1000896
synthetic_np64,7,64,0,0.047472239,0.040039778,500378,341593,1000756
synthetic_np64,7,64,1,0.048712730,0.040820837,500378,341593,1000756
synthetic_np64,7,64,2,0.050050259,0.042067766,500378,341593,1000756
synthetic_np64,7,64,3,0.050439119,0.042312860,500378,341593,1000756
synthetic_np64,7,64,4,0.050842762,0.042581797,500378,341593,1000756
synthetic_np64,7,64,5,0.050388336,0.040573597,500378,341593,1000756
synthetic_np64,7,64,6,0.049016953,0.041881561,500378,341593,1000756
synthetic_np64,7,64,7,0.050210714,0.043314934,500378,341593,1000756
synthetic_np64,7,64,8,0.049900532,0.042083502,500378,341593,1000756
synthetic_np64,7,64,9,0.049651146,0.042599916,500378,341593,1000756
synthetic_np64,8,64,0,0.039684057,0.037325144,500404,342099,1000808
synthetic_np64,8,64,1,0.039377213,0.037045717,500404,342099,1000808
synthetic_np64,8,64,2,0.040054321,0.037612438,500404,342099,1000808
synthetic_np64,8,64,3,0.039777517,0.037428617,500404,342099,1000808
synthetic_np64,8,64,4,0.039416313,0.037110806,500404,342099,1000808
synthetic_np64,8,64,5,0.039568663,0.037249804,500404,342099,1000808
synthetic_np64,8,64,6,0.039700270,0.037350655,500404,342099,1000808
synthetic_np64,8,64,7,0.039482594,0.037155390,500404,342099,1000808
synthetic_np64,8,64,8,0.039441347,0.037126541,500404,342099,1000808
synthetic_np64,8,64,9,0.040361643,0.037894011,500404,342099,1000808
synthetic_np64,9,64,0,0.041095972,0.037838697,499563,341155,999126
synthetic_np64,9,64,1,0.040916920,0.037618399,499563,341155,999126
synthetic_np64,9,64,2,0.041089058,0.038025141,499563,341155,999126
synthetic_np64,9,64,3,0.041472435,0.038355589,499563,341155,999126
synthetic_np64,9,64,4,0.041499376,0.038362980,499563,341155,999126
synthetic_np64,9,64,5,0.041160345,0.037753820,499563,341155,999126
synthetic_np64,9,64,6,0.042032957,0.039287567,499563,341155,999126
synthetic_np64,9,64,7,0.040930510,0.037626266,499563,341155,999126
synthetic_np64,9,64,8,0.041113615,0.037807465,499563,341155,999126
synthetic_np64,9,64,9,0.041245461,0.038206577,499563,341155,999126
synthetic_np64,10,64,0,0.039709568,0.037216425,499058,341547,998116
synthetic_np64,10,64,1,0.039856672,0.037412167,499058,341547,998116
synthetic_np64,10,64,2,0.041352987,0.038877249,499058,341547,998116
synthetic_np64,10,64,3,0.040209532,0.037793398,499058,341547,998116
synthetic_np64,10,64,4,0.040204763,0.037742615,499058,341547,998116
synthetic_np64,10,64,5,0.039868832,0.037314177,499058,341547,998116
synthetic_np64,10,64,6,0.041920185,0.039546251,499058,341547,998116
synthetic_np64,10,64,7,0.039708376,0.037233114,499058,341547,998116
synthetic_np64,10,64,8,0.039518595,0.037090063,499058,341547,998116
synthetic_np64,10,64,9,0.040310144,0.037773132,499058,341547,998116
synthetic_np64,11,64,0,0.040997982,0.037936687,500616,342021,1001232
synthetic_np64,11,64,1,0.040918827,0.037868261,500616,342021,1001232
synthetic_np64,11,64,2,0.041935444,0.039230585,500616,342021,1001232
synthetic_np64,11,64,3,0.041547775,0.038534164,500616,342021,1001232
synthetic_np64,11,64,4,0.041711569,0.038439751,500616,342021,1001232
synthetic_np64,11,64,5,0.041534662,0.037938833,500616,342021,1001232
synthetic_np64,11,64,6,0.040884256,0.037463427,500616,342021,1001232
synthetic_np64,11,64,7,0.041682005,0.037933588,500616,342021,1001232
synthetic_np64,11,64,8,0.041600943,0.037770271,500616,342021,1001232
synthetic_np64,11,64,9,0.041424990,0.038318634,500616,342021,1001232
synthetic_np64,12,64,0,0.047560215,0.040012121,499496,341563,998992
synthetic_np64,12,64,1,0.048732996,0.040240049,499496,341563,998992
synthetic_np64,12,64,2,0.050107479,0.041909456,499496,341563,998992
synthetic_np64,12,64,3,0.050483942,0.041961432,499496,341563,998992
synthetic_np64,12,64,4,0.050737381,0.041602373,499496,341563,998992
synthetic_np64,12,64,5,0.050526381,0.040832520,499496,341563,998992
synthetic_np64,12,64,6,0.049139261,0.041973591,499496,341563,998992
synthetic_np64,12,64,7,0.049881458,0.040651321,499496,341563,998992
synthetic_np64,12,64,8,0.049755812,0.040698528,499496,341563,998992
synthetic_np64,12,64,9,0.050256968,0.041569233,499496,341563,998992
synthetic_np64,13,64,0,0.047558308,0.040251017,500675,341500,1001350
synthetic_np64,13,64,1,0.048722744,0.040559053,500675,341500,1001350
synthetic_np64,13,64,2,0.050158024,0.042416334,500675,341500,1001350
synthetic_np64,13,64,3,0.050449610,0.041935921,500675,341500,1001350
synthetic_np64,13,64,4,0.050888777,0.042838812,500675,341500,1001350
synthetic_np64,13,64,5,0.050773621,0.043265343,500675,341500,1001350
synthetic_np64,13,64,6,0.049138784,0.042144060,500675,341500,1001350
synthetic_np64,13,64,7,0.050035477,0.041961193,500675,341500,1001350
synthetic_np64,13,64,8,0.050191402,0.043479443,500675,341500,1001350
synthetic_np64,13,64,9,0.049760580,0.043108225,500675,341500,1001350
synthetic_np64,14,64,0,0.039326906,0.036689281,499431,341488,998862
synthetic_np64,14,64,1,0.038983822,0.036410093,499431,341488,998862
synthetic_np64,14,64,2,0.039595366,0.037177801,499431,341488,998862
synthetic_np64,14,64,3,0.040209055,0.037704229,499431,341488,998862
synthetic_np64,14,64,4,0.040697098,0.038205385,499431,341488,998862
synthetic_np64,14,64,5,0.040449381,0.037997723,499431,341488,998862
synthetic_np64,14,64,6,0.039171934,0.036814213,499431,341488,998862
synthetic_np64,14,64,7,0.040220022,0.037783384,499431,341488,998862
synthetic_np64,14,64,8,0.040224791,0.037844896,499431,341488,998862
synthetic_np64,14,64,9,0.041096687,0.038570642,499431,341488,998862
synthetic_np64,15,64,0,0.047212362,0.038659811,499823,341644,999646
synthetic_np64,15,64,1,0.048592806,0.040359735,499823,341644,999646
synthetic_np64,15,64,2,0.049772263,0.040700197,499823,341644,999646
synthetic_np64,15,64,3,0.050380468,0.041845798,499823,341644,999646
synthetic_np64,15,64,4,0.050843000,0.042018175,499823,341644,999646
synthetic_np64,15,64,5,0.050702572,0.041949272,499823,341644,999646
synthetic_np64,15,64,6,0.048402786,0.038681507,499823,341644,999646
synthetic_np64,15,64,7,0.049942255,0.041615009,499823,341644,999646
synthetic_np64,15,64,8,0.050003052,0.041952133,499823,341644,999646
synthetic_np64,15,64,9,0.049702168,0.042633533,499823,341644,999646
synthetic_np64,16,64,0,0.047315836,0.039721251,500949,341911,1001898
synthetic_np64,16,64,1,0.047823191,0.037128210,500949,341911,1001898
synthetic_np64,16,64,2,0.049669027,0.040590763,500949,341911,1001898
synthetic_np64,16,64,3,0.050337553,0.041839123,500949,341911,1001898
synthetic_np64,16,64,4,0.050765514,0.041949034,500949,341911,1001898
synthetic_np64,16,64,5,0.050738096,0.041903734,500949,341911,1001898
synthetic_np64,16,64,6,0.048172951,0.037984133,500949,341911,1001898
synthetic_np64,16,64,7,0.049992085,0.041561842,500949,341911,1001898
synthetic_np64,16,64,8,0.049987316,0.041768551,500949,341911,1001898
synthetic_np64,16,64,9,0.049656153,0.042535782,500949,341911,1001898
synthetic_np64,17,64,0,0.039094925,0.036731958,499337,341434,998674
synthetic_np64,17,64,1,0.038709879,0.036368132,499337,341434,998674
synthetic_np64,17,64,2,0.039416790,0.036994696,499337,341434,998674
synthetic_np64,17,64,3,0.039908886,0.037597656,499337,341434,998674
synthetic_np64,17,64,4,0.040228128,0.037945747,499337,341434,998674
synthetic_np64,17,64,5,0.040144205,0.037832737,499337,341434,998674
synthetic_np64,17,64,6,0.038729429,0.036420584,499337,341434,998674
synthetic_np64,17,64,7,0.039861679,0.037545443,499337,341434,998674
synthetic_np64,17,64,8,0.039938211,0.037634134,499337,341434,998674
synthetic_np64,17,64,9,0.040619612,0.038216591,499337,341434,998674
synthetic_np64,18,64,0,0.047334671,0.039324045,499432,341185,998864
synthetic_np64,18,64,1,0.047979832,0.037090063,499432,341185,998864
synthetic_np64,18,64,2,0.049706936,0.040507793,499432,341185,998864
synthetic_np64,18,64,3,0.050296545,0.041738510,499432,341185,998864
synthetic_np64,18,64,4,0.050648212,0.041803837,499432,341185,998864
synthetic_np64,18,64,5,0.050511599,0.041847229,499432,341185,998864
synthetic_np64,18,64,6,0.047844172,0.037093639,499432,341185,998864
synthetic_np64,18,64,7,0.049842834,0.041419268,499432,341185,998864
synthetic_np64,18,64,8,0.049748659,0.041517735,499432,341185,998864
synthetic_np64,18,64,9,0.049551010,0.042428255,499432,341185,998864
synthetic_np64,19,64,0,0.047257900,0.039444447,500520,341431,1001040
synthetic_np64,19,64,1,0.048607588,0.040664911,500520,341431,1001040
synthetic_np64,19,64,2,0.049644947,0.040454388,500520,341431,1001040
synthetic_np64,19,64,3,0.050318003,0.041697979,500520,341431,1001040
synthetic_np64,19,64,4,0.050764322,0.041795492,500520,341431,1001040
synthetic_np64,19,64,5,0.050758123,0.042402267,500520,341431,1001040
synthetic_np64,19,64,6,0.048992395,0.042350054,500520,341431,1001040
synthetic_np64,19,64,7,0.049839258,0.041381836,500520,341431,1001040
synthetic_np64,19,64,8,0.049918890,0.041821480,500520,341431,1001040
synthetic_np64,19,64,9,0.049617290,0.042370081,500520,341431,1001040
synthetic_np64,20,64,0,0.044929028,0.034689188,498357,340760,996714
synthetic_np64,20,64,1,0.048299074,0.039142132,498357,340760,996714
synthetic_np64,20,64,2,0.049768209,0.040408611,498357,340760,996714
synthetic_np64,20,64,3,0.050125599,0.041685820,498357,340760,996714
synthetic_np64,20,64,4,0.050410271,0.041706562,498357,340760,996714
synthetic_np64,20,64,5,0.050374031,0.041890860,498357,340760,996714
synthetic_np64,20,64,6,0.048640966,0.038992405,498357,340760,996714
synthetic_np64,20,64,7,0.049717188,0.041428328,498357,340760,996714
synthetic_np64,20,64,8,0.049766302,0.041388035,498357,340760,996714
synthetic_np64,20,64,9,0.049451351,0.042314053,498357,340760,996714
synthetic_np64,21,64,0,0.040942907,0.037681103,500524,341467,1001048
synthetic_np64,21,64,1,0.040747166,0.037259817,500524,341467,1001048
synthetic_np64,21,64,2,0.040230513,0.036968946,500524,341467,1001048
synthetic_np64,21,64,3,0.041294098,0.038024426,500524,341467,1001048
synthetic_np64,21,64,4,0.041421890,0.038290024,500524,341467,1001048
synthetic_np64,21,64,5,0.041296482,0.038293362,500524,341467,1001048
synthetic_np64,21,64,6,0.040586472,0.037395954,500524,341467,1001048
synthetic_np64,21,64,7,0.041233301,0.038225412,500524,341467,1001048
synthetic_np64,21,64,8,0.041122913,0.037912846,500524,341467,1001048
synthetic_np64,21,64,9,0.041288614,0.038346529,500524,341467,1001048
synthetic_np64,22,64,0,0.046684742,0.036711693,499652,340795,999304
synthetic_np64,22,64,1,0.048545599,0.040323019,499652,340795,999304
synthetic_np64,22,64,2,0.049605370,0.040212393,499652,340795,999304
synthetic_np64,22,64,3,0.050272465,0.041415453,499652,340795,999304
synthetic_np64,22,64,4,0.050547600,0.041539669,499652,340795,999304
synthetic_np64,22,64,5,0.050482035,0.041725397,499652,340795,999304
synthetic_np64,22,64,6,0.048969507,0.042239666,499652,340795,999304
synthetic_np64,22,64,7,0.049776554,0.041096449,499652,340795,999304
synthetic_np64,22,64,8,0.049894810,0.041859150,499652,340795,999304
synthetic_np64,22,64,9,0.049484491,0.042134762,499652,340795,999304
synthetic_np64,23,64,0,0.046236992,0.035404444,500151,341729,1000302
synthetic_np64,23,64,1,0.048556328,0.040490150,500151,341729,1000302
synthetic_np64,23,64,2,0.049737930,0.040114641,500151,341729,1000302
synthetic_np64,23,64,3,0.050260782,0.041370153,500151,341729,1000302
synthetic_np64,23,64,4,0.050614834,0.041537762,500151,341729,1000302
synthetic_np64,23,64,5,0.050753117,0.043237925,500151,341729,1000302
synthetic_np64,23,64,6,0.048655987,0.038957119,500151,341729,1000302
synthetic_np64,23,64,7,0.050119877,0.043175459,500151,341729,1000302
synthetic_np64,23,64,8,0.049996376,0.042771101,500151,341729,1000302
synthetic_np64,23,64,9,0.049590111,0.042162418,500151,341729,1000302
synthetic_np64,24,64,0,0.043151140,0.037675381,499802,341246,999604
synthetic_np64,24,64,1,0.043292046,0.038142443,499802,341246,999604
synthetic_np64,24,64,2,0.045648098,0.040617466,499802,341246,999604
synthetic_np64,24,64,3,0.045438051,0.040311813,499802,341246,999604
synthetic_np64,24,64,4,0.046364784,0.041418552,499802,341246,999604
synthetic_np64,24,64,5,0.046752214,0.041657448,499802,341246,999604
synthetic_np64,24,64,6,0.045970678,0.040796995,499802,341246,999604
synthetic_np64,24,64,7,0.046909094,0.041414022,499802,341246,999604
synthetic_np64,24,64,8,0.048114538,0.042934418,499802,341246,999604
synthetic_np64,24,64,9,0.046160698,0.040417194,499802,341246,999604
synthetic_np64,25,64,0,0.041083813,0.036802053,499404,341390,998808
synthetic_np64,25,64,1,0.041400433,0.037966967,499404,341390,998808
synthetic_np64,25,64,2,0.043592453,0.040708780,499404,341390,998808
synthetic_np64,25,64,3,0.043360472,0.040307999,499404,341390,998808
synthetic_np64,25,64,4,0.044278622,0.041229486,499404,341390,998808
synthetic_np64,25,64,5,0.044660807,0.041425705,499404,341390,998808
synthetic_np64,25,64,6,0.044166565,0.040917635,499404,341390,998808
synthetic_np64,25,64,7,0.044977903,0.041002750,499404,341390,998808
synthetic_np64,25,64,8,0.046146154,0.042117596,499404,341390,998808
synthetic_np64,25,64,9,0.044727325,0.041203022,499404,341390,998808
synthetic_np64,26,64,0,0.039846659,0.037436962,500000,341176,1000000
synthetic_np64,26,64,1,0.039858341,0.037412643,500000,341176,1000000
synthetic_np64,26,64,2,0.042489052,0.040021420,500000,341176,1000000
synthetic_np64,26,64,3,0.041950226,0.039533615,500000,341176,1000000
synthetic_np64,26,64,4,0.042966366,0.040533066,500000,341176,1000000
synthetic_np64,26,64,5,0.043585300,0.041093111,500000,341176,1000000
synthetic_np64,26,64,6,0.042340755,0.039956808,500000,341176,1000000
synthetic_np64,26,64,7,0.043843508,0.041456699,500000,341176,1000000
synthetic_np64,26,64,8,0.044331074,0.041985512,500000,341176,1000000
synthetic_np64,26,64,9,0.042831659,0.040338039,500000,341176,1000000
synthetic_np64,27,64,0,0.043259621,0.037788868,499775,341673,999550
synthetic_np64,27,64,1,0.043200970,0.037850142,499775,341673,999550
synthetic_np64,27,64,2,0.045667171,0.040575027,499775,341673,999550
synthetic_np64,27,64,3,0.045470715,0.040288448,499775,341673,999550
synthetic_np64,27,64,4,0.046306133,0.041203976,499775,341673,999550
synthetic_np64,27,64,5,0.046554565,0.041241407,499775,341673,999550
synthetic_np64,27,64,6,0.045982122,0.040749788,499775,341673,999550
synthetic_np64,27,64,7,0.047314882,0.042161465,499775,341673,999550
synthetic_np64,27,64,8,0.048068762,0.042808056,499775,341673,999550
synthetic_np64,27,64,9,0.046480417,0.041106701,499775,341673,999550
synthetic_np64,28,64,0,0.042998552,0.037092924,500428,341812,1000856
synthetic_np64,28,64,1,0.043046951,0.037022829,500428,341812,1000856
synthetic_np64,28,64,2,0.045913219,0.040649176,500428,341812,1000856
synthetic_np64,28,64,3,0.045586348,0.040091753,500428,341812,1000856
synthetic_np64,28,64,4,0.046556711,0.041294813,500428,341812,1000856
synthetic_np64,28,64,5,0.046530008,0.040904999,500428,341812,1000856
synthetic_np64,28,64,6,0.046107292,0.040607929,500428,341812,1000856
synthetic_np64,28,64,7,0.047518015,0.042170525,500428,341812,1000856
synthetic_np64,28,64,8,0.048103333,0.042644024,500428,341812,1000856
synthetic_np64,28,64,9,0.046504498,0.041040659,500428,341812,1000856
synthetic_np64,29,64,0,0.041438818,0.038140297,500584,341641,1001168
synthetic_np64,29,64,1,0.041410923,0.038135052,500584,341641,1001168
synthetic_np64,29,64,2,0.043526173,0.040622711,500584,341641,1001168
synthetic_np64,29,64,3,0.043274879,0.040177822,500584,341641,1001168
synthetic_np64,29,64,4,0.043771505,0.039897919,500584,341641,1001168
synthetic_np64,29,64,5,0.044301510,0.040303469,500584,341641,1001168
synthetic_np64,29,64,6,0.043935776,0.040305614,500584,341641,1001168
synthetic_np64,29,64,7,0.045191765,0.041878939,500584,341641,1001168
synthetic_np64,29,64,8,0.046297789,0.042845726,500584,341641,1001168
synthetic_np64,29,64,9,0.044419050,0.040300846,500584,341641,1001168
synthetic_np64,30,64,0,0.042808771,0.037838459,499658,341551,999316
synthetic_np64,30,64,1,0.042781353,0.038384199,499658,341551,999316
synthetic_np64,30,64,2,0.044928074,0.040810108,499658,341551,999316
synthetic_np64,30,64,3,0.044120073,0.040556192,499658,341551,999316
synthetic_np64,30,64,4,0.046686411,0.041985750,499658,341551,999316
synthetic_np64,30,64,5,0.048035145,0.042355061,499658,341551,999316
synthetic_np64,30,64,6,0.046682596,0.040967226,499658,341551,999316
synthetic_np64,30,64,7,0.048683643,0.042607069,499658,341551,999316
synthetic_np64,30,64,8,0.048967361,0.043468475,499658,341551,999316
synthetic_np64,30,64,9,0.046975613,0.041385651,499658,341551,999316
synthetic_np64,31,64,0,0.043094635,0.038390636,500400,341782,1000800
synthetic_np64,31,64,1,0.043002844,0.038582325,500400,341782,1000800
synthetic_np64,31,64,2,0.045041800,0.040700912,500400,341782,1000800
synthetic_np64,31,64,3,0.044228792,0.040433407,500400,341782,1000800
synthetic_np64,31,64,4,0.046255112,0.041674137,500400,341782,1000800
synthetic_np64,31,64,5,0.046338081,0.041878700,500400,341782,1000800
synthetic_np64,31,64,6,0.045036793,0.041027546,500400,341782,1000800
synthetic_np64,31,64,7,0.047241926,0.042874098,500400,341782,1000800
synthetic_np64,31,64,8,0.047275543,0.043397903,500400,341782,1000800
synthetic_np64,31,64,9,0.045442820,0.041361332,500400,341782,1000800
synthetic_np64,32,64,0,0.040250063,0.037632227,499851,341843,999702
synthetic_np64,32,64,1,0.040054321,0.037421942,499851,341843,999702
synthetic_np64,32,64,2,0.042715788,0.039876461,499851,341843,999702
synthetic_np64,32,64,3,0.044093847,0.040038824,499851,341843,999702
synthetic_np64,32,64,4,0.046221972,0.041066170,499851,341843,999702
synthetic_np64,32,64,5,0.046422005,0.041339874,499851,341843,999702
synthetic_np64,32,64,6,0.045517445,0.040412426,499851,341843,999702
synthetic_np64,32,64,7,0.047203541,0.042095900,499851,341843,999702
synthetic_np64,32,64,8,0.047548056,0.042621851,499851,341843,999702
synthetic_np64,32,64,9,0.045765638,0.040762424,499851,341843,999702
synthetic_np64,33,64,0,0.041472912,0.038192034,500058,341875,1000116
synthetic_np64,33,64,1,0.041404963,0.037889242,500058,341875,1000116
synthetic_np64,33,64,2,0.043555021,0.040593147,500058,341875,1000116
synthetic_np64,33,64,3,0.043395519,0.040374994,500058,341875,1000116
synthetic_np64,33,64,4,0.044285297,0.041054726,500058,341875,1000116
synthetic_np64,33,64,5,0.044713020,0.041552782,500058,341875,1000116
synthetic_np64,33,64,6,0.044152498,0.040884495,500058,341875,1000116
synthetic_np64,33,64,7,0.045195818,0.041833401,500058,341875,1000116
synthetic_np64,33,64,8,0.046004295,0.041619539,500058,341875,1000116
synthetic_np64,33,64,9,0.044591427,0.040906191,500058,341875,1000116
synthetic_np64,34,64,0,0.039390326,0.036852360,500455,341956,1000910
synthetic_np64,34,64,1,0.039636374,0.037057877,500455,341956,1000910
synthetic_np64,34,64,2,0.042042971,0.039429903,500455,341956,1000910
synthetic_np64,34,64,3,0.041550398,0.039018154,500455,341956,1000910
synthetic_np64,34,64,4,0.042558670,0.040004730,500455,341956,1000910
synthetic_np64,34,64,5,0.043376923,0.040708065,500455,341956,1000910
synthetic_np64,34,64,6,0.041881084,0.039409876,500455,341956,1000910
synthetic_np64,34,64,7,0.043018818,0.040521622,500455,341956,1000910
synthetic_np64,34,64,8,0.043372393,0.040953159,500455,341956,1000910
synthetic_np64,34,64,9,0.042891264,0.040400743,500455,341956,1000910
synthetic_np64,35,64,0,0.043061495,0.038638115,499757,341415,999514
synthetic_np64,35,64,1,0.042907715,0.038641214,499757,341415,999514
synthetic_np64,35,64,2,0.045057535,0.041240692,499757,341415,999514
synthetic_np64,35,64,3,0.044052362,0.040141821,499757,341415,999514
synthetic_np64,35,64,4,0.046225786,0.042033911,499757,341415,999514
synthetic_np64,35,64,5,0.046344280,0.042354584,499757,341415,999514
synthetic_np64,35,64,6,0.044975281,0.041219234,499757,341415,999514
synthetic_np64,35,64,7,0.047188759,0.043180943,499757,341415,999514
synthetic_np64,35,64,8,0.047185898,0.043451309,499757,341415,999514
synthetic_np64,35,64,9,0.045405149,0.041582108,499757,341415,999514
synthetic_np64,36,64,0,0.043245316,0.038629770,500107,341549,1000214
synthetic_np64,36,64,1,0.043046474,0.038658142,500107,341549,1000214
synthetic_np64,36,64,2,0.045131445,0.041044712,500107,341549,1000214
synthetic_np64,36,64,3,0.044037819,0.039546967,500107,341549,1000214
synthetic_np64,36,64,4,0.046280384,0.041759253,500107,341549,1000214
synthetic_np64,36,64,5,0.046276808,0.041326523,500107,341549,1000214
synthetic_np64,36,64,6,0.044987202,0.040715933,500107,341549,1000214
synthetic_np64,36,64,7,0.047290325,0.042983532,500107,341549,1000214
synthetic_np64,36,64,8,0.047261477,0.043195009,500107,341549,1000214
synthetic_np64,36,64,9,0.045445681,0.041037321,500107,341549,1000214
synthetic_np64,37,64,0,0.043217182,0.038836718,499866,341666,999732
synthetic_np64,37,64,1,0.043031454,0.038745165,499866,341666,999732
synthetic_np64,37,64,2,0.045112133,0.041142464,499866,341666,999732
synthetic_np64,37,64,3,0.044169188,0.040267467,499866,341666,999732
synthetic_np64,37,64,4,0.045967817,0.040175438,499866,341666,999732
synthetic_np64,37,64,5,0.046368122,0.042079449,499866,341666,999732
synthetic_np64,37,64,6,0.045033455,0.041084528,499866,341666,999732
synthetic_np64,37,64,7,0.047253132,0.042935133,499866,341666,999732
synthetic_np64,37,64,8,0.047187567,0.042940378,499866,341666,999732
synthetic_np64,37,64,9,0.045319080,0.040546656,499866,341666,999732
synthetic_np64,38,64,0,0.039993763,0.037232637,499454,341525,998908
synthetic_np64,38,64,1,0.039737701,0.037062407,499454,341525,998908
synthetic_np64,38,64,2,0.042762041,0.040069818,499454,341525,998908
synthetic_np64,38,64,3,0.042659044,0.039952755,499454,341525,998908
synthetic_np64,38,64,4,0.043333769,0.040718079,499454,341525,998908
synthetic_np64,38,64,5,0.043628454,0.041121006,499454,341525,998908
synthetic_np64,38,64,6,0.042975187,0.040282726,499454,341525,998908
synthetic_np64,38,64,7,0.044435024,0.041773319,499454,341525,998908
synthetic_np64,38,64,8,0.044811726,0.042320490,499454,341525,998908
synthetic_np64,38,64,9,0.042931080,0.040175200,499454,341525,998908
synthetic_np64,39,64,0,0.043205500,0.037862778,500506,341943,1001012
synthetic_np64,39,64,1,0.043159723,0.037714243,500506,341943,1001012
synthetic_np64,39,64,2,0.045172453,0.039358854,500506,341943,1001012
synthetic_np64,39,64,3,0.044806719,0.038780212,500506,341943,1001012
synthetic_np64,39,64,4,0.046305418,0.040894032,500506,341943,1001012
synthetic_np64,39,64,5,0.046339750,0.040838480,500506,341943,1001012
synthetic_np64,39,64,6,0.045446396,0.039351702,500506,341943,1001012
synthetic_np64,39,64,7,0.047154665,0.041766167,500506,341943,1001012
synthetic_np64,39,64,8,0.047487974,0.041532040,500506,341943,1001012
synthetic_np64,39,64,9,0.046156883,0.040585995,500506,341943,1001012
synthetic_np64,40,64,0,0.043348551,0.038988590,500811,342249,1001622
synthetic_np64,40,64,1,0.043071985,0.038717270,500811,342249,1001622
synthetic_np64,40,64,2,0.045099020,0.040868282,500811,342249,1001622
synthetic_np64,40,64,3,0.044310570,0.040505886,500811,342249,1001622
synthetic_np64,40,64,4,0.046280146,0.041674137,500811,342249,1001622
synthetic_np64,40,64,5,0.046054602,0.040282249,500811,342249,1001622
synthetic_np64,40,64,6,0.045098305,0.041089296,500811,342249,1001622
synthetic_np64,40,64,7,0.047309399,0.043014050,500811,342249,1001622
synthetic_np64,40,64,8,0.047273159,0.043104649,500811,342249,1001622
synthetic_np64,40,64,9,0.045536995,0.041479588,500811,342249,1001622
synthetic_np64,41,64,0,0.043104649,0.038792133,500625,341631,1001250
synthetic_np64,41,64,1,0.042834044,0.038129807,500625,341631,1001250
synthetic_np64,41,64,2,0.045077562,0.041228533,500625,341631,1001250
synthetic_np64,41,64,3,0.044219255,0.040579557,500625,341631,1001250
synthetic_np64,41,64,4,0.046257019,0.042069674,500625,341631,1001250
synthetic_np64,41,64,5,0.046386719,0.042390823,500625,341631,1001250
synthetic_np64,41,64,6,0.045052290,0.041311741,500625,341631,1001250
synthetic_np64,41,64,7,0.047227859,0.043196678,500625,341631,1001250
synthetic_np64,41,64,8,0.047235250,0.043476343,500625,341631,1001250
synthetic_np64,41,64,9,0.045418262,0.041552782,500625,341631,1001250
synthetic_np64,42,64,0,0.041293621,0.037868261,500172,341496,1000344
synthetic_np64,42,64,1,0.041301966,0.037796497,500172,341496,1000344
synthetic_np64,42,64,2,0.043046951,0.039371014,500172,341496,1000344
synthetic_np64,42,64,3,0.043301344,0.040271997,500172,341496,1000344
synthetic_np64,42,64,4,0.042283058,0.038670778,500172,341496,1000344
synthetic_np64,42,64,5,0.043608665,0.039573669,500172,341496,1000344
synthetic_np64,42,64,6,0.043877363,0.040018559,500172,341496,1000344
synthetic_np64,42,64,7,0.044157505,0.040104628,500172,341496,1000344
synthetic_np64,42,64,8,0.045614004,0.041028738,500172,341496,1000344
synthetic_np64,42,64,9,0.044649601,0.041171789,500172,341496,1000344
synthetic_np64,43,64,0,0.043212891,0.038709879,500556,342309,1001112
synthetic_np64,43,64,1,0.043015242,0.038506746,500556,342309,1001112
synthetic_np64,43,64,2,0.044795275,0.039340734,500556,342309,1001112
synthetic_np64,43,64,3,0.043420792,0.038331747,500556,342309,1001112
synthetic_np64,43,64,4,0.046175241,0.040906191,500556,342309,1001112
synthetic_np64,43,64,5,0.046457767,0.042070150,500556,342309,1001112
synthetic_np64,43,64,6,0.045058012,0.041049242,500556,342309,1001112
synthetic_np64,43,64,7,0.047277451,0.042912245,500556,342309,1001112
synthetic_np64,43,64,8,0.046099424,0.040781021,500556,342309,1001112
synthetic_np64,43,64,9,0.043728590,0.038385630,500556,342309,1001112
synthetic_np64,44,64,0,0.039996624,0.037375689,500221,341492,1000442
synthetic_np64,44,64,1,0.039201021,0.036292315,500221,341492,1000442
synthetic_np64,44,64,2,0.042331219,0.039345980,500221,341492,1000442
synthetic_np64,44,64,3,0.042095184,0.038846731,500221,341492,1000442
synthetic_np64,44,64,4,0.042940378,0.040055513,500221,341492,1000442
synthetic_np64,44,64,5,0.043174505,0.040378809,500221,341492,1000442
synthetic_np64,44,64,6,0.041357756,0.038247585,500221,341492,1000442
synthetic_np64,44,64,7,0.043540239,0.040587187,500221,341492,1000442
synthetic_np64,44,64,8,0.044152260,0.041395903,500221,341492,1000442
synthetic_np64,44,64,9,0.042737961,0.039829254,500221,341492,1000442
synthetic_np64,45,64,0,0.043222189,0.038794994,499481,341334,998962
synthetic_np64,45,64,1,0.042755365,0.037359953,499481,341334,998962
synthetic_np64,45,64,2,0.045069456,0.040896416,499481,341334,998962
synthetic_np64,45,64,3,0.042464733,0.037454605,499481,341334,998962
synthetic_np64,45,64,4,0.046299934,0.042052746,499481,341334,998962
synthetic_np64,45,64,5,0.046418667,0.042365551,499481,341334,998962
synthetic_np64,45,64,6,0.044598103,0.039190769,499481,341334,998962
synthetic_np64,45,64,7,0.046978712,0.041619301,499481,341334,998962
synthetic_np64,45,64,8,0.045914412,0.040470123,499481,341334,998962
synthetic_np64,45,64,9,0.045363188,0.041104794,499481,341334,998962
synthetic_np64,46,64,0,0.043198347,0.038576365,501306,342034,1002612
synthetic_np64,46,64,1,0.042795658,0.037606955,501306,342034,1002612
synthetic_np64,46,64,2,0.041491985,0.037116766,501306,342034,1002612
synthetic_np64,46,64,3,0.041536331,0.037011385,501306,342034,1002612
synthetic_np64,46,64,4,0.045960665,0.040446043,501306,342034,1002612
synthetic_np64,46,64,5,0.045978069,0.040355682,501306,342034,1002612
synthetic_np64,46,64,6,0.042341232,0.037576199,501306,342034,1002612
synthetic_np64,46,64,7,0.047183037,0.042725325,501306,342034,1002612
synthetic_np64,46,64,8,0.047170401,0.042837620,501306,342034,1002612
synthetic_np64,46,64,9,0.045202494,0.040281534,501306,342034,1002612
synthetic_np64,47,64,0,0.040015936,0.037297487,500169,341929,1000338
synthetic_np64,47,64,1,0.038654804,0.035774946,500169,341929,1000338
synthetic_np64,47,64,2,0.039065123,0.036585331,500169,341929,1000338
synthetic_np64,47,64,3,0.040385246,0.037071228,500169,341929,1000338
synthetic_np64,47,64,4,0.039254189,0.037008762,500169,341929,1000338
synthetic_np64,47,64,5,0.039329052,0.037032604,500169,341929,1000338
synthetic_np64,47,64,6,0.042778254,0.039772987,500169,341929,1000338
synthetic_np64,47,64,7,0.038777113,0.036434174,500169,341929,1000338
synthetic_np64,47,64,8,0.042681217,0.039799690,500169,341929,1000338
synthetic_np64,47,64,9,0.041854620,0.038805962,500169,341929,1000338
synthetic_np64,48,64,0,0.045710087,0.039819241,500240,341810,1000480
synthetic_np64,48,64,1,0.045207024,0.039307356,500240,341810,1000480
synthetic_np64,48,64,2,0.045090675,0.040090561,500240,341810,1000480
synthetic_np64,48,64,3,0.044916868,0.039546728,500240,341810,1000480
synthetic_np64,48,64,4,0.045415640,0.040935040,500240,341810,1000480
synthetic_np64,48,64,5,0.045563221,0.040915012,500240,341810,1000480
synthetic_np64,48,64,6,0.044977188,0.040396452,500240,341810,1000480
synthetic_np64,48,64,7,0.045538187,0.041771889,500240,341810,1000480
synthetic_np64,48,64,8,0.045626640,0.042496920,500240,341810,1000480
synthetic_np64,48,64,9,0.045335293,0.040239096,500240,341810,1000480
synthetic_np64,49,64,0,0.045869112,0.039875031,499670,341574,999340
synthetic_np64,49,64,1,0.045271873,0.039261341,499670,341574,999340
synthetic_np64,49,64,2,0.045052290,0.039567232,499670,341574,999340
synthetic_np64,49,64,3,0.044986486,0.039399147,499670,341574,999340
synthetic_np64,49,64,4,0.045217514,0.039903402,499670,341574,999340
synthetic_np64,49,64,5,0.045313835,0.039662361,499670,341574,999340
synthetic_np64,49,64,6,0.044872522,0.039724112,499670,341574,999340
synthetic_np64,49,64,7,0.045297861,0.040778399,499670,341574,999340
synthetic_np64,49,64,8,0.045638323,0.042438984,499670,341574,999340
synthetic_np64,49,64,9,0.045266867,0.039485931,499670,341574,999340
synthetic_np64,50,64,0,0.045861483,0.039900541,499755,341172,999510
synthetic_np64,50,64,1,0.045180559,0.038961887,499755,341172,999510
synthetic_np64,50,64,2,0.044599295,0.037888527,499755,341172,999510
synthetic_np64,50,64,3,0.044909239,0.039361238,499755,341172,999510
synthetic_np64,50,64,4,0.045283794,0.040371180,499755,341172,999510
synthetic_np64,50,64,5,0.045507908,0.040628195,499755,341172,999510
synthetic_np64,50,64,6,0.044890881,0.039993048,499755,341172,999510
synthetic_np64,50,64,7,0.044924498,0.039900780,499755,341172,999510
synthetic_np64,50,64,8,0.045424700,0.041633606,499755,341172,999510
synthetic_np64,50,64,9,0.044748545,0.037437201,499755,341172,999510
synthetic_np64,51,64,0,0.046641588,0.039889097,500215,341989,1000430
synthetic_np64,51,64,1,0.045953274,0.039297342,500215,341989,1000430
synthetic_np64,51,64,2,0.045377731,0.038432837,500215,341989,1000430
synthetic_np64,51,64,3,0.045594454,0.038481236,500215,341989,1000430
synthetic_np64,51,64,4,0.045334339,0.038380861,500215,341989,1000430
synthetic_np64,51,64,5,0.045587778,0.038494587,500215,341989,1000430
synthetic_np64,51,64,6,0.044983149,0.038094282,500215,341989,1000430
synthetic_np64,51,64,7,0.045144081,0.038143158,500215,341989,1000430
synthetic_np64,51,64,8,0.045189619,0.038874388,500215,341989,1000430
synthetic_np64,51,64,9,0.045555592,0.038581133,500215,341989,1000430
synthetic_np64,52,64,0,0.039638281,0.037217379,500288,341398,1000576
synthetic_np64,52,64,1,0.039100170,0.036733389,500288,341398,1000576
synthetic_np64,52,64,2,0.039170980,0.036475182,500288,341398,1000576
synthetic_np64,52,64,3,0.038619757,0.035856962,500288,341398,1000576
synthetic_np64,52,64,4,0.039140224,0.036535025,500288,341398,1000576
synthetic_np64,52,64,5,0.039205313,0.036506414,500288,341398,1000576
synthetic_np64,52,64,6,0.039173603,0.036552191,500288,341398,1000576
synthetic_np64,52,64,7,0.038945675,0.036448002,500288,341398,1000576
synthetic_np64,52,64,8,0.041019201,0.038254976,500288,341398,1000576
synthetic_np64,52,64,9,0.039080381,0.036534786,500288,341398,1000576
synthetic_np64,53,64,0,0.045829773,0.039722681,499325,340962,998650
synthetic_np64,53,64,1,0.045227289,0.039238214,499325,340962,998650
synthetic_np64,53,64,2,0.044663429,0.038305759,499325,340962,998650
synthetic_np64,53,64,3,0.044613361,0.037852049,499325,340962,998650
synthetic_np64,53,64,4,0.044497728,0.037826538,499325,340962,998650
synthetic_np64,53,64,5,0.044799089,0.038343906,499325,340962,998650
synthetic_np64,53,64,6,0.044166803,0.037905216,499325,340962,998650
synthetic_np64,53,64,7,0.044067860,0.037606955,499325,340962,998650
synthetic_np64,53,64,8,0.045338154,0.041508436,499325,340962,998650
synthetic_np64,53,64,9,0.044951916,0.038537502,499325,340962,998650
synthetic_np64,54,64,0,0.045673609,0.039884329,499550,341106,999100
synthetic_np64,54,64,1,0.045048952,0.038944483,499550,341106,999100
synthetic_np64,54,64,2,0.044085979,0.036666155,499550,341106,999100
synthetic_np64,54,64,3,0.044277430,0.036947489,499550,341106,999100
synthetic_np64,54,64,4,0.044512987,0.038271904,499550,341106,999100
synthetic_np64,54,64,5,0.044730425,0.038393497,499550,341106,999100
synthetic_np64,54,64,6,0.044113874,0.037986279,499550,341106,999100
synthetic_np64,54,64,7,0.044069290,0.037892580,499550,341106,999100
synthetic_np64,54,64,8,0.043217421,0.037759066,499550,341106,999100
synthetic_np64,54,64,9,0.044701338,0.038452387,499550,341106,999100
synthetic_np64,55,64,0,0.042489767,0.037433147,500407,341771,1000814
synthetic_np64,55,64,1,0.041830540,0.036868811,500407,341771,1000814
synthetic_np64,55,64,2,0.041754961,0.036675215,500407,341771,1000814
synthetic_np64,55,64,3,0.041788578,0.036813498,500407,341771,1000814
synthetic_np64,55,64,4,0.041877031,0.036853313,500407,341771,1000814
synthetic_np64,55,64,5,0.042104006,0.036941528,500407,341771,1000814
synthetic_np64,55,64,6,0.041799068,0.036642313,500407,341771,1000814
synthetic_np64,55,64,7,0.041802168,0.036685467,500407,341771,1000814
synthetic_np64,55,64,8,0.041547775,0.036605358,500407,341771,1000814
synthetic_np64,55,64,9,0.041638374,0.036730528,500407,341771,1000814
synthetic_np64,56,64,0,0.045801401,0.039768457,500875,342122,1001750
synthetic_np64,56,64,1,0.045212269,0.039207935,500875,342122,1001750
synthetic_np64,56,64,2,0.044354200,0.037332296,500875,342122,1001750
synthetic_np64,56,64,3,0.043614149,0.035763025,500875,342122,1001750
synthetic_np64,56,64,4,0.043130398,0.035809755,500875,342122,1001750
synthetic_np64,56,64,5,0.044175625,0.036268711,500875,342122,1001750
synthetic_np64,56,64,6,0.042921782,0.035409927,500875,342122,1001750
synthetic_np64,56,64,7,0.043216705,0.035610676,500875,342122,1001750
synthetic_np64,56,64,8,0.043443441,0.037803411,500875,342122,1001750
synthetic_np64,56,64,9,0.044925928,0.038434505,500875,342122,1001750
synthetic_np64,57,64,0,0.045792103,0.039625168,499383,341061,998766
synthetic_np64,57,64,1,0.045235872,0.039226532,499383,341061,998766
synthetic_np64,57,64,2,0.044653177,0.038399458,499383,341061,998766
synthetic_np64,57,64,3,0.044732571,0.038497210,499383,341061,998766
synthetic_np64,57,64,4,0.044687510,0.038448811,499383,341061,998766
synthetic_np64,57,64,5,0.044906378,0.038442373,499383,341061,998766
synthetic_np64,57,64,6,0.044322729,0.038039923,499383,341061,998766
synthetic_np64,57,64,7,0.044282436,0.038252115,499383,341061,998766
synthetic_np64,57,64,8,0.043542385,0.037967443,499383,341061,998766
synthetic_np64,57,64,9,0.044966221,0.038681984,499383,341061,998766
synthetic_np64,58,64,0,0.045680761,0.039499283,500440,341788,1000880
synthetic_np64,58,64,1,0.045151711,0.039205313,500440,341788,1000880
synthetic_np64,58,64,2,0.044526815,0.038333416,500440,341788,1000880
synthetic_np64,58,64,3,0.044627666,0.038355112,500440,341788,1000880
synthetic_np64,58,64,4,0.044638395,0.038439274,500440,341788,1000880
synthetic_np64,58,64,5,0.044766188,0.038396358,500440,341788,1000880
synthetic_np64,58,64,6,0.044129848,0.037895679,500440,341788,1000880
synthetic_np64,58,64,7,0.044129133,0.038109541,500440,341788,1000880
synthetic_np64,58,64,8,0.043272257,0.037768841,500440,341788,1000880
synthetic_np64,58,64,9,0.044847727,0.038552046,500440,341788,1000880
synthetic_np64,59,64,0,0.045603514,0.038720608,500141,341633,1000282
synthetic_np64,59,64,1,0.044996738,0.038303137,500141,341633,1000282
synthetic_np64,59,64,2,0.044598341,0.038162470,500141,341633,1000282
synthetic_np64,59,64,3,0.044618845,0.038079023,500141,341633,1000282
synthetic_np64,59,64,4,0.044544935,0.038276672,500141,341633,1000282
synthetic_np64,59,64,5,0.044731617,0.038275719,500141,341633,1000282
synthetic_np64,59,64,6,0.043380499,0.035896540,500141,341633,1000282
synthetic_np64,59,64,7,0.043845415,0.036852598,500141,341633,1000282
synthetic_np64,59,64,8,0.043093920,0.037328243,500141,341633,1000282
synthetic_np64,59,64,9,0.044810295,0.038044930,500141,341633,1000282
synthetic_np64,60,64,0,0.045298815,0.038969994,499189,341165,998378
synthetic_np64,60,64,1,0.044839382,0.039217234,499189,341165,998378
synthetic_np64,60,64,2,0.044222355,0.038339615,499189,341165,998378
synthetic_np64,60,64,3,0.044291019,0.037937641,499189,341165,998378
synthetic_np64,60,64,4,0.044297218,0.038197756,499189,341165,998378
synthetic_np64,60,64,5,0.044477940,0.038472652,499189,341165,998378
synthetic_np64,60,64,6,0.043979883,0.038090944,499189,341165,998378
synthetic_np64,60,64,7,0.043930531,0.038213015,499189,341165,998378
synthetic_np64,60,64,8,0.042921305,0.037886381,499189,341165,998378
synthetic_np64,60,64,9,0.044440508,0.038579702,499189,341165,998378
synthetic_np64,61,64,0,0.045649052,0.039225101,499724,341457,999448
synthetic_np64,61,64,1,0.045085192,0.038876534,499724,341457,999448
synthetic_np64,61,64,2,0.044166565,0.036391020,499724,341457,999448
synthetic_np64,61,64,3,0.044626236,0.038258076,499724,341457,999448
synthetic_np64,61,64,4,0.044566870,0.038323164,499724,341457,999448
synthetic_np64,61,64,5,0.044621468,0.037914991,499724,341457,999448
synthetic_np64,61,64,6,0.044115543,0.037817001,499724,341457,999448
synthetic_np64,61,64,7,0.044064999,0.038007736,499724,341457,999448
synthetic_np64,61,64,8,0.042228699,0.035954475,499724,341457,999448
synthetic_np64,61,64,9,0.044426680,0.036756516,499724,341457,999448
synthetic_np64,62,64,0,0.045799017,0.039842129,500509,341476,1001018
synthetic_np64,62,64,1,0.045028448,0.038281918,500509,341476,1001018
synthetic_np64,62,64,2,0.044559717,0.038179636,500509,341476,1001018
synthetic_np64,62,64,3,0.044649124,0.038166046,500509,341476,1001018
synthetic_np64,62,64,4,0.044583559,0.038420439,500509,341476,1001018
synthetic_np64,62,64,5,0.044801950,0.038407803,500509,341476,1001018
synthetic_np64,62,64,6,0.044149876,0.037980318,500509,341476,1001018
synthetic_np64,62,64,7,0.044098616,0.038076639,500509,341476,1001018
synthetic_np64,62,64,8,0.043163300,0.037559986,500509,341476,1001018
synthetic_np64,62,64,9,0.044911861,0.038495779,500509,341476,1001018
synthetic_np64,63,64,0,0.042351484,0.037248135,500390,341705,1000780
synthetic_np64,63,64,1,0.041630030,0.036742449,500390,341705,1000780
synthetic_np64,63,64,2,0.041666031,0.036639452,500390,341705,1000780
synthetic_np64,63,64,3,0.041949987,0.036833286,500390,341705,1000780
synthetic_np64,63,64,4,0.041949511,0.036838770,500390,341705,1000780
synthetic_np64,63,64,5,0.042418957,0.036905527,500390,341705,1000780
synthetic_np64,63,64,6,0.041953325,0.036660910,500390,341705,1000780
synthetic_np64,63,64,7,0.041660309,0.036468267,500390,341705,1000780
synthetic_np64,63,64,8,0.041395187,0.036359310,500390,341705,1000780
synthetic_np64,63,64,9,0.041735888,0.036735535,500390,341705,1000780


=== SUMMARY METRICS TABLE ===
Matrix_Name,Num_Processes,Ghost_Entries_Min,Ghost_Entries_Avg,Ghost_Entries_Max,Load_Imbalance_Ratio,System_P90_Time,Total_GFLOPs
synthetic_np64,64,340760,341562.64,342309,1.0026,0.050888777,1.2577
=============================
