--- Generated Synthetic Matrix (Block Distribution) ---
Global Rows: 20000, Global Cols: 20000, Total NNZ: 1000809
Weak Scaling Mode: 10000 rows/proc, 50 nnz/row (avg)
-----------------------------------------------------
matrix_name,rank,num_procs,run,elapsed_time,comm_time,local_nz,ghost_entries,local_flops
synthetic_np2,0,2,0,0.000620604,0.000069857,499882,10000,999764
synthetic_np2,0,2,1,0.000597477,0.000059366,499882,10000,999764
synthetic_np2,0,2,2,0.000606775,0.000060797,499882,10000,999764
synthetic_np2,0,2,3,0.000597477,0.000059128,499882,10000,999764
synthetic_np2,0,2,4,0.000600815,0.000062704,499882,10000,999764
synthetic_np2,0,2,5,0.000602484,0.000057936,499882,10000,999764
synthetic_np2,0,2,6,0.000596523,0.000058413,499882,10000,999764
synthetic_np2,0,2,7,0.000601053,0.000056505,499882,10000,999764
synthetic_np2,0,2,8,0.000596285,0.000057936,499882,10000,999764
synthetic_np2,0,2,9,0.000602484,0.000063896,499882,10000,999764
synthetic_np2,1,2,0,0.000612736,0.000061750,500927,10000,1001854
synthetic_np2,1,2,1,0.000606060,0.000062227,500927,10000,1001854
synthetic_np2,1,2,2,0.000612736,0.000063419,500927,10000,1001854
synthetic_np2,1,2,3,0.000604153,0.000061035,500927,10000,1001854
synthetic_np2,1,2,4,0.000607252,0.000064373,500927,10000,1001854
synthetic_np2,1,2,5,0.000608683,0.000060797,500927,10000,1001854
synthetic_np2,1,2,6,0.000603914,0.000060320,500927,10000,1001854
synthetic_np2,1,2,7,0.000607491,0.000059366,500927,10000,1001854
synthetic_np2,1,2,8,0.000602245,0.000060081,500927,10000,1001854
synthetic_np2,1,2,9,0.000602722,0.000059605,500927,10000,1001854


=== SUMMARY METRICS TABLE ===
Matrix_Name,Num_Processes,Ghost_Entries_Min,Ghost_Entries_Avg,Ghost_Entries_Max,Load_Imbalance_Ratio,System_P90_Time,Total_GFLOPs
synthetic_np2,2,10000,10000.00,10000,1.0010,0.000620604,3.2253
=============================
