--- Generated Synthetic Matrix (Block Distribution) ---
Global Rows: 1280000, Global Cols: 1280000, Total NNZ: 64013097
Weak Scaling Mode: 10000 rows/proc, 50 nnz/row (avg)
-----------------------------------------------------
matrix_name,rank,num_procs,run,elapsed_time,comm_time,local_nz,ghost_entries,local_flops
synthetic_np128,0,128,0,1.562073946,1.559493780,499793,410605,999586
synthetic_np128,0,128,1,1.575687885,1.573190689,499793,410605,999586
synthetic_np128,0,128,2,1.604048252,1.601491213,499793,410605,999586
synthetic_np128,0,128,3,1.574182272,1.571608305,499793,410605,999586
synthetic_np128,0,128,4,1.487598658,1.485097408,499793,410605,999586
synthetic_np128,0,128,5,1.578954935,1.576466084,499793,410605,999586
synthetic_np128,0,128,6,1.596019506,1.593539715,499793,410605,999586
synthetic_np128,0,128,7,1.579348087,1.576884270,499793,410605,999586
synthetic_np128,0,128,8,1.563112974,1.560577154,499793,410605,999586
synthetic_np128,0,128,9,1.325103521,1.322602272,499793,410605,999586
synthetic_np128,1,128,0,1.309890032,1.307353258,500540,411444,1001080
synthetic_np128,1,128,1,1.597156763,1.594595194,500540,411444,1001080
synthetic_np128,1,128,2,1.326952696,1.324421644,500540,411444,1001080
synthetic_np128,1,128,3,1.387123823,1.384557009,500540,411444,1001080
synthetic_np128,1,128,4,1.333727121,1.331205368,500540,411444,1001080
synthetic_np128,1,128,5,1.579056501,1.576501131,500540,411444,1001080
synthetic_np128,1,128,6,1.596156359,1.593662977,500540,411444,1001080
synthetic_np128,1,128,7,1.585167885,1.582699776,500540,411444,1001080
synthetic_np128,1,128,8,1.585563183,1.583056688,500540,411444,1001080
synthetic_np128,1,128,9,1.325525999,1.323055744,500540,411444,1001080
synthetic_np128,2,128,0,1.573012114,1.570404768,500397,410904,1000794
synthetic_np128,2,128,1,1.597181559,1.594604492,500397,410904,1000794
synthetic_np128,2,128,2,1.333376884,1.330776691,500397,410904,1000794
synthetic_np128,2,128,3,1.321355820,1.318800688,500397,410904,1000794
synthetic_np128,2,128,4,1.333673477,1.331150770,500397,410904,1000794
synthetic_np128,2,128,5,1.579047918,1.576548815,500397,410904,1000794
synthetic_np128,2,128,6,1.596127987,1.593648911,500397,410904,1000794
synthetic_np128,2,128,7,1.585218668,1.582720518,500397,410904,1000794
synthetic_np128,2,128,8,1.595873356,1.593374014,500397,410904,1000794
synthetic_np128,2,128,9,1.322115183,1.319617271,500397,410904,1000794
synthetic_np128,3,128,0,1.331267118,1.328656673,499351,410141,998702
synthetic_np128,3,128,1,1.322120190,1.319562912,499351,410141,998702
synthetic_np128,3,128,2,1.333282948,1.330699205,499351,410141,998702
synthetic_np128,3,128,3,1.306242943,1.303687334,499351,410141,998702
synthetic_np128,3,128,4,1.333603144,1.331102848,499351,410141,998702
synthetic_np128,3,128,5,1.305722952,1.303202152,499351,410141,998702
synthetic_np128,3,128,6,1.585102081,1.582588911,499351,410141,998702
synthetic_np128,3,128,7,1.585183620,1.582648039,499351,410141,998702
synthetic_np128,3,128,8,1.321490288,1.319007397,499351,410141,998702
synthetic_np128,3,128,9,1.062509060,1.060064793,499351,410141,998702
synthetic_np128,4,128,0,1.309667349,1.307134151,500751,411091,1001502
synthetic_np128,4,128,1,1.432725906,1.430169106,500751,411091,1001502
synthetic_np128,4,128,2,1.593180895,1.590596914,500751,411091,1001502
synthetic_np128,4,128,3,1.574212551,1.571649075,500751,411091,1001502
synthetic_np128,4,128,4,1.580269575,1.577685356,500751,411091,1001502
synthetic_np128,4,128,5,1.315307140,1.312737226,500751,411091,1001502
synthetic_np128,4,128,6,1.420654774,1.418212652,500751,411091,1001502
synthetic_np128,4,128,7,1.321683645,1.319208622,500751,411091,1001502
synthetic_np128,4,128,8,1.595987558,1.593444824,500751,411091,1001502
synthetic_np128,4,128,9,1.300046921,1.297500134,500751,411091,1001502
synthetic_np128,5,128,0,1.331401587,1.328730583,499432,409909,998864
synthetic_np128,5,128,1,1.574081898,1.571482658,499432,409909,998864
synthetic_np128,5,128,2,1.333239317,1.330662251,499432,409909,998864
synthetic_np128,5,128,3,1.317250252,1.314687729,499432,409909,998864
synthetic_np128,5,128,4,1.333273888,1.330720663,499432,409909,998864
synthetic_np128,5,128,5,1.051244259,1.048737526,499432,409909,998864
synthetic_np128,5,128,6,1.322049379,1.319565535,499432,409909,998864
synthetic_np128,5,128,7,1.332144976,1.329611540,499432,409909,998864
synthetic_np128,5,128,8,1.310193777,1.307646751,499432,409909,998864
synthetic_np128,5,128,9,1.059208870,1.056655884,499432,409909,998864
synthetic_np128,6,128,0,1.315012455,1.312431097,500270,410942,1000540
synthetic_np128,6,128,1,1.332963228,1.330445051,500270,410942,1000540
synthetic_np128,6,128,2,1.322810650,1.320273399,500270,410942,1000540
synthetic_np128,6,128,3,1.596104145,1.593550205,500270,410942,1000540
synthetic_np128,6,128,4,1.591023684,1.588462591,500270,410942,1000540
synthetic_np128,6,128,5,1.326062202,1.323581696,500270,410942,1000540
synthetic_np128,6,128,6,1.300590992,1.298180342,500270,410942,1000540
synthetic_np128,6,128,7,1.431501865,1.429039717,500270,410942,1000540
synthetic_np128,6,128,8,1.354459763,1.351967335,500270,410942,1000540
synthetic_np128,6,128,9,1.059050322,1.056565046,500270,410942,1000540
synthetic_np128,7,128,0,1.314942122,1.312415600,500536,411042,1001072
synthetic_np128,7,128,1,1.332009554,1.329433441,500536,411042,1001072
synthetic_np128,7,128,2,1.322796583,1.320252419,500536,411042,1001072
synthetic_np128,7,128,3,1.326791525,1.324289799,500536,411042,1001072
synthetic_np128,7,128,4,1.591000795,1.588449955,500536,411042,1001072
synthetic_np128,7,128,5,1.128243685,1.125726938,500536,411042,1001072
synthetic_np128,7,128,6,1.322024584,1.319571018,500536,411042,1001072
synthetic_np128,7,128,7,1.332458496,1.330005884,500536,411042,1001072
synthetic_np128,7,128,8,1.321007013,1.318467855,500536,411042,1001072
synthetic_np128,7,128,9,1.058937788,1.056437254,500536,411042,1001072
synthetic_np128,8,128,0,1.342151642,1.339616299,500238,411041,1000476
synthetic_np128,8,128,1,1.837962151,1.835455894,500238,411041,1000476
synthetic_np128,8,128,2,1.333228588,1.330674648,500238,411041,1000476
synthetic_np128,8,128,3,1.317232609,1.314697981,500238,411041,1000476
synthetic_np128,8,128,4,1.333130836,1.330603361,500238,411041,1000476
synthetic_np128,8,128,5,1.337074518,1.334601164,500238,411041,1000476
synthetic_np128,8,128,6,1.574876547,1.572426796,500238,411041,1000476
synthetic_np128,8,128,7,1.552014828,1.549549341,500238,411041,1000476
synthetic_np128,8,128,8,1.595953465,1.593448162,500238,411041,1000476
synthetic_np128,8,128,9,1.596892118,1.594434023,500238,411041,1000476
synthetic_np128,9,128,0,1.062679291,1.060106277,499568,410446,999136
synthetic_np128,9,128,1,1.476205587,1.473634481,499568,410446,999136
synthetic_np128,9,128,2,1.322086334,1.319473267,499568,410446,999136
synthetic_np128,9,128,3,1.328224421,1.325590849,499568,410446,999136
synthetic_np128,9,128,4,1.305203915,1.302611351,499568,410446,999136
synthetic_np128,9,128,5,1.238258600,1.235668421,499568,410446,999136
synthetic_np128,9,128,6,1.311118841,1.308546543,499568,410446,999136
synthetic_np128,9,128,7,1.332547903,1.330006123,499568,410446,999136
synthetic_np128,9,128,8,1.310517788,1.307980537,499568,410446,999136
synthetic_np128,9,128,9,1.322232008,1.319631100,499568,410446,999136
synthetic_np128,10,128,0,1.315031290,1.312436819,499441,410506,998882
synthetic_np128,10,128,1,1.596048355,1.593471527,499441,410506,998882
synthetic_np128,10,128,2,1.321990013,1.319418907,499441,410506,998882
synthetic_np128,10,128,3,1.284204483,1.281580687,499441,410506,998882
synthetic_np128,10,128,4,1.327084303,1.324480534,499441,410506,998882
synthetic_np128,10,128,5,1.337113857,1.334565639,499441,410506,998882
synthetic_np128,10,128,6,1.344618797,1.342146873,499441,410506,998882
synthetic_np128,10,128,7,1.573864222,1.571371794,499441,410506,998882
synthetic_np128,10,128,8,1.596000910,1.593447685,499441,410506,998882
synthetic_np128,10,128,9,1.322951078,1.320410013,499441,410506,998882
synthetic_np128,11,128,0,0.919688940,0.917135000,500185,410992,1000370
synthetic_np128,11,128,1,1.574062824,1.571472645,500185,410992,1000370
synthetic_np128,11,128,2,1.069425106,1.066771030,500185,410992,1000370
synthetic_np128,11,128,3,1.058781147,1.056196451,500185,410992,1000370
synthetic_np128,11,128,4,1.332051039,1.329456329,500185,410992,1000370
synthetic_np128,11,128,5,1.126189709,1.046204805,500185,410992,1000370
synthetic_np128,11,128,6,1.311090708,1.308562517,500185,410992,1000370
synthetic_np128,11,128,7,1.332521915,1.330028057,500185,410992,1000370
synthetic_np128,11,128,8,1.321512699,1.318994045,500185,410992,1000370
synthetic_np128,11,128,9,1.059032917,1.056447744,500185,410992,1000370
synthetic_np128,12,128,0,1.315046072,1.312449694,499333,410116,998666
synthetic_np128,12,128,1,1.597096443,1.594580650,499333,410116,998666
synthetic_np128,12,128,2,1.310948849,1.308441639,499333,410116,998666
synthetic_np128,12,128,3,1.328137398,1.325577736,499333,410116,998666
synthetic_np128,12,128,4,1.326988459,1.324459791,499333,410116,998666
synthetic_np128,12,128,5,1.326034307,1.323563337,499333,410116,998666
synthetic_np128,12,128,6,1.344575167,1.342151165,499333,410116,998666
synthetic_np128,12,128,7,1.573921680,1.571446896,499333,410116,998666
synthetic_np128,12,128,8,1.584918499,1.582463741,499333,410116,998666
synthetic_np128,12,128,9,1.333894491,1.331437111,499333,410116,998666
synthetic_np128,13,128,0,1.073207140,1.070636034,500979,411414,1001958
synthetic_np128,13,128,1,1.573970318,1.571435213,500979,411414,1001958
synthetic_np128,13,128,2,1.124149799,1.121600628,500979,411414,1001958
synthetic_np128,13,128,3,1.058173895,1.055577517,500979,411414,1001958
synthetic_np128,13,128,4,1.049064159,1.046519041,500979,411414,1001958
synthetic_np128,13,128,5,1.073079109,1.070583820,500979,411414,1001958
synthetic_np128,13,128,6,1.310953856,1.308447599,500979,411414,1001958
synthetic_np128,13,128,7,1.331961632,1.329463720,500979,411414,1001958
synthetic_np128,13,128,8,1.331945419,1.329463482,500979,411414,1001958
synthetic_np128,13,128,9,1.048041582,1.045478106,500979,411414,1001958
synthetic_np128,14,128,0,1.073173761,1.070608854,499295,410461,998590
synthetic_np128,14,128,1,1.573988676,1.571439266,499295,410461,998590
synthetic_np128,14,128,2,1.058235645,1.055645466,499295,410461,998590
synthetic_np128,14,128,3,1.058263063,1.055571795,499295,410461,998590
synthetic_np128,14,128,4,1.052217007,1.049686909,499295,410461,998590
synthetic_np128,14,128,5,1.051237822,1.048650742,499295,410461,998590
synthetic_np128,14,128,6,1.322051764,1.319561720,499295,410461,998590
synthetic_np128,14,128,7,1.594978094,1.592441320,499295,410461,998590
synthetic_np128,14,128,8,1.573985577,1.571467638,499295,410461,998590
synthetic_np128,14,128,9,1.059624195,1.057090282,499295,410461,998590
synthetic_np128,15,128,0,1.062123537,1.059614897,499978,410648,999956
synthetic_np128,15,128,1,1.322736502,1.320215940,499978,410648,999956
synthetic_np128,15,128,2,0.937711954,0.935248375,499978,410648,999956
synthetic_np128,15,128,3,1.069144726,1.066601515,499978,410648,999956
synthetic_np128,15,128,4,1.107105017,1.104575634,499978,410648,999956
synthetic_np128,15,128,5,1.050982237,1.048537016,499978,410648,999956
synthetic_np128,15,128,6,1.222888231,1.220421314,499978,410648,999956
synthetic_np128,15,128,7,1.321901321,1.319440126,499978,410648,999956
synthetic_np128,15,128,8,1.332026482,1.329466581,499978,410648,999956
synthetic_np128,15,128,9,1.048029423,1.045503855,499978,410648,999956
synthetic_np128,16,128,0,1.595124483,1.592580318,500804,411166,1001608
synthetic_np128,16,128,1,1.586843252,1.584281206,500804,411166,1001608
synthetic_np128,16,128,2,1.582172394,1.579608202,500804,411166,1001608
synthetic_np128,16,128,3,1.574163198,1.571631908,500804,411166,1001608
synthetic_np128,16,128,4,1.580171585,1.577624083,500804,411166,1001608
synthetic_np128,16,128,5,1.337096214,1.334612608,500804,411166,1001608
synthetic_np128,16,128,6,1.607949495,1.605427504,500804,411166,1001608
synthetic_np128,16,128,7,1.573967457,1.571454763,500804,411166,1001608
synthetic_np128,16,128,8,1.508038759,1.505475760,500804,411166,1001608
synthetic_np128,16,128,9,1.322039127,1.319473028,500804,411166,1001608
synthetic_np128,17,128,0,1.595162153,1.592596531,499115,409982,998230
synthetic_np128,17,128,1,1.586393833,1.583804607,499115,409982,998230
synthetic_np128,17,128,2,1.582253933,1.579641819,499115,409982,998230
synthetic_np128,17,128,3,1.596178055,1.593597651,499115,409982,998230
synthetic_np128,17,128,4,1.569204569,1.566666126,499115,409982,998230
synthetic_np128,17,128,5,1.337068796,1.334607363,499115,409982,998230
synthetic_np128,17,128,6,1.311028481,1.308556080,499115,409982,998230
synthetic_np128,17,128,7,1.321063042,1.318583250,499115,409982,998230
synthetic_np128,17,128,8,1.332050800,1.329508781,499115,409982,998230
synthetic_np128,17,128,9,1.365996599,1.363470316,499115,409982,998230
synthetic_np128,18,128,0,1.595125198,1.592583656,499281,410175,998562
synthetic_np128,18,128,1,1.586238861,1.583737373,499281,410175,998562
synthetic_np128,18,128,2,1.575034380,1.572526455,499281,410175,998562
synthetic_np128,18,128,3,1.596191168,1.593643904,499281,410175,998562
synthetic_np128,18,128,4,1.569132566,1.566608667,499281,410175,998562
synthetic_np128,18,128,5,1.337042570,1.334577322,499281,410175,998562
synthetic_np128,18,128,6,1.310900450,1.308450460,499281,410175,998562
synthetic_np128,18,128,7,1.331926346,1.329478741,499281,410175,998562
synthetic_np128,18,128,8,1.331922770,1.329465628,499281,410175,998562
synthetic_np128,18,128,9,1.311011076,1.308501005,499281,410175,998562
synthetic_np128,19,128,0,1.452697515,1.450145721,500576,410969,1001152
synthetic_np128,19,128,1,1.574049711,1.571486950,500576,410969,1001152
synthetic_np128,19,128,2,1.333324194,1.330731153,500576,410969,1001152
synthetic_np128,19,128,3,1.328702927,1.326188087,500576,410969,1001152
synthetic_np128,19,128,4,1.333702326,1.331184149,500576,410969,1001152
synthetic_np128,19,128,5,1.040746927,1.038206816,500576,410969,1001152
synthetic_np128,19,128,6,1.058585882,1.056120872,500576,410969,1001152
synthetic_np128,19,128,7,1.331956148,1.329459667,500576,410969,1001152
synthetic_np128,19,128,8,1.311063051,1.308502436,500576,410969,1001152
synthetic_np128,19,128,9,1.234965563,1.232448578,500576,410969,1001152
synthetic_np128,20,128,0,1.573007107,1.570459843,498706,409848,997412
synthetic_np128,20,128,1,1.596093178,1.593556166,498706,409848,997412
synthetic_np128,20,128,2,1.585993052,1.583454847,498706,409848,997412
synthetic_np128,20,128,3,1.475175381,1.472622395,498706,409848,997412
synthetic_np128,20,128,4,1.316176891,1.313632965,498706,409848,997412
synthetic_np128,20,128,5,1.073005915,1.070485830,498706,409848,997412
synthetic_np128,20,128,6,1.311071157,1.308580160,498706,409848,997412
synthetic_np128,20,128,7,1.452923775,1.450452805,498706,409848,997412
synthetic_np128,20,128,8,1.596038818,1.593543291,498706,409848,997412
synthetic_np128,20,128,9,1.333954811,1.331483603,498706,409848,997412
synthetic_np128,21,128,0,1.572973967,1.570441246,500389,410350,1000778
synthetic_np128,21,128,1,1.585029840,1.582499504,500389,410350,1000778
synthetic_np128,21,128,2,1.586025715,1.583459377,500389,410350,1000778
synthetic_np128,21,128,3,1.585071325,1.582483292,500389,410350,1000778
synthetic_np128,21,128,4,1.337998629,1.335468531,500389,410350,1000778
synthetic_np128,21,128,5,1.050988197,1.048472881,500389,410350,1000778
synthetic_np128,21,128,6,1.321951389,1.319451332,500389,410350,1000778
synthetic_np128,21,128,7,1.320943594,1.318465710,500389,410350,1000778
synthetic_np128,21,128,8,1.585009098,1.582478285,500389,410350,1000778
synthetic_np128,21,128,9,1.333816767,1.331343174,500389,410350,1000778
synthetic_np128,22,128,0,1.550990820,1.548449278,499077,409849,998154
synthetic_np128,22,128,1,1.573933601,1.571456671,499077,409849,998154
synthetic_np128,22,128,2,1.333748817,1.331263304,499077,409849,998154
synthetic_np128,22,128,3,1.585051775,1.582472086,499077,409849,998154
synthetic_np128,22,128,4,1.337961435,1.335451365,499077,409849,998154
synthetic_np128,22,128,5,1.073012829,1.070545912,499077,409849,998154
synthetic_np128,22,128,6,1.310931683,1.308463573,499077,409849,998154
synthetic_np128,22,128,7,1.331822157,1.329377413,499077,409849,998154
synthetic_np128,22,128,8,1.595893621,1.593428850,499077,409849,998154
synthetic_np128,22,128,9,1.059624910,1.057136774,499077,409849,998154
synthetic_np128,23,128,0,1.073165178,1.070663691,500087,410601,1000174
synthetic_np128,23,128,1,1.333027840,1.330496073,500087,410601,1000174
synthetic_np128,23,128,2,1.333034515,1.330471516,500087,410601,1000174
synthetic_np128,23,128,3,1.328124523,1.325529337,500087,410601,1000174
synthetic_np128,23,128,4,1.060023546,1.057466507,500087,410601,1000174
synthetic_np128,23,128,5,1.061969757,1.059447765,500087,410601,1000174
synthetic_np128,23,128,6,1.332917690,1.330424070,500087,410601,1000174
synthetic_np128,23,128,7,1.310923100,1.308459282,500087,410601,1000174
synthetic_np128,23,128,8,1.320973873,1.318472624,500087,410601,1000174
synthetic_np128,23,128,9,1.069932222,1.067469597,500087,410601,1000174
synthetic_np128,24,128,0,1.600044012,1.597596645,499516,410399,999032
synthetic_np128,24,128,1,1.588015318,1.585569620,499516,410399,999032
synthetic_np128,24,128,2,1.322524071,1.320101261,499516,410399,999032
synthetic_np128,24,128,3,1.599954128,1.597507000,499516,410399,999032
synthetic_np128,24,128,4,1.322106361,1.319659948,499516,410399,999032
synthetic_np128,24,128,5,1.560654163,1.558216333,499516,410399,999032
synthetic_np128,24,128,6,1.594045877,1.591590643,499516,410399,999032
synthetic_np128,24,128,7,1.582107067,1.579659224,499516,410399,999032
synthetic_np128,24,128,8,1.848921537,1.846494198,499516,410399,999032
synthetic_np128,24,128,9,1.837945461,1.835516930,499516,410399,999032
synthetic_np128,25,128,0,1.314231873,1.311734438,499274,410098,998548
synthetic_np128,25,128,1,1.588043451,1.585559607,499274,410098,998548
synthetic_np128,25,128,2,1.281090498,1.278605461,499274,410098,998548
synthetic_np128,25,128,3,1.325096130,1.322591305,499274,410098,998548
synthetic_np128,25,128,4,1.377092123,1.374592066,499274,410098,998548
synthetic_np128,25,128,5,1.593035698,1.590531111,499274,410098,998548
synthetic_np128,25,128,6,1.582971096,1.580520153,499274,410098,998548
synthetic_np128,25,128,7,1.593050241,1.590548038,499274,410098,998548
synthetic_np128,25,128,8,1.581071854,1.578592777,499274,410098,998548
synthetic_np128,25,128,9,1.575992107,1.573539019,499274,410098,998548
synthetic_np128,26,128,0,1.314221621,1.311705828,500457,410622,1000914
synthetic_np128,26,128,1,1.588083744,1.585532904,500457,410622,1000914
synthetic_np128,26,128,2,1.322231054,1.319699287,500457,410622,1000914
synthetic_np128,26,128,3,1.314277887,1.311715126,500457,410622,1000914
synthetic_np128,26,128,4,1.061286688,1.058748484,500457,410622,1000914
synthetic_np128,26,128,5,1.472074509,1.469543219,500457,410622,1000914
synthetic_np128,26,128,6,1.572070360,1.569528580,500457,410622,1000914
synthetic_np128,26,128,7,1.593097925,1.590601444,500457,410622,1000914
synthetic_np128,26,128,8,1.581187963,1.578633785,500457,410622,1000914
synthetic_np128,26,128,9,1.587113380,1.584609747,500457,410622,1000914
synthetic_np128,27,128,0,1.336071968,1.333644867,499779,410575,999558
synthetic_np128,27,128,1,1.324059963,1.321646214,499779,410575,999558
synthetic_np128,27,128,2,1.324857950,1.322432995,499779,410575,999558
synthetic_np128,27,128,3,1.335933685,1.333527803,499779,410575,999558
synthetic_np128,27,128,4,1.060871840,1.058441401,499779,410575,999558
synthetic_np128,27,128,5,1.058505058,1.056087017,499779,410575,999558
synthetic_np128,27,128,6,1.330524445,1.328106880,499779,410575,999558
synthetic_np128,27,128,7,1.472046852,1.469625473,499779,410575,999558
synthetic_np128,27,128,8,1.317066431,1.314660311,499779,410575,999558
synthetic_np128,27,128,9,1.329034805,1.326618671,499779,410575,999558
synthetic_np128,28,128,0,1.325134516,1.322676420,500628,411234,1001256
synthetic_np128,28,128,1,1.357023478,1.354563236,500628,411234,1001256
synthetic_np128,28,128,2,1.322076559,1.319611788,500628,411234,1001256
synthetic_np128,28,128,3,1.325196505,1.322735548,500628,411234,1001256
synthetic_np128,28,128,4,1.061620951,1.059147120,500628,411234,1001256
synthetic_np128,28,128,5,1.329187870,1.326718092,500628,411234,1001256
synthetic_np128,28,128,6,1.330189466,1.327721357,500628,411234,1001256
synthetic_np128,28,128,7,1.582033634,1.579544544,500628,411234,1001256
synthetic_np128,28,128,8,1.361008644,1.358534098,500628,411234,1001256
synthetic_np128,28,128,9,1.837328434,1.576470137,500628,411234,1001256
synthetic_np128,29,128,0,1.325033903,1.322589397,499767,410288,999534
synthetic_np128,29,128,1,1.324162722,1.321737766,499767,410288,999534
synthetic_np128,29,128,2,1.325023413,1.322567463,499767,410288,999534
synthetic_np128,29,128,3,1.336029530,1.333588600,499767,410288,999534
synthetic_np128,29,128,4,1.050077677,1.047625780,499767,410288,999534
synthetic_np128,29,128,5,1.321981430,1.319552422,499767,410288,999534
synthetic_np128,29,128,6,1.311023474,1.308587551,499767,410288,999534
synthetic_np128,29,128,7,1.340013027,1.337586641,499767,410288,999534
synthetic_np128,29,128,8,1.317080736,1.314652443,499767,410288,999534
synthetic_np128,29,128,9,1.598042250,1.595610380,499767,410288,999534
synthetic_np128,30,128,0,1.320960999,1.318521261,499508,410386,999016
synthetic_np128,30,128,1,1.324068546,1.321650743,499508,410386,999016
synthetic_np128,30,128,2,1.313860178,1.311435461,499508,410386,999016
synthetic_np128,30,128,3,1.281098604,1.278592825,499508,410386,999016
synthetic_np128,30,128,4,1.050104380,1.047626019,499508,410386,999016
synthetic_np128,30,128,5,1.322019100,1.319587231,499508,410386,999016
synthetic_np128,30,128,6,1.311034203,1.308579922,499508,410386,999016
synthetic_np128,30,128,7,1.340040684,1.337596178,499508,410386,999016
synthetic_np128,30,128,8,1.317059040,1.314638138,499508,410386,999016
synthetic_np128,30,128,9,1.516130924,1.513696432,499508,410386,999016
synthetic_np128,31,128,0,1.050243378,1.047767878,500733,410991,1001466
synthetic_np128,31,128,1,1.324057102,1.321582794,500733,410991,1001466
synthetic_np128,31,128,2,1.058191776,1.055733442,500733,410991,1001466
synthetic_np128,31,128,3,1.061221838,1.058746338,500733,410991,1001466
synthetic_np128,31,128,4,1.060929537,1.058429956,500733,410991,1001466
synthetic_np128,31,128,5,1.058199167,1.055722475,500733,410991,1001466
synthetic_np128,31,128,6,1.069544077,1.067105293,500733,410991,1001466
synthetic_np128,31,128,7,1.311014652,1.308552504,500733,410991,1001466
synthetic_np128,31,128,8,1.327959299,1.325490713,500733,410991,1001466
synthetic_np128,31,128,9,1.587004423,1.584542513,500733,410991,1001466
synthetic_np128,32,128,0,1.314671278,1.312177658,499696,410901,999392
synthetic_np128,32,128,1,1.588112116,1.585617542,499696,410901,999392
synthetic_np128,32,128,2,1.322269440,1.319778442,499696,410901,999392
synthetic_np128,32,128,3,1.329879761,1.327395678,499696,410901,999392
synthetic_np128,32,128,4,1.325017214,1.322550535,499696,410901,999392
synthetic_np128,32,128,5,1.593057156,1.590578079,499696,410901,999392
synthetic_np128,32,128,6,1.330253363,1.327746868,499696,410901,999392
synthetic_np128,32,128,7,1.582056284,1.579548836,499696,410901,999392
synthetic_np128,32,128,8,1.581019878,1.578541756,499696,410901,999392
synthetic_np128,32,128,9,1.581983566,1.579501629,499696,410901,999392
synthetic_np128,33,128,0,1.321049929,1.318543911,499825,410612,999650
synthetic_np128,33,128,1,1.324159622,1.321677446,499825,410612,999650
synthetic_np128,33,128,2,1.313921690,1.311415434,499825,410612,999650
synthetic_np128,33,128,3,1.336039066,1.333572865,499825,410612,999650
synthetic_np128,33,128,4,1.061172009,1.058670282,499825,410612,999650
synthetic_np128,33,128,5,1.322115183,1.319628239,499825,410612,999650
synthetic_np128,33,128,6,1.319131613,1.316639185,499825,410612,999650
synthetic_np128,33,128,7,1.318192720,1.315730810,499825,410612,999650
synthetic_np128,33,128,8,1.471088171,1.468606472,499825,410612,999650
synthetic_np128,33,128,9,1.318086386,1.315590858,499825,410612,999650
synthetic_np128,34,128,0,1.325055122,1.322593212,500805,411277,1001610
synthetic_np128,34,128,1,1.324171305,1.321718454,500805,411277,1001610
synthetic_np128,34,128,2,1.325057745,1.322581053,500805,411277,1001610
synthetic_np128,34,128,3,1.336042881,1.333579540,500805,411277,1001610
synthetic_np128,34,128,4,1.061117887,1.058660507,500805,411277,1001610
synthetic_np128,34,128,5,1.322091579,1.319644451,500805,411277,1001610
synthetic_np128,34,128,6,1.330112219,1.327625275,500805,411277,1001610
synthetic_np128,34,128,7,1.318141937,1.315689087,500805,411277,1001610
synthetic_np128,34,128,8,1.317167282,1.314709663,500805,411277,1001610
synthetic_np128,34,128,9,1.313561201,1.311125040,500805,411277,1001610
synthetic_np128,35,128,0,1.325054646,1.322595358,500395,410808,1000790
synthetic_np128,35,128,1,1.324156284,1.321710348,500395,410808,1000790
synthetic_np128,35,128,2,1.058084726,1.055626154,500395,410808,1000790
synthetic_np128,35,128,3,1.058120966,1.055652142,500395,410808,1000790
synthetic_np128,35,128,4,1.061097383,1.058645248,500395,410808,1000790
synthetic_np128,35,128,5,1.322102070,1.319637060,500395,410808,1000790
synthetic_np128,35,128,6,1.330014467,1.327556610,500395,410808,1000790
synthetic_np128,35,128,7,1.329128504,1.326670170,500395,410808,1000790
synthetic_np128,35,128,8,1.317148924,1.314708710,500395,410808,1000790
synthetic_np128,35,128,9,1.329137087,1.326675177,500395,410808,1000790
synthetic_np128,36,128,0,1.336125851,1.333674908,500001,410668,1000002
synthetic_np128,36,128,1,1.313206434,1.310752153,500001,410668,1000002
synthetic_np128,36,128,2,1.322110653,1.319672823,500001,410668,1000002
synthetic_np128,36,128,3,1.303128958,1.300687075,500001,410668,1000002
synthetic_np128,36,128,4,1.061157703,1.058691740,500001,410668,1000002
synthetic_np128,36,128,5,1.311160326,1.308697939,500001,410668,1000002
synthetic_np128,36,128,6,1.330108881,1.327666521,500001,410668,1000002
synthetic_np128,36,128,7,1.318142414,1.315705538,500001,410668,1000002
synthetic_np128,36,128,8,1.328156710,1.325725079,500001,410668,1000002
synthetic_np128,36,128,9,1.335093975,1.332662582,500001,410668,1000002
synthetic_np128,37,128,0,1.061115742,1.058684587,499617,410819,999234
synthetic_np128,37,128,1,1.062837839,1.060406923,499617,410819,999234
synthetic_np128,37,128,2,1.058100462,1.055680752,499617,410819,999234
synthetic_np128,37,128,3,1.047131062,1.044703722,499617,410819,999234
synthetic_np128,37,128,4,0.797159433,0.794719219,499617,410819,999234
synthetic_np128,37,128,5,1.047164202,1.044714928,499617,410819,999234
synthetic_np128,37,128,6,1.058135033,1.055680990,499617,410819,999234
synthetic_np128,37,128,7,1.062467813,1.060026407,499617,410819,999234
synthetic_np128,37,128,8,1.075135231,1.072713852,499617,410819,999234
synthetic_np128,37,128,9,1.060122013,1.057672024,499617,410819,999234
synthetic_np128,38,128,0,1.050177813,1.047727346,499753,410683,999506
synthetic_np128,38,128,1,1.324039936,1.321574688,499753,410683,999506
synthetic_np128,38,128,2,1.058147669,1.055703640,499753,410683,999506
synthetic_np128,38,128,3,1.116133928,1.113662958,499753,410683,999506
synthetic_np128,38,128,4,1.061150312,1.058692932,499753,410683,999506
synthetic_np128,38,128,5,1.047173262,1.044708252,499753,410683,999506
synthetic_np128,38,128,6,1.058139324,1.055693626,499753,410683,999506
synthetic_np128,38,128,7,1.340077639,1.337628365,499753,410683,999506
synthetic_np128,38,128,8,1.328042746,1.325580120,499753,410683,999506
synthetic_np128,38,128,9,1.318012953,1.315565586,499753,410683,999506
synthetic_np128,39,128,0,0.787217379,0.784712553,500247,411085,1000494
synthetic_np128,39,128,1,1.062078714,1.059557199,500247,411085,1000494
synthetic_np128,39,128,2,0.795174122,0.792704821,500247,411085,1000494
synthetic_np128,39,128,3,0.794210196,0.791721582,500247,411085,1000494
synthetic_np128,39,128,4,0.797219753,0.794751167,500247,411085,1000494
synthetic_np128,39,128,5,0.794552326,0.792002201,500247,411085,1000494
synthetic_np128,39,128,6,1.003020525,1.000524521,500247,411085,1000494
synthetic_np128,39,128,7,1.208138466,1.205664396,500247,411085,1000494
synthetic_np128,39,128,8,1.007520676,1.005055189,500247,411085,1000494
synthetic_np128,39,128,9,1.318033218,1.315536022,500247,411085,1000494
synthetic_np128,40,128,0,1.589187384,1.586590052,500774,411486,1001548
synthetic_np128,40,128,1,1.313286066,1.310721159,500774,411486,1001548
synthetic_np128,40,128,2,1.322209835,1.319640875,500774,411486,1001548
synthetic_np128,40,128,3,1.303211927,1.300645590,500774,411486,1001548
synthetic_np128,40,128,4,1.322268724,1.319685936,500774,411486,1001548
synthetic_np128,40,128,5,1.593144417,1.590566874,500774,411486,1001548
synthetic_np128,40,128,6,1.583136559,1.580549955,500774,411486,1001548
synthetic_np128,40,128,7,1.593177080,1.590602636,500774,411486,1001548
synthetic_np128,40,128,8,1.581184149,1.578621387,500774,411486,1001548
synthetic_np128,40,128,9,1.450262547,1.447706938,500774,411486,1001548
synthetic_np128,41,128,0,1.446118832,1.443698645,500669,410881,1001338
synthetic_np128,41,128,1,1.323992252,1.321544170,500669,410881,1001338
synthetic_np128,41,128,2,1.069085121,1.066675425,500669,410881,1001338
synthetic_np128,41,128,3,1.047113895,1.044702053,500669,410881,1001338
synthetic_np128,41,128,4,1.061127186,1.058718681,500669,410881,1001338
synthetic_np128,41,128,5,1.362045288,1.359616995,500669,410881,1001338
synthetic_np128,41,128,6,1.428994894,1.426556349,500669,410881,1001338
synthetic_np128,41,128,7,1.329003096,1.326586962,500669,410881,1001338
synthetic_np128,41,128,8,1.317015409,1.314604521,500669,410881,1001338
synthetic_np128,41,128,9,1.317993641,1.315598726,500669,410881,1001338
synthetic_np128,42,128,0,1.336103916,1.333631754,500315,410579,1000630
synthetic_np128,42,128,1,1.324211359,1.321726322,500315,410579,1000630
synthetic_np128,42,128,2,1.322159767,1.319645882,500315,410579,1000630
synthetic_np128,42,128,3,1.314176321,1.311666489,500315,410579,1000630
synthetic_np128,42,128,4,1.333154678,1.330627203,500315,410579,1000630
synthetic_np128,42,128,5,1.322148323,1.319650650,500315,410579,1000630
synthetic_np128,42,128,6,1.330146790,1.327642202,500315,410579,1000630
synthetic_np128,42,128,7,1.318145752,1.315668583,500315,410579,1000630
synthetic_np128,42,128,8,1.317151546,1.314681530,500315,410579,1000630
synthetic_np128,42,128,9,1.329146624,1.326669455,500315,410579,1000630
synthetic_np128,43,128,0,1.277051449,1.274562359,500939,411400,1001878
synthetic_np128,43,128,1,1.324130535,1.321653605,500939,411400,1001878
synthetic_np128,43,128,2,1.314027548,1.311556816,500939,411400,1001878
synthetic_np128,43,128,3,1.336029053,1.333566666,500939,411400,1001878
synthetic_np128,43,128,4,1.314085007,1.311582088,500939,411400,1001878
synthetic_np128,43,128,5,1.333032608,1.330565214,500939,411400,1001878
synthetic_np128,43,128,6,1.322034359,1.319567204,500939,411400,1001878
synthetic_np128,43,128,7,1.329038143,1.326573849,500939,411400,1001878
synthetic_np128,43,128,8,1.327999353,1.325533390,500939,411400,1001878
synthetic_np128,43,128,9,1.317995787,1.315533638,500939,411400,1001878
synthetic_np128,44,128,0,1.573900700,1.571430922,500173,411036,1000346
synthetic_np128,44,128,1,1.324100256,1.321619987,500173,411036,1000346
synthetic_np128,44,128,2,1.325062037,1.322592020,500173,411036,1000346
synthetic_np128,44,128,3,1.325104237,1.322610140,500173,411036,1000346
synthetic_np128,44,128,4,1.322104931,1.319609404,500173,411036,1000346
synthetic_np128,44,128,5,1.322090864,1.319607258,500173,411036,1000346
synthetic_np128,44,128,6,1.278119326,1.275635481,500173,411036,1000346
synthetic_np128,44,128,7,1.318143845,1.315678596,500173,411036,1000346
synthetic_np128,44,128,8,1.328150511,1.325688362,500173,411036,1000346
synthetic_np128,44,128,9,1.335141182,1.332684040,500173,411036,1000346
synthetic_np128,45,128,0,1.324915886,1.322496176,499807,410634,999614
synthetic_np128,45,128,1,1.062098742,1.059685946,499807,410634,999614
synthetic_np128,45,128,2,1.135022163,1.055569649,499807,410634,999614
synthetic_np128,45,128,3,1.335900068,1.333446264,499807,410634,999614
synthetic_np128,45,128,4,1.324918509,1.322462559,499807,410634,999614
synthetic_np128,45,128,5,1.332852364,1.330419540,499807,410634,999614
synthetic_np128,45,128,6,1.310996056,1.308559656,499807,410634,999614
synthetic_np128,45,128,7,1.416991234,1.414534569,499807,410634,999614
synthetic_np128,45,128,8,1.327966690,1.325526476,499807,410634,999614
synthetic_np128,45,128,9,1.329031944,1.326646090,499807,410634,999614
synthetic_np128,46,128,0,1.320981026,1.318520546,500799,411404,1001598
synthetic_np128,46,128,1,1.062075615,1.059634686,500799,411404,1001598
synthetic_np128,46,128,2,1.047086000,1.044663429,500799,411404,1001598
synthetic_np128,46,128,3,1.127064705,1.124605894,500799,411404,1001598
synthetic_np128,46,128,4,1.061043024,1.058597326,500799,411404,1001598
synthetic_np128,46,128,5,1.058051109,1.055607557,500799,411404,1001598
synthetic_np128,46,128,6,1.058116198,1.055684805,500799,411404,1001598
synthetic_np128,46,128,7,1.321877241,1.319438457,500799,411404,1001598
synthetic_np128,46,128,8,1.075140953,1.072697163,500799,411404,1001598
synthetic_np128,46,128,9,1.049125910,1.046717167,500799,411404,1001598
synthetic_np128,47,128,0,1.017027617,1.014618158,500086,410762,1000172
synthetic_np128,47,128,1,0.787539244,0.785159588,500086,410762,1000172
synthetic_np128,47,128,2,1.058029413,1.055631161,500086,410762,1000172
synthetic_np128,47,128,3,0.795102596,0.792697430,500086,410762,1000172
synthetic_np128,47,128,4,1.061022282,1.058558702,500086,410762,1000172
synthetic_np128,47,128,5,1.068864584,1.066442728,500086,410762,1000172
synthetic_np128,47,128,6,1.068859816,1.066432714,500086,410762,1000172
synthetic_np128,47,128,7,1.057974339,1.055562019,500086,410762,1000172
synthetic_np128,47,128,8,1.057970762,1.055565357,500086,410762,1000172
synthetic_np128,47,128,9,1.057974815,1.055565834,500086,410762,1000172
synthetic_np128,48,128,0,1.847052336,1.844549656,499749,410559,999498
synthetic_np128,48,128,1,1.583160400,1.580689192,499749,410559,999498
synthetic_np128,48,128,2,1.851020336,1.848556995,499749,410559,999498
synthetic_np128,48,128,3,1.587069988,1.584581614,499749,410559,999498
synthetic_np128,48,128,4,1.594092607,1.591621399,499749,410559,999498
synthetic_np128,48,128,5,1.587058306,1.584590673,499749,410559,999498
synthetic_np128,48,128,6,1.858061790,1.855578184,499749,410559,999498
synthetic_np128,48,128,7,1.583050728,1.580575943,499749,410559,999498
synthetic_np128,48,128,8,1.587058067,1.584586382,499749,410559,999498
synthetic_np128,48,128,9,1.587086678,1.584607124,499749,410559,999498
synthetic_np128,49,128,0,1.583136559,1.580657482,499721,410376,999442
synthetic_np128,49,128,1,1.319205284,1.316751719,499721,410376,999442
synthetic_np128,49,128,2,1.587128639,1.584652662,499721,410376,999442
synthetic_np128,49,128,3,1.323067188,1.320595503,499721,410376,999442
synthetic_np128,49,128,4,1.330188036,1.327682257,499721,410376,999442
synthetic_np128,49,128,5,1.323160172,1.320665121,499721,410376,999442
synthetic_np128,49,128,6,1.587142706,1.584644318,499721,410376,999442
synthetic_np128,49,128,7,1.319191456,1.316697359,499721,410376,999442
synthetic_np128,49,128,8,1.323161840,1.320699930,499721,410376,999442
synthetic_np128,49,128,9,1.323180437,1.320712805,499721,410376,999442
synthetic_np128,50,128,0,1.583214521,1.580792189,499621,410196,999242
synthetic_np128,50,128,1,1.572106361,1.569627762,499621,410196,999242
synthetic_np128,50,128,2,1.587228298,1.584799767,499621,410196,999242
synthetic_np128,50,128,3,1.323264122,1.320845842,499621,410196,999242
synthetic_np128,50,128,4,1.583021402,1.580567598,499621,410196,999242
synthetic_np128,50,128,5,1.586997509,1.584542274,499621,410196,999242
synthetic_np128,50,128,6,1.858032227,1.855547667,499621,410196,999242
synthetic_np128,50,128,7,1.582959652,1.580556870,499621,410196,999242
synthetic_np128,50,128,8,1.587050676,1.584589481,499621,410196,999242
synthetic_np128,50,128,9,1.587070942,1.584598780,499621,410196,999242
synthetic_np128,51,128,0,1.583050251,1.580604076,499796,410685,999592
synthetic_np128,51,128,1,1.319093704,1.316655397,499796,410685,999592
synthetic_np128,51,128,2,1.586976051,1.584542513,499796,410685,999592
synthetic_np128,51,128,3,1.323173285,1.320751667,499796,410685,999592
synthetic_np128,51,128,4,1.319185734,1.316776991,499796,410685,999592
synthetic_np128,51,128,5,1.323212862,1.320771217,499796,410685,999592
synthetic_np128,51,128,6,1.587178946,1.584746838,499796,410685,999592
synthetic_np128,51,128,7,1.319617987,1.317180634,499796,410685,999592
synthetic_np128,51,128,8,1.323626757,1.321199656,499796,410685,999592
synthetic_np128,51,128,9,1.323229551,1.320804596,499796,410685,999592
synthetic_np128,52,128,0,1.583238125,1.580793142,500389,410813,1000778
synthetic_np128,52,128,1,1.605073214,1.602584839,500389,410813,1000778
synthetic_np128,52,128,2,1.587211847,1.584778070,500389,410813,1000778
synthetic_np128,52,128,3,1.323253632,1.320793867,500389,410813,1000778
synthetic_np128,52,128,4,1.324035645,1.321588993,500389,410813,1000778
synthetic_np128,52,128,5,1.323703527,1.321241617,500389,410813,1000778
synthetic_np128,52,128,6,1.590073347,1.587624311,500389,410813,1000778
synthetic_np128,52,128,7,1.593978882,1.591564894,500389,410813,1000778
synthetic_np128,52,128,8,1.587070942,1.584565878,500389,410813,1000778
synthetic_np128,52,128,9,1.587020397,1.584557295,500389,410813,1000778
synthetic_np128,53,128,0,1.572148561,1.569666624,499792,410209,999584
synthetic_np128,53,128,1,1.324297667,1.321804523,499792,410209,999584
synthetic_np128,53,128,2,1.587127447,1.584675789,499792,410209,999584
synthetic_np128,53,128,3,1.323149681,1.320680141,499792,410209,999584
synthetic_np128,53,128,4,1.330177784,1.327725649,499792,410209,999584
synthetic_np128,53,128,5,1.323182344,1.320689917,499792,410209,999584
synthetic_np128,53,128,6,1.587126493,1.584670305,499792,410209,999584
synthetic_np128,53,128,7,1.319226265,1.316741705,499792,410209,999584
synthetic_np128,53,128,8,1.323174953,1.320718050,499792,410209,999584
synthetic_np128,53,128,9,1.323190212,1.320730209,499792,410209,999584
synthetic_np128,54,128,0,1.582953930,1.580465317,499555,410147,999110
synthetic_np128,54,128,1,1.319102764,1.316662073,499555,410147,999110
synthetic_np128,54,128,2,1.587015152,1.584542513,499555,410147,999110
synthetic_np128,54,128,3,1.323012829,1.320563555,499555,410147,999110
synthetic_np128,54,128,4,1.187045813,1.184592485,499555,410147,999110
synthetic_np128,54,128,5,1.323173523,1.320733309,499555,410147,999110
synthetic_np128,54,128,6,1.587157249,1.584726810,499555,410147,999110
synthetic_np128,54,128,7,1.319176674,1.316776276,499555,410147,999110
synthetic_np128,54,128,8,1.323199511,1.320775032,499555,410147,999110
synthetic_np128,54,128,9,1.587024927,1.584554195,499555,410147,999110
synthetic_np128,55,128,0,1.330135822,1.327692747,500611,410927,1001222
synthetic_np128,55,128,1,1.329978466,1.327509642,500611,410927,1001222
synthetic_np128,55,128,2,1.323123693,1.320711136,500611,410927,1001222
synthetic_np128,55,128,3,1.059152603,1.056708336,500611,410927,1001222
synthetic_np128,55,128,4,1.066180468,1.063743353,500611,410927,1001222
synthetic_np128,55,128,5,1.323157072,1.320715189,500611,410927,1001222
synthetic_np128,55,128,6,1.587144136,1.584710360,500611,410927,1001222
synthetic_np128,55,128,7,1.319231987,1.316766024,500611,410927,1001222
synthetic_np128,55,128,8,1.323183298,1.320760250,500611,410927,1001222
synthetic_np128,55,128,9,1.323189259,1.320752621,500611,410927,1001222
synthetic_np128,56,128,0,1.594122648,1.591656446,500817,411058,1001634
synthetic_np128,56,128,1,1.324209929,1.321774483,500817,411058,1001634
synthetic_np128,56,128,2,1.587070465,1.584631443,500817,411058,1001634
synthetic_np128,56,128,3,1.323076248,1.320628643,500817,411058,1001634
synthetic_np128,56,128,4,1.330127716,1.327681780,500817,411058,1001634
synthetic_np128,56,128,5,1.323048353,1.320599318,500817,411058,1001634
synthetic_np128,56,128,6,1.587095261,1.584632635,500817,411058,1001634
synthetic_np128,56,128,7,1.319175959,1.316700697,500817,411058,1001634
synthetic_np128,56,128,8,1.323141336,1.320693254,500817,411058,1001634
synthetic_np128,56,128,9,1.323184967,1.320702076,500817,411058,1001634
synthetic_np128,57,128,0,1.326050043,1.323616028,499495,410405,998990
synthetic_np128,57,128,1,1.319076777,1.316655159,499495,410405,998990
synthetic_np128,57,128,2,1.334187984,1.331755400,499495,410405,998990
synthetic_np128,57,128,3,1.323000431,1.320544958,499495,410405,998990
synthetic_np128,57,128,4,1.319021702,1.316584110,499495,410405,998990
synthetic_np128,57,128,5,1.323009253,1.320561886,499495,410405,998990
synthetic_np128,57,128,6,1.586994410,1.584558964,499495,410405,998990
synthetic_np128,57,128,7,1.319008827,1.316599607,499495,410405,998990
synthetic_np128,57,128,8,1.312042713,1.309590578,499495,410405,998990
synthetic_np128,57,128,9,1.323050737,1.320610285,499495,410405,998990
synthetic_np128,58,128,0,1.583055019,1.580547094,500001,410463,1000002
synthetic_np128,58,128,1,1.319093466,1.316637754,500001,410463,1000002
synthetic_np128,58,128,2,1.314131975,1.311615944,500001,410463,1000002
synthetic_np128,58,128,3,1.323033571,1.320544243,500001,410463,1000002
synthetic_np128,58,128,4,1.319038153,1.316572428,500001,410463,1000002
synthetic_np128,58,128,5,1.323053122,1.320573330,500001,410463,1000002
synthetic_np128,58,128,6,1.587001324,1.584510565,500001,410463,1000002
synthetic_np128,58,128,7,1.319130182,1.316618681,500001,410463,1000002
synthetic_np128,58,128,8,1.334069252,1.331593990,500001,410463,1000002
synthetic_np128,58,128,9,1.323081732,1.320601463,500001,410463,1000002
synthetic_np128,59,128,0,1.322978258,1.320532560,499993,410889,999986
synthetic_np128,59,128,1,1.055072784,1.052646637,499993,410889,999986
synthetic_np128,59,128,2,1.322959423,1.320535421,499993,410889,999986
synthetic_np128,59,128,3,1.059002638,1.056559324,499993,410889,999986
synthetic_np128,59,128,4,1.066051006,1.063605070,499993,410889,999986
synthetic_np128,59,128,5,1.059036970,1.056571245,499993,410889,999986
synthetic_np128,59,128,6,1.323024988,1.320561647,499993,410889,999986
synthetic_np128,59,128,7,1.055020809,1.052596807,499993,410889,999986
synthetic_np128,59,128,8,1.059055567,1.056604385,499993,410889,999986
synthetic_np128,59,128,9,1.059058428,1.056612253,499993,410889,999986
synthetic_np128,60,128,0,1.330099344,1.327660084,499444,410404,998888
synthetic_np128,60,128,1,1.062229633,1.059819698,499444,410404,998888
synthetic_np128,60,128,2,1.323107481,1.320647240,499444,410404,998888
synthetic_np128,60,128,3,1.059139013,1.056673050,499444,410404,998888
synthetic_np128,60,128,4,1.066170692,1.063718557,499444,410404,998888
synthetic_np128,60,128,5,1.059042215,1.056602478,499444,410404,998888
synthetic_np128,60,128,6,1.323138475,1.320659876,499444,410404,998888
synthetic_np128,60,128,7,1.055160284,1.052718878,499444,410404,998888
synthetic_np128,60,128,8,1.059155941,1.056689024,499444,410404,998888
synthetic_np128,60,128,9,1.059144020,1.056709766,499444,410404,998888
synthetic_np128,61,128,0,1.059129238,1.056689978,499935,410162,999870
synthetic_np128,61,128,1,1.044035196,1.041578293,499935,410162,999870
synthetic_np128,61,128,2,1.059144020,1.056705236,499935,410162,999870
synthetic_np128,61,128,3,0.799042225,0.796616793,499935,410162,999870
synthetic_np128,61,128,4,1.054904938,1.052435160,499935,410162,999870
synthetic_np128,61,128,5,1.058893442,1.056433439,499935,410162,999870
synthetic_np128,61,128,6,1.059096575,1.056655407,499935,410162,999870
synthetic_np128,61,128,7,0.791128397,0.788691998,499935,410162,999870
synthetic_np128,61,128,8,0.795113564,0.792685270,499935,410162,999870
synthetic_np128,61,128,9,0.795102596,0.792694569,499935,410162,999870
synthetic_np128,62,128,0,1.323064089,1.320563793,500512,410610,1001024
synthetic_np128,62,128,1,1.055084467,1.052639723,500512,410610,1001024
synthetic_np128,62,128,2,1.322927713,1.320434809,500512,410610,1001024
synthetic_np128,62,128,3,1.059084177,1.056588650,500512,410610,1001024
synthetic_np128,62,128,4,1.066077232,1.063602924,500512,410610,1001024
synthetic_np128,62,128,5,1.059069872,1.056577921,500512,410610,1001024
synthetic_np128,62,128,6,1.323073149,1.320562840,500512,410610,1001024
synthetic_np128,62,128,7,1.055139303,1.052633762,500512,410610,1001024
synthetic_np128,62,128,8,1.059076309,1.056601048,500512,410610,1001024
synthetic_np128,62,128,9,1.059141636,1.056622982,500512,410610,1001024
synthetic_np128,63,128,0,1.059065580,1.056662560,500439,411079,1000878
synthetic_np128,63,128,1,1.065954685,1.063543558,500439,411079,1000878
synthetic_np128,63,128,2,1.059040308,1.056644678,500439,411079,1000878
synthetic_np128,63,128,3,0.795093298,0.792698145,500439,411079,1000878
synthetic_np128,63,128,4,0.791126728,0.788728237,500439,411079,1000878
synthetic_np128,63,128,5,0.795098305,0.792697430,500439,411079,1000878
synthetic_np128,63,128,6,1.059093237,1.056682587,500439,411079,1000878
synthetic_np128,63,128,7,1.054816723,1.052435160,500439,411079,1000878
synthetic_np128,63,128,8,1.058860302,1.056427717,500439,411079,1000878
synthetic_np128,63,128,9,0.795452118,0.793053389,500439,411079,1000878
synthetic_np128,64,128,0,1.594183445,1.591665745,500212,410631,1000424
synthetic_np128,64,128,1,1.594072580,1.591539383,500212,410631,1000424
synthetic_np128,64,128,2,1.587155581,1.584637403,500212,410631,1000424
synthetic_np128,64,128,3,1.323184967,1.320687056,500212,410631,1000424
synthetic_np128,64,128,4,1.319180727,1.316697598,500212,410631,1000424
synthetic_np128,64,128,5,1.323185205,1.320692301,500212,410631,1000424
synthetic_np128,64,128,6,1.587186575,1.584665298,500212,410631,1000424
synthetic_np128,64,128,7,1.319191456,1.316730261,500212,410631,1000424
synthetic_np128,64,128,8,1.323194981,1.320713282,500212,410631,1000424
synthetic_np128,64,128,9,1.323218822,1.320735693,500212,410631,1000424
synthetic_np128,65,128,0,1.583051443,1.580604553,500515,411157,1001030
synthetic_np128,65,128,1,1.319114923,1.316688776,500515,411157,1001030
synthetic_np128,65,128,2,1.587048769,1.584573269,500515,411157,1001030
synthetic_np128,65,128,3,1.323059797,1.320597410,500515,411157,1001030
synthetic_np128,65,128,4,1.330087423,1.327605247,500515,411157,1001030
synthetic_np128,65,128,5,1.323116064,1.320615768,500515,411157,1001030
synthetic_np128,65,128,6,1.587080717,1.584589005,500515,411157,1001030
synthetic_np128,65,128,7,1.319082737,1.316640139,500515,411157,1001030
synthetic_np128,65,128,8,1.323086739,1.320563793,500515,411157,1001030
synthetic_np128,65,128,9,1.323118925,1.320646524,500515,411157,1001030
synthetic_np128,66,128,0,1.583105326,1.580590963,499926,410763,999852
synthetic_np128,66,128,1,1.324192524,1.321709633,499926,410763,999852
synthetic_np128,66,128,2,1.587089777,1.584588051,499926,410763,999852
synthetic_np128,66,128,3,1.323117018,1.320615053,499926,410763,999852
synthetic_np128,66,128,4,1.330105782,1.327623367,499926,410763,999852
synthetic_np128,66,128,5,1.323110580,1.320619106,499926,410763,999852
synthetic_np128,66,128,6,1.587092400,1.584575891,499926,410763,999852
synthetic_np128,66,128,7,1.319104910,1.316633701,499926,410763,999852
synthetic_np128,66,128,8,1.323112726,1.320625544,499926,410763,999852
synthetic_np128,66,128,9,1.323120832,1.320631742,499926,410763,999852
synthetic_np128,67,128,0,1.330020428,1.327586889,500811,410841,1001622
synthetic_np128,67,128,1,1.060605288,1.058224440,500811,410841,1001622
synthetic_np128,67,128,2,1.323004723,1.320580006,500811,410841,1001622
synthetic_np128,67,128,3,1.059061766,1.056625843,500811,410841,1001622
synthetic_np128,67,128,4,1.066069603,1.063657284,500811,410841,1001622
synthetic_np128,67,128,5,1.059085608,1.056637287,500811,410841,1001622
synthetic_np128,67,128,6,1.323035002,1.320600271,500811,410841,1001622
synthetic_np128,67,128,7,1.055098534,1.052672148,500811,410841,1001622
synthetic_np128,67,128,8,1.059053421,1.056613445,500811,410841,1001622
synthetic_np128,67,128,9,1.059102058,1.056661367,500811,410841,1001622
synthetic_np128,68,128,0,1.528059244,1.525648355,500274,410759,1000548
synthetic_np128,68,128,1,1.329976797,1.327571154,500274,410759,1000548
synthetic_np128,68,128,2,1.323050499,1.320645094,500274,410759,1000548
synthetic_np128,68,128,3,1.059113979,1.056684732,500274,410759,1000548
synthetic_np128,68,128,4,1.055115223,1.052719831,500274,410759,1000548
synthetic_np128,68,128,5,1.059077740,1.056684256,500274,410759,1000548
synthetic_np128,68,128,6,1.323045731,1.320652485,500274,410759,1000548
synthetic_np128,68,128,7,1.285944462,1.283544302,500274,410759,1000548
synthetic_np128,68,128,8,1.322880983,1.320449591,500274,410759,1000548
synthetic_np128,68,128,9,1.322960377,1.320530891,500274,410759,1000548
synthetic_np128,69,128,0,1.583045721,1.580566406,500023,410748,1000046
synthetic_np128,69,128,1,1.055089712,1.052665710,500023,410748,1000046
synthetic_np128,69,128,2,1.323024988,1.320539713,500023,410748,1000046
synthetic_np128,69,128,3,1.059023857,1.056561470,500023,410748,1000046
synthetic_np128,69,128,4,1.066038370,1.063580036,500023,410748,1000046
synthetic_np128,69,128,5,1.059054613,1.056582689,500023,410748,1000046
synthetic_np128,69,128,6,1.323075294,1.320572376,500023,410748,1000046
synthetic_np128,69,128,7,1.055066109,1.052625418,500023,410748,1000046
synthetic_np128,69,128,8,1.059074640,1.056593418,500023,410748,1000046
synthetic_np128,69,128,9,1.059055805,1.056599140,500023,410748,1000046
synthetic_np128,70,128,0,1.319081545,1.316629171,500290,410997,1000580
synthetic_np128,70,128,1,1.055056810,1.052595854,500290,410997,1000580
synthetic_np128,70,128,2,1.059066772,1.056630135,500290,410997,1000580
synthetic_np128,70,128,3,0.795106649,0.792690992,500290,410997,1000580
synthetic_np128,70,128,4,0.791157246,0.788727999,500290,410997,1000580
synthetic_np128,70,128,5,0.795124054,0.792705774,500290,410997,1000580
synthetic_np128,70,128,6,1.059106588,1.056668282,500290,410997,1000580
synthetic_np128,70,128,7,1.065951824,1.063532352,500290,410997,1000580
synthetic_np128,70,128,8,1.322904110,1.320438147,500290,410997,1000580
synthetic_np128,70,128,9,1.322898149,1.320443630,500290,410997,1000580
synthetic_np128,71,128,0,1.323039532,1.320574284,500643,411015,1001286
synthetic_np128,71,128,1,0.796080112,0.793666363,500643,411015,1001286
synthetic_np128,71,128,2,1.059080601,1.056651831,500643,411015,1001286
synthetic_np128,71,128,3,0.795096397,0.792671919,500643,411015,1001286
synthetic_np128,71,128,4,0.791099548,0.788697720,500643,411015,1001286
synthetic_np128,71,128,5,0.795166016,0.792728424,500643,411015,1001286
synthetic_np128,71,128,6,1.059086561,1.056671381,500643,411015,1001286
synthetic_np128,71,128,7,1.065866470,1.063441515,500643,411015,1001286
synthetic_np128,71,128,8,1.322923183,1.320453882,500643,411015,1001286
synthetic_np128,71,128,9,1.322895765,1.320440292,500643,411015,1001286
synthetic_np128,72,128,0,1.601002455,1.598595381,500514,410875,1001028
synthetic_np128,72,128,1,1.547014236,1.544596195,500514,410875,1001028
synthetic_np128,72,128,2,1.524343252,1.521982431,500514,410875,1001028
synthetic_np128,72,128,3,1.404043198,1.401640177,500514,410875,1001028
synthetic_np128,72,128,4,1.477962255,1.475529909,500514,410875,1001028
synthetic_np128,72,128,5,1.360100985,1.357686281,500514,410875,1001028
synthetic_np128,72,128,6,1.744957209,1.742548227,500514,410875,1001028
synthetic_np128,72,128,7,1.847918987,1.845496893,500514,410875,1001028
synthetic_np128,72,128,8,1.725095749,1.722667217,500514,410875,1001028
synthetic_np128,72,128,9,1.726040363,1.723609447,500514,410875,1001028
synthetic_np128,73,128,0,1.514021635,1.511619091,500768,411273,1001536
synthetic_np128,73,128,1,1.464083910,1.461702108,500768,411273,1001536
synthetic_np128,73,128,2,1.609015942,1.606613398,500768,411273,1001536
synthetic_np128,73,128,3,1.460048914,1.457645655,500768,411273,1001536
synthetic_np128,73,128,4,1.362958193,1.360550642,500768,411273,1001536
synthetic_np128,73,128,5,1.401024342,1.398646116,500768,411273,1001536
synthetic_np128,73,128,6,1.440984488,1.438595772,500768,411273,1001536
synthetic_np128,73,128,7,1.701142311,1.698736191,500768,411273,1001536
synthetic_np128,73,128,8,1.781915903,1.779529095,500768,411273,1001536
synthetic_np128,73,128,9,1.630978823,1.628577709,500768,411273,1001536
synthetic_np128,74,128,0,1.439105272,1.436656952,501327,411905,1002654
synthetic_np128,74,128,1,1.366501808,1.364017725,501327,411905,1002654
synthetic_np128,74,128,2,1.459132195,1.456599951,501327,411905,1002654
synthetic_np128,74,128,3,1.292166471,1.289728165,501327,411905,1002654
synthetic_np128,74,128,4,1.363024712,1.360589981,501327,411905,1002654
synthetic_np128,74,128,5,1.481770277,1.321891785,501327,411905,1002654
synthetic_np128,74,128,6,1.612113953,1.609654427,501327,411905,1002654
synthetic_np128,74,128,7,1.786087275,1.783641815,501327,411905,1002654
synthetic_np128,74,128,8,1.667042971,1.664624453,501327,411905,1002654
synthetic_np128,74,128,9,1.716014147,1.713557243,501327,411905,1002654
synthetic_np128,75,128,0,1.335364819,1.332982063,499705,410651,999410
synthetic_np128,75,128,1,1.258074999,1.255662203,499705,410651,999410
synthetic_np128,75,128,2,1.482969046,1.480584621,499705,410651,999410
synthetic_np128,75,128,3,1.202132940,1.199718952,499705,410651,999410
synthetic_np128,75,128,4,1.176116705,1.173694611,499705,410651,999410
synthetic_np128,75,128,5,1.466975212,1.464561224,499705,410651,999410
synthetic_np128,75,128,6,1.561011076,1.558590412,499705,410651,999410
synthetic_np128,75,128,7,1.619220972,1.616827250,499705,410651,999410
synthetic_np128,75,128,8,1.531136751,1.528683186,499705,410651,999410
synthetic_np128,75,128,9,1.495069504,1.492657661,499705,410651,999410
synthetic_np128,76,128,0,1.522936344,1.520537138,499444,410074,998888
synthetic_np128,76,128,1,1.470118761,1.467699289,499444,410074,998888
synthetic_np128,76,128,2,1.409984589,1.407574415,499444,410074,998888
synthetic_np128,76,128,3,1.452985048,1.450573206,499444,410074,998888
synthetic_np128,76,128,4,1.362117767,1.359699011,499444,410074,998888
synthetic_np128,76,128,5,1.414952517,1.412523508,499444,410074,998888
synthetic_np128,76,128,6,1.596957207,1.594548464,499444,410074,998888
synthetic_np128,76,128,7,1.702003956,1.699575663,499444,410074,998888
synthetic_np128,76,128,8,1.518220186,1.515777588,499444,410074,998888
synthetic_np128,76,128,9,1.603131771,1.600714445,499444,410074,998888
synthetic_np128,77,128,0,1.427977324,1.425536156,499855,410785,999710
synthetic_np128,77,128,1,1.431970358,1.429541588,499855,410785,999710
synthetic_np128,77,128,2,1.298043966,1.295612574,499855,410785,999710
synthetic_np128,77,128,3,1.397073746,1.394651651,499855,410785,999710
synthetic_np128,77,128,4,1.267127752,1.264697552,499855,410785,999710
synthetic_np128,77,128,5,1.232088566,1.229659319,499855,410785,999710
synthetic_np128,77,128,6,1.344988108,1.342593193,499855,410785,999710
synthetic_np128,77,128,7,1.663999319,1.661594152,499855,410785,999710
synthetic_np128,77,128,8,1.435043335,1.432641268,499855,410785,999710
synthetic_np128,77,128,9,1.545149326,1.542702198,499855,410785,999710
synthetic_np128,78,128,0,1.438983440,1.436526775,499404,410109,998808
synthetic_np128,78,128,1,1.543936014,1.541503191,499404,410109,998808
synthetic_np128,78,128,2,1.325099945,1.322643042,499404,410109,998808
synthetic_np128,78,128,3,1.406975746,1.404555082,499404,410109,998808
synthetic_np128,78,128,4,1.454944134,1.452518940,499404,410109,998808
synthetic_np128,78,128,5,1.220032692,1.217599392,499404,410109,998808
synthetic_np128,78,128,6,1.428960085,1.426523447,499404,410109,998808
synthetic_np128,78,128,7,1.699036837,1.696621418,499404,410109,998808
synthetic_np128,78,128,8,1.615080118,1.612645388,499404,410109,998808
synthetic_np128,78,128,9,1.504041433,1.501657486,499404,410109,998808
synthetic_np128,79,128,0,1.367957592,1.365488768,499409,410419,998818
synthetic_np128,79,128,1,1.373059511,1.370635748,499409,410419,998818
synthetic_np128,79,128,2,1.213067293,1.210643053,499409,410419,998818
synthetic_np128,79,128,3,1.202133894,1.199697018,499409,410419,998818
synthetic_np128,79,128,4,1.169105053,1.166681290,499409,410419,998818
synthetic_np128,79,128,5,1.088961363,1.086558819,499409,410419,998818
synthetic_np128,79,128,6,1.282944679,1.280495405,499409,410419,998818
synthetic_np128,79,128,7,1.525129318,1.522708178,499409,410419,998818
synthetic_np128,79,128,8,1.470043421,1.467608213,499409,410419,998818
synthetic_np128,79,128,9,1.338012457,1.335570335,499409,410419,998818
synthetic_np128,80,128,0,1.496133566,1.493679523,501299,411694,1002598
synthetic_np128,80,128,1,1.571007967,1.568583250,501299,411694,1002598
synthetic_np128,80,128,2,1.654975653,1.652557611,501299,411694,1002598
synthetic_np128,80,128,3,1.446084261,1.443652868,501299,411694,1002598
synthetic_np128,80,128,4,1.363016367,1.360571384,501299,411694,1002598
synthetic_np128,80,128,5,1.220062971,1.217630625,501299,411694,1002598
synthetic_np128,80,128,6,1.540028572,1.537557840,501299,411694,1002598
synthetic_np128,80,128,7,1.683169365,1.680733919,501299,411694,1002598
synthetic_np128,80,128,8,1.726016760,1.723584652,501299,411694,1002598
synthetic_np128,80,128,9,1.542079926,1.539667845,501299,411694,1002598
synthetic_np128,81,128,0,1.368979454,1.366583347,501109,411316,1002218
synthetic_np128,81,128,1,1.556995153,1.554565191,501109,411316,1002218
synthetic_np128,81,128,2,1.396018267,1.393607855,501109,411316,1002218
synthetic_np128,81,128,3,1.292255402,1.289839506,501109,411316,1002218
synthetic_np128,81,128,4,1.127187967,1.124807119,501109,411316,1002218
synthetic_np128,81,128,5,1.153936625,1.151507139,501109,411316,1002218
synthetic_np128,81,128,6,1.358140945,1.355713129,501109,411316,1002218
synthetic_np128,81,128,7,1.617011547,1.614607096,501109,411316,1002218
synthetic_np128,81,128,8,1.553040981,1.550614595,501109,411316,1002218
synthetic_np128,81,128,9,1.462064743,1.459656954,501109,411316,1002218
synthetic_np128,82,128,0,1.590973139,1.588562727,500055,411192,1000110
synthetic_np128,82,128,1,1.495004416,1.492582560,500055,411192,1000110
synthetic_np128,82,128,2,1.548984051,1.546545744,500055,411192,1000110
synthetic_np128,82,128,3,1.382974863,1.380545139,500055,411192,1000110
synthetic_np128,82,128,4,1.362978458,1.360555887,500055,411192,1000110
synthetic_np128,82,128,5,1.151987076,1.149556637,500055,411192,1000110
synthetic_np128,82,128,6,1.506021738,1.503561258,500055,411192,1000110
synthetic_np128,82,128,7,1.616110802,1.613692284,500055,411192,1000110
synthetic_np128,82,128,8,1.574078083,1.571656466,500055,411192,1000110
synthetic_np128,82,128,9,1.448087692,1.445683479,500055,411192,1000110
synthetic_np128,83,128,0,1.425023556,1.422621250,501165,411541,1002330
synthetic_np128,83,128,1,1.432048559,1.429643154,501165,411541,1002330
synthetic_np128,83,128,2,1.297052860,1.294644594,501165,411541,1002330
synthetic_np128,83,128,3,1.300048351,1.297628880,501165,411541,1002330
synthetic_np128,83,128,4,1.190025330,1.187611103,501165,411541,1002330
synthetic_np128,83,128,5,1.131047249,1.128600597,501165,411541,1002330
synthetic_np128,83,128,6,1.303004503,1.300578594,501165,411541,1002330
synthetic_np128,83,128,7,1.430082798,1.427673578,501165,411541,1002330
synthetic_np128,83,128,8,1.689953089,1.687528849,501165,411541,1002330
synthetic_np128,83,128,9,1.389069080,1.386670113,501165,411541,1002330
synthetic_np128,84,128,0,1.415077448,1.412627459,500745,411161,1001490
synthetic_np128,84,128,1,1.390097141,1.387629032,500745,411161,1001490
synthetic_np128,84,128,2,1.265054941,1.262583733,500745,411161,1001490
synthetic_np128,84,128,3,1.383023739,1.380581617,500745,411161,1001490
synthetic_np128,84,128,4,1.204037666,1.201587200,500745,411161,1001490
synthetic_np128,84,128,5,1.075030804,1.072623491,500745,411161,1001490
synthetic_np128,84,128,6,1.455017805,1.452574015,500745,411161,1001490
synthetic_np128,84,128,7,1.602058649,1.599646091,500745,411161,1001490
synthetic_np128,84,128,8,1.600134850,1.597688198,500745,411161,1001490
synthetic_np128,84,128,9,1.431033373,1.428575039,500745,411161,1001490
synthetic_np128,85,128,0,1.412071466,1.409623146,499713,410548,999426
synthetic_np128,85,128,1,1.382999659,1.380561352,499713,410548,999426
synthetic_np128,85,128,2,1.224094629,1.221627951,499713,410548,999426
synthetic_np128,85,128,3,1.424075603,1.421597242,499713,410548,999426
synthetic_np128,85,128,4,1.202029467,1.199543715,499713,410548,999426
synthetic_np128,85,128,5,0.866139650,0.863687515,499713,410548,999426
synthetic_np128,85,128,6,1.389960766,1.387501240,499713,410548,999426
synthetic_np128,85,128,7,1.409975290,1.407554865,499713,410548,999426
synthetic_np128,85,128,8,1.515054703,1.512606621,499713,410548,999426
synthetic_np128,85,128,9,1.479564428,1.307826519,499713,410548,999426
synthetic_np128,86,128,0,1.430061817,1.427664518,499939,410760,999878
synthetic_np128,86,128,1,1.212129831,1.209722519,499939,410760,999878
synthetic_np128,86,128,2,1.328967571,1.326567650,499939,410760,999878
synthetic_np128,86,128,3,1.194956541,1.192564964,499939,410760,999878
synthetic_np128,86,128,4,1.176007986,1.173593998,499939,410760,999878
synthetic_np128,86,128,5,0.867001534,0.864602327,499939,410760,999878
synthetic_np128,86,128,6,1.446033239,1.443624020,499939,410760,999878
synthetic_np128,86,128,7,1.349029779,1.346614838,499939,410760,999878
synthetic_np128,86,128,8,1.639951944,1.637537241,499939,410760,999878
synthetic_np128,86,128,9,1.344927073,1.342511654,499939,410760,999878
synthetic_np128,87,128,0,1.355009079,1.352583885,499928,410283,999856
synthetic_np128,87,128,1,1.114981890,1.112565994,499928,410283,999856
synthetic_np128,87,128,2,1.353031397,1.350588560,499928,410283,999856
synthetic_np128,87,128,3,1.270982981,1.268563509,499928,410283,999856
synthetic_np128,87,128,4,1.097008228,1.094570398,499928,410283,999856
synthetic_np128,87,128,5,0.781032324,0.778600216,499928,410283,999856
synthetic_np128,87,128,6,1.188026428,1.185598850,499928,410283,999856
synthetic_np128,87,128,7,1.249998808,1.247580528,499928,410283,999856
synthetic_np128,87,128,8,1.511943817,1.509522915,499928,410283,999856
synthetic_np128,87,128,9,1.357980728,1.355566740,499928,410283,999856
synthetic_np128,88,128,0,1.405017376,1.402601004,500468,411040,1000936
synthetic_np128,88,128,1,1.540081739,1.537636042,500468,411040,1000936
synthetic_np128,88,128,2,1.382039785,1.379594088,500468,411040,1000936
synthetic_np128,88,128,3,1.382990837,1.380554199,500468,411040,1000936
synthetic_np128,88,128,4,1.281031847,1.278592348,500468,411040,1000936
synthetic_np128,88,128,5,1.232076406,1.229662657,500468,411040,1000936
synthetic_np128,88,128,6,1.526006699,1.523583889,500468,411040,1000936
synthetic_np128,88,128,7,1.751009703,1.748592377,500468,411040,1000936
synthetic_np128,88,128,8,1.746953011,1.744551182,500468,411040,1000936
synthetic_np128,88,128,9,1.608072996,1.605628252,500468,411040,1000936
synthetic_np128,89,128,0,1.275965452,1.273531675,500287,410809,1000574
synthetic_np128,89,128,1,1.490972996,1.488568068,500287,410809,1000574
synthetic_np128,89,128,2,1.399961472,1.397561312,500287,410809,1000574
synthetic_np128,89,128,3,1.409949541,1.407538891,500287,410809,1000574
synthetic_np128,89,128,4,1.176046848,1.173634529,500287,410809,1000574
synthetic_np128,89,128,5,1.096106291,1.093701363,500287,410809,1000574
synthetic_np128,89,128,6,1.349041700,1.346621513,500287,410809,1000574
synthetic_np128,89,128,7,1.630003691,1.627574921,500287,410809,1000574
synthetic_np128,89,128,8,1.665061235,1.662648916,500287,410809,1000574
synthetic_np128,89,128,9,1.689981461,1.687552929,500287,410809,1000574
synthetic_np128,90,128,0,1.360972881,1.358523607,501234,411285,1002468
synthetic_np128,90,128,1,1.380054951,1.377572536,501234,411285,1002468
synthetic_np128,90,128,2,1.267085075,1.264628649,501234,411285,1002468
synthetic_np128,90,128,3,1.209044218,1.206600666,501234,411285,1002468
synthetic_np128,90,128,4,1.110062599,1.107593536,501234,411285,1002468
synthetic_np128,90,128,5,1.122032404,1.119624853,501234,411285,1002468
synthetic_np128,90,128,6,1.264011860,1.261575937,501234,411285,1002468
synthetic_np128,90,128,7,1.766956329,1.764523745,501234,411285,1002468
synthetic_np128,90,128,8,1.618044615,1.615617037,501234,411285,1002468
synthetic_np128,90,128,9,1.536986351,1.534544230,501234,411285,1002468
synthetic_np128,91,128,0,1.130025148,1.127573729,500606,410932,1001212
synthetic_np128,91,128,1,1.375943899,1.373492002,500606,410932,1001212
synthetic_np128,91,128,2,1.338957548,1.336517334,500606,410932,1001212
synthetic_np128,91,128,3,1.031015873,1.028584719,500606,410932,1001212
synthetic_np128,91,128,4,1.113033056,1.110557556,500606,410932,1001212
synthetic_np128,91,128,5,1.076021433,1.073556662,500606,410932,1001212
synthetic_np128,91,128,6,1.295979023,1.293522120,500606,410932,1001212
synthetic_np128,91,128,7,1.517059326,1.514631510,500606,410932,1001212
synthetic_np128,91,128,8,1.605046749,1.602591515,500606,410932,1001212
synthetic_np128,91,128,9,1.310031176,1.307582855,500606,410932,1001212
synthetic_np128,92,128,0,1.365031242,1.362586260,499998,410613,999996
synthetic_np128,92,128,1,1.401034594,1.398614645,499998,410613,999996
synthetic_np128,92,128,2,1.228978872,1.226549625,499998,410613,999996
synthetic_np128,92,128,3,1.251055479,1.248617172,499998,410613,999996
synthetic_np128,92,128,4,1.168982267,1.166569471,499998,410613,999996
synthetic_np128,92,128,5,1.245900869,1.243494034,499998,410613,999996
synthetic_np128,92,128,6,1.581921577,1.579525471,499998,410613,999996
synthetic_np128,92,128,7,1.636896372,1.634479523,499998,410613,999996
synthetic_np128,92,128,8,1.598169088,1.595667362,499998,410613,999996
synthetic_np128,92,128,9,1.550986528,1.548551321,499998,410613,999996
synthetic_np128,93,128,0,1.338937044,1.336528778,500022,410579,1000044
synthetic_np128,93,128,1,1.389974594,1.387573242,500022,410579,1000044
synthetic_np128,93,128,2,1.075027704,1.072621584,500022,410579,1000044
synthetic_np128,93,128,3,1.208901405,1.206511497,500022,410579,1000044
synthetic_np128,93,128,4,1.183020830,1.180584192,500022,410579,1000044
synthetic_np128,93,128,5,1.029952765,1.027534008,500022,410579,1000044
synthetic_np128,93,128,6,1.525940895,1.523528814,500022,410579,1000044
synthetic_np128,93,128,7,1.507945061,1.505542278,500022,410579,1000044
synthetic_np128,93,128,8,1.657022238,1.654615879,500022,410579,1000044
synthetic_np128,93,128,9,1.567955017,1.565545321,500022,410579,1000044
synthetic_np128,94,128,0,1.196985006,1.194544077,499851,410519,999702
synthetic_np128,94,128,1,1.473942518,1.471502304,499851,410519,999702
synthetic_np128,94,128,2,1.195038795,1.192617178,499851,410519,999702
synthetic_np128,94,128,3,1.208993912,1.206564188,499851,410519,999702
synthetic_np128,94,128,4,1.070965767,1.068519115,499851,410519,999702
synthetic_np128,94,128,5,1.005862951,1.003439903,499851,410519,999702
synthetic_np128,94,128,6,1.342067957,1.339548588,499851,410519,999702
synthetic_np128,94,128,7,1.494047880,1.491563559,499851,410519,999702
synthetic_np128,94,128,8,1.664977312,1.662563324,499851,410519,999702
synthetic_np128,94,128,9,1.465994358,1.463561058,499851,410519,999702
synthetic_np128,95,128,0,1.089951992,1.087528467,499612,410377,999224
synthetic_np128,95,128,1,1.340928316,1.338520050,499612,410377,999224
synthetic_np128,95,128,2,1.217017412,1.214578629,499612,410377,999224
synthetic_np128,95,128,3,1.208969355,1.206518650,499612,410377,999224
synthetic_np128,95,128,4,1.007925749,1.005532026,499612,410377,999224
synthetic_np128,95,128,5,0.848911524,0.846504688,499612,410377,999224
synthetic_np128,95,128,6,1.441936493,1.439525843,499612,410377,999224
synthetic_np128,95,128,7,1.388098955,1.385648489,499612,410377,999224
synthetic_np128,95,128,8,1.574997425,1.572588205,499612,410377,999224
synthetic_np128,95,128,9,1.369983435,1.367555141,499612,410377,999224
synthetic_np128,96,128,0,1.587915897,1.582866907,499807,410526,999614
synthetic_np128,96,128,1,1.861007929,1.855897903,499807,410526,999614
synthetic_np128,96,128,2,1.851927519,1.846906900,499807,410526,999614
synthetic_np128,96,128,3,1.588295698,1.583316326,499807,410526,999614
synthetic_np128,96,128,4,1.580806494,1.575836897,499807,410526,999614
synthetic_np128,96,128,5,1.324198723,1.319272041,499807,410526,999614
synthetic_np128,96,128,6,1.598962069,1.593909979,499807,410526,999614
synthetic_np128,96,128,7,1.858994961,1.853870153,499807,410526,999614
synthetic_np128,96,128,8,1.808038950,1.802916050,499807,410526,999614
synthetic_np128,96,128,9,1.852860928,1.847854376,499807,410526,999614
synthetic_np128,97,128,0,1.324042082,1.318966866,500229,410681,1000458
synthetic_np128,97,128,1,1.587013483,1.582071543,500229,410681,1000458
synthetic_np128,97,128,2,1.587964058,1.582973719,500229,410681,1000458
synthetic_np128,97,128,3,1.335917950,1.331039190,500229,410681,1000458
synthetic_np128,97,128,4,1.327374220,1.322445631,500229,410681,1000458
synthetic_np128,97,128,5,1.334955692,1.329885006,500229,410681,1000458
synthetic_np128,97,128,6,1.326516151,1.321574926,500229,410681,1000458
synthetic_np128,97,128,7,1.635464907,1.582978249,500229,410681,1000458
synthetic_np128,97,128,8,1.598914862,1.593919516,500229,410681,1000458
synthetic_np128,97,128,9,1.852928400,1.847917318,500229,410681,1000458
synthetic_np128,98,128,0,1.588051558,1.582843065,500412,410757,1000824
synthetic_np128,98,128,1,1.861060619,1.855883360,500412,410757,1000824
synthetic_np128,98,128,2,1.590311289,1.585279942,500412,410757,1000824
synthetic_np128,98,128,3,1.588169813,1.583123446,500412,410757,1000824
synthetic_np128,98,128,4,1.597292423,1.592170715,500412,410757,1000824
synthetic_np128,98,128,5,1.324316740,1.319178820,500412,410757,1000824
synthetic_np128,98,128,6,1.589048624,1.583884954,500412,410757,1000824
synthetic_np128,98,128,7,1.599356413,1.594334841,500412,410757,1000824
synthetic_np128,98,128,8,1.589282751,1.584200859,500412,410757,1000824
synthetic_np128,98,128,9,1.589272261,1.584190130,500412,410757,1000824
synthetic_np128,99,128,0,1.323767900,1.318759918,498978,409783,997956
synthetic_np128,99,128,1,1.585932255,1.580934286,498978,409783,997956
synthetic_np128,99,128,2,1.587921381,1.582916498,498978,409783,997956
synthetic_np128,99,128,3,1.326421738,1.321441650,498978,409783,997956
synthetic_np128,99,128,4,1.324168205,1.319266796,498978,409783,997956
synthetic_np128,99,128,5,1.323928356,1.318865061,498978,409783,997956
synthetic_np128,99,128,6,1.325997353,1.320984364,498978,409783,997956
synthetic_np128,99,128,7,1.572942019,1.567954063,498978,409783,997956
synthetic_np128,99,128,8,1.588907003,1.583924055,498978,409783,997956
synthetic_np128,99,128,9,1.588958025,1.583955288,498978,409783,997956
synthetic_np128,100,128,0,1.324094772,1.319056034,500061,411041,1000122
synthetic_np128,100,128,1,1.587168932,1.582137823,500061,411041,1000122
synthetic_np128,100,128,2,1.587998629,1.583031654,500061,411041,1000122
synthetic_np128,100,128,3,1.587933779,1.582902431,500061,411041,1000122
synthetic_np128,100,128,4,1.596931934,1.591935396,500061,411041,1000122
synthetic_np128,100,128,5,1.334916830,1.329932690,500061,411041,1000122
synthetic_np128,100,128,6,1.326202393,1.321175814,500061,411041,1000122
synthetic_np128,100,128,7,1.588044882,1.583025694,500061,411041,1000122
synthetic_np128,100,128,8,1.589076519,1.584034443,500061,411041,1000122
synthetic_np128,100,128,9,1.589063168,1.584025145,500061,411041,1000122
synthetic_np128,101,128,0,1.071119785,1.066159964,499928,410839,999856
synthetic_np128,101,128,1,1.325060606,1.320234537,499928,410839,999856
synthetic_np128,101,128,2,1.326091528,1.321144581,499928,410839,999856
synthetic_np128,101,128,3,1.326054096,1.321009159,499928,410839,999856
synthetic_np128,101,128,4,1.278980255,1.274121046,499928,410839,999856
synthetic_np128,101,128,5,1.060097694,1.055196047,499928,410839,999856
synthetic_np128,101,128,6,1.062284470,1.057353735,499928,410839,999856
synthetic_np128,101,128,7,1.335167646,1.330281734,499928,410839,999856
synthetic_np128,101,128,8,1.325094700,1.320167780,499928,410839,999856
synthetic_np128,101,128,9,1.325144053,1.320186615,499928,410839,999856
synthetic_np128,102,128,0,1.323939800,1.318868399,500014,410653,1000028
synthetic_np128,102,128,1,1.586006165,1.580991983,500014,410653,1000028
synthetic_np128,102,128,2,1.588036060,1.582951546,500014,410653,1000028
synthetic_np128,102,128,3,1.335343599,1.330350161,500014,410653,1000028
synthetic_np128,102,128,4,1.324277401,1.319318056,500014,410653,1000028
synthetic_np128,102,128,5,1.334789515,1.329793215,500014,410653,1000028
synthetic_np128,102,128,6,1.325961113,1.320921421,500014,410653,1000028
synthetic_np128,102,128,7,1.636209488,1.575932264,500014,410653,1000028
synthetic_np128,102,128,8,1.598987579,1.593915701,500014,410653,1000028
synthetic_np128,102,128,9,1.588805437,1.583827972,500014,410653,1000028
synthetic_np128,103,128,0,1.062069893,1.057001829,500404,410496,1000808
synthetic_np128,103,128,1,1.325154781,1.320052385,500404,410496,1000808
synthetic_np128,103,128,2,1.323971033,1.318958998,500404,410496,1000808
synthetic_np128,103,128,3,1.325905561,1.320868492,500404,410496,1000808
synthetic_np128,103,128,4,1.322292089,1.317080498,500404,410496,1000808
synthetic_np128,103,128,5,1.071039915,1.065907955,500404,410496,1000808
synthetic_np128,103,128,6,1.062061787,1.057058096,500404,410496,1000808
synthetic_np128,103,128,7,1.324118376,1.318961143,500404,410496,1000808
synthetic_np128,103,128,8,1.325031519,1.319949627,500404,410496,1000808
synthetic_np128,103,128,9,1.324972630,1.319954395,500404,410496,1000808
synthetic_np128,104,128,0,1.334812641,1.329855919,499431,410949,998862
synthetic_np128,104,128,1,1.585778475,1.580773592,499431,410949,998862
synthetic_np128,104,128,2,1.587750435,1.582732439,499431,410949,998862
synthetic_np128,104,128,3,1.326245785,1.321299076,499431,410949,998862
synthetic_np128,104,128,4,1.324130058,1.319287777,499431,410949,998862
synthetic_np128,104,128,5,1.323897362,1.318863630,499431,410949,998862
synthetic_np128,104,128,6,1.325918198,1.320950985,499431,410949,998862
synthetic_np128,104,128,7,1.588121176,1.583194733,499431,410949,998862
synthetic_np128,104,128,8,1.588851452,1.583936214,499431,410949,998862
synthetic_np128,104,128,9,1.588845491,1.583894968,499431,410949,998862
synthetic_np128,105,128,0,1.323709249,1.318705320,499781,410517,999562
synthetic_np128,105,128,1,1.323189497,1.318269968,499781,410517,999562
synthetic_np128,105,128,2,1.326831102,1.321949244,499781,410517,999562
synthetic_np128,105,128,3,1.326164484,1.321206093,499781,410517,999562
synthetic_np128,105,128,4,1.323176861,1.318298101,499781,410517,999562
synthetic_np128,105,128,5,1.322683573,1.064164639,499781,410517,999562
synthetic_np128,105,128,6,1.325829744,1.320811510,499781,410517,999562
synthetic_np128,105,128,7,1.291218519,1.286269426,499781,410517,999562
synthetic_np128,105,128,8,1.324981213,1.320091248,499781,410517,999562
synthetic_np128,105,128,9,1.325069427,1.320123196,499781,410517,999562
synthetic_np128,106,128,0,1.323776484,1.318734646,500212,410642,1000424
synthetic_np128,106,128,1,1.323245764,1.318289757,500212,410642,1000424
synthetic_np128,106,128,2,1.587835789,1.582741737,500212,410642,1000424
synthetic_np128,106,128,3,1.326356649,1.321328878,500212,410642,1000424
synthetic_np128,106,128,4,1.324202538,1.319249868,500212,410642,1000424
synthetic_np128,106,128,5,1.323987246,1.318874121,500212,410642,1000424
synthetic_np128,106,128,6,1.325986862,1.320945263,500212,410642,1000424
synthetic_np128,106,128,7,1.572918177,1.567881346,500212,410642,1000424
synthetic_np128,106,128,8,1.588986874,1.583897591,500212,410642,1000424
synthetic_np128,106,128,9,1.325224400,1.320202589,500212,410642,1000424
synthetic_np128,107,128,0,1.061912060,1.056943655,499774,410647,999548
synthetic_np128,107,128,1,1.323936462,1.318948269,499774,410647,999548
synthetic_np128,107,128,2,1.323903799,1.318889380,499774,410647,999548
synthetic_np128,107,128,3,1.062850475,1.057931423,499774,410647,999548
synthetic_np128,107,128,4,1.060159922,1.055214643,499774,410647,999548
synthetic_np128,107,128,5,1.070650578,1.065638304,499774,410647,999548
synthetic_np128,107,128,6,1.062035322,1.057012081,499774,410647,999548
synthetic_np128,107,128,7,1.316898823,1.311906099,499774,410647,999548
synthetic_np128,107,128,8,1.324935436,1.319909334,499774,410647,999548
synthetic_np128,107,128,9,1.324923754,1.319885731,499774,410647,999548
synthetic_np128,108,128,0,1.005707741,1.000792027,499963,410792,999926
synthetic_np128,108,128,1,1.333999395,1.329099655,499963,410792,999926
synthetic_np128,108,128,2,1.326009274,1.321108103,499963,410792,999926
synthetic_np128,108,128,3,1.325993538,1.320982218,499963,410792,999926
synthetic_np128,108,128,4,1.334059238,1.329060078,499963,410792,999926
synthetic_np128,108,128,5,1.060002565,1.055056095,499963,410792,999926
synthetic_np128,108,128,6,1.062103987,1.057171345,499963,410792,999926
synthetic_np128,108,128,7,1.587992668,1.583069563,499963,410792,999926
synthetic_np128,108,128,8,1.324996710,1.320020437,499963,410792,999926
synthetic_np128,108,128,9,1.325014353,1.320033789,499963,410792,999926
synthetic_np128,109,128,0,1.050888538,1.045887709,500381,411042,1000762
synthetic_np128,109,128,1,1.323907137,1.318860769,500381,411042,1000762
synthetic_np128,109,128,2,1.323918104,1.318913221,500381,411042,1000762
synthetic_np128,109,128,3,1.325766087,1.320747614,500381,411042,1000762
synthetic_np128,109,128,4,1.322969675,1.317994356,500381,411042,1000762
synthetic_np128,109,128,5,1.048948526,1.044012070,500381,411042,1000762
synthetic_np128,109,128,6,1.051036119,1.046114683,500381,411042,1000762
synthetic_np128,109,128,7,1.588080883,1.583005428,500381,411042,1000762
synthetic_np128,109,128,8,1.324917555,1.319991112,500381,411042,1000762
synthetic_np128,109,128,9,1.324971914,1.319999218,500381,411042,1000762
synthetic_np128,110,128,0,1.061903477,1.056900024,499352,409960,998704
synthetic_np128,110,128,1,1.323856354,1.318885565,499352,409960,998704
synthetic_np128,110,128,2,1.323843956,1.318900824,499352,409960,998704
synthetic_np128,110,128,3,1.062120676,1.057220697,499352,409960,998704
synthetic_np128,110,128,4,1.060049295,1.055197716,499352,409960,998704
synthetic_np128,110,128,5,1.004694223,0.999750376,499352,409960,998704
synthetic_np128,110,128,6,1.062016964,1.057088137,499352,409960,998704
synthetic_np128,110,128,7,1.587904930,1.582959414,499352,409960,998704
synthetic_np128,110,128,8,1.324898720,1.319909573,499352,409960,998704
synthetic_np128,110,128,9,1.324890614,1.319936275,499352,409960,998704
synthetic_np128,111,128,0,1.061778784,1.056689739,499239,409727,998478
synthetic_np128,111,128,1,1.050131321,1.045171976,499239,409727,998478
synthetic_np128,111,128,2,1.062831640,1.057946444,499239,409727,998478
synthetic_np128,111,128,3,1.062140465,1.057118893,499239,409727,998478
synthetic_np128,111,128,4,1.059105873,1.054161549,499239,409727,998478
synthetic_np128,111,128,5,0.796185255,0.791218996,499239,409727,998478
synthetic_np128,111,128,6,0.799213648,0.794237852,499239,409727,998478
synthetic_np128,111,128,7,1.324092627,1.319126129,499239,409727,998478
synthetic_np128,111,128,8,1.331836700,1.074030638,499239,409727,998478
synthetic_np128,111,128,9,1.061149120,1.056106806,499239,409727,998478
synthetic_np128,112,128,0,1.587726593,1.582729816,500366,410524,1000732
synthetic_np128,112,128,1,1.598082781,1.593161345,500366,410524,1000732
synthetic_np128,112,128,2,1.590794802,1.585898399,500366,410524,1000732
synthetic_np128,112,128,3,1.587940454,1.583013058,500366,410524,1000732
synthetic_np128,112,128,4,1.586004972,1.581072092,500366,410524,1000732
synthetic_np128,112,128,5,1.324105024,1.319156408,500366,410524,1000732
synthetic_np128,112,128,6,1.326068878,1.321192980,500366,410524,1000732
synthetic_np128,112,128,7,1.599022388,1.594115973,500366,410524,1000732
synthetic_np128,112,128,8,1.588972092,1.584009647,500366,410524,1000732
synthetic_np128,112,128,9,1.588939190,1.583998442,500366,410524,1000732
synthetic_np128,113,128,0,1.335013628,1.330051661,500987,411327,1001974
synthetic_np128,113,128,1,1.587019682,1.582011461,500987,411327,1001974
synthetic_np128,113,128,2,1.590718269,1.585752964,500987,411327,1001974
synthetic_np128,113,128,3,1.587936163,1.582909346,500987,411327,1001974
synthetic_np128,113,128,4,1.586041927,1.581022501,500987,411327,1001974
synthetic_np128,113,128,5,1.335031748,1.330011845,500987,411327,1001974
synthetic_np128,113,128,6,1.326031923,1.321104050,500987,411327,1001974
synthetic_np128,113,128,7,1.587964058,1.582949877,500987,411327,1001974
synthetic_np128,113,128,8,1.588910103,1.583916664,500987,411327,1001974
synthetic_np128,113,128,9,1.588986874,1.583956242,500987,411327,1001974
synthetic_np128,114,128,0,1.335627079,1.330753088,499528,410546,999056
synthetic_np128,114,128,1,1.586867094,1.582014084,499528,410546,999056
synthetic_np128,114,128,2,1.862676620,1.857741833,499528,410546,999056
synthetic_np128,114,128,3,1.587980509,1.583032846,499528,410546,999056
synthetic_np128,114,128,4,1.596987724,1.592000246,499528,410546,999056
synthetic_np128,114,128,5,1.323952198,1.319057465,499528,410546,999056
synthetic_np128,114,128,6,1.326055050,1.321124792,499528,410546,999056
synthetic_np128,114,128,7,1.587925196,1.582976103,499528,410546,999056
synthetic_np128,114,128,8,1.588809013,1.583928823,499528,410546,999056
synthetic_np128,114,128,9,1.588913441,1.583971500,499528,410546,999056
synthetic_np128,115,128,0,1.323806763,1.318748713,500262,411169,1000524
synthetic_np128,115,128,1,1.323219776,1.318157673,500262,411169,1000524
synthetic_np128,115,128,2,1.587769508,1.582783461,500262,411169,1000524
synthetic_np128,115,128,3,1.326157331,1.321177721,500262,411169,1000524
synthetic_np128,115,128,4,1.324060917,1.319143772,500262,411169,1000524
synthetic_np128,115,128,5,1.323770761,1.318752050,500262,411169,1000524
synthetic_np128,115,128,6,1.325851679,1.320783615,500262,411169,1000524
synthetic_np128,115,128,7,1.324088812,1.319151640,500262,411169,1000524
synthetic_np128,115,128,8,1.325008869,1.320022821,500262,411169,1000524
synthetic_np128,115,128,9,1.325012922,1.320042610,500262,411169,1000524
synthetic_np128,116,128,0,1.323975086,1.318940878,499187,410187,998374
synthetic_np128,116,128,1,1.586923361,1.581892729,499187,410187,998374
synthetic_np128,116,128,2,1.590655565,1.585698605,499187,410187,998374
synthetic_np128,116,128,3,1.588037252,1.582985878,499187,410187,998374
synthetic_np128,116,128,4,1.597099304,1.592031002,499187,410187,998374
synthetic_np128,116,128,5,1.324088335,1.319102287,499187,410187,998374
synthetic_np128,116,128,6,1.326818943,1.321836233,499187,410187,998374
synthetic_np128,116,128,7,1.588020325,1.582963467,499187,410187,998374
synthetic_np128,116,128,8,1.589018106,1.583931684,499187,410187,998374
synthetic_np128,116,128,9,1.589048862,1.583936691,499187,410187,998374
synthetic_np128,117,128,0,1.334753513,1.329712152,501462,411552,1002924
synthetic_np128,117,128,1,1.290082455,1.285090446,501462,411552,1002924
synthetic_np128,117,128,2,1.587824345,1.582763910,501462,411552,1002924
synthetic_np128,117,128,3,1.326149464,1.321078300,501462,411552,1002924
synthetic_np128,117,128,4,1.323077202,1.318082571,501462,411552,1002924
synthetic_np128,117,128,5,1.060169220,1.055166960,501462,411552,1002924
synthetic_np128,117,128,6,1.325794458,1.320748806,501462,411552,1002924
synthetic_np128,117,128,7,1.324074268,1.319084883,501462,411552,1002924
synthetic_np128,117,128,8,1.325017452,1.319937706,501462,411552,1002924
synthetic_np128,117,128,9,1.324967861,1.319969654,501462,411552,1002924
synthetic_np128,118,128,0,1.323776960,1.318718672,498845,410111,997690
synthetic_np128,118,128,1,1.323085546,1.318079710,498845,410111,997690
synthetic_np128,118,128,2,1.587805033,1.582764864,498845,410111,997690
synthetic_np128,118,128,3,1.326091766,1.321100473,498845,410111,997690
synthetic_np128,118,128,4,1.323076487,1.318054199,498845,410111,997690
synthetic_np128,118,128,5,1.060103655,1.055116177,498845,410111,997690
synthetic_np128,118,128,6,1.325791359,1.320749521,498845,410111,997690
synthetic_np128,118,128,7,1.324042559,1.319084167,498845,410111,997690
synthetic_np128,118,128,8,1.335992336,1.330937862,498845,410111,997690
synthetic_np128,118,128,9,1.324999809,1.319956779,498845,410111,997690
synthetic_np128,119,128,0,1.071753263,1.066807985,498806,409749,997612
synthetic_np128,119,128,1,1.324824572,1.319880486,498806,409749,997612
synthetic_np128,119,128,2,1.324741840,1.319776058,498806,409749,997612
synthetic_np128,119,128,3,1.325705528,1.320734501,498806,409749,997612
synthetic_np128,119,128,4,1.322906733,1.317899942,498806,409749,997612
synthetic_np128,119,128,5,1.059931040,1.054951191,498806,409749,997612
synthetic_np128,119,128,6,1.062069893,1.057055235,498806,409749,997612
synthetic_np128,119,128,7,1.323927402,1.318870544,498806,409749,997612
synthetic_np128,119,128,8,1.061011076,1.056116343,498806,409749,997612
synthetic_np128,119,128,9,1.061066866,1.056126595,498806,409749,997612
synthetic_np128,120,128,0,1.665226460,1.662755966,501903,411642,1003806
synthetic_np128,120,128,1,1.392230511,1.389800787,501903,411642,1003806
synthetic_np128,120,128,2,1.501599550,1.497355700,501903,411642,1003806
synthetic_np128,120,128,3,1.499012709,1.496536493,501903,411642,1003806
synthetic_np128,120,128,4,1.147004366,1.144546986,501903,411642,1003806
synthetic_np128,120,128,5,1.498855591,1.496408463,501903,411642,1003806
synthetic_np128,120,128,6,1.322952271,1.320490360,501903,411642,1003806
synthetic_np128,120,128,7,1.680047989,1.675771713,501903,411642,1003806
synthetic_np128,120,128,8,1.411959410,1.409507275,501903,411642,1003806
synthetic_np128,120,128,9,1.586966038,1.584513664,501903,411642,1003806
synthetic_np128,121,128,0,1.593559027,1.591164827,499347,410022,998694
synthetic_np128,121,128,1,1.407052279,1.404590130,499347,410022,998694
synthetic_np128,121,128,2,1.501604080,1.497385263,499347,410022,998694
synthetic_np128,121,128,3,1.411068678,1.408614397,499347,410022,998694
synthetic_np128,121,128,4,1.147067547,1.144608974,499347,410022,998694
synthetic_np128,121,128,5,1.499026060,1.496572018,499347,410022,998694
synthetic_np128,121,128,6,1.322994232,1.320546150,499347,410022,998694
synthetic_np128,121,128,7,1.694920301,1.690763474,499347,410022,998694
synthetic_np128,121,128,8,1.323980570,1.321558952,499347,410022,998694
synthetic_np128,121,128,9,1.498981476,1.496543169,499347,410022,998694
synthetic_np128,122,128,0,1.587003946,1.584517479,500720,411338,1001440
synthetic_np128,122,128,1,1.407067060,1.404583931,500720,411338,1001440
synthetic_np128,122,128,2,1.418167114,1.413984060,500720,411338,1001440
synthetic_np128,122,128,3,1.411057472,1.408553839,500720,411338,1001440
synthetic_np128,122,128,4,1.147092342,1.144593000,500720,411338,1001440
synthetic_np128,122,128,5,1.499045849,1.496592999,500720,411338,1001440
synthetic_np128,122,128,6,1.323029757,1.320571184,500720,411338,1001440
synthetic_np128,122,128,7,1.610402107,1.606226444,500720,411338,1001440
synthetic_np128,122,128,8,1.321170807,1.241637945,500720,411338,1001440
synthetic_np128,122,128,9,1.587022305,1.584558010,500720,411338,1001440
synthetic_np128,123,128,0,1.586972475,1.584522486,500053,410571,1000106
synthetic_np128,123,128,1,1.407032967,1.404576063,500053,410571,1000106
synthetic_np128,123,128,2,1.424570084,1.420345306,500053,410571,1000106
synthetic_np128,123,128,3,1.411034346,1.408570290,500053,410571,1000106
synthetic_np128,123,128,4,1.070052147,1.067600965,500053,410571,1000106
synthetic_np128,123,128,5,1.411081553,1.408579350,500053,410571,1000106
synthetic_np128,123,128,6,1.235028028,1.232520819,500053,410571,1000106
synthetic_np128,123,128,7,1.651042223,1.646968365,500053,410571,1000106
synthetic_np128,123,128,8,1.236059427,1.233569622,500053,410571,1000106
synthetic_np128,123,128,9,1.499018431,1.496544838,500053,410571,1000106
synthetic_np128,124,128,0,1.587035656,1.584553719,500737,410842,1001474
synthetic_np128,124,128,1,1.330038071,1.327569962,500737,410842,1001474
synthetic_np128,124,128,2,1.501603365,1.497383595,500737,410842,1001474
synthetic_np128,124,128,3,1.411037207,1.408562183,500737,410842,1001474
synthetic_np128,124,128,4,1.147075653,1.144604206,500737,410842,1001474
synthetic_np128,124,128,5,1.499043465,1.496585369,500737,410842,1001474
synthetic_np128,124,128,6,1.323005438,1.320509672,500737,410842,1001474
synthetic_np128,124,128,7,1.680266380,1.675995111,500737,410842,1001474
synthetic_np128,124,128,8,1.324019432,1.321550369,500737,410842,1001474
synthetic_np128,124,128,9,1.587032557,1.584563732,500737,410842,1001474
synthetic_np128,125,128,0,1.499025583,1.496543646,500670,411160,1001340
synthetic_np128,125,128,1,1.242011547,1.239555597,500670,411160,1001340
synthetic_np128,125,128,2,1.413542509,1.409343481,500670,411160,1001340
synthetic_np128,125,128,3,1.329567909,1.327131510,500670,411160,1001340
synthetic_np128,125,128,4,1.147049904,1.144574881,500670,411160,1001340
synthetic_np128,125,128,5,1.415522099,1.413061619,500670,411160,1001340
synthetic_np128,125,128,6,1.323038101,1.320556641,500670,411160,1001340
synthetic_np128,125,128,7,1.607290745,1.603043079,500670,411160,1001340
synthetic_np128,125,128,8,1.236073732,1.233576298,500670,411160,1001340
synthetic_np128,125,128,9,1.499044418,1.496560097,500670,411160,1001340
synthetic_np128,126,128,0,1.499009132,1.496534586,500655,410753,1001310
synthetic_np128,126,128,1,1.318946600,1.316436052,500655,410753,1001310
synthetic_np128,126,128,2,1.413614511,1.409412622,500655,410753,1001310
synthetic_np128,126,128,3,1.410968065,1.408539295,500655,410753,1001310
synthetic_np128,126,128,4,1.147001028,1.144556284,500655,410753,1001310
synthetic_np128,126,128,5,1.499028206,1.496572971,500655,410753,1001310
synthetic_np128,126,128,6,1.323000908,1.320533037,500655,410753,1001310
synthetic_np128,126,128,7,1.669950724,1.588377237,500655,410753,1001310
synthetic_np128,126,128,8,1.324010611,1.321553469,500655,410753,1001310
synthetic_np128,126,128,9,1.498996019,1.496525288,500655,410753,1001310
synthetic_np128,127,128,0,1.410994053,1.408533812,500897,411355,1001794
synthetic_np128,127,128,1,1.231035233,1.228572845,500897,411355,1001794
synthetic_np128,127,128,2,1.314605713,1.310379982,500897,411355,1001794
synthetic_np128,127,128,3,1.411026955,1.408570528,500897,411355,1001794
synthetic_np128,127,128,4,1.134951591,1.055094719,500897,411355,1001794
synthetic_np128,127,128,5,1.411026716,1.408571959,500897,411355,1001794
synthetic_np128,127,128,6,1.241663694,1.239244223,500897,411355,1001794
synthetic_np128,127,128,7,1.629417658,1.625142813,500897,411355,1001794
synthetic_np128,127,128,8,1.236091375,1.233594418,500897,411355,1001794
synthetic_np128,127,128,9,1.411056280,1.408566713,500897,411355,1001794


=== SUMMARY METRICS TABLE ===
Matrix_Name,Num_Processes,Ghost_Entries_Min,Ghost_Entries_Avg,Ghost_Entries_Max,Load_Imbalance_Ratio,System_P90_Time,Total_GFLOPs
synthetic_np128,128,409727,410725.02,411905,1.0036,1.862676620,0.0687
=============================
